#
# A fatal error has been detected by the Java Runtime Environment:
#
#  EXCEPTION_ACCESS_VIOLATION (0xc0000005) at pc=0x00007ffbcfdaeed7, pid=9644, tid=4720
#
# JRE version: OpenJDK Runtime Environment (11.0.13) (build 11.0.13+0-b1751.21-8125866)
# Java VM: OpenJDK 64-Bit Server VM (11.0.13+0-b1751.21-8125866, mixed mode, tiered, compressed oops, g1 gc, windows-amd64)
# Problematic frame:
# V  [jvm.dll+0x37eed7]
#
# No core dump will be written. Minidumps are not enabled by default on client versions of Windows
#
# If you would like to submit a bug report, please visit:
#   https://bugreport.java.com/bugreport/crash.jsp
#

---------------  S U M M A R Y ------------

Command Line: --add-opens=java.base/java.util=ALL-UNNAMED --add-opens=java.base/java.lang=ALL-UNNAMED --add-opens=java.base/java.lang.invoke=ALL-UNNAMED --add-opens=java.base/java.util=ALL-UNNAMED --add-opens=java.prefs/java.util.prefs=ALL-UNNAMED --add-opens=java.prefs/java.util.prefs=ALL-UNNAMED --add-opens=java.base/java.nio.charset=ALL-UNNAMED --add-opens=java.base/java.net=ALL-UNNAMED --add-opens=java.base/java.util.concurrent.atomic=ALL-UNNAMED -Xmx2048m -Dfile.encoding=UTF-8 -Duser.country=IN -Duser.language=en -Duser.variant org.gradle.launcher.daemon.bootstrap.GradleDaemon 7.4

Host: AMD A6-7310 APU with AMD Radeon R4 Graphics    , 4 cores, 6G,  Windows 10 , 64 bit Build 19041 (10.0.19041.2251)
Time: Thu Dec 29 10:02:16 2022 India Standard Time elapsed time: 133.719886 seconds (0d 0h 2m 13s)

---------------  T H R E A D  ---------------

Current thread (0x00000214b793a800):  JavaThread "Unconstrained build operations Thread 2" [_thread_in_vm, id=4720, stack(0x0000002b31b00000,0x0000002b31c00000)]

Stack: [0x0000002b31b00000,0x0000002b31c00000],  sp=0x0000002b31bff2f0,  free space=1020k
Native frames: (J=compiled Java code, j=interpreted, Vv=VM code, C=native code)
V  [jvm.dll+0x37eed7]
V  [jvm.dll+0x610022]
V  [jvm.dll+0x37f88a]
V  [jvm.dll+0x37fb17]
V  [jvm.dll+0x3f4a6d]
V  [jvm.dll+0x70de0f]
V  [jvm.dll+0x706a75]
