#
# There is insufficient memory for the Java Runtime Environment to continue.
# Native memory allocation (mmap) failed to map 34603008 bytes for Failed to commit area from 0x000000008a200000 to 0x000000008c300000 of length 34603008.
# Possible reasons:
#   The system is out of physical RAM or swap space
#   The process is running with CompressedOops enabled, and the Java Heap may be blocking the growth of the native heap
# Possible solutions:
#   Reduce memory load on the system
#   Increase physical memory or swap space
#   Check if swap backing store is full
#   Decrease Java heap size (-Xmx/-Xms)
#   Decrease number of Java threads
#   Decrease Java thread stack sizes (-Xss)
#   Set larger code cache with -XX:ReservedCodeCacheSize=
#   JVM is running with Unscaled Compressed Oops mode in which the Java heap is
#     placed in the first 4GB address space. The Java Heap base address is the
#     maximum limit for the native heap growth. Please use -XX:HeapBaseMinAddress
#     to set the Java Heap base and to place the Java Heap above 4GB virtual address.
# This output file may be truncated or incomplete.
#
#  Out of Memory Error (./src/hotspot/os/windows/os_windows.cpp:3619), pid=3504, tid=4576
#
# JRE version: OpenJDK Runtime Environment (11.0.13) (build 11.0.13+0-b1751.21-8125866)
# Java VM: OpenJDK 64-Bit Server VM (11.0.13+0-b1751.21-8125866, mixed mode, tiered, compressed oops, g1 gc, windows-amd64)
# No core dump will be written. Minidumps are not enabled by default on client versions of Windows
#

---------------  S U M M A R Y ------------

Command Line: --add-opens=java.base/java.util=ALL-UNNAMED --add-opens=java.base/java.lang=ALL-UNNAMED --add-opens=java.base/java.lang.invoke=ALL-UNNAMED --add-opens=java.base/java.util=ALL-UNNAMED --add-opens=java.prefs/java.util.prefs=ALL-UNNAMED --add-opens=java.prefs/java.util.prefs=ALL-UNNAMED --add-opens=java.base/java.nio.charset=ALL-UNNAMED --add-opens=java.base/java.net=ALL-UNNAMED --add-opens=java.base/java.util.concurrent.atomic=ALL-UNNAMED -Xmx2048m -Dfile.encoding=UTF-8 -Duser.country=IN -Duser.language=en -Duser.variant org.gradle.launcher.daemon.bootstrap.GradleDaemon 7.4

Host: AMD A6-7310 APU with AMD Radeon R4 Graphics    , 4 cores, 6G,  Windows 10 , 64 bit Build 19041 (10.0.19041.2251)
Time: Thu Dec 29 10:00:01 2022 India Standard Time elapsed time: 32.354984 seconds (0d 0h 0m 32s)

---------------  T H R E A D  ---------------

Current thread (0x000001b84cab9800):  VMThread "VM Thread" [stack: 0x0000008538000000,0x0000008538100000] [id=4576]

Stack: [0x0000008538000000,0x0000008538100000]
[error occurred during error reporting (printing stack bounds), id 0xc0000005, EXCEPTION_ACCESS_VIOLATION (0xc0000005) at pc=0x000001b8369f112d]

Native frames: (J=compiled Java code, j=interpreted, Vv=VM code, C=native code)
V  [jvm.dll+0x6100fa]
V  [jvm.dll+0x747090]
V  [jvm.dll+0x7486ad]
V  [jvm.dll+0x748ce5]
V  [jvm.dll+0x748c9b]
V  [jvm.dll+0x60f224]
V  [jvm.dll+0x60f9b8]
C  [ntdll.dll+0xa241f]
C  [ntdll.dll+0x514a4]
C  [ntdll.dll+0xa0f4e]
C  0x000001b8369f112d

VM_Operation (0x00000085394f6d10): G1CollectForAllocation, mode: safepoint, requested by thread 0x000001b84ed82800


---------------  P R O C E S S  ---------------

Threads class SMR info:
_java_thread_list=0x000001b84da14b70, length=79, elements={
0x000001b832ed0000, 0x000001b84cabb000, 0x000001b84cac1000, 0x000001b84d462800,
0x000001b84cad9800, 0x000001b84cada800, 0x000001b84cade800, 0x000001b84cae0800,
0x000001b84cb1a800, 0x000001b84d582800, 0x000001b84ec9d000, 0x000001b84ff99800,
0x000001b84ec9c000, 0x000001b84f450000, 0x000001b8503bc000, 0x000001b84ec0c800,
0x000001b84ed82800, 0x000001b84e833000, 0x000001b84f5c7000, 0x000001b84e3ad800,
0x000001b84e836800, 0x000001b84e839000, 0x000001b84e83a000, 0x000001b84e834800,
0x000001b84e83b000, 0x000001b84e838800, 0x000001b84e835000, 0x000001b84e836000,
0x000001b84e837800, 0x000001b85338f800, 0x000001b85338d000, 0x000001b85338e800,
0x000001b85338d800, 0x000001b853390000, 0x000001b85338b000, 0x000001b8531a7000,
0x000001b8531a8000, 0x000001b8531aa800, 0x000001b8531a9800, 0x000001b8531a6000,
0x000001b8531a4800, 0x000001b8531ad000, 0x000001b8531ad800, 0x000001b8531a8800,
0x000001b8531b0000, 0x000001b8531ac000, 0x000001b8531ab000, 0x000001b8531ae800,
0x000001b8531af000, 0x000001b8531b1000, 0x000001b8531b1800, 0x000001b850805000,
0x000001b850805800, 0x000001b850806800, 0x000001b85080a000, 0x000001b85080a800,
0x000001b850807800, 0x000001b85080d000, 0x000001b85080b800, 0x000001b850809000,
0x000001b85080c800, 0x000001b85080e000, 0x000001b850808000, 0x000001b850812000,
0x000001b850813000, 0x000001b85080e800, 0x000001b850813800, 0x000001b85080f800,
0x000001b850810800, 0x000001b850811000, 0x000001b84f620800, 0x000001b84f61e000,
0x000001b84f61d000, 0x000001b84f61e800, 0x000001b84f621000, 0x000001b84f623800,
0x000001b84f622000, 0x000001b8500ab800, 0x000001b84f61f800
}

Java Threads: ( => current thread )
  0x000001b832ed0000 JavaThread "main" [_thread_blocked, id=328, stack(0x0000008537a00000,0x0000008537b00000)]
  0x000001b84cabb000 JavaThread "Reference Handler" daemon [_thread_blocked, id=8112, stack(0x0000008538100000,0x0000008538200000)]
  0x000001b84cac1000 JavaThread "Finalizer" daemon [_thread_blocked, id=1440, stack(0x0000008538200000,0x0000008538300000)]
  0x000001b84d462800 JavaThread "Signal Dispatcher" daemon [_thread_blocked, id=3612, stack(0x0000008538300000,0x0000008538400000)]
  0x000001b84cad9800 JavaThread "Attach Listener" daemon [_thread_blocked, id=10000, stack(0x0000008538400000,0x0000008538500000)]
  0x000001b84cada800 JavaThread "Service Thread" daemon [_thread_blocked, id=252, stack(0x0000008538500000,0x0000008538600000)]
  0x000001b84cade800 JavaThread "C2 CompilerThread0" daemon [_thread_in_native, id=8468, stack(0x0000008538600000,0x0000008538700000)]
  0x000001b84cae0800 JavaThread "C1 CompilerThread0" daemon [_thread_blocked, id=72, stack(0x0000008538700000,0x0000008538800000)]
  0x000001b84cb1a800 JavaThread "Sweeper thread" daemon [_thread_blocked, id=5720, stack(0x0000008538800000,0x0000008538900000)]
  0x000001b84d582800 JavaThread "Common-Cleaner" daemon [_thread_blocked, id=5620, stack(0x0000008538900000,0x0000008538a00000)]
  0x000001b84ec9d000 JavaThread "Daemon health stats" [_thread_blocked, id=5612, stack(0x0000008538d00000,0x0000008538e00000)]
  0x000001b84ff99800 JavaThread "Incoming local TCP Connector on port 51755" [_thread_in_native, id=1524, stack(0x0000008538b00000,0x0000008538c00000)]
  0x000001b84ec9c000 JavaThread "Daemon periodic checks" [_thread_blocked, id=7156, stack(0x0000008538e00000,0x0000008538f00000)]
  0x000001b84f450000 JavaThread "Daemon" [_thread_blocked, id=3516, stack(0x0000008538f00000,0x0000008539000000)]
  0x000001b8503bc000 JavaThread "Handler for socket connection from /127.0.0.1:51755 to /127.0.0.1:51756" [_thread_in_native, id=8568, stack(0x0000008539000000,0x0000008539100000)]
  0x000001b84ec0c800 JavaThread "Cancel handler" [_thread_blocked, id=1800, stack(0x0000008539300000,0x0000008539400000)]
  0x000001b84ed82800 JavaThread "Daemon worker" [_thread_blocked, id=2864, stack(0x0000008539400000,0x0000008539500000)]
  0x000001b84e833000 JavaThread "Asynchronous log dispatcher for DefaultDaemonConnection: socket connection from /127.0.0.1:51755 to /127.0.0.1:51756" [_thread_blocked, id=7684, stack(0x0000008539500000,0x0000008539600000)]
  0x000001b84f5c7000 JavaThread "Stdin handler" [_thread_blocked, id=10020, stack(0x0000008539600000,0x0000008539700000)]
  0x000001b84e3ad800 JavaThread "Daemon client event forwarder" [_thread_blocked, id=9548, stack(0x0000008539700000,0x0000008539800000)]
  0x000001b84e836800 JavaThread "Cache worker for journal cache (C:\Users\acer\.gradle\caches\journal-1)" [_thread_blocked, id=9540, stack(0x0000008539800000,0x0000008539900000)]
  0x000001b84e839000 JavaThread "File lock request listener" [_thread_in_native, id=2640, stack(0x0000008539900000,0x0000008539a00000)]
  0x000001b84e83a000 JavaThread "Cache worker for file hash cache (C:\Users\acer\.gradle\caches\7.4\fileHashes)" [_thread_blocked, id=8436, stack(0x0000008539a00000,0x0000008539b00000)]
  0x000001b84e834800 JavaThread "File watcher server" daemon [_thread_in_native, id=8940, stack(0x0000008539c00000,0x0000008539d00000)]
  0x000001b84e83b000 JavaThread "File watcher consumer" daemon [_thread_blocked, id=3744, stack(0x0000008539d00000,0x0000008539e00000)]
  0x000001b84e838800 JavaThread "jar transforms" [_thread_blocked, id=7572, stack(0x0000008539b00000,0x0000008539c00000)]
  0x000001b84e835000 JavaThread "jar transforms Thread 2" [_thread_blocked, id=2824, stack(0x0000008539e00000,0x0000008539f00000)]
  0x000001b84e836000 JavaThread "jar transforms Thread 3" [_thread_blocked, id=3896, stack(0x0000008539f00000,0x000000853a000000)]
  0x000001b84e837800 JavaThread "jar transforms Thread 4" [_thread_blocked, id=3536, stack(0x000000853a000000,0x000000853a100000)]
  0x000001b85338f800 JavaThread "Cache worker for checksums cache (C:\Users\acer\AndroidStudioProjects\CoroutineScope\.gradle\7.4\checksums)" [_thread_blocked, id=6996, stack(0x000000853a200000,0x000000853a300000)]
  0x000001b85338d000 JavaThread "Cache worker for cache directory md-rule (C:\Users\acer\.gradle\caches\7.4\md-rule)" [_thread_blocked, id=2348, stack(0x000000853a300000,0x000000853a400000)]
  0x000001b85338e800 JavaThread "Cache worker for file hash cache (C:\Users\acer\AndroidStudioProjects\CoroutineScope\.gradle\7.4\fileHashes)" [_thread_blocked, id=10660, stack(0x000000853a400000,0x000000853a500000)]
  0x000001b85338d800 JavaThread "Cache worker for cache directory md-supplier (C:\Users\acer\.gradle\caches\7.4\md-supplier)" [_thread_blocked, id=8576, stack(0x000000853a500000,0x000000853a600000)]
  0x000001b853390000 JavaThread "Cache worker for execution history cache (C:\Users\acer\.gradle\caches\7.4\executionHistory)" [_thread_blocked, id=5712, stack(0x000000853a100000,0x000000853a200000)]
  0x000001b85338b000 JavaThread "Cache worker for file content cache (C:\Users\acer\.gradle\caches\7.4\fileContent)" [_thread_blocked, id=3192, stack(0x000000853a700000,0x000000853a800000)]
  0x000001b8531a7000 JavaThread "Cache worker for dependencies-accessors (C:\Users\acer\AndroidStudioProjects\CoroutineScope\.gradle\7.4\dependencies-accessors)" [_thread_blocked, id=1920, stack(0x000000853a800000,0x000000853a900000)]
  0x000001b8531a8000 JavaThread "Cache worker for Build Output Cleanup Cache (C:\Users\acer\AndroidStudioProjects\CoroutineScope\.gradle\buildOutputCleanup)" [_thread_blocked, id=7520, stack(0x000000853a900000,0x000000853aa00000)]
  0x000001b8531aa800 JavaThread "Unconstrained build operations" [_thread_blocked, id=10600, stack(0x000000853aa00000,0x000000853ab00000)]
  0x000001b8531a9800 JavaThread "Unconstrained build operations Thread 2" [_thread_blocked, id=6288, stack(0x000000853ab00000,0x000000853ac00000)]
  0x000001b8531a6000 JavaThread "Unconstrained build operations Thread 3" [_thread_blocked, id=5852, stack(0x000000853ac00000,0x000000853ad00000)]
  0x000001b8531a4800 JavaThread "Unconstrained build operations Thread 4" [_thread_blocked, id=10680, stack(0x000000853ad00000,0x000000853ae00000)]
  0x000001b8531ad000 JavaThread "Unconstrained build operations Thread 5" [_thread_blocked, id=3116, stack(0x000000853ae00000,0x000000853af00000)]
  0x000001b8531ad800 JavaThread "Unconstrained build operations Thread 6" [_thread_blocked, id=8412, stack(0x000000853af00000,0x000000853b000000)]
  0x000001b8531a8800 JavaThread "Unconstrained build operations Thread 7" [_thread_blocked, id=7996, stack(0x000000853b000000,0x000000853b100000)]
  0x000001b8531b0000 JavaThread "Unconstrained build operations Thread 8" [_thread_blocked, id=7816, stack(0x000000853b100000,0x000000853b200000)]
  0x000001b8531ac000 JavaThread "Unconstrained build operations Thread 9" [_thread_blocked, id=1288, stack(0x000000853b200000,0x000000853b300000)]
  0x000001b8531ab000 JavaThread "Unconstrained build operations Thread 10" [_thread_blocked, id=7936, stack(0x000000853b300000,0x000000853b400000)]
  0x000001b8531ae800 JavaThread "Unconstrained build operations Thread 11" [_thread_blocked, id=888, stack(0x000000853b400000,0x000000853b500000)]
  0x000001b8531af000 JavaThread "Unconstrained build operations Thread 12" [_thread_blocked, id=7184, stack(0x000000853b500000,0x000000853b600000)]
  0x000001b8531b1000 JavaThread "Unconstrained build operations Thread 13" [_thread_blocked, id=9872, stack(0x000000853b600000,0x000000853b700000)]
  0x000001b8531b1800 JavaThread "Unconstrained build operations Thread 14" [_thread_blocked, id=2528, stack(0x000000853b700000,0x000000853b800000)]
  0x000001b850805000 JavaThread "Unconstrained build operations Thread 15" [_thread_blocked, id=7080, stack(0x000000853b800000,0x000000853b900000)]
  0x000001b850805800 JavaThread "Unconstrained build operations Thread 16" [_thread_blocked, id=4592, stack(0x000000853b900000,0x000000853ba00000)]
  0x000001b850806800 JavaThread "Unconstrained build operations Thread 17" [_thread_blocked, id=2644, stack(0x000000853ba00000,0x000000853bb00000)]
  0x000001b85080a000 JavaThread "Unconstrained build operations Thread 18" [_thread_blocked, id=4320, stack(0x000000853bb00000,0x000000853bc00000)]
  0x000001b85080a800 JavaThread "Unconstrained build operations Thread 19" [_thread_blocked, id=1768, stack(0x000000853bc00000,0x000000853bd00000)]
  0x000001b850807800 JavaThread "Unconstrained build operations Thread 20" [_thread_blocked, id=5480, stack(0x000000853bd00000,0x000000853be00000)]
  0x000001b85080d000 JavaThread "Unconstrained build operations Thread 21" [_thread_blocked, id=10780, stack(0x000000853be00000,0x000000853bf00000)]
  0x000001b85080b800 JavaThread "Unconstrained build operations Thread 22" [_thread_blocked, id=1080, stack(0x000000853bf00000,0x000000853c000000)]
  0x000001b850809000 JavaThread "Unconstrained build operations Thread 23" [_thread_blocked, id=5996, stack(0x000000853c000000,0x000000853c100000)]
  0x000001b85080c800 JavaThread "Unconstrained build operations Thread 24" [_thread_blocked, id=8288, stack(0x000000853c100000,0x000000853c200000)]
  0x000001b85080e000 JavaThread "Unconstrained build operations Thread 25" [_thread_blocked, id=5760, stack(0x000000853c200000,0x000000853c300000)]
  0x000001b850808000 JavaThread "Unconstrained build operations Thread 26" [_thread_blocked, id=3084, stack(0x000000853c300000,0x000000853c400000)]
  0x000001b850812000 JavaThread "Unconstrained build operations Thread 27" [_thread_blocked, id=10556, stack(0x000000853c400000,0x000000853c500000)]
  0x000001b850813000 JavaThread "Unconstrained build operations Thread 28" [_thread_blocked, id=6892, stack(0x000000853c500000,0x000000853c600000)]
  0x000001b85080e800 JavaThread "Unconstrained build operations Thread 29" [_thread_blocked, id=10904, stack(0x000000853c600000,0x000000853c700000)]
  0x000001b850813800 JavaThread "Unconstrained build operations Thread 30" [_thread_blocked, id=7592, stack(0x000000853c700000,0x000000853c800000)]
  0x000001b85080f800 JavaThread "Unconstrained build operations Thread 31" [_thread_blocked, id=3060, stack(0x000000853c800000,0x000000853c900000)]
  0x000001b850810800 JavaThread "Unconstrained build operations Thread 32" [_thread_blocked, id=10736, stack(0x000000853c900000,0x000000853ca00000)]
  0x000001b850811000 JavaThread "Unconstrained build operations Thread 33" [_thread_blocked, id=6556, stack(0x000000853ca00000,0x000000853cb00000)]
  0x000001b84f620800 JavaThread "Unconstrained build operations Thread 34" [_thread_blocked, id=2420, stack(0x000000853cb00000,0x000000853cc00000)]
  0x000001b84f61e000 JavaThread "Unconstrained build operations Thread 35" [_thread_blocked, id=9360, stack(0x000000853cc00000,0x000000853cd00000)]
  0x000001b84f61d000 JavaThread "Unconstrained build operations Thread 36" [_thread_blocked, id=9592, stack(0x000000853cd00000,0x000000853ce00000)]
  0x000001b84f61e800 JavaThread "Unconstrained build operations Thread 37" [_thread_blocked, id=4220, stack(0x000000853ce00000,0x000000853cf00000)]
  0x000001b84f621000 JavaThread "Unconstrained build operations Thread 38" [_thread_blocked, id=8424, stack(0x000000853cf00000,0x000000853d000000)]
  0x000001b84f623800 JavaThread "Unconstrained build operations Thread 39" [_thread_blocked, id=1564, stack(0x000000853d000000,0x000000853d100000)]
  0x000001b84f622000 JavaThread "Unconstrained build operations Thread 40" [_thread_blocked, id=8108, stack(0x000000853d100000,0x000000853d200000)]
  0x000001b8500ab800 JavaThread "C2 CompilerThread1" daemon [_thread_blocked, id=2716, stack(0x000000853a600000,0x000000853a700000)]
  0x000001b84f61f800 JavaThread "Memory manager" [_thread_blocked, id=3884, stack(0x000000853d200000,0x000000853d300000)]

Other Threads:
=>0x000001b84cab9800 VMThread "VM Thread" [stack: 0x0000008538000000,0x0000008538100000] [id=4576]
  0x000001b84d5e8800 WatcherThread [stack: 0x0000008538a00000,0x0000008538b00000] [id=6016]
  0x000001b832ee7000 GCTaskThread "GC Thread#0" [stack: 0x0000008537b00000,0x0000008537c00000] [id=2672]
  0x000001b84dfb5800 GCTaskThread "GC Thread#1" [stack: 0x0000008538c00000,0x0000008538d00000] [id=7668]
  0x000001b84dac1000 GCTaskThread "GC Thread#2" [stack: 0x0000008539100000,0x0000008539200000] [id=2808]
  0x000001b84dac1800 GCTaskThread "GC Thread#3" [stack: 0x0000008539200000,0x0000008539300000] [id=6188]
  0x000001b832f19000 ConcurrentGCThread "G1 Main Marker" [stack: 0x0000008537c00000,0x0000008537d00000] [id=5656]
  0x000001b832f1b000 ConcurrentGCThread "G1 Conc#0" [stack: 0x0000008537d00000,0x0000008537e00000] [id=404]
  0x000001b832f94800 ConcurrentGCThread "G1 Refine#0" [stack: 0x0000008537e00000,0x0000008537f00000] [id=464]
  0x000001b832f95800 ConcurrentGCThread "G1 Young RemSet Sampling" [stack: 0x0000008537f00000,0x0000008538000000] [id=10396]

Threads with active compile tasks:
C2 CompilerThread0  32380 7373 %     4       org.gradle.internal.instantiation.generator.AbstractClassGenerator::inspectType @ 207 (560 bytes)
C2 CompilerThread1  32380 7375   !   4       java.util.concurrent.ConcurrentHashMap::computeIfAbsent (576 bytes)

VM state:at safepoint (normal execution)

VM Mutex/Monitor currently owned by a thread:  ([mutex/lock_event])
[0x000001b832eccd70] Threads_lock - owner thread: 0x000001b84cab9800
[0x000001b832ecc590] Heap_lock - owner thread: 0x000001b84ed82800

Heap address: 0x0000000080000000, size: 2048 MB, Compressed Oops mode: 32-bit
Narrow klass base: 0x0000000000000000, Narrow klass shift: 3
Compressed class space size: 1073741824 Address: 0x0000000100000000

Heap:
 garbage-first heap   total 199680K, used 113113K [0x0000000080000000, 0x0000000100000000)
  region size 1024K, 4 young (4096K), 4 survivors (4096K)
 Metaspace       used 73918K, capacity 75728K, committed 76032K, reserved 1116160K
  class space    used 9289K, capacity 9921K, committed 9984K, reserved 1048576K
Heap Regions: E=young(eden), S=young(survivor), O=old, HS=humongous(starts), HC=humongous(continues), CS=collection set, F=free, A=archive, TAMS=top-at-mark-start (previous, next)
|   0|0x0000000080000000, 0x0000000080100000, 0x0000000080100000|100%|HS|  |TAMS 0x0000000080100000, 0x0000000080100000| Complete 
|   1|0x0000000080100000, 0x0000000080200000, 0x0000000080200000|100%|HC|  |TAMS 0x0000000080200000, 0x0000000080200000| Complete 
|   2|0x0000000080200000, 0x0000000080300000, 0x0000000080300000|100%|HC|  |TAMS 0x0000000080300000, 0x0000000080300000| Complete 
|   3|0x0000000080300000, 0x0000000080400000, 0x0000000080400000|100%| O|  |TAMS 0x0000000080400000, 0x0000000080400000| Untracked 
|   4|0x0000000080400000, 0x0000000080500000, 0x0000000080500000|100%| O|  |TAMS 0x0000000080500000, 0x0000000080500000| Untracked 
|   5|0x0000000080500000, 0x0000000080600000, 0x0000000080600000|100%| O|  |TAMS 0x0000000080600000, 0x0000000080600000| Untracked 
|   6|0x0000000080600000, 0x0000000080700000, 0x0000000080700000|100%| O|  |TAMS 0x0000000080700000, 0x0000000080700000| Untracked 
|   7|0x0000000080700000, 0x0000000080800000, 0x0000000080800000|100%| O|  |TAMS 0x0000000080800000, 0x0000000080800000| Untracked 
|   8|0x0000000080800000, 0x0000000080900000, 0x0000000080900000|100%| O|  |TAMS 0x0000000080900000, 0x0000000080900000| Untracked 
|   9|0x0000000080900000, 0x0000000080a00000, 0x0000000080a00000|100%| O|  |TAMS 0x0000000080a00000, 0x0000000080a00000| Untracked 
|  10|0x0000000080a00000, 0x0000000080b00000, 0x0000000080b00000|100%| O|  |TAMS 0x0000000080b00000, 0x0000000080b00000| Untracked 
|  11|0x0000000080b00000, 0x0000000080c00000, 0x0000000080c00000|100%| O|  |TAMS 0x0000000080c00000, 0x0000000080c00000| Untracked 
|  12|0x0000000080c00000, 0x0000000080d00000, 0x0000000080d00000|100%| O|  |TAMS 0x0000000080d00000, 0x0000000080d00000| Untracked 
|  13|0x0000000080d00000, 0x0000000080e00000, 0x0000000080e00000|100%| O|  |TAMS 0x0000000080e00000, 0x0000000080e00000| Untracked 
|  14|0x0000000080e00000, 0x0000000080f00000, 0x0000000080f00000|100%| O|  |TAMS 0x0000000080f00000, 0x0000000080f00000| Untracked 
|  15|0x0000000080f00000, 0x0000000081000000, 0x0000000081000000|100%| O|  |TAMS 0x0000000081000000, 0x0000000081000000| Untracked 
|  16|0x0000000081000000, 0x0000000081100000, 0x0000000081100000|100%|HS|  |TAMS 0x0000000081100000, 0x0000000081100000| Complete 
|  17|0x0000000081100000, 0x0000000081200000, 0x0000000081200000|100%|HC|  |TAMS 0x0000000081200000, 0x0000000081200000| Complete 
|  18|0x0000000081200000, 0x0000000081300000, 0x0000000081300000|100%|HS|  |TAMS 0x0000000081300000, 0x0000000081300000| Complete 
|  19|0x0000000081300000, 0x0000000081400000, 0x0000000081400000|100%|HC|  |TAMS 0x0000000081400000, 0x0000000081400000| Complete 
|  20|0x0000000081400000, 0x0000000081500000, 0x0000000081500000|100%|HC|  |TAMS 0x0000000081500000, 0x0000000081500000| Complete 
|  21|0x0000000081500000, 0x0000000081600000, 0x0000000081600000|100%|HS|  |TAMS 0x0000000081600000, 0x0000000081600000| Complete 
|  22|0x0000000081600000, 0x0000000081700000, 0x0000000081700000|100%|HC|  |TAMS 0x0000000081700000, 0x0000000081700000| Complete 
|  23|0x0000000081700000, 0x0000000081800000, 0x0000000081800000|100%|HC|  |TAMS 0x0000000081800000, 0x0000000081800000| Complete 
|  24|0x0000000081800000, 0x0000000081900000, 0x0000000081900000|100%|HS|  |TAMS 0x0000000081900000, 0x0000000081900000| Complete 
|  25|0x0000000081900000, 0x0000000081a00000, 0x0000000081a00000|100%|HC|  |TAMS 0x0000000081a00000, 0x0000000081a00000| Complete 
|  26|0x0000000081a00000, 0x0000000081b00000, 0x0000000081b00000|100%|HC|  |TAMS 0x0000000081b00000, 0x0000000081b00000| Complete 
|  27|0x0000000081b00000, 0x0000000081c00000, 0x0000000081c00000|100%|HC|  |TAMS 0x0000000081c00000, 0x0000000081c00000| Complete 
|  28|0x0000000081c00000, 0x0000000081d00000, 0x0000000081d00000|100%|HC|  |TAMS 0x0000000081d00000, 0x0000000081d00000| Complete 
|  29|0x0000000081d00000, 0x0000000081e00000, 0x0000000081e00000|100%|HS|  |TAMS 0x0000000081e00000, 0x0000000081e00000| Complete 
|  30|0x0000000081e00000, 0x0000000081f00000, 0x0000000081f00000|100%|HS|  |TAMS 0x0000000081f00000, 0x0000000081f00000| Complete 
|  31|0x0000000081f00000, 0x0000000082000000, 0x0000000082000000|100%|HC|  |TAMS 0x0000000082000000, 0x0000000082000000| Complete 
|  32|0x0000000082000000, 0x0000000082100000, 0x0000000082100000|100%|HC|  |TAMS 0x0000000082100000, 0x0000000082100000| Complete 
|  33|0x0000000082100000, 0x0000000082200000, 0x0000000082200000|100%|HC|  |TAMS 0x0000000082200000, 0x0000000082200000| Complete 
|  34|0x0000000082200000, 0x0000000082300000, 0x0000000082300000|100%| O|  |TAMS 0x0000000082300000, 0x0000000082300000| Untracked 
|  35|0x0000000082300000, 0x0000000082400000, 0x0000000082400000|100%| O|  |TAMS 0x0000000082400000, 0x0000000082400000| Untracked 
|  36|0x0000000082400000, 0x0000000082500000, 0x0000000082500000|100%| O|  |TAMS 0x0000000082500000, 0x0000000082500000| Untracked 
|  37|0x0000000082500000, 0x0000000082600000, 0x0000000082600000|100%| O|  |TAMS 0x0000000082600000, 0x0000000082600000| Untracked 
|  38|0x0000000082600000, 0x0000000082700000, 0x0000000082700000|100%| O|  |TAMS 0x0000000082700000, 0x0000000082700000| Untracked 
|  39|0x0000000082700000, 0x0000000082800000, 0x0000000082800000|100%| O|  |TAMS 0x0000000082800000, 0x0000000082800000| Untracked 
|  40|0x0000000082800000, 0x0000000082900000, 0x0000000082900000|100%| O|  |TAMS 0x0000000082900000, 0x0000000082900000| Untracked 
|  41|0x0000000082900000, 0x0000000082a00000, 0x0000000082a00000|100%| O|  |TAMS 0x0000000082a00000, 0x0000000082a00000| Untracked 
|  42|0x0000000082a00000, 0x0000000082b00000, 0x0000000082b00000|100%| O|  |TAMS 0x0000000082b00000, 0x0000000082b00000| Untracked 
|  43|0x0000000082b00000, 0x0000000082c00000, 0x0000000082c00000|100%| O|  |TAMS 0x0000000082c00000, 0x0000000082c00000| Untracked 
|  44|0x0000000082c00000, 0x0000000082d00000, 0x0000000082d00000|100%|HS|  |TAMS 0x0000000082d00000, 0x0000000082d00000| Complete 
|  45|0x0000000082d00000, 0x0000000082e00000, 0x0000000082e00000|100%|HC|  |TAMS 0x0000000082e00000, 0x0000000082e00000| Complete 
|  46|0x0000000082e00000, 0x0000000082f00000, 0x0000000082f00000|100%|HC|  |TAMS 0x0000000082f00000, 0x0000000082f00000| Complete 
|  47|0x0000000082f00000, 0x0000000083000000, 0x0000000083000000|100%|HS|  |TAMS 0x0000000083000000, 0x0000000083000000| Complete 
|  48|0x0000000083000000, 0x0000000083100000, 0x0000000083100000|100%|HC|  |TAMS 0x0000000083100000, 0x0000000083100000| Complete 
|  49|0x0000000083100000, 0x0000000083200000, 0x0000000083200000|100%|HC|  |TAMS 0x0000000083200000, 0x0000000083200000| Complete 
|  50|0x0000000083200000, 0x0000000083300000, 0x0000000083300000|100%|HC|  |TAMS 0x0000000083300000, 0x0000000083300000| Complete 
|  51|0x0000000083300000, 0x0000000083400000, 0x0000000083400000|100%| O|  |TAMS 0x0000000083400000, 0x0000000083400000| Untracked 
|  52|0x0000000083400000, 0x0000000083500000, 0x0000000083500000|100%| O|  |TAMS 0x0000000083500000, 0x0000000083500000| Untracked 
|  53|0x0000000083500000, 0x0000000083600000, 0x0000000083600000|100%|HS|  |TAMS 0x0000000083600000, 0x0000000083600000| Complete 
|  54|0x0000000083600000, 0x0000000083700000, 0x0000000083700000|100%|HC|  |TAMS 0x0000000083700000, 0x0000000083700000| Complete 
|  55|0x0000000083700000, 0x0000000083800000, 0x0000000083800000|100%|HS|  |TAMS 0x0000000083800000, 0x0000000083800000| Complete 
|  56|0x0000000083800000, 0x0000000083900000, 0x0000000083900000|100%|HC|  |TAMS 0x0000000083900000, 0x0000000083900000| Complete 
|  57|0x0000000083900000, 0x0000000083a00000, 0x0000000083a00000|100%|HC|  |TAMS 0x0000000083a00000, 0x0000000083a00000| Complete 
|  58|0x0000000083a00000, 0x0000000083b00000, 0x0000000083b00000|100%| O|  |TAMS 0x0000000083b00000, 0x0000000083b00000| Untracked 
|  59|0x0000000083b00000, 0x0000000083c00000, 0x0000000083c00000|100%| O|  |TAMS 0x0000000083c00000, 0x0000000083c00000| Untracked 
|  60|0x0000000083c00000, 0x0000000083d00000, 0x0000000083d00000|100%| O|  |TAMS 0x0000000083d00000, 0x0000000083d00000| Untracked 
|  61|0x0000000083d00000, 0x0000000083e00000, 0x0000000083e00000|100%| O|  |TAMS 0x0000000083e00000, 0x0000000083e00000| Untracked 
|  62|0x0000000083e00000, 0x0000000083f00000, 0x0000000083f00000|100%| O|  |TAMS 0x0000000083f00000, 0x0000000083f00000| Untracked 
|  63|0x0000000083f00000, 0x0000000084000000, 0x0000000084000000|100%| O|  |TAMS 0x0000000084000000, 0x0000000084000000| Untracked 
|  64|0x0000000084000000, 0x0000000084100000, 0x0000000084100000|100%| O|  |TAMS 0x0000000084100000, 0x0000000084100000| Untracked 
|  65|0x0000000084100000, 0x0000000084200000, 0x0000000084200000|100%| O|  |TAMS 0x0000000084200000, 0x0000000084200000| Untracked 
|  66|0x0000000084200000, 0x0000000084300000, 0x0000000084300000|100%| O|  |TAMS 0x0000000084300000, 0x0000000084300000| Untracked 
|  67|0x0000000084300000, 0x0000000084400000, 0x0000000084400000|100%| O|  |TAMS 0x0000000084400000, 0x0000000084400000| Untracked 
|  68|0x0000000084400000, 0x0000000084500000, 0x0000000084500000|100%| O|  |TAMS 0x0000000084500000, 0x0000000084500000| Untracked 
|  69|0x0000000084500000, 0x0000000084600000, 0x0000000084600000|100%| O|  |TAMS 0x0000000084600000, 0x0000000084600000| Untracked 
|  70|0x0000000084600000, 0x0000000084700000, 0x0000000084700000|100%|HS|  |TAMS 0x0000000084700000, 0x0000000084700000| Complete 
|  71|0x0000000084700000, 0x0000000084800000, 0x0000000084800000|100%|HC|  |TAMS 0x0000000084800000, 0x0000000084800000| Complete 
|  72|0x0000000084800000, 0x0000000084900000, 0x0000000084900000|100%|HC|  |TAMS 0x0000000084900000, 0x0000000084900000| Complete 
|  73|0x0000000084900000, 0x0000000084a00000, 0x0000000084a00000|100%|HC|  |TAMS 0x0000000084a00000, 0x0000000084a00000| Complete 
|  74|0x0000000084a00000, 0x0000000084b00000, 0x0000000084b00000|100%|HC|  |TAMS 0x0000000084b00000, 0x0000000084b00000| Complete 
|  75|0x0000000084b00000, 0x0000000084c00000, 0x0000000084c00000|100%| O|  |TAMS 0x0000000084c00000, 0x0000000084c00000| Untracked 
|  76|0x0000000084c00000, 0x0000000084d00000, 0x0000000084d00000|100%| O|  |TAMS 0x0000000084d00000, 0x0000000084d00000| Untracked 
|  77|0x0000000084d00000, 0x0000000084e00000, 0x0000000084e00000|100%| O|  |TAMS 0x0000000084e00000, 0x0000000084e00000| Untracked 
|  78|0x0000000084e00000, 0x0000000084f00000, 0x0000000084f00000|100%|HS|  |TAMS 0x0000000084f00000, 0x0000000084f00000| Complete 
|  79|0x0000000084f00000, 0x0000000085000000, 0x0000000085000000|100%|HS|  |TAMS 0x0000000085000000, 0x0000000085000000| Complete 
|  80|0x0000000085000000, 0x0000000085100000, 0x0000000085100000|100%|HS|  |TAMS 0x0000000085100000, 0x0000000085100000| Complete 
|  81|0x0000000085100000, 0x0000000085200000, 0x0000000085200000|100%|HS|  |TAMS 0x0000000085200000, 0x0000000085200000| Complete 
|  82|0x0000000085200000, 0x0000000085300000, 0x0000000085300000|100%|HC|  |TAMS 0x0000000085300000, 0x0000000085300000| Complete 
|  83|0x0000000085300000, 0x0000000085400000, 0x0000000085400000|100%|HC|  |TAMS 0x0000000085400000, 0x0000000085400000| Complete 
|  84|0x0000000085400000, 0x0000000085500000, 0x0000000085500000|100%|HC|  |TAMS 0x0000000085500000, 0x0000000085500000| Complete 
|  85|0x0000000085500000, 0x0000000085600000, 0x0000000085600000|100%| O|  |TAMS 0x0000000085600000, 0x0000000085600000| Untracked 
|  86|0x0000000085600000, 0x0000000085700000, 0x0000000085700000|100%| O|  |TAMS 0x0000000085700000, 0x0000000085700000| Untracked 
|  87|0x0000000085700000, 0x0000000085800000, 0x0000000085800000|100%| O|  |TAMS 0x0000000085800000, 0x0000000085800000| Untracked 
|  88|0x0000000085800000, 0x0000000085900000, 0x0000000085900000|100%| O|  |TAMS 0x0000000085900000, 0x0000000085900000| Untracked 
|  89|0x0000000085900000, 0x0000000085a00000, 0x0000000085a00000|100%| O|  |TAMS 0x0000000085a00000, 0x0000000085a00000| Untracked 
|  90|0x0000000085a00000, 0x0000000085b00000, 0x0000000085b00000|100%| O|  |TAMS 0x0000000085b00000, 0x0000000085b00000| Untracked 
|  91|0x0000000085b00000, 0x0000000085c00000, 0x0000000085c00000|100%| O|  |TAMS 0x0000000085c00000, 0x0000000085c00000| Untracked 
|  92|0x0000000085c00000, 0x0000000085d00000, 0x0000000085d00000|100%| O|  |TAMS 0x0000000085d00000, 0x0000000085d00000| Untracked 
|  93|0x0000000085d00000, 0x0000000085e00000, 0x0000000085e00000|100%|HS|  |TAMS 0x0000000085e00000, 0x0000000085e00000| Complete 
|  94|0x0000000085e00000, 0x0000000085f00000, 0x0000000085f00000|100%|HC|  |TAMS 0x0000000085f00000, 0x0000000085f00000| Complete 
|  95|0x0000000085f00000, 0x0000000086000000, 0x0000000086000000|100%| O|  |TAMS 0x0000000086000000, 0x0000000086000000| Untracked 
|  96|0x0000000086000000, 0x0000000086100000, 0x0000000086100000|100%| O|  |TAMS 0x0000000086100000, 0x0000000086100000| Untracked 
|  97|0x0000000086100000, 0x0000000086200000, 0x0000000086200000|100%| O|  |TAMS 0x0000000086200000, 0x0000000086200000| Untracked 
|  98|0x0000000086200000, 0x0000000086300000, 0x0000000086300000|100%| O|  |TAMS 0x0000000086300000, 0x0000000086300000| Untracked 
|  99|0x0000000086300000, 0x0000000086400000, 0x0000000086400000|100%| O|  |TAMS 0x0000000086400000, 0x0000000086400000| Untracked 
| 100|0x0000000086400000, 0x0000000086500000, 0x0000000086500000|100%| O|  |TAMS 0x0000000086400000, 0x0000000086500000| Untracked 
| 101|0x0000000086500000, 0x0000000086600000, 0x0000000086600000|100%| O|  |TAMS 0x0000000086600000, 0x0000000086600000| Untracked 
| 102|0x0000000086600000, 0x0000000086700000, 0x0000000086700000|100%| O|  |TAMS 0x0000000086618000, 0x0000000086700000| Untracked 
| 103|0x0000000086700000, 0x0000000086800000, 0x0000000086800000|100%| O|  |TAMS 0x0000000086700000, 0x0000000086800000| Untracked 
| 104|0x0000000086800000, 0x0000000086900000, 0x0000000086900000|100%| O|  |TAMS 0x0000000086900000, 0x0000000086900000| Untracked 
| 105|0x0000000086900000, 0x0000000086a00000, 0x0000000086a00000|100%| O|  |TAMS 0x0000000086a00000, 0x0000000086a00000| Untracked 
| 106|0x0000000086a00000, 0x0000000086b00000, 0x0000000086b00000|100%| O|  |TAMS 0x0000000086b00000, 0x0000000086b00000| Untracked 
| 107|0x0000000086b00000, 0x0000000086b23600, 0x0000000086c00000| 13%| O|  |TAMS 0x0000000086b00000, 0x0000000086b23600| Untracked 
| 108|0x0000000086c00000, 0x0000000086c00000, 0x0000000086d00000|  0%| F|  |TAMS 0x0000000086c00000, 0x0000000086c00000| Untracked 
| 109|0x0000000086d00000, 0x0000000086d00000, 0x0000000086e00000|  0%| F|  |TAMS 0x0000000086d00000, 0x0000000086d00000| Untracked 
| 110|0x0000000086e00000, 0x0000000086e00000, 0x0000000086f00000|  0%| F|  |TAMS 0x0000000086e00000, 0x0000000086e00000| Untracked 
| 111|0x0000000086f00000, 0x0000000086f00000, 0x0000000087000000|  0%| F|  |TAMS 0x0000000086f00000, 0x0000000086f00000| Untracked 
| 112|0x0000000087000000, 0x0000000087000000, 0x0000000087100000|  0%| F|  |TAMS 0x0000000087000000, 0x0000000087000000| Untracked 
| 113|0x0000000087100000, 0x0000000087100000, 0x0000000087200000|  0%| F|  |TAMS 0x0000000087100000, 0x0000000087100000| Untracked 
| 114|0x0000000087200000, 0x0000000087200000, 0x0000000087300000|  0%| F|  |TAMS 0x0000000087200000, 0x0000000087200000| Untracked 
| 115|0x0000000087300000, 0x0000000087300000, 0x0000000087400000|  0%| F|  |TAMS 0x0000000087300000, 0x0000000087300000| Untracked 
| 116|0x0000000087400000, 0x0000000087400000, 0x0000000087500000|  0%| F|  |TAMS 0x0000000087400000, 0x0000000087400000| Untracked 
| 117|0x0000000087500000, 0x0000000087500000, 0x0000000087600000|  0%| F|  |TAMS 0x0000000087500000, 0x0000000087500000| Untracked 
| 118|0x0000000087600000, 0x0000000087600000, 0x0000000087700000|  0%| F|  |TAMS 0x0000000087600000, 0x0000000087600000| Untracked 
| 119|0x0000000087700000, 0x0000000087700000, 0x0000000087800000|  0%| F|  |TAMS 0x0000000087700000, 0x0000000087700000| Untracked 
| 120|0x0000000087800000, 0x0000000087800000, 0x0000000087900000|  0%| F|  |TAMS 0x0000000087800000, 0x0000000087800000| Untracked 
| 121|0x0000000087900000, 0x0000000087900000, 0x0000000087a00000|  0%| F|  |TAMS 0x0000000087900000, 0x0000000087900000| Untracked 
| 122|0x0000000087a00000, 0x0000000087a00000, 0x0000000087b00000|  0%| F|  |TAMS 0x0000000087a00000, 0x0000000087a00000| Untracked 
| 123|0x0000000087b00000, 0x0000000087b00000, 0x0000000087c00000|  0%| F|  |TAMS 0x0000000087b00000, 0x0000000087b00000| Untracked 
| 124|0x0000000087c00000, 0x0000000087c00000, 0x0000000087d00000|  0%| F|  |TAMS 0x0000000087c00000, 0x0000000087c00000| Untracked 
| 125|0x0000000087d00000, 0x0000000087d00000, 0x0000000087e00000|  0%| F|  |TAMS 0x0000000087d00000, 0x0000000087d00000| Untracked 
| 126|0x0000000087e00000, 0x0000000087e00000, 0x0000000087f00000|  0%| F|  |TAMS 0x0000000087e00000, 0x0000000087e00000| Untracked 
| 127|0x0000000087f00000, 0x0000000087f00000, 0x0000000088000000|  0%| F|  |TAMS 0x0000000087f00000, 0x0000000087f00000| Untracked 
| 128|0x0000000088000000, 0x0000000088000000, 0x0000000088100000|  0%| F|  |TAMS 0x0000000088000000, 0x0000000088000000| Untracked 
| 129|0x0000000088100000, 0x0000000088100000, 0x0000000088200000|  0%| F|  |TAMS 0x0000000088100000, 0x0000000088100000| Untracked 
| 130|0x0000000088200000, 0x0000000088200000, 0x0000000088300000|  0%| F|  |TAMS 0x0000000088200000, 0x0000000088200000| Untracked 
| 131|0x0000000088300000, 0x0000000088300000, 0x0000000088400000|  0%| F|  |TAMS 0x0000000088300000, 0x0000000088300000| Untracked 
| 132|0x0000000088400000, 0x0000000088453040, 0x0000000088500000| 32%| S|CS|TAMS 0x0000000088400000, 0x0000000088400000| Complete 
| 133|0x0000000088500000, 0x0000000088600000, 0x0000000088600000|100%| S|CS|TAMS 0x0000000088500000, 0x0000000088500000| Complete 
| 134|0x0000000088600000, 0x0000000088600000, 0x0000000088700000|  0%| F|  |TAMS 0x0000000088600000, 0x0000000088600000| Untracked 
| 135|0x0000000088700000, 0x0000000088700000, 0x0000000088800000|  0%| F|  |TAMS 0x0000000088700000, 0x0000000088700000| Untracked 
| 136|0x0000000088800000, 0x0000000088900000, 0x0000000088900000|100%| S|CS|TAMS 0x0000000088800000, 0x0000000088800000| Complete 
| 137|0x0000000088900000, 0x0000000088a00000, 0x0000000088a00000|100%| S|CS|TAMS 0x0000000088900000, 0x0000000088900000| Complete 
| 138|0x0000000088a00000, 0x0000000088a00000, 0x0000000088b00000|  0%| F|  |TAMS 0x0000000088a00000, 0x0000000088a00000| Untracked 
| 139|0x0000000088b00000, 0x0000000088b00000, 0x0000000088c00000|  0%| F|  |TAMS 0x0000000088b00000, 0x0000000088b00000| Untracked 
| 140|0x0000000088c00000, 0x0000000088c00000, 0x0000000088d00000|  0%| F|  |TAMS 0x0000000088c00000, 0x0000000088c00000| Untracked 
| 141|0x0000000088d00000, 0x0000000088d00000, 0x0000000088e00000|  0%| F|  |TAMS 0x0000000088d00000, 0x0000000088d00000| Untracked 
| 142|0x0000000088e00000, 0x0000000088e00000, 0x0000000088f00000|  0%| F|  |TAMS 0x0000000088e00000, 0x0000000088e00000| Untracked 
| 143|0x0000000088f00000, 0x0000000088f00000, 0x0000000089000000|  0%| F|  |TAMS 0x0000000088f00000, 0x0000000088f00000| Untracked 
| 144|0x0000000089000000, 0x0000000089000000, 0x0000000089100000|  0%| F|  |TAMS 0x0000000089000000, 0x0000000089000000| Untracked 
| 145|0x0000000089100000, 0x0000000089100000, 0x0000000089200000|  0%| F|  |TAMS 0x0000000089100000, 0x0000000089100000| Untracked 
| 146|0x0000000089200000, 0x0000000089200000, 0x0000000089300000|  0%| F|  |TAMS 0x0000000089200000, 0x0000000089200000| Untracked 
| 147|0x0000000089300000, 0x0000000089300000, 0x0000000089400000|  0%| F|  |TAMS 0x0000000089300000, 0x0000000089300000| Untracked 
| 148|0x0000000089400000, 0x0000000089400000, 0x0000000089500000|  0%| F|  |TAMS 0x0000000089400000, 0x0000000089400000| Untracked 
| 149|0x0000000089500000, 0x0000000089500000, 0x0000000089600000|  0%| F|  |TAMS 0x0000000089500000, 0x0000000089500000| Untracked 
| 150|0x0000000089600000, 0x0000000089600000, 0x0000000089700000|  0%| F|  |TAMS 0x0000000089600000, 0x0000000089600000| Untracked 
| 151|0x0000000089700000, 0x0000000089700000, 0x0000000089800000|  0%| F|  |TAMS 0x0000000089700000, 0x0000000089700000| Untracked 
| 152|0x0000000089800000, 0x0000000089800000, 0x0000000089900000|  0%| F|  |TAMS 0x0000000089800000, 0x0000000089800000| Untracked 
| 153|0x0000000089900000, 0x0000000089900000, 0x0000000089a00000|  0%| F|  |TAMS 0x0000000089900000, 0x0000000089900000| Untracked 
| 154|0x0000000089a00000, 0x0000000089a00000, 0x0000000089b00000|  0%| F|  |TAMS 0x0000000089a00000, 0x0000000089a00000| Untracked 
| 155|0x0000000089b00000, 0x0000000089b00000, 0x0000000089c00000|  0%| F|  |TAMS 0x0000000089b00000, 0x0000000089b00000| Untracked 
| 156|0x0000000089c00000, 0x0000000089c00000, 0x0000000089d00000|  0%| F|  |TAMS 0x0000000089c00000, 0x0000000089c00000| Untracked 
| 157|0x0000000089d00000, 0x0000000089d00000, 0x0000000089e00000|  0%| F|  |TAMS 0x0000000089d00000, 0x0000000089d00000| Untracked 
| 158|0x0000000089e00000, 0x0000000089e00000, 0x0000000089f00000|  0%| F|  |TAMS 0x0000000089e00000, 0x0000000089e00000| Untracked 
| 159|0x0000000089f00000, 0x0000000089f00000, 0x000000008a000000|  0%| F|  |TAMS 0x0000000089f00000, 0x0000000089f00000| Untracked 
| 160|0x000000008a000000, 0x000000008a000000, 0x000000008a100000|  0%| F|  |TAMS 0x000000008a000000, 0x000000008a000000| Untracked 
| 161|0x000000008a100000, 0x000000008a100000, 0x000000008a200000|  0%| F|  |TAMS 0x000000008a100000, 0x000000008a100000| Untracked 

Card table byte_map: [0x000001b845df0000,0x000001b8461f0000] _byte_map_base: 0x000001b8459f0000

Marking Bits (Prev, Next): (CMBitMap*) 0x000001b832f10160, (CMBitMap*) 0x000001b832f10128
 Prev Bits: [0x000001b8485f0000, 0x000001b84a5f0000)
 Next Bits: [0x000001b8465f0000, 0x000001b8485f0000)

Polling page: 0x000001b830e70000

Metaspace:

Usage:
  Non-class:     64.26 MB capacity,    63.11 MB ( 98%) used,   993.66 KB (  2%) free+waste,   183.88 KB ( <1%) overhead. 
      Class:      9.69 MB capacity,     9.07 MB ( 94%) used,   546.39 KB (  6%) free+waste,    85.31 KB ( <1%) overhead. 
       Both:     73.95 MB capacity,    72.19 MB ( 98%) used,     1.50 MB (  2%) free+waste,   269.19 KB ( <1%) overhead. 

Virtual space:
  Non-class space:       66.00 MB reserved,      64.50 MB ( 98%) committed 
      Class space:        1.00 GB reserved,       9.75 MB ( <1%) committed 
             Both:        1.06 GB reserved,      74.25 MB (  7%) committed 

Chunk freelists:
   Non-Class:  49.00 KB
       Class:  0 bytes
        Both:  49.00 KB

MaxMetaspaceSize: 17179869184.00 GB
CompressedClassSpaceSize: 1.00 GB
Initial GC threshold: 20.80 MB
Current GC threshold: 119.38 MB
CDS: off

CodeHeap 'non-profiled nmethods': size=120064Kb used=4400Kb max_used=4400Kb free=115663Kb
 bounds [0x000001b83e4b0000, 0x000001b83e900000, 0x000001b8459f0000]
CodeHeap 'profiled nmethods': size=120000Kb used=16271Kb max_used=16271Kb free=103728Kb
 bounds [0x000001b836f80000, 0x000001b837f70000, 0x000001b83e4b0000]
CodeHeap 'non-nmethods': size=5696Kb used=2378Kb max_used=2411Kb free=3318Kb
 bounds [0x000001b8369f0000, 0x000001b836c60000, 0x000001b836f80000]
 total_blobs=8231 nmethods=7358 adapters=783
 compilation: enabled
              stopped_count=0, restarted_count=0
 full_count=0

Compilation events (20 events):
Event: 32.259 Thread 0x000001b84cae0800 7392       3       org.gradle.internal.event.ListenerBroadcast::add (14 bytes)
Event: 32.260 Thread 0x000001b84cae0800 nmethod 7392 0x000001b837f5f190 code [0x000001b837f5f3a0, 0x000001b837f5fa58]
Event: 32.260 Thread 0x000001b84cae0800 7393       3       org.gradle.internal.event.BroadcastDispatch::add (26 bytes)
Event: 32.261 Thread 0x000001b84cae0800 nmethod 7393 0x000001b837f5fc90 code [0x000001b837f5fe80, 0x000001b837f603b8]
Event: 32.261 Thread 0x000001b84cae0800 7394       3       org.gradle.api.internal.file.AbstractFileCollection::<init> (10 bytes)
Event: 32.262 Thread 0x000001b84cae0800 nmethod 7394 0x000001b837f60590 code [0x000001b837f60740, 0x000001b837f608f8]
Event: 32.262 Thread 0x000001b84cae0800 7395       3       org.gradle.internal.snapshot.impl.IsolatedImmutableManagedValue::equals (6 bytes)
Event: 32.262 Thread 0x000001b84cae0800 nmethod 7395 0x000001b837f60990 code [0x000001b837f60b40, 0x000001b837f60c68]
Event: 32.271 Thread 0x000001b84cae0800 7396       3       org.gradle.api.specs.Specs::satisfyAll (10 bytes)
Event: 32.271 Thread 0x000001b84cae0800 nmethod 7396 0x000001b837f60d10 code [0x000001b837f60ec0, 0x000001b837f60ff8]
Event: 32.273 Thread 0x000001b84cae0800 7397       3       jdk.internal.reflect.ClassFileAssembler::<init> (8 bytes)
Event: 32.274 Thread 0x000001b84cae0800 nmethod 7397 0x000001b837f61090 code [0x000001b837f61280, 0x000001b837f61798]
Event: 32.274 Thread 0x000001b84cae0800 7398       3       jdk.internal.reflect.ClassFileAssembler::append (9 bytes)
Event: 32.275 Thread 0x000001b84cae0800 nmethod 7398 0x000001b837f61990 code [0x000001b837f61ba0, 0x000001b837f62098]
Event: 32.310 Thread 0x000001b84cae0800 7400       3       org.gradle.api.internal.tasks.DefaultTaskContainer_Decorated::getMutationGuard (39 bytes)
Event: 32.312 Thread 0x000001b84cae0800 nmethod 7400 0x000001b837f62390 code [0x000001b837f625e0, 0x000001b837f62f88]
Event: 32.314 Thread 0x000001b84cae0800 7401       3       org.gradle.api.internal.DefaultNamedDomainObjectCollection::hasWithName (32 bytes)
Event: 32.314 Thread 0x000001b84cae0800 nmethod 7401 0x000001b837f63290 code [0x000001b837f63460, 0x000001b837f63798]
Event: 32.323 Thread 0x000001b84cae0800 7403       3       org.gradle.api.internal.project.DefaultProject::getIdentityPath (10 bytes)
Event: 32.324 Thread 0x000001b84cae0800 nmethod 7403 0x000001b837f63890 code [0x000001b837f63a40, 0x000001b837f63b98]

GC Heap History (20 events):
Event: 24.180 GC heap after
{Heap after GC invocations=24 (full 0):
 garbage-first heap   total 138240K, used 99610K [0x0000000080000000, 0x0000000100000000)
  region size 1024K, 3 young (3072K), 3 survivors (3072K)
 Metaspace       used 56314K, capacity 57883K, committed 58240K, reserved 1099776K
  class space    used 7157K, capacity 7682K, committed 7808K, reserved 1048576K
}
Event: 24.816 GC heap before
{Heap before GC invocations=24 (full 0):
 garbage-first heap   total 138240K, used 112922K [0x0000000080000000, 0x0000000100000000)
  region size 1024K, 17 young (17408K), 3 survivors (3072K)
 Metaspace       used 58372K, capacity 59981K, committed 60288K, reserved 1101824K
  class space    used 7373K, capacity 7955K, committed 8064K, reserved 1048576K
}
Event: 24.820 GC heap after
{Heap after GC invocations=25 (full 0):
 garbage-first heap   total 138240K, used 99906K [0x0000000080000000, 0x0000000100000000)
  region size 1024K, 1 young (1024K), 1 survivors (1024K)
 Metaspace       used 58372K, capacity 59981K, committed 60288K, reserved 1101824K
  class space    used 7373K, capacity 7955K, committed 8064K, reserved 1048576K
}
Event: 25.514 GC heap before
{Heap before GC invocations=26 (full 0):
 garbage-first heap   total 138240K, used 114242K [0x0000000080000000, 0x0000000100000000)
  region size 1024K, 15 young (15360K), 1 survivors (1024K)
 Metaspace       used 60629K, capacity 62291K, committed 62464K, reserved 1103872K
  class space    used 7597K, capacity 8166K, committed 8192K, reserved 1048576K
}
Event: 25.521 GC heap after
{Heap after GC invocations=27 (full 0):
 garbage-first heap   total 165888K, used 100529K [0x0000000080000000, 0x0000000100000000)
  region size 1024K, 2 young (2048K), 2 survivors (2048K)
 Metaspace       used 60629K, capacity 62291K, committed 62464K, reserved 1103872K
  class space    used 7597K, capacity 8166K, committed 8192K, reserved 1048576K
}
Event: 26.912 GC heap before
{Heap before GC invocations=27 (full 0):
 garbage-first heap   total 165888K, used 123057K [0x0000000080000000, 0x0000000100000000)
  region size 1024K, 25 young (25600K), 2 survivors (2048K)
 Metaspace       used 64410K, capacity 66127K, committed 66304K, reserved 1107968K
  class space    used 8084K, capacity 8680K, committed 8704K, reserved 1048576K
}
Event: 26.925 GC heap after
{Heap after GC invocations=28 (full 0):
 garbage-first heap   total 165888K, used 102774K [0x0000000080000000, 0x0000000100000000)
  region size 1024K, 4 young (4096K), 4 survivors (4096K)
 Metaspace       used 64410K, capacity 66127K, committed 66304K, reserved 1107968K
  class space    used 8084K, capacity 8680K, committed 8704K, reserved 1048576K
}
Event: 27.644 GC heap before
{Heap before GC invocations=29 (full 0):
 garbage-first heap   total 165888K, used 135542K [0x0000000080000000, 0x0000000100000000)
  region size 1024K, 30 young (30720K), 4 survivors (4096K)
 Metaspace       used 65570K, capacity 67267K, committed 67584K, reserved 1107968K
  class space    used 8239K, capacity 8843K, committed 8960K, reserved 1048576K
}
Event: 27.658 GC heap after
{Heap after GC invocations=30 (full 0):
 garbage-first heap   total 165888K, used 105127K [0x0000000080000000, 0x0000000100000000)
  region size 1024K, 3 young (3072K), 3 survivors (3072K)
 Metaspace       used 65570K, capacity 67267K, committed 67584K, reserved 1107968K
  class space    used 8239K, capacity 8843K, committed 8960K, reserved 1048576K
}
Event: 28.933 GC heap before
{Heap before GC invocations=30 (full 0):
 garbage-first heap   total 165888K, used 131751K [0x0000000080000000, 0x0000000100000000)
  region size 1024K, 29 young (29696K), 3 survivors (3072K)
 Metaspace       used 67594K, capacity 69317K, committed 69504K, reserved 1110016K
  class space    used 8465K, capacity 9074K, committed 9088K, reserved 1048576K
}
Event: 28.943 GC heap after
{Heap after GC invocations=31 (full 0):
 garbage-first heap   total 165888K, used 106691K [0x0000000080000000, 0x0000000100000000)
  region size 1024K, 2 young (2048K), 2 survivors (2048K)
 Metaspace       used 67594K, capacity 69317K, committed 69504K, reserved 1110016K
  class space    used 8465K, capacity 9074K, committed 9088K, reserved 1048576K
}
Event: 29.246 GC heap before
{Heap before GC invocations=32 (full 0):
 garbage-first heap   total 165888K, used 112835K [0x0000000080000000, 0x0000000100000000)
  region size 1024K, 9 young (9216K), 2 survivors (2048K)
 Metaspace       used 68061K, capacity 69774K, committed 69888K, reserved 1110016K
  class space    used 8547K, capacity 9140K, committed 9216K, reserved 1048576K
}
Event: 29.253 GC heap after
{Heap after GC invocations=33 (full 0):
 garbage-first heap   total 165888K, used 107225K [0x0000000080000000, 0x0000000100000000)
  region size 1024K, 3 young (3072K), 3 survivors (3072K)
 Metaspace       used 68061K, capacity 69774K, committed 69888K, reserved 1110016K
  class space    used 8547K, capacity 9140K, committed 9216K, reserved 1048576K
}
Event: 30.225 GC heap before
{Heap before GC invocations=34 (full 0):
 garbage-first heap   total 165888K, used 131801K [0x0000000080000000, 0x0000000100000000)
  region size 1024K, 26 young (26624K), 3 survivors (3072K)
 Metaspace       used 70275K, capacity 72032K, committed 72192K, reserved 1112064K
  class space    used 8842K, capacity 9462K, committed 9472K, reserved 1048576K
}
Event: 30.235 GC heap after
{Heap after GC invocations=35 (full 0):
 garbage-first heap   total 165888K, used 107988K [0x0000000080000000, 0x0000000100000000)
  region size 1024K, 2 young (2048K), 2 survivors (2048K)
 Metaspace       used 70275K, capacity 72032K, committed 72192K, reserved 1112064K
  class space    used 8842K, capacity 9462K, committed 9472K, reserved 1048576K
}
Event: 30.940 GC heap before
{Heap before GC invocations=35 (full 0):
 garbage-first heap   total 165888K, used 132564K [0x0000000080000000, 0x0000000100000000)
  region size 1024K, 26 young (26624K), 2 survivors (2048K)
 Metaspace       used 71358K, capacity 73114K, committed 73344K, reserved 1114112K
  class space    used 8975K, capacity 9564K, committed 9600K, reserved 1048576K
}
Event: 30.951 GC heap after
{Heap after GC invocations=36 (full 0):
 garbage-first heap   total 165888K, used 109864K [0x0000000080000000, 0x0000000100000000)
  region size 1024K, 4 young (4096K), 4 survivors (4096K)
 Metaspace       used 71358K, capacity 73114K, committed 73344K, reserved 1114112K
  class space    used 8975K, capacity 9564K, committed 9600K, reserved 1048576K
}
Event: 31.491 GC heap before
{Heap before GC invocations=37 (full 0):
 garbage-first heap   total 165888K, used 134440K [0x0000000080000000, 0x0000000100000000)
  region size 1024K, 28 young (28672K), 4 survivors (4096K)
 Metaspace       used 71405K, capacity 73214K, committed 73344K, reserved 1114112K
  class space    used 8982K, capacity 9598K, committed 9600K, reserved 1048576K
}
Event: 31.503 GC heap after
{Heap after GC invocations=38 (full 0):
 garbage-first heap   total 165888K, used 111505K [0x0000000080000000, 0x0000000100000000)
  region size 1024K, 4 young (4096K), 4 survivors (4096K)
 Metaspace       used 71405K, capacity 73214K, committed 73344K, reserved 1114112K
  class space    used 8982K, capacity 9598K, committed 9600K, reserved 1048576K
}
Event: 32.340 GC heap before
{Heap before GC invocations=38 (full 0):
 garbage-first heap   total 165888K, used 136081K [0x0000000080000000, 0x0000000100000000)
  region size 1024K, 28 young (28672K), 4 survivors (4096K)
 Metaspace       used 73918K, capacity 75728K, committed 76032K, reserved 1116160K
  class space    used 9289K, capacity 9921K, committed 9984K, reserved 1048576K
}

Deoptimization events (20 events):
Event: 29.921 Thread 0x000001b84ed82800 DEOPT PACKING pc=0x000001b8375e0496 sp=0x00000085394f7660
Event: 29.921 Thread 0x000001b84ed82800 DEOPT UNPACKING pc=0x000001b836a3a95e sp=0x00000085394f6b78 mode 0
Event: 29.924 Thread 0x000001b84ed82800 Uncommon trap: trap_request=0xffffff4d fr.pc=0x000001b83e580afc relative=0x000000000000053c
Event: 29.924 Thread 0x000001b84ed82800 Uncommon trap: reason=unstable_if action=reinterpret pc=0x000001b83e580afc method=java.lang.String.replace(CC)Ljava/lang/String; @ 2 c2
Event: 29.924 Thread 0x000001b84ed82800 DEOPT PACKING pc=0x000001b83e580afc sp=0x00000085394f7790
Event: 29.924 Thread 0x000001b84ed82800 DEOPT UNPACKING pc=0x000001b836a3a1af sp=0x00000085394f7740 mode 2
Event: 30.781 Thread 0x000001b84ed82800 Uncommon trap: trap_request=0xffffff4d fr.pc=0x000001b83e66f374 relative=0x0000000000000334
Event: 30.781 Thread 0x000001b84ed82800 Uncommon trap: reason=unstable_if action=reinterpret pc=0x000001b83e66f374 method=java.util.StringJoiner.add(Ljava/lang/CharSequence;)Ljava/util/StringJoiner; @ 33 c2
Event: 30.781 Thread 0x000001b84ed82800 DEOPT PACKING pc=0x000001b83e66f374 sp=0x00000085394f5460
Event: 30.781 Thread 0x000001b84ed82800 DEOPT UNPACKING pc=0x000001b836a3a1af sp=0x00000085394f5410 mode 2
Event: 30.848 Thread 0x000001b84ed82800 Uncommon trap: trap_request=0xffffff4d fr.pc=0x000001b83e7b134c relative=0x000000000000064c
Event: 30.848 Thread 0x000001b84ed82800 Uncommon trap: reason=unstable_if action=reinterpret pc=0x000001b83e7b134c method=groovy.lang.MetaClassImpl.filterPropertyMethod(Ljava/lang/Object;ZZ)Ljava/lang/Object; @ 60 c2
Event: 30.848 Thread 0x000001b84ed82800 DEOPT PACKING pc=0x000001b83e7b134c sp=0x00000085394f7920
Event: 30.848 Thread 0x000001b84ed82800 DEOPT UNPACKING pc=0x000001b836a3a1af sp=0x00000085394f7880 mode 2
Event: 31.118 Thread 0x000001b84ed82800 Uncommon trap: trap_request=0xfffffff4 fr.pc=0x000001b83e893594 relative=0x00000000000007f4
Event: 31.118 Thread 0x000001b84ed82800 Uncommon trap: reason=null_check action=make_not_entrant pc=0x000001b83e893594 method=com.sun.beans.introspect.MethodInfo$MethodOrder.compare(Ljava/lang/reflect/Method;Ljava/lang/reflect/Method;)I @ 133 c2
Event: 31.118 Thread 0x000001b84ed82800 DEOPT PACKING pc=0x000001b83e893594 sp=0x00000085394f32d0
Event: 31.118 Thread 0x000001b84ed82800 DEOPT UNPACKING pc=0x000001b836a3a1af sp=0x00000085394f3270 mode 2
Event: 32.187 Thread 0x000001b84ed82800 DEOPT PACKING pc=0x000001b837d6eaa7 sp=0x00000085394f8170
Event: 32.187 Thread 0x000001b84ed82800 DEOPT UNPACKING pc=0x000001b836a3a95e sp=0x00000085394f7620 mode 0

Classes redefined (0 events):
No events

Internal exceptions (20 events):
Event: 31.434 Thread 0x000001b84ed82800 Exception <a 'java/lang/ClassNotFoundException'{0x0000000088dde338}: com/android/builder/core/AbstractBuildTypeCustomizer> (0x0000000088dde338) thrown at [./src/hotspot/share/classfile/systemDictionary.cpp, line 231]
Event: 31.437 Thread 0x000001b84ed82800 Exception <a 'java/lang/ClassNotFoundException'{0x0000000088c1a4d8}: com/android/build/gradle/internal/dsl/BuildTypeCustomizer> (0x0000000088c1a4d8) thrown at [./src/hotspot/share/classfile/systemDictionary.cpp, line 231]
Event: 31.445 Thread 0x000001b84ed82800 Exception <a 'java/lang/ClassNotFoundException'{0x0000000088cb4448}: com/android/build/gradle/internal/dsl/BuildType$AgpDecoratedCustomizer> (0x0000000088cb4448) thrown at [./src/hotspot/share/classfile/systemDictionary.cpp, line 231]
Event: 31.450 Thread 0x000001b84ed82800 Exception <a 'java/lang/ClassNotFoundException'{0x0000000088b19d30}: com/android/build/gradle/internal/dsl/BuildType$AgpDecorated_DecoratedCustomizer> (0x0000000088b19d30) thrown at [./src/hotspot/share/classfile/systemDictionary.cpp, line 231]
Event: 31.468 Thread 0x000001b84ed82800 Exception <a 'java/lang/ClassNotFoundException'{0x0000000088bf5e68}: build_dsrx4h1ftfd87nmbfzeojawxn$_run_closure1$_closure4BeanInfo> (0x0000000088bf5e68) thrown at [./src/hotspot/share/classfile/systemDictionary.cpp, line 231]
Event: 31.470 Thread 0x000001b84ed82800 Exception <a 'java/lang/ClassNotFoundException'{0x0000000088a0aae8}: build_dsrx4h1ftfd87nmbfzeojawxn$_run_closure1$_closure4Customizer> (0x0000000088a0aae8) thrown at [./src/hotspot/share/classfile/systemDictionary.cpp, line 231]
Event: 31.474 Thread 0x000001b84ed82800 Exception <a 'java/lang/ClassNotFoundException'{0x0000000088a372b0}: build_dsrx4h1ftfd87nmbfzeojawxn$_run_closure1BeanInfo> (0x0000000088a372b0) thrown at [./src/hotspot/share/classfile/systemDictionary.cpp, line 231]
Event: 31.475 Thread 0x000001b84ed82800 Exception <a 'java/lang/ClassNotFoundException'{0x0000000088a4ae28}: build_dsrx4h1ftfd87nmbfzeojawxn$_run_closure1Customizer> (0x0000000088a4ae28) thrown at [./src/hotspot/share/classfile/systemDictionary.cpp, line 231]
Event: 31.485 Thread 0x000001b84ed82800 Exception <a 'java/lang/ClassNotFoundException'{0x0000000088ab3258}: org/gradle/api/JavaVersionBeanInfo> (0x0000000088ab3258) thrown at [./src/hotspot/share/classfile/systemDictionary.cpp, line 231]
Event: 31.487 Thread 0x000001b84ed82800 Exception <a 'java/lang/ClassNotFoundException'{0x0000000088ae4da8}: org/gradle/api/JavaVersionCustomizer> (0x0000000088ae4da8) thrown at [./src/hotspot/share/classfile/systemDictionary.cpp, line 231]
Event: 31.509 Thread 0x000001b84ed82800 Exception <a 'java/lang/ClassNotFoundException'{0x000000008a154680}: com/android/build/gradle/internal/CompileOptions$AgpDecorated_DecoratedBeanInfo> (0x000000008a154680) thrown at [./src/hotspot/share/classfile/systemDictionary.cpp, line 231]
Event: 31.510 Thread 0x000001b84ed82800 Exception <a 'java/lang/ClassNotFoundException'{0x000000008a1754c0}: com/android/build/gradle/internal/CompileOptions$AgpDecoratedBeanInfo> (0x000000008a1754c0) thrown at [./src/hotspot/share/classfile/systemDictionary.cpp, line 231]
Event: 31.512 Thread 0x000001b84ed82800 Exception <a 'java/lang/ClassNotFoundException'{0x000000008a1939f8}: com/android/build/gradle/internal/CompileOptionsBeanInfo> (0x000000008a1939f8) thrown at [./src/hotspot/share/classfile/systemDictionary.cpp, line 231]
Event: 31.513 Thread 0x000001b84ed82800 Exception <a 'java/lang/ClassNotFoundException'{0x000000008a1b25c8}: com/android/build/gradle/internal/CompileOptionsCustomizer> (0x000000008a1b25c8) thrown at [./src/hotspot/share/classfile/systemDictionary.cpp, line 231]
Event: 31.515 Thread 0x000001b84ed82800 Exception <a 'java/lang/ClassNotFoundException'{0x000000008a1df840}: com/android/build/gradle/internal/CompileOptions$AgpDecoratedCustomizer> (0x000000008a1df840) thrown at [./src/hotspot/share/classfile/systemDictionary.cpp, line 231]
Event: 31.518 Thread 0x000001b84ed82800 Exception <a 'java/lang/ClassNotFoundException'{0x000000008a010e00}: com/android/build/gradle/internal/CompileOptions$AgpDecorated_DecoratedCustomizer> (0x000000008a010e00) thrown at [./src/hotspot/share/classfile/systemDictionary.cpp, line 231]
Event: 31.557 Thread 0x000001b84ed82800 Exception <a 'java/lang/ClassNotFoundException'{0x0000000089f839e8}: org/jetbrains/kotlin/gradle/dsl/KotlinJvmOptionsImplBeanInfo> (0x0000000089f839e8) thrown at [./src/hotspot/share/classfile/systemDictionary.cpp, line 231]
Event: 31.559 Thread 0x000001b84ed82800 Exception <a 'java/lang/ClassNotFoundException'{0x0000000089fa2e80}: org/jetbrains/kotlin/gradle/dsl/KotlinJvmOptionsBaseBeanInfo> (0x0000000089fa2e80) thrown at [./src/hotspot/share/classfile/systemDictionary.cpp, line 231]
Event: 31.560 Thread 0x000001b84ed82800 Exception <a 'java/lang/ClassNotFoundException'{0x0000000089fc26e0}: org/jetbrains/kotlin/gradle/dsl/KotlinJvmOptionsBaseCustomizer> (0x0000000089fc26e0) thrown at [./src/hotspot/share/classfile/systemDictionary.cpp, line 231]
Event: 31.563 Thread 0x000001b84ed82800 Exception <a 'java/lang/ClassNotFoundException'{0x0000000089ff3b50}: org/jetbrains/kotlin/gradle/dsl/KotlinJvmOptionsImplCustomizer> (0x0000000089ff3b50) thrown at [./src/hotspot/share/classfile/systemDictionary.cpp, line 231]

Events (20 events):
Event: 32.318 loading class com/android/build/gradle/internal/TaskManager$createTopLevelTestTasks$2 done
Event: 32.319 loading class com/android/build/gradle/internal/TaskManager$createTopLevelTestTasks$3
Event: 32.319 loading class com/android/build/gradle/internal/TaskManager$createTopLevelTestTasks$3 done
Event: 32.321 loading class com/android/build/gradle/internal/TaskManager$createTopLevelTestTasks$4
Event: 32.321 loading class com/android/build/gradle/internal/TaskManager$createTopLevelTestTasks$4 done
Event: 32.322 loading class com/android/build/gradle/internal/TaskManager$createTopLevelTestTasks$5
Event: 32.322 loading class com/android/build/gradle/internal/TaskManager$createTopLevelTestTasks$5 done
Event: 32.324 loading class com/android/build/gradle/internal/TaskManager$createTopLevelTestTasks$6
Event: 32.324 loading class com/android/build/gradle/internal/TaskManager$createTopLevelTestTasks$6 done
Event: 32.325 loading class com/android/build/gradle/internal/testing/utp/UtpTestUtilsKt
Event: 32.325 loading class com/android/build/gradle/internal/testing/utp/UtpTestUtilsKt done
Event: 32.334 loading class com/android/build/gradle/internal/TaskManager$createAssembleTask$1
Event: 32.334 loading class com/android/build/gradle/internal/TaskManager$createAssembleTask$1 done
Event: 32.335 loading class com/android/build/gradle/internal/TaskManager$createAssembleTask$2
Event: 32.335 loading class com/android/build/gradle/internal/TaskManager$createAssembleTask$2 done
Event: 32.338 loading class com/android/build/gradle/internal/TaskManager$createTasksForVariant$1
Event: 32.338 loading class com/android/build/gradle/internal/TaskManager$createTasksForVariant$1 done
Event: 32.340 loading class com/android/build/gradle/internal/TaskManager$createBundleTask$1
Event: 32.340 loading class com/android/build/gradle/internal/TaskManager$createBundleTask$1 done
Event: 32.340 Executing VM operation: G1CollectForAllocation


Dynamic libraries:
0x00007ff6bfb80000 - 0x00007ff6bfb8a000 	C:\Program Files\Android\Android Studio\jre\bin\java.exe
0x00007ffbf7470000 - 0x00007ffbf7668000 	C:\WINDOWS\SYSTEM32\ntdll.dll
0x00007ffbf7370000 - 0x00007ffbf742f000 	C:\WINDOWS\System32\KERNEL32.DLL
0x00007ffbf4ce0000 - 0x00007ffbf4fb2000 	C:\WINDOWS\System32\KERNELBASE.dll
0x00007ffbf5320000 - 0x00007ffbf5420000 	C:\WINDOWS\System32\ucrtbase.dll
0x00007ffbed430000 - 0x00007ffbed449000 	C:\Program Files\Android\Android Studio\jre\bin\jli.dll
0x00007ffbedf50000 - 0x00007ffbedf67000 	C:\Program Files\Android\Android Studio\jre\bin\VCRUNTIME140.dll
0x00007ffbf54b0000 - 0x00007ffbf5651000 	C:\WINDOWS\System32\USER32.dll
0x00007ffbf4cb0000 - 0x00007ffbf4cd2000 	C:\WINDOWS\System32\win32u.dll
0x00007ffbe6460000 - 0x00007ffbe66fa000 	C:\WINDOWS\WinSxS\amd64_microsoft.windows.common-controls_6595b64144ccf1df_6.0.19041.1110_none_60b5254171f9507e\COMCTL32.dll
0x00007ffbf7290000 - 0x00007ffbf72bb000 	C:\WINDOWS\System32\GDI32.dll
0x00007ffbf6650000 - 0x00007ffbf66ee000 	C:\WINDOWS\System32\msvcrt.dll
0x00007ffbf4fc0000 - 0x00007ffbf50cf000 	C:\WINDOWS\System32\gdi32full.dll
0x00007ffbf50d0000 - 0x00007ffbf516d000 	C:\WINDOWS\System32\msvcp_win.dll
0x00007ffbf7250000 - 0x00007ffbf7282000 	C:\WINDOWS\System32\IMM32.DLL
0x00007ffbeda40000 - 0x00007ffbedadd000 	C:\Program Files\Android\Android Studio\jre\bin\msvcp140.dll
0x00007ffbcfa30000 - 0x00007ffbd0532000 	C:\Program Files\Android\Android Studio\jre\bin\server\jvm.dll
0x00007ffbf65a0000 - 0x00007ffbf664e000 	C:\WINDOWS\System32\ADVAPI32.dll
0x00007ffbf72c0000 - 0x00007ffbf735c000 	C:\WINDOWS\System32\sechost.dll
0x00007ffbf6a80000 - 0x00007ffbf6ba5000 	C:\WINDOWS\System32\RPCRT4.dll
0x00007ffbf7360000 - 0x00007ffbf7368000 	C:\WINDOWS\System32\PSAPI.DLL
0x00007ffbec730000 - 0x00007ffbec73a000 	C:\WINDOWS\SYSTEM32\VERSION.dll
0x00007ffbec700000 - 0x00007ffbec727000 	C:\WINDOWS\SYSTEM32\WINMM.dll
0x00007ffbeec60000 - 0x00007ffbeec69000 	C:\WINDOWS\SYSTEM32\WSOCK32.dll
0x00007ffbf6890000 - 0x00007ffbf68fb000 	C:\WINDOWS\System32\WS2_32.dll
0x00007ffbf2a20000 - 0x00007ffbf2a32000 	C:\WINDOWS\SYSTEM32\kernel.appcore.dll
0x00007ffbedf30000 - 0x00007ffbedf41000 	C:\Program Files\Android\Android Studio\jre\bin\verify.dll
0x00007ffbdf6e0000 - 0x00007ffbdf8c4000 	C:\WINDOWS\SYSTEM32\DBGHELP.DLL
0x00007ffbdf6a0000 - 0x00007ffbdf6d5000 	C:\WINDOWS\SYSTEM32\dbgcore.DLL
0x00007ffbf5420000 - 0x00007ffbf54a2000 	C:\WINDOWS\System32\bcryptPrimitives.dll
0x00007ffbedc90000 - 0x00007ffbedcb9000 	C:\Program Files\Android\Android Studio\jre\bin\java.dll
0x00007ffbedf20000 - 0x00007ffbedf2b000 	C:\Program Files\Android\Android Studio\jre\bin\jimage.dll
0x00007ffbedb30000 - 0x00007ffbedb48000 	C:\Program Files\Android\Android Studio\jre\bin\zip.dll
0x00007ffbf5e50000 - 0x00007ffbf6594000 	C:\WINDOWS\System32\SHELL32.dll
0x00007ffbf2c20000 - 0x00007ffbf33b2000 	C:\WINDOWS\SYSTEM32\windows.storage.dll
0x00007ffbf6d40000 - 0x00007ffbf7095000 	C:\WINDOWS\System32\combase.dll
0x00007ffbf44e0000 - 0x00007ffbf4510000 	C:\WINDOWS\SYSTEM32\Wldp.dll
0x00007ffbf5c60000 - 0x00007ffbf5d0d000 	C:\WINDOWS\System32\SHCORE.dll
0x00007ffbf6a20000 - 0x00007ffbf6a75000 	C:\WINDOWS\System32\shlwapi.dll
0x00007ffbf4aa0000 - 0x00007ffbf4abf000 	C:\WINDOWS\SYSTEM32\profapi.dll
0x00007ffbedb10000 - 0x00007ffbedb2a000 	C:\Program Files\Android\Android Studio\jre\bin\net.dll
0x00007ffbeaf80000 - 0x00007ffbeb08c000 	C:\WINDOWS\SYSTEM32\WINHTTP.dll
0x00007ffbf4240000 - 0x00007ffbf42aa000 	C:\WINDOWS\system32\mswsock.dll
0x00007ffbedaf0000 - 0x00007ffbedb04000 	C:\Program Files\Android\Android Studio\jre\bin\nio.dll
0x00007ffbe6700000 - 0x00007ffbe6727000 	C:\Users\acer\.gradle\native\e1d6ef7f7dcc3fd88c89a11ec53ec762bb8ba0a96d01ffa2cd45eb1d1d8dd5c5\windows-amd64\native-platform.dll
0x00007ffbb1b40000 - 0x00007ffbb1c84000 	C:\Users\acer\.gradle\native\0d407fdbe67a94daf76414ababcb853783967236a71b16ec16e742cd7a986fd3\windows-amd64\native-platform-file-events.dll
0x00007ffbedf10000 - 0x00007ffbedf1a000 	C:\Program Files\Android\Android Studio\jre\bin\management.dll
0x00007ffbedae0000 - 0x00007ffbedaed000 	C:\Program Files\Android\Android Studio\jre\bin\management_ext.dll
0x00007ffbf4430000 - 0x00007ffbf4448000 	C:\WINDOWS\SYSTEM32\CRYPTSP.dll
0x00007ffbf3b60000 - 0x00007ffbf3b94000 	C:\WINDOWS\system32\rsaenh.dll
0x00007ffbf4b60000 - 0x00007ffbf4b87000 	C:\WINDOWS\System32\bcrypt.dll
0x00007ffbf4a20000 - 0x00007ffbf4a4e000 	C:\WINDOWS\SYSTEM32\USERENV.dll
0x00007ffbf4450000 - 0x00007ffbf445c000 	C:\WINDOWS\SYSTEM32\CRYPTBASE.dll
0x00007ffbf3f30000 - 0x00007ffbf3f6b000 	C:\WINDOWS\SYSTEM32\IPHLPAPI.DLL
0x00007ffbf66f0000 - 0x00007ffbf66f8000 	C:\WINDOWS\System32\NSI.dll
0x00007ffbec150000 - 0x00007ffbec167000 	C:\WINDOWS\SYSTEM32\dhcpcsvc6.DLL
0x00007ffbec740000 - 0x00007ffbec75d000 	C:\WINDOWS\SYSTEM32\dhcpcsvc.DLL
0x00007ffbf3f70000 - 0x00007ffbf403a000 	C:\WINDOWS\SYSTEM32\DNSAPI.dll

dbghelp: loaded successfully - version: 4.0.5 - missing functions: none
symbol engine: initialized successfully - sym options: 0x614 - pdb path: .;C:\Program Files\Android\Android Studio\jre\bin;C:\WINDOWS\SYSTEM32;C:\WINDOWS\WinSxS\amd64_microsoft.windows.common-controls_6595b64144ccf1df_6.0.19041.1110_none_60b5254171f9507e;C:\Program Files\Android\Android Studio\jre\bin\server;C:\Users\acer\.gradle\native\e1d6ef7f7dcc3fd88c89a11ec53ec762bb8ba0a96d01ffa2cd45eb1d1d8dd5c5\windows-amd64;C:\Users\acer\.gradle\native\0d407fdbe67a94daf76414ababcb853783967236a71b16ec16e742cd7a986fd3\windows-amd64

VM Arguments:
jvm_args: --add-opens=java.base/java.util=ALL-UNNAMED --add-opens=java.base/java.lang=ALL-UNNAMED --add-opens=java.base/java.lang.invoke=ALL-UNNAMED --add-opens=java.base/java.util=ALL-UNNAMED --add-opens=java.prefs/java.util.prefs=ALL-UNNAMED --add-opens=java.prefs/java.util.prefs=ALL-UNNAMED --add-opens=java.base/java.nio.charset=ALL-UNNAMED --add-opens=java.base/java.net=ALL-UNNAMED --add-opens=java.base/java.util.concurrent.atomic=ALL-UNNAMED -Xmx2048m -Dfile.encoding=UTF-8 -Duser.country=IN -Duser.language=en -Duser.variant 
java_command: org.gradle.launcher.daemon.bootstrap.GradleDaemon 7.4
java_class_path (initial): C:\Users\acer\.gradle\wrapper\dists\gradle-7.4-bin\c0gwcg53nkjbqw7r0h0umtfvt\gradle-7.4\lib\gradle-launcher-7.4.jar
Launcher Type: SUN_STANDARD

[Global flags]
     intx CICompilerCount                          = 3                                         {product} {ergonomic}
     uint ConcGCThreads                            = 1                                         {product} {ergonomic}
     uint G1ConcRefinementThreads                  = 4                                         {product} {ergonomic}
   size_t G1HeapRegionSize                         = 1048576                                   {product} {ergonomic}
    uintx GCDrainStackTargetSize                   = 64                                        {product} {ergonomic}
   size_t InitialHeapSize                          = 117440512                                 {product} {ergonomic}
   size_t MarkStackSize                            = 4194304                                   {product} {ergonomic}
   size_t MaxHeapSize                              = 2147483648                                {product} {command line}
   size_t MaxNewSize                               = 1287651328                                {product} {ergonomic}
   size_t MinHeapDeltaBytes                        = 1048576                                   {product} {ergonomic}
    uintx NonNMethodCodeHeapSize                   = 5830732                                {pd product} {ergonomic}
    uintx NonProfiledCodeHeapSize                  = 122913754                              {pd product} {ergonomic}
    uintx ProfiledCodeHeapSize                     = 122913754                              {pd product} {ergonomic}
    uintx ReservedCodeCacheSize                    = 251658240                              {pd product} {ergonomic}
     bool SegmentedCodeCache                       = true                                      {product} {ergonomic}
     bool UseCompressedClassPointers               = true                                 {lp64_product} {ergonomic}
     bool UseCompressedOops                        = true                                 {lp64_product} {ergonomic}
     bool UseG1GC                                  = true                                      {product} {ergonomic}
     bool UseLargePagesIndividualAllocation        = false                                  {pd product} {ergonomic}

Logging:
Log output configuration:
 #0: stdout all=warning uptime,level,tags
 #1: stderr all=off uptime,level,tags

Environment Variables:
JAVA_HOME=C:\Program Files\Java\jdk-18.0.2
PATH=C:\Program Files\Common Files\Oracle\Java\javapath;C:\WINDOWS\system32;C:\WINDOWS;C:\WINDOWS\System32\Wbem;C:\WINDOWS\System32\WindowsPowerShell\v1.0\;C:\WINDOWS\System32\OpenSSH\;C:\Program Files\nodejs;C:\Program Files\dotnet\;C:\Program Files\nodejs\;C:\Users\acer\AppData\Local\Android\Sdk\platform-tools;C:\Users\acer\AppData\Local\Android\Sdk;C:\ProgramData\chocolatey\bin;C:\Program Files\Git\cmd;C:\Users\acer\AppData\Local\Microsoft\WindowsApps;C:\Program Files\JetBrains\PyCharm Community Edition 2021.2.2\bin;;C:\Program Files\nodejs;C:\Program Files\JetBrains\IntelliJ IDEA Community Edition 2022.2.1\bin;;C:\Users\acer\AppData\Roaming\npm;C:\Users\acer\AppData\Local\Programs\Microsoft VS Code\bin;C:\Users\acer\AppData\Local\Android\Sdk\platform-tools;
USERNAME=shergill
OS=Windows_NT
PROCESSOR_IDENTIFIER=AMD64 Family 22 Model 48 Stepping 1, AuthenticAMD



---------------  S Y S T E M  ---------------

OS: Windows 10 , 64 bit Build 19041 (10.0.19041.2251)
OS uptime: 0 days 12:36 hours

CPU:total 4 (initial active 4) (4 cores per cpu, 1 threads per core) family 22 model 48 stepping 1 microcode 0x0, cmov, cx8, fxsr, mmx, sse, sse2, sse3, ssse3, sse4.1, sse4.2, popcnt, avx, aes, clmul, mmxext, 3dnowpref, lzcnt, sse4a, tsc, tscinvbit, tscinv, bmi1

Memory: 4k page, system-wide physical 7094M (1256M free)
TotalPageFile size 8476M (AvailPageFile size 17M)
current process WorkingSet (physical memory assigned to process): 382M, peak: 386M
current process commit charge ("private bytes"): 412M, peak: 445M

vm_info: OpenJDK 64-Bit Server VM (11.0.13+0-b1751.21-8125866) for windows-amd64 JRE (11.0.13+0-b1751.21-8125866), built on Feb  2 2022 03:00:22 by "builder" with MS VC++ 14.0 (VS2015)

END.
