#
# There is insufficient memory for the Java Runtime Environment to continue.
# Native memory allocation (mmap) failed to map 34603008 bytes for Failed to commit area from 0x000000008a200000 to 0x000000008c300000 of length 34603008.
# Possible reasons:
#   The system is out of physical RAM or swap space
#   The process is running with CompressedOops enabled, and the Java Heap may be blocking the growth of the native heap
# Possible solutions:
#   Reduce memory load on the system
#   Increase physical memory or swap space
#   Check if swap backing store is full
#   Decrease Java heap size (-Xmx/-Xms)
#   Decrease number of Java threads
#   Decrease Java thread stack sizes (-Xss)
#   Set larger code cache with -XX:ReservedCodeCacheSize=
#   JVM is running with Unscaled Compressed Oops mode in which the Java heap is
#     placed in the first 4GB address space. The Java Heap base address is the
#     maximum limit for the native heap growth. Please use -XX:HeapBaseMinAddress
#     to set the Java Heap base and to place the Java Heap above 4GB virtual address.
# This output file may be truncated or incomplete.
#
#  Out of Memory Error (./src/hotspot/os/windows/os_windows.cpp:3619), pid=1972, tid=10416
#
# JRE version: OpenJDK Runtime Environment (11.0.13) (build 11.0.13+0-b1751.21-8125866)
# Java VM: OpenJDK 64-Bit Server VM (11.0.13+0-b1751.21-8125866, mixed mode, tiered, compressed oops, g1 gc, windows-amd64)
# No core dump will be written. Minidumps are not enabled by default on client versions of Windows
#

---------------  S U M M A R Y ------------

Command Line: --add-opens=java.base/java.util=ALL-UNNAMED --add-opens=java.base/java.lang=ALL-UNNAMED --add-opens=java.base/java.lang.invoke=ALL-UNNAMED --add-opens=java.base/java.util=ALL-UNNAMED --add-opens=java.prefs/java.util.prefs=ALL-UNNAMED --add-opens=java.prefs/java.util.prefs=ALL-UNNAMED --add-opens=java.base/java.nio.charset=ALL-UNNAMED --add-opens=java.base/java.net=ALL-UNNAMED --add-opens=java.base/java.util.concurrent.atomic=ALL-UNNAMED -Xmx2048m -Dfile.encoding=UTF-8 -Duser.country=IN -Duser.language=en -Duser.variant org.gradle.launcher.daemon.bootstrap.GradleDaemon 7.4

Host: AMD A6-7310 APU with AMD Radeon R4 Graphics    , 4 cores, 6G,  Windows 10 , 64 bit Build 19041 (10.0.19041.2251)
Time: Thu Dec 29 09:59:05 2022 India Standard Time elapsed time: 44.083770 seconds (0d 0h 0m 44s)

---------------  T H R E A D  ---------------

Current thread (0x000002235a205000):  VMThread "VM Thread" [stack: 0x0000009d1e400000,0x0000009d1e500000] [id=10416]

Stack: [0x0000009d1e400000,0x0000009d1e500000]
[error occurred during error reporting (printing stack bounds), id 0xc0000005, EXCEPTION_ACCESS_VIOLATION (0xc0000005) at pc=0x0000022343a1112d]

Native frames: (J=compiled Java code, j=interpreted, Vv=VM code, C=native code)
V  [jvm.dll+0x6100fa]
V  [jvm.dll+0x747090]
V  [jvm.dll+0x7486ad]
V  [jvm.dll+0x748ce5]
V  [jvm.dll+0x748c9b]
V  [jvm.dll+0x60f224]
V  [jvm.dll+0x60f9b8]
C  [ntdll.dll+0xa241f]
C  [ntdll.dll+0x514a4]
C  [ntdll.dll+0xa0f4e]
C  0x0000022343a1112d

VM_Operation (0x0000009d21afd120): G1CollectForAllocation, mode: safepoint, requested by thread 0x000002235d863000


---------------  P R O C E S S  ---------------

Threads class SMR info:
_java_thread_list=0x0000022362271d70, length=87, elements={
0x000002233feed000, 0x000002235a209000, 0x000002235a217000, 0x000002235abb2800,
0x000002235a227800, 0x000002235a22a800, 0x000002235a22d000, 0x000002235a234000,
0x000002235a23c000, 0x000002235acd0800, 0x000002235d336000, 0x000002235c71f800,
0x000002235d499800, 0x000002235cf91000, 0x000002235d6d2000, 0x000002235bc8c800,
0x000002235cf39800, 0x000002235db08800, 0x000002235cb7d000, 0x000002235bba3000,
0x000002235cd0e800, 0x000002235cd0c800, 0x000002235cd09800, 0x000002235cd0f000,
0x000002235cd0d800, 0x000002235cd0b000, 0x000002235cd0c000, 0x000002235cd10000,
0x000002235cd0a800, 0x000002235e8df800, 0x000002235e8e0800, 0x000002235e8da800,
0x000002235e8e2000, 0x000002235e8e3000, 0x000002235e8dd000, 0x000002235e8de000,
0x000002235e8e6000, 0x000002235e8e5800, 0x000002235e8e7000, 0x000002235e8e7800,
0x000002235e8e8800, 0x000002235e8e9800, 0x000002235e8e3800, 0x000002235e8e4800,
0x000002235d868800, 0x000002235d864800, 0x000002235d865800, 0x000002235d866000,
0x000002235d868000, 0x000002235d863000, 0x000002235d867000, 0x000002235d869800,
0x000002235d864000, 0x000002235d86b000, 0x000002235d86f000, 0x000002235d870000,
0x000002235d86a800, 0x000002235d86d800, 0x000002235d86c800, 0x000002235d86e800,
0x000002235d871000, 0x000002235d871800, 0x000002235d86c000, 0x000002235af33000,
0x000002235af2f800, 0x000002235af30800, 0x000002235af31800, 0x000002235af34000,
0x000002235af32000, 0x000002235af2e000, 0x000002235af34800, 0x000002235af2f000,
0x000002235af35800, 0x000002235af38800, 0x000002235af36800, 0x000002235af39800,
0x000002235af3a800, 0x000002235af3c000, 0x000002235ffd2000, 0x000002235af38000,
0x000002235e2f9800, 0x000002235e2fb000, 0x000002235e2f7800, 0x000002235e2fc800,
0x000002235e2fa000, 0x000002235e2f8800, 0x000002235e300800
}

Java Threads: ( => current thread )
  0x000002233feed000 JavaThread "main" [_thread_blocked, id=10720, stack(0x0000009d1de00000,0x0000009d1df00000)]
  0x000002235a209000 JavaThread "Reference Handler" daemon [_thread_blocked, id=5196, stack(0x0000009d1e500000,0x0000009d1e600000)]
  0x000002235a217000 JavaThread "Finalizer" daemon [_thread_blocked, id=1952, stack(0x0000009d1e600000,0x0000009d1e700000)]
  0x000002235abb2800 JavaThread "Signal Dispatcher" daemon [_thread_blocked, id=10636, stack(0x0000009d1e700000,0x0000009d1e800000)]
  0x000002235a227800 JavaThread "Attach Listener" daemon [_thread_blocked, id=1324, stack(0x0000009d1e800000,0x0000009d1e900000)]
  0x000002235a22a800 JavaThread "Service Thread" daemon [_thread_blocked, id=10372, stack(0x0000009d1e900000,0x0000009d1ea00000)]
  0x000002235a22d000 JavaThread "C2 CompilerThread0" daemon [_thread_blocked, id=2692, stack(0x0000009d1ea00000,0x0000009d1eb00000)]
  0x000002235a234000 JavaThread "C1 CompilerThread0" daemon [_thread_blocked, id=5216, stack(0x0000009d1eb00000,0x0000009d1ec00000)]
  0x000002235a23c000 JavaThread "Sweeper thread" daemon [_thread_blocked, id=9656, stack(0x0000009d1ec00000,0x0000009d1ed00000)]
  0x000002235acd0800 JavaThread "Common-Cleaner" daemon [_thread_blocked, id=2952, stack(0x0000009d1ed00000,0x0000009d1ee00000)]
  0x000002235d336000 JavaThread "Daemon health stats" [_thread_blocked, id=10376, stack(0x0000009d1f100000,0x0000009d1f200000)]
  0x000002235c71f800 JavaThread "Incoming local TCP Connector on port 51735" [_thread_in_native, id=4964, stack(0x0000009d1ef00000,0x0000009d1f000000)]
  0x000002235d499800 JavaThread "Daemon periodic checks" [_thread_blocked, id=9400, stack(0x0000009d1f400000,0x0000009d1f500000)]
  0x000002235cf91000 JavaThread "Daemon" [_thread_blocked, id=10180, stack(0x0000009d1f500000,0x0000009d1f600000)]
  0x000002235d6d2000 JavaThread "Handler for socket connection from /127.0.0.1:51735 to /127.0.0.1:51736" [_thread_in_native, id=1200, stack(0x0000009d1f600000,0x0000009d1f700000)]
  0x000002235bc8c800 JavaThread "Cancel handler" [_thread_blocked, id=7864, stack(0x0000009d1f700000,0x0000009d1f800000)]
  0x000002235cf39800 JavaThread "Daemon worker" [_thread_blocked, id=10136, stack(0x0000009d1f800000,0x0000009d1f900000)]
  0x000002235db08800 JavaThread "Asynchronous log dispatcher for DefaultDaemonConnection: socket connection from /127.0.0.1:51735 to /127.0.0.1:51736" [_thread_blocked, id=4572, stack(0x0000009d1f900000,0x0000009d1fa00000)]
  0x000002235cb7d000 JavaThread "Stdin handler" [_thread_blocked, id=3304, stack(0x0000009d1fa00000,0x0000009d1fb00000)]
  0x000002235bba3000 JavaThread "Daemon client event forwarder" [_thread_blocked, id=10576, stack(0x0000009d1fb00000,0x0000009d1fc00000)]
  0x000002235cd0e800 JavaThread "Cache worker for journal cache (C:\Users\acer\.gradle\caches\journal-1)" [_thread_blocked, id=2784, stack(0x0000009d1fc00000,0x0000009d1fd00000)]
  0x000002235cd0c800 JavaThread "File lock request listener" [_thread_in_native, id=3368, stack(0x0000009d1fd00000,0x0000009d1fe00000)]
  0x000002235cd09800 JavaThread "Cache worker for file hash cache (C:\Users\acer\.gradle\caches\7.4\fileHashes)" [_thread_blocked, id=9412, stack(0x0000009d1fe00000,0x0000009d1ff00000)]
  0x000002235cd0f000 JavaThread "File watcher server" daemon [_thread_blocked, id=11144, stack(0x0000009d20000000,0x0000009d20100000)]
  0x000002235cd0d800 JavaThread "File watcher consumer" daemon [_thread_blocked, id=7908, stack(0x0000009d20100000,0x0000009d20200000)]
  0x000002235cd0b000 JavaThread "Cache worker for checksums cache (C:\Users\acer\AndroidStudioProjects\CoroutineScope\.gradle\7.4\checksums)" [_thread_blocked, id=4916, stack(0x0000009d20200000,0x0000009d20300000)]
  0x000002235cd0c000 JavaThread "Cache worker for cache directory md-rule (C:\Users\acer\.gradle\caches\7.4\md-rule)" [_thread_blocked, id=10076, stack(0x0000009d20300000,0x0000009d20400000)]
  0x000002235cd10000 JavaThread "Cache worker for file hash cache (C:\Users\acer\AndroidStudioProjects\CoroutineScope\.gradle\7.4\fileHashes)" [_thread_blocked, id=1532, stack(0x0000009d20400000,0x0000009d20500000)]
  0x000002235cd0a800 JavaThread "Cache worker for cache directory md-supplier (C:\Users\acer\.gradle\caches\7.4\md-supplier)" [_thread_blocked, id=10232, stack(0x0000009d20500000,0x0000009d20600000)]
  0x000002235e8df800 JavaThread "Cache worker for execution history cache (C:\Users\acer\.gradle\caches\7.4\executionHistory)" [_thread_blocked, id=4124, stack(0x0000009d20600000,0x0000009d20700000)]
  0x000002235e8e0800 JavaThread "jar transforms" [_thread_blocked, id=9124, stack(0x0000009d20700000,0x0000009d20800000)]
  0x000002235e8da800 JavaThread "Cache worker for file content cache (C:\Users\acer\.gradle\caches\7.4\fileContent)" [_thread_blocked, id=6572, stack(0x0000009d20800000,0x0000009d20900000)]
  0x000002235e8e2000 JavaThread "jar transforms Thread 2" [_thread_blocked, id=7916, stack(0x0000009d20900000,0x0000009d20a00000)]
  0x000002235e8e3000 JavaThread "Cache worker for dependencies-accessors (C:\Users\acer\AndroidStudioProjects\CoroutineScope\.gradle\7.4\dependencies-accessors)" [_thread_blocked, id=6000, stack(0x0000009d20a00000,0x0000009d20b00000)]
  0x000002235e8dd000 JavaThread "jar transforms Thread 3" [_thread_blocked, id=5684, stack(0x0000009d20b00000,0x0000009d20c00000)]
  0x000002235e8de000 JavaThread "Cache worker for Build Output Cleanup Cache (C:\Users\acer\AndroidStudioProjects\CoroutineScope\.gradle\buildOutputCleanup)" [_thread_blocked, id=10432, stack(0x0000009d20c00000,0x0000009d20d00000)]
  0x000002235e8e6000 JavaThread "Unconstrained build operations" [_thread_blocked, id=5692, stack(0x0000009d20d00000,0x0000009d20e00000)]
  0x000002235e8e5800 JavaThread "Unconstrained build operations Thread 2" [_thread_blocked, id=3648, stack(0x0000009d20e00000,0x0000009d20f00000)]
  0x000002235e8e7000 JavaThread "Unconstrained build operations Thread 3" [_thread_blocked, id=11080, stack(0x0000009d20f00000,0x0000009d21000000)]
  0x000002235e8e7800 JavaThread "Unconstrained build operations Thread 4" [_thread_blocked, id=3052, stack(0x0000009d21000000,0x0000009d21100000)]
  0x000002235e8e8800 JavaThread "Unconstrained build operations Thread 5" [_thread_blocked, id=4312, stack(0x0000009d21100000,0x0000009d21200000)]
  0x000002235e8e9800 JavaThread "Unconstrained build operations Thread 6" [_thread_blocked, id=10424, stack(0x0000009d21200000,0x0000009d21300000)]
  0x000002235e8e3800 JavaThread "Unconstrained build operations Thread 7" [_thread_blocked, id=8964, stack(0x0000009d21300000,0x0000009d21400000)]
  0x000002235e8e4800 JavaThread "Unconstrained build operations Thread 8" [_thread_blocked, id=7912, stack(0x0000009d21400000,0x0000009d21500000)]
  0x000002235d868800 JavaThread "Unconstrained build operations Thread 9" [_thread_blocked, id=7136, stack(0x0000009d21500000,0x0000009d21600000)]
  0x000002235d864800 JavaThread "Unconstrained build operations Thread 10" [_thread_blocked, id=10916, stack(0x0000009d21600000,0x0000009d21700000)]
  0x000002235d865800 JavaThread "Unconstrained build operations Thread 11" [_thread_blocked, id=9368, stack(0x0000009d21700000,0x0000009d21800000)]
  0x000002235d866000 JavaThread "Unconstrained build operations Thread 12" [_thread_blocked, id=11088, stack(0x0000009d21800000,0x0000009d21900000)]
  0x000002235d868000 JavaThread "Unconstrained build operations Thread 13" [_thread_blocked, id=9352, stack(0x0000009d21900000,0x0000009d21a00000)]
  0x000002235d863000 JavaThread "Unconstrained build operations Thread 14" [_thread_blocked, id=4636, stack(0x0000009d21a00000,0x0000009d21b00000)]
  0x000002235d867000 JavaThread "Unconstrained build operations Thread 15" [_thread_blocked, id=4720, stack(0x0000009d21b00000,0x0000009d21c00000)]
  0x000002235d869800 JavaThread "Unconstrained build operations Thread 16" [_thread_blocked, id=332, stack(0x0000009d21c00000,0x0000009d21d00000)]
  0x000002235d864000 JavaThread "Unconstrained build operations Thread 17" [_thread_blocked, id=8408, stack(0x0000009d21d00000,0x0000009d21e00000)]
  0x000002235d86b000 JavaThread "Unconstrained build operations Thread 18" [_thread_blocked, id=8504, stack(0x0000009d21e00000,0x0000009d21f00000)]
  0x000002235d86f000 JavaThread "Unconstrained build operations Thread 19" [_thread_blocked, id=9908, stack(0x0000009d21f00000,0x0000009d22000000)]
  0x000002235d870000 JavaThread "Unconstrained build operations Thread 20" [_thread_blocked, id=908, stack(0x0000009d22000000,0x0000009d22100000)]
  0x000002235d86a800 JavaThread "Unconstrained build operations Thread 21" [_thread_blocked, id=9820, stack(0x0000009d22100000,0x0000009d22200000)]
  0x000002235d86d800 JavaThread "Unconstrained build operations Thread 22" [_thread_blocked, id=4652, stack(0x0000009d22200000,0x0000009d22300000)]
  0x000002235d86c800 JavaThread "Unconstrained build operations Thread 23" [_thread_blocked, id=10508, stack(0x0000009d22300000,0x0000009d22400000)]
  0x000002235d86e800 JavaThread "Unconstrained build operations Thread 24" [_thread_blocked, id=1624, stack(0x0000009d22400000,0x0000009d22500000)]
  0x000002235d871000 JavaThread "Unconstrained build operations Thread 25" [_thread_blocked, id=3680, stack(0x0000009d22500000,0x0000009d22600000)]
  0x000002235d871800 JavaThread "Unconstrained build operations Thread 26" [_thread_blocked, id=5856, stack(0x0000009d22600000,0x0000009d22700000)]
  0x000002235d86c000 JavaThread "Unconstrained build operations Thread 27" [_thread_blocked, id=10300, stack(0x0000009d22700000,0x0000009d22800000)]
  0x000002235af33000 JavaThread "Unconstrained build operations Thread 28" [_thread_blocked, id=692, stack(0x0000009d22800000,0x0000009d22900000)]
  0x000002235af2f800 JavaThread "Unconstrained build operations Thread 29" [_thread_blocked, id=2844, stack(0x0000009d22900000,0x0000009d22a00000)]
  0x000002235af30800 JavaThread "Unconstrained build operations Thread 30" [_thread_blocked, id=9628, stack(0x0000009d22a00000,0x0000009d22b00000)]
  0x000002235af31800 JavaThread "Unconstrained build operations Thread 31" [_thread_blocked, id=3972, stack(0x0000009d22b00000,0x0000009d22c00000)]
  0x000002235af34000 JavaThread "Unconstrained build operations Thread 32" [_thread_blocked, id=6036, stack(0x0000009d22c00000,0x0000009d22d00000)]
  0x000002235af32000 JavaThread "Unconstrained build operations Thread 33" [_thread_blocked, id=5724, stack(0x0000009d22d00000,0x0000009d22e00000)]
  0x000002235af2e000 JavaThread "Unconstrained build operations Thread 34" [_thread_blocked, id=4292, stack(0x0000009d22e00000,0x0000009d22f00000)]
  0x000002235af34800 JavaThread "Unconstrained build operations Thread 35" [_thread_blocked, id=7504, stack(0x0000009d22f00000,0x0000009d23000000)]
  0x000002235af2f000 JavaThread "Unconstrained build operations Thread 36" [_thread_blocked, id=10068, stack(0x0000009d23000000,0x0000009d23100000)]
  0x000002235af35800 JavaThread "Unconstrained build operations Thread 37" [_thread_blocked, id=2948, stack(0x0000009d23100000,0x0000009d23200000)]
  0x000002235af38800 JavaThread "Unconstrained build operations Thread 38" [_thread_blocked, id=3020, stack(0x0000009d23200000,0x0000009d23300000)]
  0x000002235af36800 JavaThread "Unconstrained build operations Thread 39" [_thread_blocked, id=540, stack(0x0000009d23300000,0x0000009d23400000)]
  0x000002235af39800 JavaThread "Unconstrained build operations Thread 40" [_thread_blocked, id=4656, stack(0x0000009d23400000,0x0000009d23500000)]
  0x000002235af3a800 JavaThread "jar transforms Thread 4" [_thread_blocked, id=10756, stack(0x0000009d23500000,0x0000009d23600000)]
  0x000002235af3c000 JavaThread "Memory manager" [_thread_blocked, id=6672, stack(0x0000009d23600000,0x0000009d23700000)]
  0x000002235ffd2000 JavaThread "C2 CompilerThread1" daemon [_thread_blocked, id=9984, stack(0x0000009d1ff00000,0x0000009d20000000)]
  0x000002235af38000 JavaThread "build event listener" [_thread_blocked, id=10880, stack(0x0000009d23900000,0x0000009d23a00000)]
  0x000002235e2f9800 JavaThread "pool-3-thread-1" [_thread_blocked, id=3424, stack(0x0000009d23a00000,0x0000009d23b00000)]
  0x000002235e2fb000 JavaThread "build event listener" [_thread_blocked, id=2912, stack(0x0000009d23b00000,0x0000009d23c00000)]
  0x000002235e2f7800 JavaThread "included builds" [_thread_blocked, id=9272, stack(0x0000009d23c00000,0x0000009d23d00000)]
  0x000002235e2fc800 JavaThread "Execution worker for ':'" [_thread_blocked, id=10400, stack(0x0000009d23d00000,0x0000009d23e00000)]
  0x000002235e2fa000 JavaThread "Execution worker for ':' Thread 2" [_thread_blocked, id=1240, stack(0x0000009d23e00000,0x0000009d23f00000)]
  0x000002235e2f8800 JavaThread "Execution worker for ':' Thread 3" [_thread_blocked, id=7408, stack(0x0000009d23f00000,0x0000009d24000000)]
  0x000002235e300800 JavaThread "Cache worker for execution history cache (C:\Users\acer\AndroidStudioProjects\CoroutineScope\.gradle\7.4\executionHistory)" [_thread_blocked, id=4960, stack(0x0000009d24000000,0x0000009d24100000)]

Other Threads:
=>0x000002235a205000 VMThread "VM Thread" [stack: 0x0000009d1e400000,0x0000009d1e500000] [id=10416]
  0x000002235ad40800 WatcherThread [stack: 0x0000009d1ee00000,0x0000009d1ef00000] [id=10444]
  0x000002233ff06000 GCTaskThread "GC Thread#0" [stack: 0x0000009d1df00000,0x0000009d1e000000] [id=11132]
  0x000002235b5fc000 GCTaskThread "GC Thread#1" [stack: 0x0000009d1f000000,0x0000009d1f100000] [id=4200]
  0x000002235d60b800 GCTaskThread "GC Thread#2" [stack: 0x0000009d1f200000,0x0000009d1f300000] [id=2492]
  0x000002235c35b000 GCTaskThread "GC Thread#3" [stack: 0x0000009d1f300000,0x0000009d1f400000] [id=8472]
  0x000002233ff37800 ConcurrentGCThread "G1 Main Marker" [stack: 0x0000009d1e000000,0x0000009d1e100000] [id=9880]
  0x000002233ff39800 ConcurrentGCThread "G1 Conc#0" [stack: 0x0000009d1e100000,0x0000009d1e200000] [id=324]
  0x000002233ffb4000 ConcurrentGCThread "G1 Refine#0" [stack: 0x0000009d1e200000,0x0000009d1e300000] [id=4628]
  0x000002233ffb5000 ConcurrentGCThread "G1 Young RemSet Sampling" [stack: 0x0000009d1e300000,0x0000009d1e400000] [id=5476]

Threads with active compile tasks:
C2 CompilerThread0  44111 10233       4       org.gradle.internal.snapshot.SearchUtil::binarySearch (160 bytes)
C2 CompilerThread1  44111 10234       4       org.gradle.internal.snapshot.VfsRelativePath::compareToFirstSegment (203 bytes)

VM state:at safepoint (normal execution)

VM Mutex/Monitor currently owned by a thread:  ([mutex/lock_event])
[0x000002233fee8f90] Threads_lock - owner thread: 0x000002235a205000
[0x000002233feea4f0] Heap_lock - owner thread: 0x000002235d863000

Heap address: 0x0000000080000000, size: 2048 MB, Compressed Oops mode: 32-bit
Narrow klass base: 0x0000000000000000, Narrow klass shift: 3
Compressed class space size: 1073741824 Address: 0x0000000100000000

Heap:
 garbage-first heap   total 199680K, used 88416K [0x0000000080000000, 0x0000000100000000)
  region size 1024K, 4 young (4096K), 4 survivors (4096K)
 Metaspace       used 92513K, capacity 94594K, committed 94908K, reserved 1132544K
  class space    used 11812K, capacity 12631K, committed 12748K, reserved 1048576K
Heap Regions: E=young(eden), S=young(survivor), O=old, HS=humongous(starts), HC=humongous(continues), CS=collection set, F=free, A=archive, TAMS=top-at-mark-start (previous, next)
|   0|0x0000000080000000, 0x0000000080100000, 0x0000000080100000|100%|HS|  |TAMS 0x0000000080100000, 0x0000000080100000| Complete 
|   1|0x0000000080100000, 0x0000000080200000, 0x0000000080200000|100%|HC|  |TAMS 0x0000000080200000, 0x0000000080200000| Complete 
|   2|0x0000000080200000, 0x0000000080300000, 0x0000000080300000|100%|HC|  |TAMS 0x0000000080300000, 0x0000000080300000| Complete 
|   3|0x0000000080300000, 0x0000000080400000, 0x0000000080400000|100%| O|  |TAMS 0x0000000080400000, 0x0000000080400000| Untracked 
|   4|0x0000000080400000, 0x0000000080500000, 0x0000000080500000|100%| O|  |TAMS 0x0000000080500000, 0x0000000080500000| Untracked 
|   5|0x0000000080500000, 0x0000000080600000, 0x0000000080600000|100%| O|  |TAMS 0x0000000080600000, 0x0000000080600000| Untracked 
|   6|0x0000000080600000, 0x0000000080700000, 0x0000000080700000|100%| O|  |TAMS 0x0000000080700000, 0x0000000080700000| Untracked 
|   7|0x0000000080700000, 0x0000000080800000, 0x0000000080800000|100%| O|  |TAMS 0x0000000080800000, 0x0000000080800000| Untracked 
|   8|0x0000000080800000, 0x0000000080900000, 0x0000000080900000|100%| O|  |TAMS 0x0000000080900000, 0x0000000080900000| Untracked 
|   9|0x0000000080900000, 0x0000000080a00000, 0x0000000080a00000|100%| O|  |TAMS 0x0000000080a00000, 0x0000000080a00000| Untracked 
|  10|0x0000000080a00000, 0x0000000080b00000, 0x0000000080b00000|100%| O|  |TAMS 0x0000000080b00000, 0x0000000080b00000| Untracked 
|  11|0x0000000080b00000, 0x0000000080c00000, 0x0000000080c00000|100%| O|  |TAMS 0x0000000080c00000, 0x0000000080c00000| Untracked 
|  12|0x0000000080c00000, 0x0000000080d00000, 0x0000000080d00000|100%| O|  |TAMS 0x0000000080d00000, 0x0000000080d00000| Untracked 
|  13|0x0000000080d00000, 0x0000000080e00000, 0x0000000080e00000|100%| O|  |TAMS 0x0000000080e00000, 0x0000000080e00000| Untracked 
|  14|0x0000000080e00000, 0x0000000080f00000, 0x0000000080f00000|100%| O|  |TAMS 0x0000000080f00000, 0x0000000080f00000| Untracked 
|  15|0x0000000080f00000, 0x0000000081000000, 0x0000000081000000|100%| O|  |TAMS 0x0000000081000000, 0x0000000081000000| Untracked 
|  16|0x0000000081000000, 0x0000000081100000, 0x0000000081100000|100%| O|  |TAMS 0x0000000081100000, 0x0000000081100000| Untracked 
|  17|0x0000000081100000, 0x0000000081200000, 0x0000000081200000|100%| O|  |TAMS 0x0000000081200000, 0x0000000081200000| Untracked 
|  18|0x0000000081200000, 0x0000000081300000, 0x0000000081300000|100%| O|  |TAMS 0x0000000081300000, 0x0000000081300000| Untracked 
|  19|0x0000000081300000, 0x0000000081400000, 0x0000000081400000|100%| O|  |TAMS 0x0000000081400000, 0x0000000081400000| Untracked 
|  20|0x0000000081400000, 0x0000000081500000, 0x0000000081500000|100%| O|  |TAMS 0x0000000081500000, 0x0000000081500000| Untracked 
|  21|0x0000000081500000, 0x0000000081600000, 0x0000000081600000|100%| O|  |TAMS 0x0000000081600000, 0x0000000081600000| Untracked 
|  22|0x0000000081600000, 0x0000000081700000, 0x0000000081700000|100%| O|  |TAMS 0x0000000081700000, 0x0000000081700000| Untracked 
|  23|0x0000000081700000, 0x0000000081800000, 0x0000000081800000|100%| O|  |TAMS 0x0000000081800000, 0x0000000081800000| Untracked 
|  24|0x0000000081800000, 0x0000000081900000, 0x0000000081900000|100%| O|  |TAMS 0x0000000081900000, 0x0000000081900000| Untracked 
|  25|0x0000000081900000, 0x0000000081a00000, 0x0000000081a00000|100%| O|  |TAMS 0x0000000081a00000, 0x0000000081a00000| Untracked 
|  26|0x0000000081a00000, 0x0000000081b00000, 0x0000000081b00000|100%| O|  |TAMS 0x0000000081b00000, 0x0000000081b00000| Untracked 
|  27|0x0000000081b00000, 0x0000000081c00000, 0x0000000081c00000|100%| O|  |TAMS 0x0000000081c00000, 0x0000000081c00000| Untracked 
|  28|0x0000000081c00000, 0x0000000081d00000, 0x0000000081d00000|100%|HS|  |TAMS 0x0000000081d00000, 0x0000000081d00000| Complete 
|  29|0x0000000081d00000, 0x0000000081e00000, 0x0000000081e00000|100%|HS|  |TAMS 0x0000000081e00000, 0x0000000081e00000| Complete 
|  30|0x0000000081e00000, 0x0000000081f00000, 0x0000000081f00000|100%|HS|  |TAMS 0x0000000081f00000, 0x0000000081f00000| Complete 
|  31|0x0000000081f00000, 0x0000000082000000, 0x0000000082000000|100%|HS|  |TAMS 0x0000000082000000, 0x0000000082000000| Complete 
|  32|0x0000000082000000, 0x0000000082100000, 0x0000000082100000|100%|HC|  |TAMS 0x0000000082100000, 0x0000000082100000| Complete 
|  33|0x0000000082100000, 0x0000000082200000, 0x0000000082200000|100%|HC|  |TAMS 0x0000000082200000, 0x0000000082200000| Complete 
|  34|0x0000000082200000, 0x0000000082300000, 0x0000000082300000|100%|HC|  |TAMS 0x0000000082300000, 0x0000000082300000| Complete 
|  35|0x0000000082300000, 0x0000000082400000, 0x0000000082400000|100%| O|  |TAMS 0x0000000082400000, 0x0000000082400000| Untracked 
|  36|0x0000000082400000, 0x0000000082500000, 0x0000000082500000|100%|HS|  |TAMS 0x0000000082500000, 0x0000000082500000| Complete 
|  37|0x0000000082500000, 0x0000000082600000, 0x0000000082600000|100%|HC|  |TAMS 0x0000000082600000, 0x0000000082600000| Complete 
|  38|0x0000000082600000, 0x0000000082700000, 0x0000000082700000|100%| O|  |TAMS 0x0000000082700000, 0x0000000082700000| Untracked 
|  39|0x0000000082700000, 0x0000000082800000, 0x0000000082800000|100%| O|  |TAMS 0x0000000082800000, 0x0000000082800000| Untracked 
|  40|0x0000000082800000, 0x0000000082900000, 0x0000000082900000|100%| O|  |TAMS 0x0000000082900000, 0x0000000082900000| Untracked 
|  41|0x0000000082900000, 0x0000000082a00000, 0x0000000082a00000|100%| O|  |TAMS 0x0000000082a00000, 0x0000000082a00000| Untracked 
|  42|0x0000000082a00000, 0x0000000082b00000, 0x0000000082b00000|100%| O|  |TAMS 0x0000000082b00000, 0x0000000082b00000| Untracked 
|  43|0x0000000082b00000, 0x0000000082c00000, 0x0000000082c00000|100%| O|  |TAMS 0x0000000082c00000, 0x0000000082c00000| Untracked 
|  44|0x0000000082c00000, 0x0000000082d00000, 0x0000000082d00000|100%| O|  |TAMS 0x0000000082d00000, 0x0000000082d00000| Untracked 
|  45|0x0000000082d00000, 0x0000000082e00000, 0x0000000082e00000|100%| O|  |TAMS 0x0000000082e00000, 0x0000000082e00000| Untracked 
|  46|0x0000000082e00000, 0x0000000082f00000, 0x0000000082f00000|100%| O|  |TAMS 0x0000000082f00000, 0x0000000082f00000| Untracked 
|  47|0x0000000082f00000, 0x0000000083000000, 0x0000000083000000|100%| O|  |TAMS 0x0000000083000000, 0x0000000083000000| Untracked 
|  48|0x0000000083000000, 0x0000000083100000, 0x0000000083100000|100%| O|  |TAMS 0x0000000083100000, 0x0000000083100000| Untracked 
|  49|0x0000000083100000, 0x0000000083200000, 0x0000000083200000|100%| O|  |TAMS 0x0000000083200000, 0x0000000083200000| Untracked 
|  50|0x0000000083200000, 0x0000000083300000, 0x0000000083300000|100%| O|  |TAMS 0x0000000083300000, 0x0000000083300000| Untracked 
|  51|0x0000000083300000, 0x0000000083400000, 0x0000000083400000|100%| O|  |TAMS 0x0000000083342000, 0x0000000083400000| Untracked 
|  52|0x0000000083400000, 0x0000000083500000, 0x0000000083500000|100%| O|  |TAMS 0x0000000083400000, 0x0000000083500000| Untracked 
|  53|0x0000000083500000, 0x0000000083600000, 0x0000000083600000|100%| O|  |TAMS 0x0000000083500000, 0x0000000083600000| Untracked 
|  54|0x0000000083600000, 0x0000000083700000, 0x0000000083700000|100%| O|  |TAMS 0x0000000083600000, 0x0000000083700000| Untracked 
|  55|0x0000000083700000, 0x0000000083800000, 0x0000000083800000|100%| O|  |TAMS 0x0000000083700000, 0x0000000083800000| Untracked 
|  56|0x0000000083800000, 0x0000000083900000, 0x0000000083900000|100%| O|  |TAMS 0x0000000083800000, 0x0000000083900000| Untracked 
|  57|0x0000000083900000, 0x0000000083a00000, 0x0000000083a00000|100%| O|  |TAMS 0x0000000083900000, 0x0000000083a00000| Untracked 
|  58|0x0000000083a00000, 0x0000000083b00000, 0x0000000083b00000|100%| O|  |TAMS 0x0000000083a00000, 0x0000000083b00000| Untracked 
|  59|0x0000000083b00000, 0x0000000083c00000, 0x0000000083c00000|100%| O|  |TAMS 0x0000000083b00000, 0x0000000083c00000| Untracked 
|  60|0x0000000083c00000, 0x0000000083d00000, 0x0000000083d00000|100%| O|  |TAMS 0x0000000083c00000, 0x0000000083d00000| Untracked 
|  61|0x0000000083d00000, 0x0000000083e00000, 0x0000000083e00000|100%| O|  |TAMS 0x0000000083d00000, 0x0000000083e00000| Untracked 
|  62|0x0000000083e00000, 0x0000000083f00000, 0x0000000083f00000|100%| O|  |TAMS 0x0000000083e00000, 0x0000000083f00000| Untracked 
|  63|0x0000000083f00000, 0x0000000084000000, 0x0000000084000000|100%| O|  |TAMS 0x0000000083f00000, 0x0000000084000000| Untracked 
|  64|0x0000000084000000, 0x0000000084100000, 0x0000000084100000|100%| O|  |TAMS 0x0000000084000000, 0x0000000084100000| Untracked 
|  65|0x0000000084100000, 0x0000000084200000, 0x0000000084200000|100%| O|  |TAMS 0x0000000084100000, 0x0000000084200000| Untracked 
|  66|0x0000000084200000, 0x0000000084300000, 0x0000000084300000|100%| O|  |TAMS 0x0000000084200000, 0x0000000084300000| Untracked 
|  67|0x0000000084300000, 0x0000000084400000, 0x0000000084400000|100%| O|  |TAMS 0x0000000084300000, 0x0000000084400000| Untracked 
|  68|0x0000000084400000, 0x0000000084500000, 0x0000000084500000|100%| O|  |TAMS 0x0000000084400000, 0x0000000084500000| Untracked 
|  69|0x0000000084500000, 0x0000000084600000, 0x0000000084600000|100%| O|  |TAMS 0x0000000084500000, 0x0000000084600000| Untracked 
|  70|0x0000000084600000, 0x0000000084700000, 0x0000000084700000|100%| O|  |TAMS 0x0000000084600000, 0x0000000084700000| Untracked 
|  71|0x0000000084700000, 0x0000000084800000, 0x0000000084800000|100%| O|  |TAMS 0x0000000084700000, 0x0000000084800000| Untracked 
|  72|0x0000000084800000, 0x0000000084900000, 0x0000000084900000|100%| O|  |TAMS 0x0000000084800000, 0x0000000084900000| Untracked 
|  73|0x0000000084900000, 0x0000000084a00000, 0x0000000084a00000|100%| O|  |TAMS 0x0000000084900000, 0x0000000084a00000| Untracked 
|  74|0x0000000084a00000, 0x0000000084b00000, 0x0000000084b00000|100%| O|  |TAMS 0x0000000084a00000, 0x0000000084b00000| Untracked 
|  75|0x0000000084b00000, 0x0000000084c00000, 0x0000000084c00000|100%| O|  |TAMS 0x0000000084b00000, 0x0000000084c00000| Untracked 
|  76|0x0000000084c00000, 0x0000000084d00000, 0x0000000084d00000|100%| O|  |TAMS 0x0000000084c00000, 0x0000000084d00000| Untracked 
|  77|0x0000000084d00000, 0x0000000084e00000, 0x0000000084e00000|100%| O|  |TAMS 0x0000000084d00000, 0x0000000084e00000| Untracked 
|  78|0x0000000084e00000, 0x0000000084f00000, 0x0000000084f00000|100%| O|  |TAMS 0x0000000084e00000, 0x0000000084f00000| Untracked 
|  79|0x0000000084f00000, 0x0000000085000000, 0x0000000085000000|100%| O|  |TAMS 0x0000000084f00000, 0x0000000085000000| Untracked 
|  80|0x0000000085000000, 0x0000000085100000, 0x0000000085100000|100%| O|  |TAMS 0x0000000085000000, 0x0000000085100000| Untracked 
|  81|0x0000000085100000, 0x0000000085200000, 0x0000000085200000|100%| O|  |TAMS 0x0000000085100000, 0x0000000085200000| Untracked 
|  82|0x0000000085200000, 0x0000000085258000, 0x0000000085300000| 34%| O|  |TAMS 0x0000000085200000, 0x0000000085258000| Untracked 
|  83|0x0000000085300000, 0x0000000085300000, 0x0000000085400000|  0%| F|  |TAMS 0x0000000085300000, 0x0000000085300000| Untracked 
|  84|0x0000000085400000, 0x0000000085400000, 0x0000000085500000|  0%| F|  |TAMS 0x0000000085400000, 0x0000000085400000| Untracked 
|  85|0x0000000085500000, 0x0000000085500000, 0x0000000085600000|  0%| F|  |TAMS 0x0000000085500000, 0x0000000085500000| Untracked 
|  86|0x0000000085600000, 0x0000000085600000, 0x0000000085700000|  0%| F|  |TAMS 0x0000000085600000, 0x0000000085600000| Untracked 
|  87|0x0000000085700000, 0x0000000085700000, 0x0000000085800000|  0%| F|  |TAMS 0x0000000085700000, 0x0000000085700000| Untracked 
|  88|0x0000000085800000, 0x0000000085800000, 0x0000000085900000|  0%| F|  |TAMS 0x0000000085800000, 0x0000000085800000| Untracked 
|  89|0x0000000085900000, 0x0000000085900000, 0x0000000085a00000|  0%| F|  |TAMS 0x0000000085900000, 0x0000000085900000| Untracked 
|  90|0x0000000085a00000, 0x0000000085a00000, 0x0000000085b00000|  0%| F|  |TAMS 0x0000000085a00000, 0x0000000085a00000| Untracked 
|  91|0x0000000085b00000, 0x0000000085b00000, 0x0000000085c00000|  0%| F|  |TAMS 0x0000000085b00000, 0x0000000085b00000| Untracked 
|  92|0x0000000085c00000, 0x0000000085c00000, 0x0000000085d00000|  0%| F|  |TAMS 0x0000000085c00000, 0x0000000085c00000| Untracked 
|  93|0x0000000085d00000, 0x0000000085d00000, 0x0000000085e00000|  0%| F|  |TAMS 0x0000000085d00000, 0x0000000085d00000| Untracked 
|  94|0x0000000085e00000, 0x0000000085e00000, 0x0000000085f00000|  0%| F|  |TAMS 0x0000000085e00000, 0x0000000085e00000| Untracked 
|  95|0x0000000085f00000, 0x0000000085f00000, 0x0000000086000000|  0%| F|  |TAMS 0x0000000085f00000, 0x0000000085f00000| Untracked 
|  96|0x0000000086000000, 0x0000000086000000, 0x0000000086100000|  0%| F|  |TAMS 0x0000000086000000, 0x0000000086000000| Untracked 
|  97|0x0000000086100000, 0x0000000086100000, 0x0000000086200000|  0%| F|  |TAMS 0x0000000086100000, 0x0000000086100000| Untracked 
|  98|0x0000000086200000, 0x0000000086200000, 0x0000000086300000|  0%| F|  |TAMS 0x0000000086200000, 0x0000000086200000| Untracked 
|  99|0x0000000086300000, 0x0000000086300000, 0x0000000086400000|  0%| F|  |TAMS 0x0000000086300000, 0x0000000086300000| Untracked 
| 100|0x0000000086400000, 0x0000000086400000, 0x0000000086500000|  0%| F|  |TAMS 0x0000000086400000, 0x0000000086400000| Untracked 
| 101|0x0000000086500000, 0x0000000086500000, 0x0000000086600000|  0%| F|  |TAMS 0x0000000086500000, 0x0000000086500000| Untracked 
| 102|0x0000000086600000, 0x0000000086600000, 0x0000000086700000|  0%| F|  |TAMS 0x0000000086600000, 0x0000000086600000| Untracked 
| 103|0x0000000086700000, 0x0000000086700000, 0x0000000086800000|  0%| F|  |TAMS 0x0000000086700000, 0x0000000086700000| Untracked 
| 104|0x0000000086800000, 0x0000000086800000, 0x0000000086900000|  0%| F|  |TAMS 0x0000000086800000, 0x0000000086800000| Untracked 
| 105|0x0000000086900000, 0x0000000086900000, 0x0000000086a00000|  0%| F|  |TAMS 0x0000000086900000, 0x0000000086900000| Untracked 
| 106|0x0000000086a00000, 0x0000000086a00000, 0x0000000086b00000|  0%| F|  |TAMS 0x0000000086a00000, 0x0000000086a00000| Untracked 
| 107|0x0000000086b00000, 0x0000000086b00000, 0x0000000086c00000|  0%| F|  |TAMS 0x0000000086b00000, 0x0000000086b00000| Untracked 
| 108|0x0000000086c00000, 0x0000000086c00000, 0x0000000086d00000|  0%| F|  |TAMS 0x0000000086c00000, 0x0000000086c00000| Untracked 
| 109|0x0000000086d00000, 0x0000000086e00000, 0x0000000086e00000|100%| S|CS|TAMS 0x0000000086d00000, 0x0000000086d00000| Complete 
| 110|0x0000000086e00000, 0x0000000086f00000, 0x0000000086f00000|100%| S|CS|TAMS 0x0000000086e00000, 0x0000000086e00000| Complete 
| 111|0x0000000086f00000, 0x0000000087000000, 0x0000000087000000|100%| S|CS|TAMS 0x0000000086f00000, 0x0000000086f00000| Complete 
| 112|0x0000000087000000, 0x0000000087100000, 0x0000000087100000|100%| S|CS|TAMS 0x0000000087000000, 0x0000000087000000| Complete 
| 113|0x0000000087100000, 0x0000000087100000, 0x0000000087200000|  0%| F|  |TAMS 0x0000000087100000, 0x0000000087100000| Untracked 
| 114|0x0000000087200000, 0x0000000087200000, 0x0000000087300000|  0%| F|  |TAMS 0x0000000087200000, 0x0000000087200000| Untracked 
| 115|0x0000000087300000, 0x0000000087300000, 0x0000000087400000|  0%| F|  |TAMS 0x0000000087300000, 0x0000000087300000| Untracked 
| 116|0x0000000087400000, 0x0000000087400000, 0x0000000087500000|  0%| F|  |TAMS 0x0000000087400000, 0x0000000087400000| Untracked 
| 117|0x0000000087500000, 0x0000000087500000, 0x0000000087600000|  0%| F|  |TAMS 0x0000000087500000, 0x0000000087500000| Untracked 
| 118|0x0000000087600000, 0x0000000087600000, 0x0000000087700000|  0%| F|  |TAMS 0x0000000087600000, 0x0000000087600000| Untracked 
| 119|0x0000000087700000, 0x0000000087700000, 0x0000000087800000|  0%| F|  |TAMS 0x0000000087700000, 0x0000000087700000| Untracked 
| 120|0x0000000087800000, 0x0000000087800000, 0x0000000087900000|  0%| F|  |TAMS 0x0000000087800000, 0x0000000087800000| Untracked 
| 121|0x0000000087900000, 0x0000000087900000, 0x0000000087a00000|  0%| F|  |TAMS 0x0000000087900000, 0x0000000087900000| Untracked 
| 122|0x0000000087a00000, 0x0000000087a00000, 0x0000000087b00000|  0%| F|  |TAMS 0x0000000087a00000, 0x0000000087a00000| Untracked 
| 123|0x0000000087b00000, 0x0000000087b00000, 0x0000000087c00000|  0%| F|  |TAMS 0x0000000087b00000, 0x0000000087b00000| Untracked 
| 124|0x0000000087c00000, 0x0000000087c00000, 0x0000000087d00000|  0%| F|  |TAMS 0x0000000087c00000, 0x0000000087c00000| Untracked 
| 125|0x0000000087d00000, 0x0000000087d00000, 0x0000000087e00000|  0%| F|  |TAMS 0x0000000087d00000, 0x0000000087d00000| Untracked 
| 126|0x0000000087e00000, 0x0000000087e00000, 0x0000000087f00000|  0%| F|  |TAMS 0x0000000087e00000, 0x0000000087e00000| Untracked 
| 127|0x0000000087f00000, 0x0000000087f00000, 0x0000000088000000|  0%| F|  |TAMS 0x0000000087f00000, 0x0000000087f00000| Untracked 
| 128|0x0000000088000000, 0x0000000088000000, 0x0000000088100000|  0%| F|  |TAMS 0x0000000088000000, 0x0000000088000000| Untracked 
| 129|0x0000000088100000, 0x0000000088100000, 0x0000000088200000|  0%| F|  |TAMS 0x0000000088100000, 0x0000000088100000| Untracked 
| 130|0x0000000088200000, 0x0000000088200000, 0x0000000088300000|  0%| F|  |TAMS 0x0000000088200000, 0x0000000088200000| Untracked 
| 131|0x0000000088300000, 0x0000000088300000, 0x0000000088400000|  0%| F|  |TAMS 0x0000000088300000, 0x0000000088300000| Untracked 
| 132|0x0000000088400000, 0x0000000088400000, 0x0000000088500000|  0%| F|  |TAMS 0x0000000088400000, 0x0000000088400000| Untracked 
| 133|0x0000000088500000, 0x0000000088500000, 0x0000000088600000|  0%| F|  |TAMS 0x0000000088500000, 0x0000000088500000| Untracked 
| 134|0x0000000088600000, 0x0000000088600000, 0x0000000088700000|  0%| F|  |TAMS 0x0000000088600000, 0x0000000088600000| Untracked 
| 135|0x0000000088700000, 0x0000000088700000, 0x0000000088800000|  0%| F|  |TAMS 0x0000000088700000, 0x0000000088700000| Untracked 
| 136|0x0000000088800000, 0x0000000088800000, 0x0000000088900000|  0%| F|  |TAMS 0x0000000088800000, 0x0000000088800000| Untracked 
| 137|0x0000000088900000, 0x0000000088900000, 0x0000000088a00000|  0%| F|  |TAMS 0x0000000088900000, 0x0000000088900000| Untracked 
| 138|0x0000000088a00000, 0x0000000088a00000, 0x0000000088b00000|  0%| F|  |TAMS 0x0000000088a00000, 0x0000000088a00000| Untracked 
| 139|0x0000000088b00000, 0x0000000088b00000, 0x0000000088c00000|  0%| F|  |TAMS 0x0000000088b00000, 0x0000000088b00000| Untracked 
| 140|0x0000000088c00000, 0x0000000088c00000, 0x0000000088d00000|  0%| F|  |TAMS 0x0000000088c00000, 0x0000000088c00000| Untracked 
| 141|0x0000000088d00000, 0x0000000088d00000, 0x0000000088e00000|  0%| F|  |TAMS 0x0000000088d00000, 0x0000000088d00000| Untracked 
| 142|0x0000000088e00000, 0x0000000088e00000, 0x0000000088f00000|  0%| F|  |TAMS 0x0000000088e00000, 0x0000000088e00000| Untracked 
| 143|0x0000000088f00000, 0x0000000088f00000, 0x0000000089000000|  0%| F|  |TAMS 0x0000000088f00000, 0x0000000088f00000| Untracked 
| 144|0x0000000089000000, 0x0000000089000000, 0x0000000089100000|  0%| F|  |TAMS 0x0000000089000000, 0x0000000089000000| Untracked 
| 145|0x0000000089100000, 0x0000000089100000, 0x0000000089200000|  0%| F|  |TAMS 0x0000000089100000, 0x0000000089100000| Untracked 
| 146|0x0000000089200000, 0x0000000089200000, 0x0000000089300000|  0%| F|  |TAMS 0x0000000089200000, 0x0000000089200000| Untracked 
| 147|0x0000000089300000, 0x0000000089300000, 0x0000000089400000|  0%| F|  |TAMS 0x0000000089300000, 0x0000000089300000| Untracked 
| 148|0x0000000089400000, 0x0000000089400000, 0x0000000089500000|  0%| F|  |TAMS 0x0000000089400000, 0x0000000089400000| Untracked 
| 149|0x0000000089500000, 0x0000000089500000, 0x0000000089600000|  0%| F|  |TAMS 0x0000000089500000, 0x0000000089500000| Untracked 
| 150|0x0000000089600000, 0x0000000089600000, 0x0000000089700000|  0%| F|  |TAMS 0x0000000089600000, 0x0000000089600000| Untracked 
| 151|0x0000000089700000, 0x0000000089700000, 0x0000000089800000|  0%| F|  |TAMS 0x0000000089700000, 0x0000000089700000| Untracked 
| 152|0x0000000089800000, 0x0000000089800000, 0x0000000089900000|  0%| F|  |TAMS 0x0000000089800000, 0x0000000089800000| Untracked 
| 153|0x0000000089900000, 0x0000000089900000, 0x0000000089a00000|  0%| F|  |TAMS 0x0000000089900000, 0x0000000089900000| Untracked 
| 154|0x0000000089a00000, 0x0000000089a00000, 0x0000000089b00000|  0%| F|  |TAMS 0x0000000089a00000, 0x0000000089a00000| Untracked 
| 155|0x0000000089b00000, 0x0000000089b00000, 0x0000000089c00000|  0%| F|  |TAMS 0x0000000089b00000, 0x0000000089b00000| Untracked 
| 156|0x0000000089c00000, 0x0000000089c00000, 0x0000000089d00000|  0%| F|  |TAMS 0x0000000089c00000, 0x0000000089c00000| Untracked 
| 157|0x0000000089d00000, 0x0000000089d00000, 0x0000000089e00000|  0%| F|  |TAMS 0x0000000089d00000, 0x0000000089d00000| Untracked 
| 158|0x0000000089e00000, 0x0000000089e00000, 0x0000000089f00000|  0%| F|  |TAMS 0x0000000089e00000, 0x0000000089e00000| Untracked 
| 159|0x0000000089f00000, 0x0000000089f00000, 0x000000008a000000|  0%| F|  |TAMS 0x0000000089f00000, 0x0000000089f00000| Untracked 
| 160|0x000000008a000000, 0x000000008a000000, 0x000000008a100000|  0%| F|  |TAMS 0x000000008a000000, 0x000000008a000000| Untracked 
| 161|0x000000008a100000, 0x000000008a100000, 0x000000008a200000|  0%| F|  |TAMS 0x000000008a100000, 0x000000008a100000| Untracked 

Card table byte_map: [0x0000022353430000,0x0000022353830000] _byte_map_base: 0x0000022353030000

Marking Bits (Prev, Next): (CMBitMap*) 0x000002233ff2ec18, (CMBitMap*) 0x000002233ff2ec50
 Prev Bits: [0x0000022353c30000, 0x0000022355c30000)
 Next Bits: [0x0000022355c30000, 0x0000022357c30000)

Polling page: 0x000002233e690000

Metaspace:

Usage:
  Non-class:     80.04 MB capacity,    78.81 MB ( 98%) used,  1014.98 KB (  1%) free+waste,   247.50 KB ( <1%) overhead. 
      Class:     12.33 MB capacity,    11.54 MB ( 94%) used,   706.91 KB (  6%) free+waste,   111.56 KB ( <1%) overhead. 
       Both:     92.38 MB capacity,    90.34 MB ( 98%) used,     1.68 MB (  2%) free+waste,   359.06 KB ( <1%) overhead. 

Virtual space:
  Non-class space:       82.00 MB reserved,      80.23 MB ( 98%) committed 
      Class space:        1.00 GB reserved,      12.45 MB (  1%) committed 
             Both:        1.08 GB reserved,      92.68 MB (  8%) committed 

Chunk freelists:
   Non-Class:  5.00 KB
       Class:  9.00 KB
        Both:  14.00 KB

MaxMetaspaceSize: 17179869184.00 GB
CompressedClassSpaceSize: 1.00 GB
Initial GC threshold: 20.80 MB
Current GC threshold: 108.02 MB
CDS: off

CodeHeap 'non-profiled nmethods': size=120064Kb used=6067Kb max_used=6067Kb free=113996Kb
 bounds [0x000002234b4d0000, 0x000002234bac0000, 0x0000022352a10000]
CodeHeap 'profiled nmethods': size=120000Kb used=22389Kb max_used=22389Kb free=97610Kb
 bounds [0x0000022343fa0000, 0x0000022345580000, 0x000002234b4d0000]
CodeHeap 'non-nmethods': size=5696Kb used=2374Kb max_used=2425Kb free=3321Kb
 bounds [0x0000022343a10000, 0x0000022343c80000, 0x0000022343fa0000]
 total_blobs=11033 nmethods=10135 adapters=811
 compilation: enabled
              stopped_count=0, restarted_count=0
 full_count=0

Compilation events (20 events):
Event: 44.015 Thread 0x000002235a234000 10230       3       com.google.common.collect.ImmutableSortedMap$Builder::put (6 bytes)
Event: 44.016 Thread 0x000002235a234000 nmethod 10230 0x0000022345577a10 code [0x0000022345577c00, 0x0000022345578088]
Event: 44.016 Thread 0x000002235a234000 10231       3       org.gradle.api.internal.artifacts.transform.DefaultTransformerInvocationFactory$AbstractTransformerExecution::visitImplementations (16 bytes)
Event: 44.016 Thread 0x000002235a234000 nmethod 10231 0x0000022345578290 code [0x0000022345578460, 0x0000022345578708]
Event: 44.017 Thread 0x000002235a234000 10232       3       org.gradle.api.internal.artifacts.transform.DefaultTransformerInvocationFactory$AbstractTransformerExecution::getOutputDir (11 bytes)
Event: 44.017 Thread 0x000002235a234000 nmethod 10232 0x0000022345578810 code [0x00000223455789c0, 0x0000022345578b48]
Event: 44.017 Thread 0x000002235a234000 10227       3       org.gradle.api.internal.artifacts.transform.TransformationResult$Builder$ResolvingTransformationResult::resolveOutputsForInputArtifact (30 bytes)
Event: 44.019 Thread 0x000002235a234000 nmethod 10227 0x0000022345578c10 code [0x0000022345578e80, 0x0000022345579938]
Event: 44.019 Thread 0x000002235a234000 10228       3       org.gradle.api.internal.artifacts.transform.TransformationResult$Builder$ResolvingTransformationResult$$Lambda$989/0x0000000100c44c40::get$Lambda (10 bytes)
Event: 44.019 Thread 0x000002235a234000 nmethod 10228 0x0000022345579d10 code [0x0000022345579ee0, 0x000002234557a198]
Event: 44.020 Thread 0x000002235a234000 10235       3       org.gradle.internal.resources.DefaultResourceLockCoordinationService$DefaultResourceLockState::registerLocked (53 bytes)
Event: 44.022 Thread 0x000002235a234000 nmethod 10235 0x000002234557a290 code [0x000002234557a4c0, 0x000002234557acd8]
Event: 44.022 Thread 0x000002235a234000 10237   !   3       org.gradle.internal.resources.AbstractTrackedResourceLock::unlock (78 bytes)
Event: 44.025 Thread 0x000002235a234000 nmethod 10237 0x000002234557af90 code [0x000002234557b2a0, 0x000002234557c408]
Event: 44.046 Thread 0x000002235ffd2000 nmethod 10225 0x000002234babbe90 code [0x000002234babc0c0, 0x000002234babc758]
Event: 44.046 Thread 0x000002235ffd2000 10234       4       org.gradle.internal.snapshot.VfsRelativePath::compareToFirstSegment (203 bytes)
Event: 44.047 Thread 0x000002235a234000 10238       3       org.gradle.internal.resources.AbstractTrackedResourceLock::isLocked (9 bytes)
Event: 44.047 Thread 0x000002235a234000 nmethod 10238 0x000002234557cb10 code [0x000002234557cd00, 0x000002234557d0a8]
Event: 44.048 Thread 0x000002235a234000 10239       3       org.gradle.internal.resources.ExclusiveAccessResourceLock::doIsLocked (13 bytes)
Event: 44.048 Thread 0x000002235a234000 nmethod 10239 0x000002234557d210 code [0x000002234557d3c0, 0x000002234557d518]

GC Heap History (20 events):
Event: 20.152 GC heap after
{Heap after GC invocations=14 (full 0):
 garbage-first heap   total 165888K, used 51554K [0x0000000080000000, 0x0000000100000000)
  region size 1024K, 8 young (8192K), 8 survivors (8192K)
 Metaspace       used 52254K, capacity 53552K, committed 53628K, reserved 1095680K
  class space    used 6587K, capacity 7062K, committed 7116K, reserved 1048576K
}
Event: 22.819 GC heap before
{Heap before GC invocations=14 (full 0):
 garbage-first heap   total 165888K, used 99682K [0x0000000080000000, 0x0000000100000000)
  region size 1024K, 56 young (57344K), 8 survivors (8192K)
 Metaspace       used 58973K, capacity 60369K, committed 60580K, reserved 1101824K
  class space    used 7376K, capacity 7900K, committed 8012K, reserved 1048576K
}
Event: 22.843 GC heap after
{Heap after GC invocations=15 (full 0):
 garbage-first heap   total 165888K, used 54790K [0x0000000080000000, 0x0000000100000000)
  region size 1024K, 3 young (3072K), 3 survivors (3072K)
 Metaspace       used 58973K, capacity 60369K, committed 60580K, reserved 1101824K
  class space    used 7376K, capacity 7900K, committed 8012K, reserved 1048576K
}
Event: 25.255 GC heap before
{Heap before GC invocations=16 (full 0):
 garbage-first heap   total 165888K, used 120326K [0x0000000080000000, 0x0000000100000000)
  region size 1024K, 61 young (62464K), 3 survivors (3072K)
 Metaspace       used 64491K, capacity 65985K, committed 66364K, reserved 1107968K
  class space    used 8054K, capacity 8655K, committed 8780K, reserved 1048576K
}
Event: 25.272 GC heap after
{Heap after GC invocations=17 (full 0):
 garbage-first heap   total 165888K, used 59785K [0x0000000080000000, 0x0000000100000000)
  region size 1024K, 8 young (8192K), 8 survivors (8192K)
 Metaspace       used 64491K, capacity 65985K, committed 66364K, reserved 1107968K
  class space    used 8054K, capacity 8655K, committed 8780K, reserved 1048576K
}
Event: 25.527 GC heap before
{Heap before GC invocations=18 (full 0):
 garbage-first heap   total 165888K, used 64905K [0x0000000080000000, 0x0000000100000000)
  region size 1024K, 13 young (13312K), 8 survivors (8192K)
 Metaspace       used 64583K, capacity 66020K, committed 66364K, reserved 1107968K
  class space    used 8057K, capacity 8645K, committed 8780K, reserved 1048576K
}
Event: 25.542 GC heap after
{Heap after GC invocations=19 (full 0):
 garbage-first heap   total 165888K, used 60965K [0x0000000080000000, 0x0000000100000000)
  region size 1024K, 2 young (2048K), 2 survivors (2048K)
 Metaspace       used 64583K, capacity 66020K, committed 66364K, reserved 1107968K
  class space    used 8057K, capacity 8645K, committed 8780K, reserved 1048576K
}
Event: 28.025 GC heap before
{Heap before GC invocations=19 (full 0):
 garbage-first heap   total 165888K, used 109093K [0x0000000080000000, 0x0000000100000000)
  region size 1024K, 48 young (49152K), 2 survivors (2048K)
 Metaspace       used 68920K, capacity 70392K, committed 70716K, reserved 1112064K
  class space    used 8610K, capacity 9196K, committed 9292K, reserved 1048576K
}
Event: 28.039 GC heap after
{Heap after GC invocations=20 (full 0):
 garbage-first heap   total 165888K, used 62672K [0x0000000080000000, 0x0000000100000000)
  region size 1024K, 3 young (3072K), 3 survivors (3072K)
 Metaspace       used 68920K, capacity 70392K, committed 70716K, reserved 1112064K
  class space    used 8610K, capacity 9196K, committed 9292K, reserved 1048576K
}
Event: 31.023 GC heap before
{Heap before GC invocations=20 (full 0):
 garbage-first heap   total 165888K, used 113872K [0x0000000080000000, 0x0000000100000000)
  region size 1024K, 53 young (54272K), 3 survivors (3072K)
 Metaspace       used 70303K, capacity 71857K, committed 72124K, reserved 1112064K
  class space    used 8759K, capacity 9364K, committed 9420K, reserved 1048576K
}
Event: 31.045 GC heap after
{Heap after GC invocations=21 (full 0):
 garbage-first heap   total 165888K, used 66179K [0x0000000080000000, 0x0000000100000000)
  region size 1024K, 7 young (7168K), 7 survivors (7168K)
 Metaspace       used 70303K, capacity 71857K, committed 72124K, reserved 1112064K
  class space    used 8759K, capacity 9364K, committed 9420K, reserved 1048576K
}
Event: 34.003 GC heap before
{Heap before GC invocations=21 (full 0):
 garbage-first heap   total 165888K, used 119427K [0x0000000080000000, 0x0000000100000000)
  region size 1024K, 59 young (60416K), 7 survivors (7168K)
 Metaspace       used 76058K, capacity 77608K, committed 77756K, reserved 1116160K
  class space    used 9696K, capacity 10311K, committed 10444K, reserved 1048576K
}
Event: 34.021 GC heap after
{Heap after GC invocations=22 (full 0):
 garbage-first heap   total 165888K, used 69620K [0x0000000080000000, 0x0000000100000000)
  region size 1024K, 7 young (7168K), 7 survivors (7168K)
 Metaspace       used 76058K, capacity 77608K, committed 77756K, reserved 1116160K
  class space    used 9696K, capacity 10311K, committed 10444K, reserved 1048576K
}
Event: 36.315 GC heap before
{Heap before GC invocations=22 (full 0):
 garbage-first heap   total 165888K, used 127988K [0x0000000080000000, 0x0000000100000000)
  region size 1024K, 64 young (65536K), 7 survivors (7168K)
 Metaspace       used 81033K, capacity 82721K, committed 82876K, reserved 1122304K
  class space    used 10414K, capacity 11079K, committed 11212K, reserved 1048576K
}
Event: 36.345 GC heap after
{Heap after GC invocations=23 (full 0):
 garbage-first heap   total 165888K, used 73283K [0x0000000080000000, 0x0000000100000000)
  region size 1024K, 7 young (7168K), 7 survivors (7168K)
 Metaspace       used 81033K, capacity 82721K, committed 82876K, reserved 1122304K
  class space    used 10414K, capacity 11079K, committed 11212K, reserved 1048576K
}
Event: 39.057 GC heap before
{Heap before GC invocations=23 (full 0):
 garbage-first heap   total 165888K, used 129603K [0x0000000080000000, 0x0000000100000000)
  region size 1024K, 63 young (64512K), 7 survivors (7168K)
 Metaspace       used 87198K, capacity 88965K, committed 89148K, reserved 1126400K
  class space    used 11140K, capacity 11840K, committed 11852K, reserved 1048576K
}
Event: 39.086 GC heap after
{Heap after GC invocations=24 (full 0):
 garbage-first heap   total 165888K, used 78848K [0x0000000080000000, 0x0000000100000000)
  region size 1024K, 8 young (8192K), 8 survivors (8192K)
 Metaspace       used 87198K, capacity 88965K, committed 89148K, reserved 1126400K
  class space    used 11140K, capacity 11840K, committed 11852K, reserved 1048576K
}
Event: 41.609 GC heap before
{Heap before GC invocations=24 (full 0):
 garbage-first heap   total 165888K, used 132096K [0x0000000080000000, 0x0000000100000000)
  region size 1024K, 61 young (62464K), 8 survivors (8192K)
 Metaspace       used 91832K, capacity 93865K, committed 94012K, reserved 1130496K
  class space    used 11765K, capacity 12575K, committed 12620K, reserved 1048576K
}
Event: 41.642 GC heap after
{Heap after GC invocations=25 (full 0):
 garbage-first heap   total 165888K, used 84128K [0x0000000080000000, 0x0000000100000000)
  region size 1024K, 5 young (5120K), 5 survivors (5120K)
 Metaspace       used 91832K, capacity 93865K, committed 94012K, reserved 1130496K
  class space    used 11765K, capacity 12575K, committed 12620K, reserved 1048576K
}
Event: 44.053 GC heap before
{Heap before GC invocations=25 (full 0):
 garbage-first heap   total 165888K, used 133280K [0x0000000080000000, 0x0000000100000000)
  region size 1024K, 54 young (55296K), 5 survivors (5120K)
 Metaspace       used 92513K, capacity 94594K, committed 94908K, reserved 1132544K
  class space    used 11812K, capacity 12631K, committed 12748K, reserved 1048576K
}

Deoptimization events (20 events):
Event: 43.640 Thread 0x000002235e2fa000 Uncommon trap: trap_request=0xffffffc6 fr.pc=0x000002234b940970 relative=0x00000000000000b0
Event: 43.640 Thread 0x000002235e2fa000 Uncommon trap: reason=bimorphic_or_optimized_type_check action=maybe_recompile pc=0x000002234b940970 method=com.google.common.collect.RegularImmutableMap.checkNoConflictInKeyBucket(Ljava/lang/Object;Ljava/util/Map$Entry;Lcom/google/common/collect/Immutabl
Event: 43.640 Thread 0x000002235e2fa000 DEOPT PACKING pc=0x000002234b940970 sp=0x0000009d23efd1d0
Event: 43.640 Thread 0x000002235e2fa000 DEOPT UNPACKING pc=0x0000022343a5a1af sp=0x0000009d23efd178 mode 2
Event: 43.682 Thread 0x000002235e2fa000 Uncommon trap: trap_request=0xffffff4d fr.pc=0x000002234ba4f900 relative=0x0000000000000520
Event: 43.682 Thread 0x000002235e2fa000 Uncommon trap: reason=unstable_if action=reinterpret pc=0x000002234ba4f900 method=sun.security.provider.DigestBase.engineUpdate([BII)V @ 1 c2
Event: 43.682 Thread 0x000002235e2fa000 DEOPT PACKING pc=0x000002234ba4f900 sp=0x0000009d23efa660
Event: 43.682 Thread 0x000002235e2fa000 DEOPT UNPACKING pc=0x0000022343a5a1af sp=0x0000009d23efa5b0 mode 2
Event: 43.682 Thread 0x000002235e2fa000 Uncommon trap: trap_request=0xffffff4d fr.pc=0x000002234b88cda4 relative=0x0000000000000544
Event: 43.682 Thread 0x000002235e2fa000 Uncommon trap: reason=unstable_if action=reinterpret pc=0x000002234b88cda4 method=sun.security.provider.DigestBase.engineUpdate([BII)V @ 1 c2
Event: 43.682 Thread 0x000002235e2fa000 DEOPT PACKING pc=0x000002234b88cda4 sp=0x0000009d23ef9f90
Event: 43.682 Thread 0x000002235e2fa000 DEOPT UNPACKING pc=0x0000022343a5a1af sp=0x0000009d23ef9f78 mode 2
Event: 43.685 Thread 0x000002235e8df800 Uncommon trap: trap_request=0xffffff4d fr.pc=0x000002234baa1cb0 relative=0x0000000000000e30
Event: 43.685 Thread 0x000002235e8df800 Uncommon trap: reason=unstable_if action=reinterpret pc=0x000002234baa1cb0 method=org.gradle.internal.execution.history.impl.FingerprintMapSerializer.readFingerprint(Lorg/gradle/internal/serialize/Decoder;)Lorg/gradle/internal/fingerprint/FileSystemLocati
Event: 43.685 Thread 0x000002235e8df800 DEOPT PACKING pc=0x000002234baa1cb0 sp=0x0000009d206fe150
Event: 43.685 Thread 0x000002235e8df800 DEOPT UNPACKING pc=0x0000022343a5a1af sp=0x0000009d206fe130 mode 2
Event: 43.747 Thread 0x000002235e300800 Uncommon trap: trap_request=0xffffff4d fr.pc=0x000002234ba97168 relative=0x0000000000000248
Event: 43.748 Thread 0x000002235e300800 Uncommon trap: reason=unstable_if action=reinterpret pc=0x000002234ba97168 method=org.gradle.internal.fingerprint.impl.DefaultFileSystemLocationFingerprint.hashForType(Lorg/gradle/internal/file/FileType;Lorg/gradle/internal/hash/HashCode;)Lorg/gradle/inte
Event: 43.748 Thread 0x000002235e300800 DEOPT PACKING pc=0x000002234ba97168 sp=0x0000009d240fde70
Event: 43.748 Thread 0x000002235e300800 DEOPT UNPACKING pc=0x0000022343a5a1af sp=0x0000009d240fdde0 mode 2

Classes redefined (0 events):
No events

Internal exceptions (20 events):
Event: 39.149 Thread 0x000002235e2fa000 Exception <a 'java/lang/NoSuchMethodError'{0x0000000089f0fc48}: 'int java.lang.invoke.DirectMethodHandle$Holder.invokeStaticInit(java.lang.Object, java.lang.Object, java.lang.Object, java.lang.Object, java.lang.Object)'> (0x0000000089f0fc48) thrown at [./src/hotspot/share/interpreter/linkResolver.cpp, line 773]
Event: 39.242 Thread 0x000002235bba3000 Exception <a 'java/lang/NoSuchMethodError'{0x0000000089dc7c48}: <clinit>> (0x0000000089dc7c48) thrown at [./src/hotspot/share/prims/jni.cpp, line 1366]
Event: 39.246 Thread 0x000002235bba3000 Exception <a 'java/lang/NoSuchMethodError'{0x0000000089c02a38}: <clinit>> (0x0000000089c02a38) thrown at [./src/hotspot/share/prims/jni.cpp, line 1366]
Event: 39.247 Thread 0x000002235bba3000 Exception <a 'java/lang/NoSuchMethodError'{0x0000000089c041d0}: <clinit>> (0x0000000089c041d0) thrown at [./src/hotspot/share/prims/jni.cpp, line 1366]
Event: 39.348 Thread 0x000002235bba3000 Exception <a 'java/lang/NoSuchMethodError'{0x0000000089b87408}: <clinit>> (0x0000000089b87408) thrown at [./src/hotspot/share/prims/jni.cpp, line 1366]
Event: 39.373 Thread 0x000002235af38000 Exception <a 'java/lang/NoSuchMethodError'{0x0000000089eccf28}: <clinit>> (0x0000000089eccf28) thrown at [./src/hotspot/share/prims/jni.cpp, line 1366]
Event: 39.381 Thread 0x000002235af38000 Exception <a 'java/lang/NoSuchMethodError'{0x0000000089a12a88}: <clinit>> (0x0000000089a12a88) thrown at [./src/hotspot/share/prims/jni.cpp, line 1366]
Event: 39.396 Thread 0x000002235af38000 Exception <a 'java/lang/NoSuchMethodError'{0x0000000089a352d8}: <clinit>> (0x0000000089a352d8) thrown at [./src/hotspot/share/prims/jni.cpp, line 1366]
Event: 39.431 Thread 0x000002235e2fa000 Exception <a 'java/lang/NoSuchMethodError'{0x0000000089abbac8}: 'int java.lang.invoke.DirectMethodHandle$Holder.invokeSpecial(java.lang.Object, java.lang.Object, java.lang.Object, java.lang.Object, java.lang.Object)'> (0x0000000089abbac8) thrown at [./src/hotspot/share/interpreter/linkResolver.cpp, line 773]
Event: 39.689 Thread 0x000002235e2fa000 Implicit null exception at 0x000002234b7c2494 to 0x000002234b7c29ec
Event: 39.719 Thread 0x000002235e2fa000 Implicit null exception at 0x000002234b79d0eb to 0x000002234b79d10c
Event: 39.897 Thread 0x000002235e2fa000 Exception <a 'sun/nio/fs/WindowsException'{0x00000000893025a8}> (0x00000000893025a8) thrown at [./src/hotspot/share/prims/jni.cpp, line 616]
Event: 40.758 Thread 0x000002235e2fa000 Exception <a 'java/net/UnknownHostException'{0x0000000087ed1630}> (0x0000000087ed1630) thrown at [./src/hotspot/share/prims/jni.cpp, line 616]
Event: 40.779 Thread 0x000002235e2fa000 Exception <a 'java/lang/ClassNotFoundException'{0x0000000087d1b960}: sun/misc/SharedSecrets> (0x0000000087d1b960) thrown at [./src/hotspot/share/classfile/systemDictionary.cpp, line 231]
Event: 40.788 Thread 0x000002235e2fa000 Exception <a 'java/net/UnknownHostException'{0x0000000087d330a8}> (0x0000000087d330a8) thrown at [./src/hotspot/share/prims/jni.cpp, line 616]
Event: 41.201 Thread 0x000002235e2fa000 Exception <a 'java/lang/NoSuchMethodError'{0x00000000878d0cb8}: 'void java.lang.invoke.DirectMethodHandle$Holder.invokeStatic(java.lang.Object, java.lang.Object, java.lang.Object, java.lang.Object, int, java.lang.Object, java.lang.Object)'> (0x00000000878d0cb8) thrown at [./src/hotspot/share/interpreter/linkResolver.cpp, line 773]
Event: 41.301 Thread 0x000002235e2fa000 Exception <a 'java/lang/NoSuchMethodError'{0x000000008742f660}: 'java.lang.Object java.lang.invoke.DirectMethodHandle$Holder.invokeSpecialIFC(java.lang.Object, java.lang.Object, java.lang.Object)'> (0x000000008742f660) thrown at [./src/hotspot/share/interpreter/linkResolver.cpp, line 773]
Event: 42.182 Thread 0x000002235e8e7800 Implicit null exception at 0x000002234ba53878 to 0x000002234ba53e28
Event: 43.286 Thread 0x000002235d864800 Implicit null exception at 0x000002234ba93fa4 to 0x000002234ba94144
Event: 43.559 Thread 0x000002235e2fa000 Exception <a 'java/lang/NoSuchMethodError'{0x00000000879c8978}: 'void java.lang.invoke.DirectMethodHandle$Holder.invokeInterface(java.lang.Object, java.lang.Object, java.lang.Object, java.lang.Object)'> (0x00000000879c8978) thrown at [./src/hotspot/share/interpreter/linkResolver.cpp, line 773]

Events (20 events):
Event: 43.782 Executing VM operation: BulkRevokeBias done
Event: 43.794 Executing VM operation: RevokeBias
Event: 43.794 Executing VM operation: RevokeBias done
Event: 43.794 Executing VM operation: RevokeBias
Event: 43.795 Executing VM operation: RevokeBias done
Event: 43.803 Executing VM operation: RevokeBias
Event: 43.804 Executing VM operation: RevokeBias done
Event: 43.804 Executing VM operation: RevokeBias
Event: 43.805 Executing VM operation: RevokeBias done
Event: 43.805 Executing VM operation: RevokeBias
Event: 43.806 Executing VM operation: RevokeBias done
Event: 43.807 Executing VM operation: RevokeBias
Event: 43.808 Executing VM operation: RevokeBias done
Event: 43.841 Executing VM operation: RevokeBias
Event: 43.841 Executing VM operation: RevokeBias done
Event: 43.901 Executing VM operation: RevokeBias
Event: 43.902 Executing VM operation: RevokeBias done
Event: 43.946 Executing VM operation: RevokeBias
Event: 43.947 Executing VM operation: RevokeBias done
Event: 44.052 Executing VM operation: G1CollectForAllocation


Dynamic libraries:
0x00007ff6bfb80000 - 0x00007ff6bfb8a000 	C:\Program Files\Android\Android Studio\jre\bin\java.exe
0x00007ffbf7470000 - 0x00007ffbf7668000 	C:\WINDOWS\SYSTEM32\ntdll.dll
0x00007ffbf7370000 - 0x00007ffbf742f000 	C:\WINDOWS\System32\KERNEL32.DLL
0x00007ffbf4ce0000 - 0x00007ffbf4fb2000 	C:\WINDOWS\System32\KERNELBASE.dll
0x00007ffbf5320000 - 0x00007ffbf5420000 	C:\WINDOWS\System32\ucrtbase.dll
0x00007ffbedf50000 - 0x00007ffbedf67000 	C:\Program Files\Android\Android Studio\jre\bin\VCRUNTIME140.dll
0x00007ffbed430000 - 0x00007ffbed449000 	C:\Program Files\Android\Android Studio\jre\bin\jli.dll
0x00007ffbf54b0000 - 0x00007ffbf5651000 	C:\WINDOWS\System32\USER32.dll
0x00007ffbf4cb0000 - 0x00007ffbf4cd2000 	C:\WINDOWS\System32\win32u.dll
0x00007ffbf7290000 - 0x00007ffbf72bb000 	C:\WINDOWS\System32\GDI32.dll
0x00007ffbe6460000 - 0x00007ffbe66fa000 	C:\WINDOWS\WinSxS\amd64_microsoft.windows.common-controls_6595b64144ccf1df_6.0.19041.1110_none_60b5254171f9507e\COMCTL32.dll
0x00007ffbf4fc0000 - 0x00007ffbf50cf000 	C:\WINDOWS\System32\gdi32full.dll
0x00007ffbf6650000 - 0x00007ffbf66ee000 	C:\WINDOWS\System32\msvcrt.dll
0x00007ffbf50d0000 - 0x00007ffbf516d000 	C:\WINDOWS\System32\msvcp_win.dll
0x00007ffbf7250000 - 0x00007ffbf7282000 	C:\WINDOWS\System32\IMM32.DLL
0x00007ffbeda40000 - 0x00007ffbedadd000 	C:\Program Files\Android\Android Studio\jre\bin\msvcp140.dll
0x00007ffbcfa30000 - 0x00007ffbd0532000 	C:\Program Files\Android\Android Studio\jre\bin\server\jvm.dll
0x00007ffbf65a0000 - 0x00007ffbf664e000 	C:\WINDOWS\System32\ADVAPI32.dll
0x00007ffbf72c0000 - 0x00007ffbf735c000 	C:\WINDOWS\System32\sechost.dll
0x00007ffbf6a80000 - 0x00007ffbf6ba5000 	C:\WINDOWS\System32\RPCRT4.dll
0x00007ffbf7360000 - 0x00007ffbf7368000 	C:\WINDOWS\System32\PSAPI.DLL
0x00007ffbeec60000 - 0x00007ffbeec69000 	C:\WINDOWS\SYSTEM32\WSOCK32.dll
0x00007ffbf6890000 - 0x00007ffbf68fb000 	C:\WINDOWS\System32\WS2_32.dll
0x00007ffbec700000 - 0x00007ffbec727000 	C:\WINDOWS\SYSTEM32\WINMM.dll
0x00007ffbec730000 - 0x00007ffbec73a000 	C:\WINDOWS\SYSTEM32\VERSION.dll
0x00007ffbf2a20000 - 0x00007ffbf2a32000 	C:\WINDOWS\SYSTEM32\kernel.appcore.dll
0x00007ffbedf30000 - 0x00007ffbedf41000 	C:\Program Files\Android\Android Studio\jre\bin\verify.dll
0x00007ffbdf6e0000 - 0x00007ffbdf8c4000 	C:\WINDOWS\SYSTEM32\DBGHELP.DLL
0x00007ffbdf6a0000 - 0x00007ffbdf6d5000 	C:\WINDOWS\SYSTEM32\dbgcore.DLL
0x00007ffbf5420000 - 0x00007ffbf54a2000 	C:\WINDOWS\System32\bcryptPrimitives.dll
0x00007ffbedc90000 - 0x00007ffbedcb9000 	C:\Program Files\Android\Android Studio\jre\bin\java.dll
0x00007ffbedf20000 - 0x00007ffbedf2b000 	C:\Program Files\Android\Android Studio\jre\bin\jimage.dll
0x00007ffbedb30000 - 0x00007ffbedb48000 	C:\Program Files\Android\Android Studio\jre\bin\zip.dll
0x00007ffbf5e50000 - 0x00007ffbf6594000 	C:\WINDOWS\System32\SHELL32.dll
0x00007ffbf2c20000 - 0x00007ffbf33b2000 	C:\WINDOWS\SYSTEM32\windows.storage.dll
0x00007ffbf6d40000 - 0x00007ffbf7095000 	C:\WINDOWS\System32\combase.dll
0x00007ffbf44e0000 - 0x00007ffbf4510000 	C:\WINDOWS\SYSTEM32\Wldp.dll
0x00007ffbf5c60000 - 0x00007ffbf5d0d000 	C:\WINDOWS\System32\SHCORE.dll
0x00007ffbf6a20000 - 0x00007ffbf6a75000 	C:\WINDOWS\System32\shlwapi.dll
0x00007ffbf4aa0000 - 0x00007ffbf4abf000 	C:\WINDOWS\SYSTEM32\profapi.dll
0x00007ffbedb10000 - 0x00007ffbedb2a000 	C:\Program Files\Android\Android Studio\jre\bin\net.dll
0x00007ffbeaf80000 - 0x00007ffbeb08c000 	C:\WINDOWS\SYSTEM32\WINHTTP.dll
0x00007ffbf4240000 - 0x00007ffbf42aa000 	C:\WINDOWS\system32\mswsock.dll
0x00007ffbedaf0000 - 0x00007ffbedb04000 	C:\Program Files\Android\Android Studio\jre\bin\nio.dll
0x00007ffbe6700000 - 0x00007ffbe6727000 	C:\Users\acer\.gradle\native\e1d6ef7f7dcc3fd88c89a11ec53ec762bb8ba0a96d01ffa2cd45eb1d1d8dd5c5\windows-amd64\native-platform.dll
0x00007ffbb1b40000 - 0x00007ffbb1c84000 	C:\Users\acer\.gradle\native\0d407fdbe67a94daf76414ababcb853783967236a71b16ec16e742cd7a986fd3\windows-amd64\native-platform-file-events.dll
0x00007ffbedf10000 - 0x00007ffbedf1a000 	C:\Program Files\Android\Android Studio\jre\bin\management.dll
0x00007ffbedae0000 - 0x00007ffbedaed000 	C:\Program Files\Android\Android Studio\jre\bin\management_ext.dll
0x00007ffbf4430000 - 0x00007ffbf4448000 	C:\WINDOWS\SYSTEM32\CRYPTSP.dll
0x00007ffbf3b60000 - 0x00007ffbf3b94000 	C:\WINDOWS\system32\rsaenh.dll
0x00007ffbf4b60000 - 0x00007ffbf4b87000 	C:\WINDOWS\System32\bcrypt.dll
0x00007ffbf4a20000 - 0x00007ffbf4a4e000 	C:\WINDOWS\SYSTEM32\USERENV.dll
0x00007ffbf4450000 - 0x00007ffbf445c000 	C:\WINDOWS\SYSTEM32\CRYPTBASE.dll
0x00007ffbf3f30000 - 0x00007ffbf3f6b000 	C:\WINDOWS\SYSTEM32\IPHLPAPI.DLL
0x00007ffbf66f0000 - 0x00007ffbf66f8000 	C:\WINDOWS\System32\NSI.dll
0x00007ffbec150000 - 0x00007ffbec167000 	C:\WINDOWS\SYSTEM32\dhcpcsvc6.DLL
0x00007ffbec740000 - 0x00007ffbec75d000 	C:\WINDOWS\SYSTEM32\dhcpcsvc.DLL
0x00007ffbf3f70000 - 0x00007ffbf403a000 	C:\WINDOWS\SYSTEM32\DNSAPI.dll
0x00007ffbed7a0000 - 0x00007ffbed7c7000 	C:\Program Files\Android\Android Studio\jre\bin\sunec.dll
0x00007ffbe3aa0000 - 0x00007ffbe3aaa000 	C:\Windows\System32\rasadhlp.dll

dbghelp: loaded successfully - version: 4.0.5 - missing functions: none
symbol engine: initialized successfully - sym options: 0x614 - pdb path: .;C:\Program Files\Android\Android Studio\jre\bin;C:\WINDOWS\SYSTEM32;C:\WINDOWS\WinSxS\amd64_microsoft.windows.common-controls_6595b64144ccf1df_6.0.19041.1110_none_60b5254171f9507e;C:\Program Files\Android\Android Studio\jre\bin\server;C:\Users\acer\.gradle\native\e1d6ef7f7dcc3fd88c89a11ec53ec762bb8ba0a96d01ffa2cd45eb1d1d8dd5c5\windows-amd64;C:\Users\acer\.gradle\native\0d407fdbe67a94daf76414ababcb853783967236a71b16ec16e742cd7a986fd3\windows-amd64

VM Arguments:
jvm_args: --add-opens=java.base/java.util=ALL-UNNAMED --add-opens=java.base/java.lang=ALL-UNNAMED --add-opens=java.base/java.lang.invoke=ALL-UNNAMED --add-opens=java.base/java.util=ALL-UNNAMED --add-opens=java.prefs/java.util.prefs=ALL-UNNAMED --add-opens=java.prefs/java.util.prefs=ALL-UNNAMED --add-opens=java.base/java.nio.charset=ALL-UNNAMED --add-opens=java.base/java.net=ALL-UNNAMED --add-opens=java.base/java.util.concurrent.atomic=ALL-UNNAMED -Xmx2048m -Dfile.encoding=UTF-8 -Duser.country=IN -Duser.language=en -Duser.variant 
java_command: org.gradle.launcher.daemon.bootstrap.GradleDaemon 7.4
java_class_path (initial): C:\Users\acer\.gradle\wrapper\dists\gradle-7.4-bin\c0gwcg53nkjbqw7r0h0umtfvt\gradle-7.4\lib\gradle-launcher-7.4.jar
Launcher Type: SUN_STANDARD

[Global flags]
     intx CICompilerCount                          = 3                                         {product} {ergonomic}
     uint ConcGCThreads                            = 1                                         {product} {ergonomic}
     uint G1ConcRefinementThreads                  = 4                                         {product} {ergonomic}
   size_t G1HeapRegionSize                         = 1048576                                   {product} {ergonomic}
    uintx GCDrainStackTargetSize                   = 64                                        {product} {ergonomic}
   size_t InitialHeapSize                          = 117440512                                 {product} {ergonomic}
   size_t MarkStackSize                            = 4194304                                   {product} {ergonomic}
   size_t MaxHeapSize                              = 2147483648                                {product} {command line}
   size_t MaxNewSize                               = 1287651328                                {product} {ergonomic}
   size_t MinHeapDeltaBytes                        = 1048576                                   {product} {ergonomic}
    uintx NonNMethodCodeHeapSize                   = 5830732                                {pd product} {ergonomic}
    uintx NonProfiledCodeHeapSize                  = 122913754                              {pd product} {ergonomic}
    uintx ProfiledCodeHeapSize                     = 122913754                              {pd product} {ergonomic}
    uintx ReservedCodeCacheSize                    = 251658240                              {pd product} {ergonomic}
     bool SegmentedCodeCache                       = true                                      {product} {ergonomic}
     bool UseCompressedClassPointers               = true                                 {lp64_product} {ergonomic}
     bool UseCompressedOops                        = true                                 {lp64_product} {ergonomic}
     bool UseG1GC                                  = true                                      {product} {ergonomic}
     bool UseLargePagesIndividualAllocation        = false                                  {pd product} {ergonomic}

Logging:
Log output configuration:
 #0: stdout all=warning uptime,level,tags
 #1: stderr all=off uptime,level,tags

Environment Variables:
JAVA_HOME=C:\Program Files\Java\jdk-18.0.2
PATH=C:\Program Files\Common Files\Oracle\Java\javapath;C:\WINDOWS\system32;C:\WINDOWS;C:\WINDOWS\System32\Wbem;C:\WINDOWS\System32\WindowsPowerShell\v1.0\;C:\WINDOWS\System32\OpenSSH\;C:\Program Files\nodejs;C:\Program Files\dotnet\;C:\Program Files\nodejs\;C:\Users\acer\AppData\Local\Android\Sdk\platform-tools;C:\Users\acer\AppData\Local\Android\Sdk;C:\ProgramData\chocolatey\bin;C:\Program Files\Git\cmd;C:\Users\acer\AppData\Local\Microsoft\WindowsApps;C:\Program Files\JetBrains\PyCharm Community Edition 2021.2.2\bin;;C:\Program Files\nodejs;C:\Program Files\JetBrains\IntelliJ IDEA Community Edition 2022.2.1\bin;;C:\Users\acer\AppData\Roaming\npm;C:\Users\acer\AppData\Local\Programs\Microsoft VS Code\bin;C:\Users\acer\AppData\Local\Android\Sdk\platform-tools;
USERNAME=shergill
OS=Windows_NT
PROCESSOR_IDENTIFIER=AMD64 Family 22 Model 48 Stepping 1, AuthenticAMD



---------------  S Y S T E M  ---------------

OS: Windows 10 , 64 bit Build 19041 (10.0.19041.2251)
OS uptime: 0 days 12:35 hours

CPU:total 4 (initial active 4) (4 cores per cpu, 1 threads per core) family 22 model 48 stepping 1 microcode 0x0, cmov, cx8, fxsr, mmx, sse, sse2, sse3, ssse3, sse4.1, sse4.2, popcnt, avx, aes, clmul, mmxext, 3dnowpref, lzcnt, sse4a, tsc, tscinvbit, tscinv, bmi1

Memory: 4k page, system-wide physical 7094M (1260M free)
TotalPageFile size 8476M (AvailPageFile size 9M)
current process WorkingSet (physical memory assigned to process): 409M, peak: 409M
current process commit charge ("private bytes"): 440M, peak: 473M

vm_info: OpenJDK 64-Bit Server VM (11.0.13+0-b1751.21-8125866) for windows-amd64 JRE (11.0.13+0-b1751.21-8125866), built on Feb  2 2022 03:00:22 by "builder" with MS VC++ 14.0 (VS2015)

END.
