#
# There is insufficient memory for the Java Runtime Environment to continue.
# Native memory allocation (mmap) failed to map 44040192 bytes for Failed to commit area from 0x000000008d200000 to 0x000000008fc00000 of length 44040192.
# Possible reasons:
#   The system is out of physical RAM or swap space
#   The process is running with CompressedOops enabled, and the Java Heap may be blocking the growth of the native heap
# Possible solutions:
#   Reduce memory load on the system
#   Increase physical memory or swap space
#   Check if swap backing store is full
#   Decrease Java heap size (-Xmx/-Xms)
#   Decrease number of Java threads
#   Decrease Java thread stack sizes (-Xss)
#   Set larger code cache with -XX:ReservedCodeCacheSize=
#   JVM is running with Unscaled Compressed Oops mode in which the Java heap is
#     placed in the first 4GB address space. The Java Heap base address is the
#     maximum limit for the native heap growth. Please use -XX:HeapBaseMinAddress
#     to set the Java Heap base and to place the Java Heap above 4GB virtual address.
# This output file may be truncated or incomplete.
#
#  Out of Memory Error (./src/hotspot/os/windows/os_windows.cpp:3619), pid=3608, tid=3000
#
# JRE version: OpenJDK Runtime Environment (11.0.13) (build 11.0.13+0-b1751.21-8125866)
# Java VM: OpenJDK 64-Bit Server VM (11.0.13+0-b1751.21-8125866, mixed mode, tiered, compressed oops, g1 gc, windows-amd64)
# No core dump will be written. Minidumps are not enabled by default on client versions of Windows
#

---------------  S U M M A R Y ------------

Command Line: --add-opens=java.base/java.util=ALL-UNNAMED --add-opens=java.base/java.lang=ALL-UNNAMED --add-opens=java.base/java.lang.invoke=ALL-UNNAMED --add-opens=java.base/java.util=ALL-UNNAMED --add-opens=java.prefs/java.util.prefs=ALL-UNNAMED --add-opens=java.prefs/java.util.prefs=ALL-UNNAMED --add-opens=java.base/java.nio.charset=ALL-UNNAMED --add-opens=java.base/java.net=ALL-UNNAMED --add-opens=java.base/java.util.concurrent.atomic=ALL-UNNAMED -Xmx2048m -Dfile.encoding=UTF-8 -Duser.country=IN -Duser.language=en -Duser.variant org.gradle.launcher.daemon.bootstrap.GradleDaemon 7.4

Host: AMD A6-7310 APU with AMD Radeon R4 Graphics    , 4 cores, 6G,  Windows 10 , 64 bit Build 19041 (10.0.19041.2251)
Time: Thu Dec 29 09:49:35 2022 India Standard Time elapsed time: 60.184591 seconds (0d 0h 1m 0s)

---------------  T H R E A D  ---------------

Current thread (0x0000019faeed5800):  VMThread "VM Thread" [stack: 0x0000000ea0e00000,0x0000000ea0f00000] [id=3000]

Stack: [0x0000000ea0e00000,0x0000000ea0f00000]
[error occurred during error reporting (printing stack bounds), id 0xc0000005, EXCEPTION_ACCESS_VIOLATION (0xc0000005) at pc=0x0000019f98e1112d]

Native frames: (J=compiled Java code, j=interpreted, Vv=VM code, C=native code)
V  [jvm.dll+0x6100fa]
V  [jvm.dll+0x747090]
V  [jvm.dll+0x7486ad]
V  [jvm.dll+0x748ce5]
V  [jvm.dll+0x748c9b]
V  [jvm.dll+0x60f224]
V  [jvm.dll+0x60f9b8]
C  [ntdll.dll+0xa241f]
C  [ntdll.dll+0x514a4]
C  [ntdll.dll+0xa0f4e]
C  0x0000019f98e1112d

VM_Operation (0x0000000ea75fdca0): G1CollectForAllocation, mode: safepoint, requested by thread 0x0000019fb9919800


---------------  P R O C E S S  ---------------

Threads class SMR info:
_java_thread_list=0x0000019fb54b9200, length=98, elements={
0x0000019f952eb000, 0x0000019faeed9800, 0x0000019faeede800, 0x0000019faeef7800,
0x0000019faeef8800, 0x0000019faeefb000, 0x0000019faeefd800, 0x0000019faef00800,
0x0000019faef09000, 0x0000019faf9a4800, 0x0000019fb140e800, 0x0000019fb2077800,
0x0000019fb1385800, 0x0000019fb0d54800, 0x0000019fb0d55000, 0x0000019fafcc7800,
0x0000019fb12f1800, 0x0000019fb12f2000, 0x0000019fb233d800, 0x0000019fb20ae000,
0x0000019fb18fc000, 0x0000019fb18fc800, 0x0000019fb18f8800, 0x0000019fb18f7000,
0x0000019fb18f9800, 0x0000019fb18fd800, 0x0000019fb18f8000, 0x0000019fb18fa000,
0x0000019fb18fb000, 0x0000019fafa6a000, 0x0000019fafa6c800, 0x0000019fafa6e000,
0x0000019fafa68800, 0x0000019fafa6f000, 0x0000019fafa6b800, 0x0000019fafa69000,
0x0000019fafa71800, 0x0000019fafa72000, 0x0000019fafa74800, 0x0000019fafa75800,
0x0000019fafa70800, 0x0000019fafa6f800, 0x0000019fafa74000, 0x0000019fafa73000,
0x0000019fafa76000, 0x0000019fafa77000, 0x0000019fb079c800, 0x0000019fb0798800,
0x0000019fb079a000, 0x0000019fb079a800, 0x0000019fb079b800, 0x0000019fb079d000,
0x0000019fb079e000, 0x0000019fb0799000, 0x0000019fb07a3800, 0x0000019fb07a2000,
0x0000019fb079f000, 0x0000019fb079f800, 0x0000019fb07a1800, 0x0000019fb07a3000,
0x0000019fb07a6000, 0x0000019fb07a4800, 0x0000019fb07a0800, 0x0000019fb07a5800,
0x0000019fb07a7000, 0x0000019fafbe6000, 0x0000019fafbec000, 0x0000019fafbec800,
0x0000019fafbe7000, 0x0000019fafbe7800, 0x0000019fafbeb000, 0x0000019fafbe8800,
0x0000019fafbe9800, 0x0000019fafbf0000, 0x0000019fafbed800, 0x0000019fafbee000,
0x0000019fafbef000, 0x0000019fafbea000, 0x0000019fb4d07000, 0x0000019fafbf4000,
0x0000019fafbf0800, 0x0000019fafbf2800, 0x0000019fafbf1800, 0x0000019fafbf5000,
0x0000019fb6f28000, 0x0000019fb6f25000, 0x0000019fb6f25800, 0x0000019fb6f27800,
0x0000019fb6f26800, 0x0000019fb6f2a000, 0x0000019fb6f29000, 0x0000019fb6f24000,
0x0000019fb6f2a800, 0x0000019fb9918800, 0x0000019fb9918000, 0x0000019fb991a800,
0x0000019fb9916800, 0x0000019fb9919800
}

Java Threads: ( => current thread )
  0x0000019f952eb000 JavaThread "main" [_thread_blocked, id=1504, stack(0x0000000ea0800000,0x0000000ea0900000)]
  0x0000019faeed9800 JavaThread "Reference Handler" daemon [_thread_blocked, id=5200, stack(0x0000000ea0f00000,0x0000000ea1000000)]
  0x0000019faeede800 JavaThread "Finalizer" daemon [_thread_blocked, id=10348, stack(0x0000000ea1000000,0x0000000ea1100000)]
  0x0000019faeef7800 JavaThread "Signal Dispatcher" daemon [_thread_blocked, id=2580, stack(0x0000000ea1100000,0x0000000ea1200000)]
  0x0000019faeef8800 JavaThread "Attach Listener" daemon [_thread_blocked, id=9768, stack(0x0000000ea1200000,0x0000000ea1300000)]
  0x0000019faeefb000 JavaThread "Service Thread" daemon [_thread_blocked, id=3268, stack(0x0000000ea1300000,0x0000000ea1400000)]
  0x0000019faeefd800 JavaThread "C2 CompilerThread0" daemon [_thread_in_native, id=7992, stack(0x0000000ea1400000,0x0000000ea1500000)]
  0x0000019faef00800 JavaThread "C1 CompilerThread0" daemon [_thread_blocked, id=10724, stack(0x0000000ea1500000,0x0000000ea1600000)]
  0x0000019faef09000 JavaThread "Sweeper thread" daemon [_thread_blocked, id=8724, stack(0x0000000ea1600000,0x0000000ea1700000)]
  0x0000019faf9a4800 JavaThread "Common-Cleaner" daemon [_thread_blocked, id=2552, stack(0x0000000ea1700000,0x0000000ea1800000)]
  0x0000019fb140e800 JavaThread "Daemon health stats" [_thread_blocked, id=8740, stack(0x0000000ea1b00000,0x0000000ea1c00000)]
  0x0000019fb2077800 JavaThread "Incoming local TCP Connector on port 51603" [_thread_in_native, id=10108, stack(0x0000000ea1a00000,0x0000000ea1b00000)]
  0x0000019fb1385800 JavaThread "Daemon periodic checks" [_thread_blocked, id=2788, stack(0x0000000ea1c00000,0x0000000ea1d00000)]
  0x0000019fb0d54800 JavaThread "Daemon" [_thread_blocked, id=6268, stack(0x0000000ea1d00000,0x0000000ea1e00000)]
  0x0000019fb0d55000 JavaThread "Handler for socket connection from /127.0.0.1:51603 to /127.0.0.1:51604" [_thread_in_native, id=9320, stack(0x0000000ea1e00000,0x0000000ea1f00000)]
  0x0000019fafcc7800 JavaThread "Cancel handler" [_thread_blocked, id=7508, stack(0x0000000ea2100000,0x0000000ea2200000)]
  0x0000019fb12f1800 JavaThread "Daemon worker" [_thread_blocked, id=9356, stack(0x0000000ea2200000,0x0000000ea2300000)]
  0x0000019fb12f2000 JavaThread "Asynchronous log dispatcher for DefaultDaemonConnection: socket connection from /127.0.0.1:51603 to /127.0.0.1:51604" [_thread_blocked, id=9900, stack(0x0000000ea2300000,0x0000000ea2400000)]
  0x0000019fb233d800 JavaThread "Stdin handler" [_thread_blocked, id=9252, stack(0x0000000ea2400000,0x0000000ea2500000)]
  0x0000019fb20ae000 JavaThread "Daemon client event forwarder" [_thread_blocked, id=2272, stack(0x0000000ea2500000,0x0000000ea2600000)]
  0x0000019fb18fc000 JavaThread "Cache worker for journal cache (C:\Users\acer\.gradle\caches\journal-1)" [_thread_blocked, id=8100, stack(0x0000000ea2600000,0x0000000ea2700000)]
  0x0000019fb18fc800 JavaThread "File lock request listener" [_thread_in_native, id=1360, stack(0x0000000ea2700000,0x0000000ea2800000)]
  0x0000019fb18f8800 JavaThread "Cache worker for file hash cache (C:\Users\acer\.gradle\caches\7.4\fileHashes)" [_thread_blocked, id=5920, stack(0x0000000ea2800000,0x0000000ea2900000)]
  0x0000019fb18f7000 JavaThread "File watcher server" daemon [_thread_blocked, id=11132, stack(0x0000000ea2a00000,0x0000000ea2b00000)]
  0x0000019fb18f9800 JavaThread "File watcher consumer" daemon [_thread_blocked, id=5256, stack(0x0000000ea2b00000,0x0000000ea2c00000)]
  0x0000019fb18fd800 JavaThread "Cache worker for checksums cache (C:\Users\acer\AndroidStudioProjects\CoroutineScope\.gradle\7.4\checksums)" [_thread_blocked, id=8552, stack(0x0000000ea2c00000,0x0000000ea2d00000)]
  0x0000019fb18f8000 JavaThread "Cache worker for cache directory md-rule (C:\Users\acer\.gradle\caches\7.4\md-rule)" [_thread_blocked, id=9600, stack(0x0000000ea2900000,0x0000000ea2a00000)]
  0x0000019fb18fa000 JavaThread "Cache worker for file hash cache (C:\Users\acer\AndroidStudioProjects\CoroutineScope\.gradle\7.4\fileHashes)" [_thread_blocked, id=960, stack(0x0000000ea2e00000,0x0000000ea2f00000)]
  0x0000019fb18fb000 JavaThread "Cache worker for cache directory md-supplier (C:\Users\acer\.gradle\caches\7.4\md-supplier)" [_thread_blocked, id=11176, stack(0x0000000ea2f00000,0x0000000ea3000000)]
  0x0000019fafa6a000 JavaThread "Cache worker for execution history cache (C:\Users\acer\.gradle\caches\7.4\executionHistory)" [_thread_blocked, id=9440, stack(0x0000000ea3000000,0x0000000ea3100000)]
  0x0000019fafa6c800 JavaThread "jar transforms" [_thread_blocked, id=6680, stack(0x0000000ea3100000,0x0000000ea3200000)]
  0x0000019fafa6e000 JavaThread "Cache worker for file content cache (C:\Users\acer\.gradle\caches\7.4\fileContent)" [_thread_blocked, id=656, stack(0x0000000ea3200000,0x0000000ea3300000)]
  0x0000019fafa68800 JavaThread "jar transforms Thread 2" [_thread_blocked, id=4896, stack(0x0000000ea3300000,0x0000000ea3400000)]
  0x0000019fafa6f000 JavaThread "Cache worker for dependencies-accessors (C:\Users\acer\AndroidStudioProjects\CoroutineScope\.gradle\7.4\dependencies-accessors)" [_thread_blocked, id=6100, stack(0x0000000ea3400000,0x0000000ea3500000)]
  0x0000019fafa6b800 JavaThread "jar transforms Thread 3" [_thread_blocked, id=10612, stack(0x0000000ea3500000,0x0000000ea3600000)]
  0x0000019fafa69000 JavaThread "Cache worker for Build Output Cleanup Cache (C:\Users\acer\AndroidStudioProjects\CoroutineScope\.gradle\buildOutputCleanup)" [_thread_blocked, id=1904, stack(0x0000000ea3600000,0x0000000ea3700000)]
  0x0000019fafa71800 JavaThread "Unconstrained build operations" [_thread_blocked, id=10872, stack(0x0000000ea3700000,0x0000000ea3800000)]
  0x0000019fafa72000 JavaThread "Unconstrained build operations Thread 2" [_thread_blocked, id=1752, stack(0x0000000ea3800000,0x0000000ea3900000)]
  0x0000019fafa74800 JavaThread "Unconstrained build operations Thread 3" [_thread_blocked, id=968, stack(0x0000000ea3900000,0x0000000ea3a00000)]
  0x0000019fafa75800 JavaThread "Unconstrained build operations Thread 4" [_thread_blocked, id=6072, stack(0x0000000ea3a00000,0x0000000ea3b00000)]
  0x0000019fafa70800 JavaThread "Unconstrained build operations Thread 5" [_thread_blocked, id=1376, stack(0x0000000ea3b00000,0x0000000ea3c00000)]
  0x0000019fafa6f800 JavaThread "Unconstrained build operations Thread 6" [_thread_blocked, id=10196, stack(0x0000000ea3c00000,0x0000000ea3d00000)]
  0x0000019fafa74000 JavaThread "Unconstrained build operations Thread 7" [_thread_blocked, id=8436, stack(0x0000000ea3d00000,0x0000000ea3e00000)]
  0x0000019fafa73000 JavaThread "Unconstrained build operations Thread 8" [_thread_blocked, id=5212, stack(0x0000000ea3e00000,0x0000000ea3f00000)]
  0x0000019fafa76000 JavaThread "Unconstrained build operations Thread 9" [_thread_blocked, id=5208, stack(0x0000000ea3f00000,0x0000000ea4000000)]
  0x0000019fafa77000 JavaThread "Unconstrained build operations Thread 10" [_thread_blocked, id=10572, stack(0x0000000ea4000000,0x0000000ea4100000)]
  0x0000019fb079c800 JavaThread "Unconstrained build operations Thread 11" [_thread_blocked, id=2004, stack(0x0000000ea4100000,0x0000000ea4200000)]
  0x0000019fb0798800 JavaThread "Unconstrained build operations Thread 12" [_thread_blocked, id=7000, stack(0x0000000ea4200000,0x0000000ea4300000)]
  0x0000019fb079a000 JavaThread "Unconstrained build operations Thread 13" [_thread_blocked, id=7276, stack(0x0000000ea4300000,0x0000000ea4400000)]
  0x0000019fb079a800 JavaThread "Unconstrained build operations Thread 14" [_thread_blocked, id=6196, stack(0x0000000ea4400000,0x0000000ea4500000)]
  0x0000019fb079b800 JavaThread "Unconstrained build operations Thread 15" [_thread_blocked, id=8464, stack(0x0000000ea4500000,0x0000000ea4600000)]
  0x0000019fb079d000 JavaThread "Unconstrained build operations Thread 16" [_thread_blocked, id=1932, stack(0x0000000ea4600000,0x0000000ea4700000)]
  0x0000019fb079e000 JavaThread "Unconstrained build operations Thread 17" [_thread_blocked, id=10292, stack(0x0000000ea4700000,0x0000000ea4800000)]
  0x0000019fb0799000 JavaThread "Unconstrained build operations Thread 18" [_thread_blocked, id=10952, stack(0x0000000ea4800000,0x0000000ea4900000)]
  0x0000019fb07a3800 JavaThread "Unconstrained build operations Thread 19" [_thread_blocked, id=10660, stack(0x0000000ea4900000,0x0000000ea4a00000)]
  0x0000019fb07a2000 JavaThread "Unconstrained build operations Thread 20" [_thread_blocked, id=6636, stack(0x0000000ea4a00000,0x0000000ea4b00000)]
  0x0000019fb079f000 JavaThread "Unconstrained build operations Thread 21" [_thread_blocked, id=1064, stack(0x0000000ea4b00000,0x0000000ea4c00000)]
  0x0000019fb079f800 JavaThread "Unconstrained build operations Thread 22" [_thread_blocked, id=9264, stack(0x0000000ea4c00000,0x0000000ea4d00000)]
  0x0000019fb07a1800 JavaThread "Unconstrained build operations Thread 23" [_thread_blocked, id=9520, stack(0x0000000ea4d00000,0x0000000ea4e00000)]
  0x0000019fb07a3000 JavaThread "Unconstrained build operations Thread 24" [_thread_blocked, id=2660, stack(0x0000000ea4e00000,0x0000000ea4f00000)]
  0x0000019fb07a6000 JavaThread "Unconstrained build operations Thread 25" [_thread_blocked, id=11072, stack(0x0000000ea4f00000,0x0000000ea5000000)]
  0x0000019fb07a4800 JavaThread "Unconstrained build operations Thread 26" [_thread_blocked, id=10304, stack(0x0000000ea5000000,0x0000000ea5100000)]
  0x0000019fb07a0800 JavaThread "Unconstrained build operations Thread 27" [_thread_blocked, id=1720, stack(0x0000000ea5100000,0x0000000ea5200000)]
  0x0000019fb07a5800 JavaThread "Unconstrained build operations Thread 28" [_thread_blocked, id=7692, stack(0x0000000ea5200000,0x0000000ea5300000)]
  0x0000019fb07a7000 JavaThread "Unconstrained build operations Thread 29" [_thread_blocked, id=7712, stack(0x0000000ea5300000,0x0000000ea5400000)]
  0x0000019fafbe6000 JavaThread "Unconstrained build operations Thread 30" [_thread_blocked, id=2464, stack(0x0000000ea5400000,0x0000000ea5500000)]
  0x0000019fafbec000 JavaThread "Unconstrained build operations Thread 31" [_thread_blocked, id=10020, stack(0x0000000ea5500000,0x0000000ea5600000)]
  0x0000019fafbec800 JavaThread "Unconstrained build operations Thread 32" [_thread_blocked, id=5464, stack(0x0000000ea5600000,0x0000000ea5700000)]
  0x0000019fafbe7000 JavaThread "Unconstrained build operations Thread 33" [_thread_blocked, id=6520, stack(0x0000000ea5700000,0x0000000ea5800000)]
  0x0000019fafbe7800 JavaThread "Unconstrained build operations Thread 34" [_thread_blocked, id=9476, stack(0x0000000ea5800000,0x0000000ea5900000)]
  0x0000019fafbeb000 JavaThread "Unconstrained build operations Thread 35" [_thread_blocked, id=2696, stack(0x0000000ea5900000,0x0000000ea5a00000)]
  0x0000019fafbe8800 JavaThread "Unconstrained build operations Thread 36" [_thread_blocked, id=3260, stack(0x0000000ea5a00000,0x0000000ea5b00000)]
  0x0000019fafbe9800 JavaThread "Unconstrained build operations Thread 37" [_thread_blocked, id=6976, stack(0x0000000ea5b00000,0x0000000ea5c00000)]
  0x0000019fafbf0000 JavaThread "Unconstrained build operations Thread 38" [_thread_blocked, id=6380, stack(0x0000000ea5c00000,0x0000000ea5d00000)]
  0x0000019fafbed800 JavaThread "Unconstrained build operations Thread 39" [_thread_blocked, id=3244, stack(0x0000000ea5d00000,0x0000000ea5e00000)]
  0x0000019fafbee000 JavaThread "Unconstrained build operations Thread 40" [_thread_blocked, id=10056, stack(0x0000000ea5e00000,0x0000000ea5f00000)]
  0x0000019fafbef000 JavaThread "jar transforms Thread 4" [_thread_blocked, id=5188, stack(0x0000000ea5f00000,0x0000000ea6000000)]
  0x0000019fafbea000 JavaThread "Memory manager" [_thread_blocked, id=6960, stack(0x0000000ea6000000,0x0000000ea6100000)]
  0x0000019fb4d07000 JavaThread "C2 CompilerThread1" daemon [_thread_in_native, id=8680, stack(0x0000000ea2d00000,0x0000000ea2e00000)]
  0x0000019fafbf4000 JavaThread "build event listener" [_thread_blocked, id=3508, stack(0x0000000ea6300000,0x0000000ea6400000)]
  0x0000019fafbf0800 JavaThread "pool-3-thread-1" [_thread_blocked, id=11016, stack(0x0000000ea6400000,0x0000000ea6500000)]
  0x0000019fafbf2800 JavaThread "build event listener" [_thread_blocked, id=8472, stack(0x0000000ea6500000,0x0000000ea6600000)]
  0x0000019fafbf1800 JavaThread "included builds" [_thread_blocked, id=10976, stack(0x0000000ea6600000,0x0000000ea6700000)]
  0x0000019fafbf5000 JavaThread "Execution worker for ':'" [_thread_blocked, id=10496, stack(0x0000000ea6700000,0x0000000ea6800000)]
  0x0000019fb6f28000 JavaThread "Execution worker for ':' Thread 2" [_thread_blocked, id=10044, stack(0x0000000ea6800000,0x0000000ea6900000)]
  0x0000019fb6f25000 JavaThread "Execution worker for ':' Thread 3" [_thread_blocked, id=8884, stack(0x0000000ea6900000,0x0000000ea6a00000)]
  0x0000019fb6f25800 JavaThread "Cache worker for execution history cache (C:\Users\acer\AndroidStudioProjects\CoroutineScope\.gradle\7.4\executionHistory)" [_thread_blocked, id=6540, stack(0x0000000ea6a00000,0x0000000ea6b00000)]
  0x0000019fb6f27800 JavaThread "WorkerExecutor Queue" [_thread_blocked, id=1100, stack(0x0000000ea6b00000,0x0000000ea6c00000)]
  0x0000019fb6f26800 JavaThread "WorkerExecutor Queue Thread 2" [_thread_blocked, id=8876, stack(0x0000000ea6c00000,0x0000000ea6d00000)]
  0x0000019fb6f2a000 JavaThread "WorkerExecutor Queue Thread 3" [_thread_blocked, id=2024, stack(0x0000000ea6d00000,0x0000000ea6e00000)]
  0x0000019fb6f29000 JavaThread "WorkerExecutor Queue Thread 4" [_thread_blocked, id=7876, stack(0x0000000ea6e00000,0x0000000ea6f00000)]
  0x0000019fb6f24000 JavaThread "pool-4-thread-1" [_thread_blocked, id=4624, stack(0x0000000ea6f00000,0x0000000ea7000000)]
  0x0000019fb6f2a800 JavaThread "stderr" [_thread_in_native, id=6916, stack(0x0000000ea7000000,0x0000000ea7100000)]
  0x0000019fb9918800 JavaThread "stdout" [_thread_in_native, id=7720, stack(0x0000000ea7100000,0x0000000ea7200000)]
  0x0000019fb9918000 JavaThread "ForkJoinPool-1-worker-3" daemon [_thread_blocked, id=1960, stack(0x0000000ea7200000,0x0000000ea7300000)]
  0x0000019fb991a800 JavaThread "ForkJoinPool-1-worker-5" daemon [_thread_blocked, id=8440, stack(0x0000000ea7300000,0x0000000ea7400000)]
  0x0000019fb9916800 JavaThread "ForkJoinPool-1-worker-7" daemon [_thread_blocked, id=3600, stack(0x0000000ea7400000,0x0000000ea7500000)]
  0x0000019fb9919800 JavaThread "ForkJoinPool-1-worker-1" daemon [_thread_blocked, id=10368, stack(0x0000000ea7500000,0x0000000ea7600000)]

Other Threads:
=>0x0000019faeed5800 VMThread "VM Thread" [stack: 0x0000000ea0e00000,0x0000000ea0f00000] [id=3000]
  0x0000019faf9df800 WatcherThread [stack: 0x0000000ea1800000,0x0000000ea1900000] [id=5316]
  0x0000019f95304000 GCTaskThread "GC Thread#0" [stack: 0x0000000ea0900000,0x0000000ea0a00000] [id=10908]
  0x0000019faff5b000 GCTaskThread "GC Thread#1" [stack: 0x0000000ea1900000,0x0000000ea1a00000] [id=6184]
  0x0000019fb1385000 GCTaskThread "GC Thread#2" [stack: 0x0000000ea1f00000,0x0000000ea2000000] [id=9976]
  0x0000019fb13b2800 GCTaskThread "GC Thread#3" [stack: 0x0000000ea2000000,0x0000000ea2100000] [id=10960]
  0x0000019f95335800 ConcurrentGCThread "G1 Main Marker" [stack: 0x0000000ea0a00000,0x0000000ea0b00000] [id=2412]
  0x0000019f95337800 ConcurrentGCThread "G1 Conc#0" [stack: 0x0000000ea0b00000,0x0000000ea0c00000] [id=2384]
  0x0000019f953b2000 ConcurrentGCThread "G1 Refine#0" [stack: 0x0000000ea0c00000,0x0000000ea0d00000] [id=10568]
  0x0000019f953b3000 ConcurrentGCThread "G1 Young RemSet Sampling" [stack: 0x0000000ea0d00000,0x0000000ea0e00000] [id=1068]

Threads with active compile tasks:
C2 CompilerThread0  60214 12248 %     4       com.android.tools.r8.dex.i::a @ 639 (1036 bytes)
C2 CompilerThread1  60214 12134       4       com.android.tools.r8.dex.i::a (829 bytes)

VM state:at safepoint (normal execution)

VM Mutex/Monitor currently owned by a thread:  ([mutex/lock_event])
[0x0000019f952e8480] Threads_lock - owner thread: 0x0000019faeed5800
[0x0000019f952e7ee0] Heap_lock - owner thread: 0x0000019fb9919800

Heap address: 0x0000000080000000, size: 2048 MB, Compressed Oops mode: 32-bit
Narrow klass base: 0x0000000000000000, Narrow klass shift: 3
Compressed class space size: 1073741824 Address: 0x0000000100000000

Heap:
 garbage-first heap   total 258048K, used 177080K [0x0000000080000000, 0x0000000100000000)
  region size 1024K, 2 young (2048K), 2 survivors (2048K)
 Metaspace       used 103597K, capacity 105844K, committed 106108K, reserved 1140736K
  class space    used 13357K, capacity 14237K, committed 14284K, reserved 1048576K
Heap Regions: E=young(eden), S=young(survivor), O=old, HS=humongous(starts), HC=humongous(continues), CS=collection set, F=free, A=archive, TAMS=top-at-mark-start (previous, next)
|   0|0x0000000080000000, 0x0000000080100000, 0x0000000080100000|100%|HS|  |TAMS 0x0000000080100000, 0x0000000080000000| Complete 
|   1|0x0000000080100000, 0x0000000080200000, 0x0000000080200000|100%|HC|  |TAMS 0x0000000080200000, 0x0000000080100000| Complete 
|   2|0x0000000080200000, 0x0000000080300000, 0x0000000080300000|100%|HC|  |TAMS 0x0000000080300000, 0x0000000080200000| Complete 
|   3|0x0000000080300000, 0x0000000080400000, 0x0000000080400000|100%| O|  |TAMS 0x0000000080400000, 0x0000000080300000| Untracked 
|   4|0x0000000080400000, 0x0000000080500000, 0x0000000080500000|100%| O|  |TAMS 0x0000000080500000, 0x0000000080400000| Untracked 
|   5|0x0000000080500000, 0x0000000080600000, 0x0000000080600000|100%| O|  |TAMS 0x0000000080600000, 0x0000000080500000| Untracked 
|   6|0x0000000080600000, 0x0000000080700000, 0x0000000080700000|100%| O|  |TAMS 0x0000000080700000, 0x0000000080600000| Untracked 
|   7|0x0000000080700000, 0x0000000080800000, 0x0000000080800000|100%| O|  |TAMS 0x0000000080800000, 0x0000000080700000| Untracked 
|   8|0x0000000080800000, 0x0000000080900000, 0x0000000080900000|100%| O|  |TAMS 0x0000000080900000, 0x0000000080800000| Untracked 
|   9|0x0000000080900000, 0x0000000080a00000, 0x0000000080a00000|100%| O|  |TAMS 0x0000000080a00000, 0x0000000080900000| Untracked 
|  10|0x0000000080a00000, 0x0000000080b00000, 0x0000000080b00000|100%| O|  |TAMS 0x0000000080b00000, 0x0000000080a00000| Untracked 
|  11|0x0000000080b00000, 0x0000000080c00000, 0x0000000080c00000|100%| O|  |TAMS 0x0000000080c00000, 0x0000000080b00000| Untracked 
|  12|0x0000000080c00000, 0x0000000080d00000, 0x0000000080d00000|100%| O|  |TAMS 0x0000000080d00000, 0x0000000080c00000| Untracked 
|  13|0x0000000080d00000, 0x0000000080e00000, 0x0000000080e00000|100%| O|  |TAMS 0x0000000080e00000, 0x0000000080d00000| Untracked 
|  14|0x0000000080e00000, 0x0000000080f00000, 0x0000000080f00000|100%| O|  |TAMS 0x0000000080f00000, 0x0000000080e00000| Untracked 
|  15|0x0000000080f00000, 0x0000000081000000, 0x0000000081000000|100%| O|  |TAMS 0x0000000081000000, 0x0000000080f00000| Untracked 
|  16|0x0000000081000000, 0x0000000081100000, 0x0000000081100000|100%| O|  |TAMS 0x0000000081100000, 0x0000000081000000| Untracked 
|  17|0x0000000081100000, 0x0000000081200000, 0x0000000081200000|100%| O|  |TAMS 0x0000000081200000, 0x0000000081100000| Untracked 
|  18|0x0000000081200000, 0x0000000081300000, 0x0000000081300000|100%| O|  |TAMS 0x0000000081300000, 0x0000000081200000| Untracked 
|  19|0x0000000081300000, 0x0000000081400000, 0x0000000081400000|100%| O|  |TAMS 0x0000000081400000, 0x0000000081300000| Untracked 
|  20|0x0000000081400000, 0x0000000081500000, 0x0000000081500000|100%| O|  |TAMS 0x0000000081500000, 0x0000000081400000| Untracked 
|  21|0x0000000081500000, 0x0000000081600000, 0x0000000081600000|100%| O|  |TAMS 0x0000000081600000, 0x0000000081500000| Untracked 
|  22|0x0000000081600000, 0x0000000081700000, 0x0000000081700000|100%| O|  |TAMS 0x0000000081700000, 0x0000000081600000| Untracked 
|  23|0x0000000081700000, 0x0000000081800000, 0x0000000081800000|100%| O|  |TAMS 0x0000000081800000, 0x0000000081700000| Untracked 
|  24|0x0000000081800000, 0x0000000081900000, 0x0000000081900000|100%| O|  |TAMS 0x0000000081900000, 0x0000000081800000| Untracked 
|  25|0x0000000081900000, 0x0000000081a00000, 0x0000000081a00000|100%| O|  |TAMS 0x0000000081a00000, 0x0000000081900000| Untracked 
|  26|0x0000000081a00000, 0x0000000081b00000, 0x0000000081b00000|100%| O|  |TAMS 0x0000000081b00000, 0x0000000081a00000| Untracked 
|  27|0x0000000081b00000, 0x0000000081c00000, 0x0000000081c00000|100%|HS|  |TAMS 0x0000000081c00000, 0x0000000081b00000| Complete 
|  28|0x0000000081c00000, 0x0000000081d00000, 0x0000000081d00000|100%|HS|  |TAMS 0x0000000081d00000, 0x0000000081c00000| Complete 
|  29|0x0000000081d00000, 0x0000000081e00000, 0x0000000081e00000|100%|HS|  |TAMS 0x0000000081e00000, 0x0000000081d00000| Complete 
|  30|0x0000000081e00000, 0x0000000081f00000, 0x0000000081f00000|100%|HS|  |TAMS 0x0000000081f00000, 0x0000000081e00000| Complete 
|  31|0x0000000081f00000, 0x0000000082000000, 0x0000000082000000|100%|HC|  |TAMS 0x0000000082000000, 0x0000000081f00000| Complete 
|  32|0x0000000082000000, 0x0000000082100000, 0x0000000082100000|100%|HC|  |TAMS 0x0000000082100000, 0x0000000082000000| Complete 
|  33|0x0000000082100000, 0x0000000082200000, 0x0000000082200000|100%|HC|  |TAMS 0x0000000082200000, 0x0000000082100000| Complete 
|  34|0x0000000082200000, 0x0000000082300000, 0x0000000082300000|100%| O|  |TAMS 0x0000000082300000, 0x0000000082200000| Untracked 
|  35|0x0000000082300000, 0x0000000082400000, 0x0000000082400000|100%|HS|  |TAMS 0x0000000082400000, 0x0000000082300000| Complete 
|  36|0x0000000082400000, 0x0000000082500000, 0x0000000082500000|100%|HC|  |TAMS 0x0000000082500000, 0x0000000082400000| Complete 
|  37|0x0000000082500000, 0x0000000082600000, 0x0000000082600000|100%| O|  |TAMS 0x0000000082600000, 0x0000000082500000| Untracked 
|  38|0x0000000082600000, 0x0000000082700000, 0x0000000082700000|100%| O|  |TAMS 0x0000000082700000, 0x0000000082600000| Untracked 
|  39|0x0000000082700000, 0x0000000082800000, 0x0000000082800000|100%| O|  |TAMS 0x0000000082800000, 0x0000000082700000| Untracked 
|  40|0x0000000082800000, 0x0000000082900000, 0x0000000082900000|100%| O|  |TAMS 0x0000000082900000, 0x0000000082800000| Untracked 
|  41|0x0000000082900000, 0x0000000082a00000, 0x0000000082a00000|100%| O|  |TAMS 0x0000000082a00000, 0x0000000082900000| Untracked 
|  42|0x0000000082a00000, 0x0000000082b00000, 0x0000000082b00000|100%| O|  |TAMS 0x0000000082b00000, 0x0000000082a00000| Untracked 
|  43|0x0000000082b00000, 0x0000000082c00000, 0x0000000082c00000|100%| O|  |TAMS 0x0000000082c00000, 0x0000000082b00000| Untracked 
|  44|0x0000000082c00000, 0x0000000082d00000, 0x0000000082d00000|100%| O|  |TAMS 0x0000000082d00000, 0x0000000082c00000| Untracked 
|  45|0x0000000082d00000, 0x0000000082e00000, 0x0000000082e00000|100%| O|  |TAMS 0x0000000082e00000, 0x0000000082d00000| Untracked 
|  46|0x0000000082e00000, 0x0000000082f00000, 0x0000000082f00000|100%| O|  |TAMS 0x0000000082f00000, 0x0000000082e00000| Untracked 
|  47|0x0000000082f00000, 0x0000000083000000, 0x0000000083000000|100%| O|  |TAMS 0x0000000083000000, 0x0000000082f00000| Untracked 
|  48|0x0000000083000000, 0x0000000083100000, 0x0000000083100000|100%| O|  |TAMS 0x0000000083100000, 0x0000000083000000| Untracked 
|  49|0x0000000083100000, 0x0000000083200000, 0x0000000083200000|100%| O|  |TAMS 0x0000000083200000, 0x0000000083100000| Untracked 
|  50|0x0000000083200000, 0x0000000083300000, 0x0000000083300000|100%| O|  |TAMS 0x0000000083300000, 0x0000000083200000| Untracked 
|  51|0x0000000083300000, 0x0000000083400000, 0x0000000083400000|100%| O|  |TAMS 0x0000000083400000, 0x0000000083300000| Untracked 
|  52|0x0000000083400000, 0x0000000083500000, 0x0000000083500000|100%| O|  |TAMS 0x0000000083500000, 0x0000000083400000| Untracked 
|  53|0x0000000083500000, 0x0000000083600000, 0x0000000083600000|100%| O|  |TAMS 0x0000000083600000, 0x0000000083500000| Untracked 
|  54|0x0000000083600000, 0x0000000083700000, 0x0000000083700000|100%| O|  |TAMS 0x0000000083700000, 0x0000000083600000| Untracked 
|  55|0x0000000083700000, 0x0000000083800000, 0x0000000083800000|100%| O|  |TAMS 0x0000000083800000, 0x0000000083700000| Untracked 
|  56|0x0000000083800000, 0x0000000083900000, 0x0000000083900000|100%| O|  |TAMS 0x0000000083900000, 0x0000000083800000| Untracked 
|  57|0x0000000083900000, 0x0000000083a00000, 0x0000000083a00000|100%| O|  |TAMS 0x0000000083a00000, 0x0000000083900000| Untracked 
|  58|0x0000000083a00000, 0x0000000083b00000, 0x0000000083b00000|100%| O|  |TAMS 0x0000000083b00000, 0x0000000083a00000| Untracked 
|  59|0x0000000083b00000, 0x0000000083c00000, 0x0000000083c00000|100%| O|  |TAMS 0x0000000083c00000, 0x0000000083b00000| Untracked 
|  60|0x0000000083c00000, 0x0000000083d00000, 0x0000000083d00000|100%| O|  |TAMS 0x0000000083d00000, 0x0000000083c00000| Untracked 
|  61|0x0000000083d00000, 0x0000000083e00000, 0x0000000083e00000|100%| O|  |TAMS 0x0000000083e00000, 0x0000000083d00000| Untracked 
|  62|0x0000000083e00000, 0x0000000083f00000, 0x0000000083f00000|100%| O|  |TAMS 0x0000000083f00000, 0x0000000083e00000| Untracked 
|  63|0x0000000083f00000, 0x0000000084000000, 0x0000000084000000|100%| O|  |TAMS 0x0000000084000000, 0x0000000083f00000| Untracked 
|  64|0x0000000084000000, 0x0000000084100000, 0x0000000084100000|100%| O|  |TAMS 0x0000000084100000, 0x0000000084000000| Untracked 
|  65|0x0000000084100000, 0x0000000084200000, 0x0000000084200000|100%| O|  |TAMS 0x0000000084200000, 0x0000000084100000| Untracked 
|  66|0x0000000084200000, 0x0000000084300000, 0x0000000084300000|100%| O|  |TAMS 0x0000000084300000, 0x0000000084200000| Untracked 
|  67|0x0000000084300000, 0x0000000084400000, 0x0000000084400000|100%| O|  |TAMS 0x0000000084400000, 0x0000000084300000| Untracked 
|  68|0x0000000084400000, 0x0000000084500000, 0x0000000084500000|100%| O|  |TAMS 0x0000000084500000, 0x0000000084400000| Untracked 
|  69|0x0000000084500000, 0x0000000084600000, 0x0000000084600000|100%| O|  |TAMS 0x0000000084600000, 0x0000000084500000| Untracked 
|  70|0x0000000084600000, 0x0000000084700000, 0x0000000084700000|100%| O|  |TAMS 0x0000000084700000, 0x0000000084600000| Untracked 
|  71|0x0000000084700000, 0x0000000084800000, 0x0000000084800000|100%| O|  |TAMS 0x0000000084800000, 0x0000000084700000| Untracked 
|  72|0x0000000084800000, 0x0000000084900000, 0x0000000084900000|100%| O|  |TAMS 0x0000000084900000, 0x0000000084800000| Untracked 
|  73|0x0000000084900000, 0x0000000084a00000, 0x0000000084a00000|100%| O|  |TAMS 0x0000000084a00000, 0x0000000084900000| Untracked 
|  74|0x0000000084a00000, 0x0000000084b00000, 0x0000000084b00000|100%| O|  |TAMS 0x0000000084b00000, 0x0000000084a00000| Untracked 
|  75|0x0000000084b00000, 0x0000000084c00000, 0x0000000084c00000|100%| O|  |TAMS 0x0000000084c00000, 0x0000000084b00000| Untracked 
|  76|0x0000000084c00000, 0x0000000084d00000, 0x0000000084d00000|100%| O|  |TAMS 0x0000000084d00000, 0x0000000084c00000| Untracked 
|  77|0x0000000084d00000, 0x0000000084e00000, 0x0000000084e00000|100%| O|  |TAMS 0x0000000084e00000, 0x0000000084d00000| Untracked 
|  78|0x0000000084e00000, 0x0000000084f00000, 0x0000000084f00000|100%| O|  |TAMS 0x0000000084f00000, 0x0000000084e00000| Untracked 
|  79|0x0000000084f00000, 0x0000000085000000, 0x0000000085000000|100%| O|  |TAMS 0x0000000085000000, 0x0000000084f00000| Untracked 
|  80|0x0000000085000000, 0x0000000085100000, 0x0000000085100000|100%| O|  |TAMS 0x0000000085100000, 0x0000000085000000| Untracked 
|  81|0x0000000085100000, 0x0000000085200000, 0x0000000085200000|100%| O|  |TAMS 0x0000000085200000, 0x0000000085100000| Untracked 
|  82|0x0000000085200000, 0x0000000085300000, 0x0000000085300000|100%| O|  |TAMS 0x0000000085300000, 0x0000000085200000| Untracked 
|  83|0x0000000085300000, 0x0000000085400000, 0x0000000085400000|100%| O|  |TAMS 0x0000000085400000, 0x0000000085300000| Untracked 
|  84|0x0000000085400000, 0x0000000085500000, 0x0000000085500000|100%| O|  |TAMS 0x0000000085500000, 0x0000000085400000| Untracked 
|  85|0x0000000085500000, 0x0000000085600000, 0x0000000085600000|100%| O|  |TAMS 0x0000000085600000, 0x0000000085500000| Untracked 
|  86|0x0000000085600000, 0x0000000085700000, 0x0000000085700000|100%| O|  |TAMS 0x0000000085700000, 0x0000000085600000| Untracked 
|  87|0x0000000085700000, 0x0000000085800000, 0x0000000085800000|100%| O|  |TAMS 0x0000000085800000, 0x0000000085700000| Untracked 
|  88|0x0000000085800000, 0x0000000085900000, 0x0000000085900000|100%| O|  |TAMS 0x0000000085900000, 0x0000000085800000| Untracked 
|  89|0x0000000085900000, 0x0000000085a00000, 0x0000000085a00000|100%|HS|  |TAMS 0x0000000085a00000, 0x0000000085900000| Complete 
|  90|0x0000000085a00000, 0x0000000085b00000, 0x0000000085b00000|100%|HC|  |TAMS 0x0000000085b00000, 0x0000000085a00000| Complete 
|  91|0x0000000085b00000, 0x0000000085c00000, 0x0000000085c00000|100%|HS|  |TAMS 0x0000000085c00000, 0x0000000085b00000| Complete 
|  92|0x0000000085c00000, 0x0000000085d00000, 0x0000000085d00000|100%|HC|  |TAMS 0x0000000085d00000, 0x0000000085c00000| Complete 
|  93|0x0000000085d00000, 0x0000000085e00000, 0x0000000085e00000|100%|HS|  |TAMS 0x0000000085e00000, 0x0000000085d00000| Complete 
|  94|0x0000000085e00000, 0x0000000085f00000, 0x0000000085f00000|100%|HS|  |TAMS 0x0000000085f00000, 0x0000000085e00000| Complete 
|  95|0x0000000085f00000, 0x0000000086000000, 0x0000000086000000|100%|HS|  |TAMS 0x0000000086000000, 0x0000000085f00000| Complete 
|  96|0x0000000086000000, 0x0000000086100000, 0x0000000086100000|100%|HC|  |TAMS 0x0000000086100000, 0x0000000086000000| Complete 
|  97|0x0000000086100000, 0x0000000086200000, 0x0000000086200000|100%|HS|  |TAMS 0x0000000086200000, 0x0000000086100000| Complete 
|  98|0x0000000086200000, 0x0000000086300000, 0x0000000086300000|100%|HC|  |TAMS 0x0000000086300000, 0x0000000086200000| Complete 
|  99|0x0000000086300000, 0x0000000086400000, 0x0000000086400000|100%|HC|  |TAMS 0x0000000086400000, 0x0000000086300000| Complete 
| 100|0x0000000086400000, 0x0000000086500000, 0x0000000086500000|100%| O|  |TAMS 0x0000000086500000, 0x0000000086400000| Untracked 
| 101|0x0000000086500000, 0x0000000086600000, 0x0000000086600000|100%| O|  |TAMS 0x0000000086600000, 0x0000000086500000| Untracked 
| 102|0x0000000086600000, 0x0000000086700000, 0x0000000086700000|100%| O|  |TAMS 0x0000000086700000, 0x0000000086600000| Untracked 
| 103|0x0000000086700000, 0x0000000086800000, 0x0000000086800000|100%| O|  |TAMS 0x0000000086800000, 0x0000000086700000| Untracked 
| 104|0x0000000086800000, 0x0000000086900000, 0x0000000086900000|100%| O|  |TAMS 0x0000000086900000, 0x0000000086800000| Untracked 
| 105|0x0000000086900000, 0x0000000086a00000, 0x0000000086a00000|100%| O|  |TAMS 0x0000000086a00000, 0x0000000086900000| Untracked 
| 106|0x0000000086a00000, 0x0000000086b00000, 0x0000000086b00000|100%|HS|  |TAMS 0x0000000086b00000, 0x0000000086a00000| Complete 
| 107|0x0000000086b00000, 0x0000000086c00000, 0x0000000086c00000|100%|HC|  |TAMS 0x0000000086c00000, 0x0000000086b00000| Complete 
| 108|0x0000000086c00000, 0x0000000086d00000, 0x0000000086d00000|100%| O|  |TAMS 0x0000000086d00000, 0x0000000086c00000| Untracked 
| 109|0x0000000086d00000, 0x0000000086e00000, 0x0000000086e00000|100%| O|  |TAMS 0x0000000086e00000, 0x0000000086d00000| Untracked 
| 110|0x0000000086e00000, 0x0000000086f00000, 0x0000000086f00000|100%| O|  |TAMS 0x0000000086f00000, 0x0000000086e00000| Untracked 
| 111|0x0000000086f00000, 0x0000000087000000, 0x0000000087000000|100%|HS|  |TAMS 0x0000000087000000, 0x0000000086f00000| Complete 
| 112|0x0000000087000000, 0x0000000087100000, 0x0000000087100000|100%|HC|  |TAMS 0x0000000087100000, 0x0000000087000000| Complete 
| 113|0x0000000087100000, 0x0000000087200000, 0x0000000087200000|100%| O|  |TAMS 0x0000000087200000, 0x0000000087100000| Untracked 
| 114|0x0000000087200000, 0x0000000087300000, 0x0000000087300000|100%|HS|  |TAMS 0x0000000087300000, 0x0000000087200000| Complete 
| 115|0x0000000087300000, 0x0000000087400000, 0x0000000087400000|100%| O|  |TAMS 0x0000000087400000, 0x0000000087300000| Untracked 
| 116|0x0000000087400000, 0x0000000087500000, 0x0000000087500000|100%| O|  |TAMS 0x0000000087500000, 0x0000000087400000| Untracked 
| 117|0x0000000087500000, 0x0000000087600000, 0x0000000087600000|100%|HS|  |TAMS 0x0000000087600000, 0x0000000087500000| Complete 
| 118|0x0000000087600000, 0x0000000087700000, 0x0000000087700000|100%|HS|  |TAMS 0x0000000087700000, 0x0000000087600000| Complete 
| 119|0x0000000087700000, 0x0000000087800000, 0x0000000087800000|100%| O|  |TAMS 0x0000000087800000, 0x0000000087700000| Untracked 
| 120|0x0000000087800000, 0x0000000087900000, 0x0000000087900000|100%| O|  |TAMS 0x0000000087900000, 0x0000000087800000| Untracked 
| 121|0x0000000087900000, 0x0000000087a00000, 0x0000000087a00000|100%| O|  |TAMS 0x0000000087a00000, 0x0000000087900000| Untracked 
| 122|0x0000000087a00000, 0x0000000087b00000, 0x0000000087b00000|100%|HS|  |TAMS 0x0000000087b00000, 0x0000000087a00000| Complete 
| 123|0x0000000087b00000, 0x0000000087c00000, 0x0000000087c00000|100%| O|  |TAMS 0x0000000087c00000, 0x0000000087b00000| Untracked 
| 124|0x0000000087c00000, 0x0000000087d00000, 0x0000000087d00000|100%| O|  |TAMS 0x0000000087d00000, 0x0000000087c00000| Untracked 
| 125|0x0000000087d00000, 0x0000000087e00000, 0x0000000087e00000|100%| O|  |TAMS 0x0000000087e00000, 0x0000000087d00000| Untracked 
| 126|0x0000000087e00000, 0x0000000087f00000, 0x0000000087f00000|100%|HS|  |TAMS 0x0000000087f00000, 0x0000000087e00000| Complete 
| 127|0x0000000087f00000, 0x0000000088000000, 0x0000000088000000|100%|HC|  |TAMS 0x0000000088000000, 0x0000000087f00000| Complete 
| 128|0x0000000088000000, 0x0000000088100000, 0x0000000088100000|100%| O|  |TAMS 0x0000000088100000, 0x0000000088000000| Untracked 
| 129|0x0000000088100000, 0x0000000088200000, 0x0000000088200000|100%| O|  |TAMS 0x0000000088200000, 0x0000000088100000| Untracked 
| 130|0x0000000088200000, 0x0000000088300000, 0x0000000088300000|100%| O|  |TAMS 0x0000000088300000, 0x0000000088200000| Untracked 
| 131|0x0000000088300000, 0x0000000088400000, 0x0000000088400000|100%| O|  |TAMS 0x0000000088400000, 0x0000000088300000| Untracked 
| 132|0x0000000088400000, 0x0000000088500000, 0x0000000088500000|100%| O|  |TAMS 0x0000000088500000, 0x0000000088400000| Untracked 
| 133|0x0000000088500000, 0x0000000088600000, 0x0000000088600000|100%| O|  |TAMS 0x0000000088600000, 0x0000000088500000| Untracked 
| 134|0x0000000088600000, 0x0000000088700000, 0x0000000088700000|100%|HS|  |TAMS 0x0000000088700000, 0x0000000088600000| Complete 
| 135|0x0000000088700000, 0x0000000088800000, 0x0000000088800000|100%|HC|  |TAMS 0x0000000088800000, 0x0000000088700000| Complete 
| 136|0x0000000088800000, 0x0000000088900000, 0x0000000088900000|100%|HC|  |TAMS 0x0000000088900000, 0x0000000088800000| Complete 
| 137|0x0000000088900000, 0x0000000088a00000, 0x0000000088a00000|100%| O|  |TAMS 0x0000000088a00000, 0x0000000088900000| Untracked 
| 138|0x0000000088a00000, 0x0000000088b00000, 0x0000000088b00000|100%| O|  |TAMS 0x0000000088b00000, 0x0000000088a00000| Untracked 
| 139|0x0000000088b00000, 0x0000000088c00000, 0x0000000088c00000|100%| O|  |TAMS 0x0000000088c00000, 0x0000000088b00000| Untracked 
| 140|0x0000000088c00000, 0x0000000088d00000, 0x0000000088d00000|100%| O|  |TAMS 0x0000000088d00000, 0x0000000088c00000| Untracked 
| 141|0x0000000088d00000, 0x0000000088e00000, 0x0000000088e00000|100%| O|  |TAMS 0x0000000088e00000, 0x0000000088d00000| Untracked 
| 142|0x0000000088e00000, 0x0000000088f00000, 0x0000000088f00000|100%| O|  |TAMS 0x0000000088f00000, 0x0000000088e00000| Untracked 
| 143|0x0000000088f00000, 0x0000000089000000, 0x0000000089000000|100%| O|  |TAMS 0x0000000089000000, 0x0000000088f00000| Untracked 
| 144|0x0000000089000000, 0x0000000089100000, 0x0000000089100000|100%| O|  |TAMS 0x0000000089100000, 0x0000000089000000| Untracked 
| 145|0x0000000089100000, 0x0000000089200000, 0x0000000089200000|100%| O|  |TAMS 0x0000000089200000, 0x0000000089100000| Untracked 
| 146|0x0000000089200000, 0x0000000089300000, 0x0000000089300000|100%| O|  |TAMS 0x0000000089200000, 0x0000000089200000| Untracked 
| 147|0x0000000089300000, 0x0000000089400000, 0x0000000089400000|100%| O|  |TAMS 0x0000000089300000, 0x0000000089300000| Untracked 
| 148|0x0000000089400000, 0x0000000089500000, 0x0000000089500000|100%| O|  |TAMS 0x0000000089400000, 0x0000000089400000| Untracked 
| 149|0x0000000089500000, 0x0000000089600000, 0x0000000089600000|100%| O|  |TAMS 0x0000000089500000, 0x0000000089500000| Untracked 
| 150|0x0000000089600000, 0x0000000089700000, 0x0000000089700000|100%| O|  |TAMS 0x0000000089600000, 0x0000000089600000| Untracked 
| 151|0x0000000089700000, 0x0000000089800000, 0x0000000089800000|100%| O|  |TAMS 0x0000000089700000, 0x0000000089700000| Untracked 
| 152|0x0000000089800000, 0x0000000089900000, 0x0000000089900000|100%| O|  |TAMS 0x0000000089800000, 0x0000000089800000| Untracked 
| 153|0x0000000089900000, 0x0000000089a00000, 0x0000000089a00000|100%| O|  |TAMS 0x0000000089900000, 0x0000000089900000| Untracked 
| 154|0x0000000089a00000, 0x0000000089b00000, 0x0000000089b00000|100%| O|  |TAMS 0x0000000089a00000, 0x0000000089a00000| Untracked 
| 155|0x0000000089b00000, 0x0000000089c00000, 0x0000000089c00000|100%| O|  |TAMS 0x0000000089b00000, 0x0000000089b00000| Untracked 
| 156|0x0000000089c00000, 0x0000000089d00000, 0x0000000089d00000|100%| O|  |TAMS 0x0000000089c00000, 0x0000000089c00000| Untracked 
| 157|0x0000000089d00000, 0x0000000089e00000, 0x0000000089e00000|100%| O|  |TAMS 0x0000000089d00000, 0x0000000089d00000| Untracked 
| 158|0x0000000089e00000, 0x0000000089f00000, 0x0000000089f00000|100%| O|  |TAMS 0x0000000089e00000, 0x0000000089e00000| Untracked 
| 159|0x0000000089f00000, 0x000000008a000000, 0x000000008a000000|100%| O|  |TAMS 0x0000000089f00000, 0x0000000089f00000| Untracked 
| 160|0x000000008a000000, 0x000000008a100000, 0x000000008a100000|100%| O|  |TAMS 0x000000008a000000, 0x000000008a000000| Untracked 
| 161|0x000000008a100000, 0x000000008a200000, 0x000000008a200000|100%| O|  |TAMS 0x000000008a100000, 0x000000008a100000| Untracked 
| 162|0x000000008a200000, 0x000000008a2ee000, 0x000000008a300000| 92%| O|  |TAMS 0x000000008a200000, 0x000000008a200000| Untracked 
| 163|0x000000008a300000, 0x000000008a400000, 0x000000008a400000|100%| O|  |TAMS 0x000000008a400000, 0x000000008a300000| Untracked 
| 164|0x000000008a400000, 0x000000008a400000, 0x000000008a500000|  0%| F|  |TAMS 0x000000008a400000, 0x000000008a400000| Untracked 
| 165|0x000000008a500000, 0x000000008a600000, 0x000000008a600000|100%| O|  |TAMS 0x000000008a600000, 0x000000008a500000| Untracked 
| 166|0x000000008a600000, 0x000000008a600000, 0x000000008a700000|  0%| F|  |TAMS 0x000000008a600000, 0x000000008a600000| Untracked 
| 167|0x000000008a700000, 0x000000008a700000, 0x000000008a800000|  0%| F|  |TAMS 0x000000008a700000, 0x000000008a700000| Untracked 
| 168|0x000000008a800000, 0x000000008a900000, 0x000000008a900000|100%| O|  |TAMS 0x000000008a900000, 0x000000008a800000| Untracked 
| 169|0x000000008a900000, 0x000000008a900000, 0x000000008aa00000|  0%| F|  |TAMS 0x000000008a900000, 0x000000008a900000| Untracked 
| 170|0x000000008aa00000, 0x000000008ab00000, 0x000000008ab00000|100%| O|  |TAMS 0x000000008ab00000, 0x000000008aa00000| Untracked 
| 171|0x000000008ab00000, 0x000000008ac00000, 0x000000008ac00000|100%| O|  |TAMS 0x000000008ac00000, 0x000000008ab00000| Untracked 
| 172|0x000000008ac00000, 0x000000008ad00000, 0x000000008ad00000|100%| O|  |TAMS 0x000000008ad00000, 0x000000008ac00000| Untracked 
| 173|0x000000008ad00000, 0x000000008ae00000, 0x000000008ae00000|100%| O|  |TAMS 0x000000008ae00000, 0x000000008ad00000| Untracked 
| 174|0x000000008ae00000, 0x000000008af00000, 0x000000008af00000|100%| O|  |TAMS 0x000000008af00000, 0x000000008ae00000| Untracked 
| 175|0x000000008af00000, 0x000000008af00000, 0x000000008b000000|  0%| F|  |TAMS 0x000000008af00000, 0x000000008af00000| Untracked 
| 176|0x000000008b000000, 0x000000008b000000, 0x000000008b100000|  0%| F|  |TAMS 0x000000008b000000, 0x000000008b000000| Untracked 
| 177|0x000000008b100000, 0x000000008b100000, 0x000000008b200000|  0%| F|  |TAMS 0x000000008b100000, 0x000000008b100000| Untracked 
| 178|0x000000008b200000, 0x000000008b200000, 0x000000008b300000|  0%| F|  |TAMS 0x000000008b200000, 0x000000008b200000| Untracked 
| 179|0x000000008b300000, 0x000000008b300000, 0x000000008b400000|  0%| F|  |TAMS 0x000000008b300000, 0x000000008b300000| Untracked 
| 180|0x000000008b400000, 0x000000008b400000, 0x000000008b500000|  0%| F|  |TAMS 0x000000008b400000, 0x000000008b400000| Untracked 
| 181|0x000000008b500000, 0x000000008b500000, 0x000000008b600000|  0%| F|  |TAMS 0x000000008b500000, 0x000000008b500000| Untracked 
| 182|0x000000008b600000, 0x000000008b600000, 0x000000008b700000|  0%| F|  |TAMS 0x000000008b600000, 0x000000008b600000| Untracked 
| 183|0x000000008b700000, 0x000000008b700000, 0x000000008b800000|  0%| F|  |TAMS 0x000000008b700000, 0x000000008b700000| Untracked 
| 184|0x000000008b800000, 0x000000008b800000, 0x000000008b900000|  0%| F|  |TAMS 0x000000008b800000, 0x000000008b800000| Untracked 
| 185|0x000000008b900000, 0x000000008b900000, 0x000000008ba00000|  0%| F|  |TAMS 0x000000008b900000, 0x000000008b900000| Untracked 
| 186|0x000000008ba00000, 0x000000008ba00000, 0x000000008bb00000|  0%| F|  |TAMS 0x000000008ba00000, 0x000000008ba00000| Untracked 
| 187|0x000000008bb00000, 0x000000008bb00000, 0x000000008bc00000|  0%| F|  |TAMS 0x000000008bb00000, 0x000000008bb00000| Untracked 
| 188|0x000000008bc00000, 0x000000008bc00000, 0x000000008bd00000|  0%| F|  |TAMS 0x000000008bc00000, 0x000000008bc00000| Untracked 
| 189|0x000000008bd00000, 0x000000008bd00000, 0x000000008be00000|  0%| F|  |TAMS 0x000000008bd00000, 0x000000008bd00000| Untracked 
| 190|0x000000008be00000, 0x000000008be00000, 0x000000008bf00000|  0%| F|  |TAMS 0x000000008be00000, 0x000000008be00000| Untracked 
| 191|0x000000008bf00000, 0x000000008bf00000, 0x000000008c000000|  0%| F|  |TAMS 0x000000008bf00000, 0x000000008bf00000| Untracked 
| 192|0x000000008c000000, 0x000000008c000000, 0x000000008c100000|  0%| F|  |TAMS 0x000000008c000000, 0x000000008c000000| Untracked 
| 193|0x000000008c100000, 0x000000008c100000, 0x000000008c200000|  0%| F|  |TAMS 0x000000008c100000, 0x000000008c100000| Untracked 
| 194|0x000000008c200000, 0x000000008c200000, 0x000000008c300000|  0%| F|  |TAMS 0x000000008c200000, 0x000000008c200000| Untracked 
| 195|0x000000008c300000, 0x000000008c300000, 0x000000008c400000|  0%| F|  |TAMS 0x000000008c300000, 0x000000008c300000| Untracked 
| 196|0x000000008c400000, 0x000000008c400000, 0x000000008c500000|  0%| F|  |TAMS 0x000000008c400000, 0x000000008c400000| Untracked 
| 197|0x000000008c500000, 0x000000008c600000, 0x000000008c600000|100%| S|CS|TAMS 0x000000008c500000, 0x000000008c500000| Complete 
| 198|0x000000008c600000, 0x000000008c700000, 0x000000008c700000|100%| S|CS|TAMS 0x000000008c600000, 0x000000008c600000| Complete 
| 199|0x000000008c700000, 0x000000008c700000, 0x000000008c800000|  0%| F|  |TAMS 0x000000008c700000, 0x000000008c700000| Untracked 
| 200|0x000000008c800000, 0x000000008c800000, 0x000000008c900000|  0%| F|  |TAMS 0x000000008c800000, 0x000000008c800000| Untracked 
| 201|0x000000008c900000, 0x000000008c900000, 0x000000008ca00000|  0%| F|  |TAMS 0x000000008c900000, 0x000000008c900000| Untracked 
| 202|0x000000008ca00000, 0x000000008ca00000, 0x000000008cb00000|  0%| F|  |TAMS 0x000000008ca00000, 0x000000008ca00000| Untracked 
| 203|0x000000008cb00000, 0x000000008cb00000, 0x000000008cc00000|  0%| F|  |TAMS 0x000000008cb00000, 0x000000008cb00000| Untracked 
| 204|0x000000008cc00000, 0x000000008cc00000, 0x000000008cd00000|  0%| F|  |TAMS 0x000000008cc00000, 0x000000008cc00000| Untracked 
| 205|0x000000008cd00000, 0x000000008cd00000, 0x000000008ce00000|  0%| F|  |TAMS 0x000000008cd00000, 0x000000008cd00000| Untracked 
| 206|0x000000008ce00000, 0x000000008ce00000, 0x000000008cf00000|  0%| F|  |TAMS 0x000000008ce00000, 0x000000008ce00000| Untracked 
| 207|0x000000008cf00000, 0x000000008cf00000, 0x000000008d000000|  0%| F|  |TAMS 0x000000008cf00000, 0x000000008cf00000| Untracked 
| 208|0x000000008d000000, 0x000000008d000000, 0x000000008d100000|  0%| F|  |TAMS 0x000000008d000000, 0x000000008d000000| Untracked 
| 209|0x000000008d100000, 0x000000008d100000, 0x000000008d200000|  0%| F|  |TAMS 0x000000008d100000, 0x000000008d100000| Untracked 

Card table byte_map: [0x0000019fa8210000,0x0000019fa8610000] _byte_map_base: 0x0000019fa7e10000

Marking Bits (Prev, Next): (CMBitMap*) 0x0000019f9532cdf8, (CMBitMap*) 0x0000019f9532ce30
 Prev Bits: [0x0000019fa8a10000, 0x0000019faaa10000)
 Next Bits: [0x0000019faaa10000, 0x0000019faca10000)

Polling page: 0x0000019f93260000

Metaspace:

Usage:
  Non-class:     89.46 MB capacity,    88.12 MB ( 99%) used,     1.06 MB (  1%) free+waste,   282.50 KB ( <1%) overhead. 
      Class:     13.90 MB capacity,    13.04 MB ( 94%) used,   754.38 KB (  5%) free+waste,   124.75 KB ( <1%) overhead. 
       Both:    103.36 MB capacity,   101.17 MB ( 98%) used,     1.80 MB (  2%) free+waste,   407.25 KB ( <1%) overhead. 

Virtual space:
  Non-class space:       90.00 MB reserved,      89.67 MB (>99%) committed 
      Class space:        1.00 GB reserved,      13.95 MB (  1%) committed 
             Both:        1.09 GB reserved,     103.62 MB (  9%) committed 

Chunk freelists:
   Non-Class:  25.00 KB
       Class:  3.00 KB
        Both:  28.00 KB

MaxMetaspaceSize: 17179869184.00 GB
CompressedClassSpaceSize: 1.00 GB
Initial GC threshold: 20.80 MB
Current GC threshold: 172.70 MB
CDS: off

CodeHeap 'non-profiled nmethods': size=120064Kb used=7257Kb max_used=7257Kb free=112807Kb
 bounds [0x0000019fa08d0000, 0x0000019fa0ff0000, 0x0000019fa7e10000]
CodeHeap 'profiled nmethods': size=120000Kb used=27324Kb max_used=27324Kb free=92675Kb
 bounds [0x0000019f993a0000, 0x0000019f9ae50000, 0x0000019fa08d0000]
CodeHeap 'non-nmethods': size=5696Kb used=2410Kb max_used=2457Kb free=3285Kb
 bounds [0x0000019f98e10000, 0x0000019f99080000, 0x0000019f993a0000]
 total_blobs=13060 nmethods=12123 adapters=850
 compilation: enabled
              stopped_count=0, restarted_count=0
 full_count=0

Compilation events (20 events):
Event: 59.968 Thread 0x0000019faef00800 12273       2       com.android.tools.r8.graph.n0::K0 (10 bytes)
Event: 59.969 Thread 0x0000019faef00800 nmethod 12273 0x0000019f9ae4ba10 code [0x0000019f9ae4bbc0, 0x0000019f9ae4bd28]
Event: 59.977 Thread 0x0000019faef00800 12274       2       com.android.tools.r8.code.r::<init> (7 bytes)
Event: 59.978 Thread 0x0000019faef00800 nmethod 12274 0x0000019f9ae4be10 code [0x0000019f9ae4bfc0, 0x0000019f9ae4c118]
Event: 59.987 Thread 0x0000019faef00800 12275       2       com.android.tools.r8.code.y1::<init> (5 bytes)
Event: 59.987 Thread 0x0000019faef00800 nmethod 12275 0x0000019f9ae4c210 code [0x0000019f9ae4c3c0, 0x0000019f9ae4c4b8]
Event: 59.990 Thread 0x0000019faef00800 12276       2       com.android.tools.r8.dex.i::g (53 bytes)
Event: 59.991 Thread 0x0000019faef00800 nmethod 12276 0x0000019f9ae4c590 code [0x0000019f9ae4c780, 0x0000019f9ae4cb98]
Event: 59.994 Thread 0x0000019faef00800 12277       2       java.util.concurrent.ConcurrentLinkedQueue::add (6 bytes)
Event: 59.995 Thread 0x0000019faef00800 nmethod 12277 0x0000019f9ae4cd90 code [0x0000019f9ae4cf40, 0x0000019f9ae4d048]
Event: 59.998 Thread 0x0000019faef00800 12278       2       com.android.tools.r8.code.Q3::<init> (7 bytes)
Event: 59.998 Thread 0x0000019faef00800 nmethod 12278 0x0000019f9ae4d110 code [0x0000019f9ae4d2e0, 0x0000019f9ae4d518]
Event: 60.021 Thread 0x0000019faef00800 12281       2       com.android.tools.r8.graph.n0$a::a (7 bytes)
Event: 60.022 Thread 0x0000019faef00800 nmethod 12281 0x0000019f9ae4d710 code [0x0000019f9ae4d8c0, 0x0000019f9ae4da18]
Event: 60.022 Thread 0x0000019faef00800 12282       2       com.android.tools.r8.graph.n0$a::a (7 bytes)
Event: 60.022 Thread 0x0000019faef00800 nmethod 12282 0x0000019f9ae4da90 code [0x0000019f9ae4dc40, 0x0000019f9ae4dd98]
Event: 60.092 Thread 0x0000019faef00800 12284       2       com.android.tools.r8.graph.N2::a (157 bytes)
Event: 60.094 Thread 0x0000019faef00800 nmethod 12284 0x0000019f9ae4de10 code [0x0000019f9ae4e040, 0x0000019f9ae4e7d8]
Event: 60.105 Thread 0x0000019faef00800 12286       2       com.android.tools.r8.graph.N2::g (64 bytes)
Event: 60.106 Thread 0x0000019faef00800 nmethod 12286 0x0000019f9ae4ec10 code [0x0000019f9ae4ee20, 0x0000019f9ae4f138]

GC Heap History (20 events):
Event: 50.510 GC heap after
{Heap after GC invocations=38 (full 0):
 garbage-first heap   total 165888K, used 87218K [0x0000000080000000, 0x0000000100000000)
  region size 1024K, 4 young (4096K), 4 survivors (4096K)
 Metaspace       used 92389K, capacity 94404K, committed 94460K, reserved 1130496K
  class space    used 11830K, capacity 12615K, committed 12620K, reserved 1048576K
}
Event: 52.644 GC heap before
{Heap before GC invocations=39 (full 0):
 garbage-first heap   total 165888K, used 132274K [0x0000000080000000, 0x0000000100000000)
  region size 1024K, 49 young (50176K), 4 survivors (4096K)
 Metaspace       used 93408K, capacity 95547K, committed 95740K, reserved 1132544K
  class space    used 11917K, capacity 12762K, committed 12876K, reserved 1048576K
}
Event: 52.664 GC heap after
{Heap after GC invocations=40 (full 0):
 garbage-first heap   total 165888K, used 90699K [0x0000000080000000, 0x0000000100000000)
  region size 1024K, 7 young (7168K), 7 survivors (7168K)
 Metaspace       used 93408K, capacity 95547K, committed 95740K, reserved 1132544K
  class space    used 11917K, capacity 12762K, committed 12876K, reserved 1048576K
}
Event: 54.018 GC heap before
{Heap before GC invocations=40 (full 0):
 garbage-first heap   total 165888K, used 133707K [0x0000000080000000, 0x0000000100000000)
  region size 1024K, 50 young (51200K), 7 survivors (7168K)
 Metaspace       used 94620K, capacity 96836K, committed 97148K, reserved 1134592K
  class space    used 12065K, capacity 12924K, committed 13004K, reserved 1048576K
}
Event: 54.039 GC heap after
{Heap after GC invocations=41 (full 0):
 garbage-first heap   total 165888K, used 92944K [0x0000000080000000, 0x0000000100000000)
  region size 1024K, 6 young (6144K), 6 survivors (6144K)
 Metaspace       used 94620K, capacity 96836K, committed 97148K, reserved 1134592K
  class space    used 12065K, capacity 12924K, committed 13004K, reserved 1048576K
}
Event: 55.092 GC heap before
{Heap before GC invocations=42 (full 0):
 garbage-first heap   total 165888K, used 123664K [0x0000000080000000, 0x0000000100000000)
  region size 1024K, 38 young (38912K), 6 survivors (6144K)
 Metaspace       used 95846K, capacity 98010K, committed 98300K, reserved 1134592K
  class space    used 12209K, capacity 13051K, committed 13132K, reserved 1048576K
}
Event: 55.112 GC heap after
{Heap after GC invocations=43 (full 0):
 garbage-first heap   total 165888K, used 94107K [0x0000000080000000, 0x0000000100000000)
  region size 1024K, 4 young (4096K), 4 survivors (4096K)
 Metaspace       used 95846K, capacity 98010K, committed 98300K, reserved 1134592K
  class space    used 12209K, capacity 13051K, committed 13132K, reserved 1048576K
}
Event: 56.157 GC heap before
{Heap before GC invocations=44 (full 0):
 garbage-first heap   total 165888K, used 140187K [0x0000000080000000, 0x0000000100000000)
  region size 1024K, 40 young (40960K), 4 survivors (4096K)
 Metaspace       used 99936K, capacity 102055K, committed 102140K, reserved 1138688K
  class space    used 12737K, capacity 13590K, committed 13644K, reserved 1048576K
}
Event: 56.182 GC heap after
{Heap after GC invocations=45 (full 0):
 garbage-first heap   total 165888K, used 110911K [0x0000000080000000, 0x0000000100000000)
  region size 1024K, 6 young (6144K), 6 survivors (6144K)
 Metaspace       used 99936K, capacity 102055K, committed 102140K, reserved 1138688K
  class space    used 12737K, capacity 13590K, committed 13644K, reserved 1048576K
}
Event: 56.989 GC heap before
{Heap before GC invocations=46 (full 0):
 garbage-first heap   total 165888K, used 164159K [0x0000000080000000, 0x0000000100000000)
  region size 1024K, 31 young (31744K), 6 survivors (6144K)
 Metaspace       used 101034K, capacity 103201K, committed 103292K, reserved 1138688K
  class space    used 12883K, capacity 13740K, committed 13772K, reserved 1048576K
}
Event: 57.016 GC heap after
{Heap after GC invocations=47 (full 0):
 garbage-first heap   total 179200K, used 129583K [0x0000000080000000, 0x0000000100000000)
  region size 1024K, 5 young (5120K), 5 survivors (5120K)
 Metaspace       used 101034K, capacity 103201K, committed 103292K, reserved 1138688K
  class space    used 12883K, capacity 13740K, committed 13772K, reserved 1048576K
}
Event: 57.296 GC heap before
{Heap before GC invocations=47 (full 0):
 garbage-first heap   total 179200K, used 149039K [0x0000000080000000, 0x0000000100000000)
  region size 1024K, 25 young (25600K), 5 survivors (5120K)
 Metaspace       used 101097K, capacity 103329K, committed 103548K, reserved 1138688K
  class space    used 12888K, capacity 13740K, committed 13772K, reserved 1048576K
}
Event: 57.331 GC heap after
{Heap after GC invocations=48 (full 0):
 garbage-first heap   total 215040K, used 137354K [0x0000000080000000, 0x0000000100000000)
  region size 1024K, 4 young (4096K), 4 survivors (4096K)
 Metaspace       used 101097K, capacity 103329K, committed 103548K, reserved 1138688K
  class space    used 12888K, capacity 13740K, committed 13772K, reserved 1048576K
}
Event: 58.721 GC heap before
{Heap before GC invocations=49 (full 0):
 garbage-first heap   total 215040K, used 167050K [0x0000000080000000, 0x0000000100000000)
  region size 1024K, 32 young (32768K), 4 survivors (4096K)
 Metaspace       used 103480K, capacity 105769K, committed 105852K, reserved 1140736K
  class space    used 13357K, capacity 14236K, committed 14284K, reserved 1048576K
}
Event: 58.772 GC heap after
{Heap after GC invocations=50 (full 0):
 garbage-first heap   total 215040K, used 149428K [0x0000000080000000, 0x0000000100000000)
  region size 1024K, 4 young (4096K), 4 survivors (4096K)
 Metaspace       used 103480K, capacity 105769K, committed 105852K, reserved 1140736K
  class space    used 13357K, capacity 14236K, committed 14284K, reserved 1048576K
}
Event: 59.216 GC heap before
{Heap before GC invocations=50 (full 0):
 garbage-first heap   total 215040K, used 172980K [0x0000000080000000, 0x0000000100000000)
  region size 1024K, 27 young (27648K), 4 survivors (4096K)
 Metaspace       used 103545K, capacity 105840K, committed 106108K, reserved 1140736K
  class space    used 13357K, capacity 14237K, committed 14284K, reserved 1048576K
}
Event: 59.257 GC heap after
{Heap after GC invocations=51 (full 0):
 garbage-first heap   total 215040K, used 161792K [0x0000000080000000, 0x0000000100000000)
  region size 1024K, 4 young (4096K), 4 survivors (4096K)
 Metaspace       used 103545K, capacity 105840K, committed 106108K, reserved 1140736K
  class space    used 13357K, capacity 14237K, committed 14284K, reserved 1048576K
}
Event: 59.898 GC heap before
{Heap before GC invocations=51 (full 0):
 garbage-first heap   total 215040K, used 177152K [0x0000000080000000, 0x0000000100000000)
  region size 1024K, 20 young (20480K), 4 survivors (4096K)
 Metaspace       used 103596K, capacity 105843K, committed 106108K, reserved 1140736K
  class space    used 13357K, capacity 14237K, committed 14284K, reserved 1048576K
}
Event: 59.927 GC heap after
{Heap after GC invocations=52 (full 0):
 garbage-first heap   total 215040K, used 170496K [0x0000000080000000, 0x0000000100000000)
  region size 1024K, 3 young (3072K), 3 survivors (3072K)
 Metaspace       used 103596K, capacity 105843K, committed 106108K, reserved 1140736K
  class space    used 13357K, capacity 14237K, committed 14284K, reserved 1048576K
}
Event: 60.159 GC heap before
{Heap before GC invocations=53 (full 0):
 garbage-first heap   total 215040K, used 181760K [0x0000000080000000, 0x0000000100000000)
  region size 1024K, 14 young (14336K), 3 survivors (3072K)
 Metaspace       used 103597K, capacity 105844K, committed 106108K, reserved 1140736K
  class space    used 13357K, capacity 14237K, committed 14284K, reserved 1048576K
}

Deoptimization events (20 events):
Event: 60.003 Thread 0x0000019fb991a800 DEOPT PACKING pc=0x0000019f9ad3860c sp=0x0000000ea73feed0
Event: 60.004 Thread 0x0000019fb991a800 DEOPT UNPACKING pc=0x0000019f98e5a95e sp=0x0000000ea73fe510 mode 0
Event: 60.021 Thread 0x0000019fb9918000 DEOPT PACKING pc=0x0000019f9ad3860c sp=0x0000000ea72fe850
Event: 60.021 Thread 0x0000019fb9918000 DEOPT UNPACKING pc=0x0000019f98e5a95e sp=0x0000000ea72fde90 mode 0
Event: 60.036 Thread 0x0000019fb9918000 DEOPT PACKING pc=0x0000019f9ad3860c sp=0x0000000ea72fe870
Event: 60.036 Thread 0x0000019fb9918000 DEOPT UNPACKING pc=0x0000019f98e5a95e sp=0x0000000ea72fdeb0 mode 0
Event: 60.091 Thread 0x0000019fb9916800 DEOPT PACKING pc=0x0000019f9ad3860c sp=0x0000000ea74fe830
Event: 60.091 Thread 0x0000019fb9916800 DEOPT UNPACKING pc=0x0000019f98e5a95e sp=0x0000000ea74fde70 mode 0
Event: 60.110 Thread 0x0000019fb9916800 DEOPT PACKING pc=0x0000019f9ad3860c sp=0x0000000ea74fe830
Event: 60.110 Thread 0x0000019fb9916800 DEOPT UNPACKING pc=0x0000019f98e5a95e sp=0x0000000ea74fde70 mode 0
Event: 60.127 Thread 0x0000019fb9919800 DEOPT PACKING pc=0x0000019f9ad3860c sp=0x0000000ea75febe0
Event: 60.127 Thread 0x0000019fb9919800 DEOPT UNPACKING pc=0x0000019f98e5a95e sp=0x0000000ea75fe220 mode 0
Event: 60.140 Thread 0x0000019fb9919800 DEOPT PACKING pc=0x0000019f9ad3860c sp=0x0000000ea75febe0
Event: 60.140 Thread 0x0000019fb9919800 DEOPT UNPACKING pc=0x0000019f98e5a95e sp=0x0000000ea75fe220 mode 0
Event: 60.147 Thread 0x0000019fb9919800 DEOPT PACKING pc=0x0000019f9ad3860c sp=0x0000000ea75febc0
Event: 60.147 Thread 0x0000019fb9919800 DEOPT UNPACKING pc=0x0000019f98e5a95e sp=0x0000000ea75fe200 mode 0
Event: 60.151 Thread 0x0000019fb9919800 DEOPT PACKING pc=0x0000019f9ad3860c sp=0x0000000ea75febe0
Event: 60.151 Thread 0x0000019fb9919800 DEOPT UNPACKING pc=0x0000019f98e5a95e sp=0x0000000ea75fe220 mode 0
Event: 60.157 Thread 0x0000019fb9919800 DEOPT PACKING pc=0x0000019f9ad3860c sp=0x0000000ea75febc0
Event: 60.157 Thread 0x0000019fb9919800 DEOPT UNPACKING pc=0x0000019f98e5a95e sp=0x0000000ea75fe200 mode 0

Classes redefined (0 events):
No events

Internal exceptions (20 events):
Event: 52.428 Thread 0x0000019fafbf5000 Exception <a 'sun/nio/fs/WindowsException'{0x00000000879aaf68}> (0x00000000879aaf68) thrown at [./src/hotspot/share/prims/jni.cpp, line 616]
Event: 52.432 Thread 0x0000019fafbf5000 Exception <a 'sun/nio/fs/WindowsException'{0x00000000879ab6b0}> (0x00000000879ab6b0) thrown at [./src/hotspot/share/prims/jni.cpp, line 616]
Event: 52.479 Thread 0x0000019fafbf5000 Exception <a 'java/lang/NoSuchMethodError'{0x00000000877531f0}: <clinit>> (0x00000000877531f0) thrown at [./src/hotspot/share/prims/jni.cpp, line 1366]
Event: 52.489 Thread 0x0000019fafbf5000 Exception <a 'java/lang/NoSuchMethodError'{0x00000000877861f8}: <clinit>> (0x00000000877861f8) thrown at [./src/hotspot/share/prims/jni.cpp, line 1366]
Event: 52.495 Thread 0x0000019fafbf5000 Exception <a 'java/lang/NoSuchMethodError'{0x00000000877b4030}: <clinit>> (0x00000000877b4030) thrown at [./src/hotspot/share/prims/jni.cpp, line 1366]
Event: 52.499 Thread 0x0000019fafbf5000 Exception <a 'java/lang/NoSuchMethodError'{0x00000000877c67a8}: <clinit>> (0x00000000877c67a8) thrown at [./src/hotspot/share/prims/jni.cpp, line 1366]
Event: 55.537 Thread 0x0000019fb6f29000 Exception <a 'sun/nio/fs/WindowsException'{0x000000008930ea88}> (0x000000008930ea88) thrown at [./src/hotspot/share/prims/jni.cpp, line 616]
Event: 55.665 Thread 0x0000019fb6f29000 Exception <a 'java/lang/NoSuchMethodError'{0x0000000088e4ae08}: 'java.lang.Object java.lang.invoke.DirectMethodHandle$Holder.newInvokeSpecial(java.lang.Object, int)'> (0x0000000088e4ae08) thrown at [./src/hotspot/share/interpreter/linkResolver.cpp, line 773]
Event: 56.367 Thread 0x0000019fb6f29000 Exception <a 'java/lang/NoSuchMethodError'{0x0000000089f39ea0}: 'java.lang.Object java.lang.invoke.DirectMethodHandle$Holder.invokeStaticInit(java.lang.Object, java.lang.Object, java.lang.Object, java.lang.Object, java.lang.Object, java.lang.Object, java.lang.Object, java.lang.Object, java.lang.Object, java.lang.Object, java.lang.Object, java.lang.Object, java.lang.Object, java.lang.Object, java.lang.Object, java.lang.Object, java.lang.Object, java.lang.Object, int, java.lang.Object, java.lang.Object)'> (0
Event: 56.955 Thread 0x0000019fb6f27800 Exception <a 'java/lang/NoSuchMethodError'{0x0000000088d346d0}: 'void java.lang.invoke.DirectMethodHandle$Holder.invokeStatic(java.lang.Object, long)'> (0x0000000088d346d0) thrown at [./src/hotspot/share/interpreter/linkResolver.cpp, line 773]
Event: 56.957 Thread 0x0000019fb6f27800 Exception <a 'java/lang/NoSuchMethodError'{0x0000000088bb4760}: 'java.lang.Object java.lang.invoke.DirectMethodHandle$Holder.invokeStatic(java.lang.Object, long)'> (0x0000000088bb4760) thrown at [./src/hotspot/share/interpreter/linkResolver.cpp, line 773]
Event: 56.964 Thread 0x0000019fb6f27800 Exception <a 'java/lang/NoSuchMethodError'{0x0000000088bc2ac8}: 'java.lang.Object java.lang.invoke.DirectMethodHandle$Holder.invokeStaticInit(java.lang.Object, java.lang.Object, long, java.lang.Object)'> (0x0000000088bc2ac8) thrown at [./src/hotspot/share/interpreter/linkResolver.cpp, line 773]
Event: 56.965 Thread 0x0000019fb6f27800 Exception <a 'java/lang/NoSuchMethodError'{0x0000000088bc8c60}: 'java.lang.Object java.lang.invoke.DirectMethodHandle$Holder.invokeStatic(java.lang.Object, java.lang.Object, long)'> (0x0000000088bc8c60) thrown at [./src/hotspot/share/interpreter/linkResolver.cpp, line 773]
Event: 56.967 Thread 0x0000019fb6f27800 Exception <a 'java/lang/NoSuchMethodError'{0x0000000088bcf1d8}: 'java.lang.Object java.lang.invoke.Invokers$Holder.linkToTargetMethod(java.lang.Object, long, java.lang.Object)'> (0x0000000088bcf1d8) thrown at [./src/hotspot/share/interpreter/linkResolver.cpp, line 773]
Event: 57.441 Thread 0x0000019fb6f27800 Exception <a 'java/lang/NoSuchMethodError'{0x000000008cd9a830}: 'int java.lang.invoke.DirectMethodHandle$Holder.invokeSpecialIFC(java.lang.Object, java.lang.Object, java.lang.Object)'> (0x000000008cd9a830) thrown at [./src/hotspot/share/interpreter/linkResolver.cpp, line 773]
Event: 58.232 Thread 0x0000019fb9918000 Exception <a 'java/lang/IncompatibleClassChangeError'{0x000000008c0278e8}: Found class java.lang.Object, but interface was expected> (0x000000008c0278e8) thrown at [./src/hotspot/share/interpreter/linkResolver.cpp, line 839]
Event: 58.242 Thread 0x0000019fb9918000 Exception <a 'java/lang/IncompatibleClassChangeError'{0x000000008bdaeb50}: Found class java.lang.Object, but interface was expected> (0x000000008bdaeb50) thrown at [./src/hotspot/share/interpreter/linkResolver.cpp, line 839]
Event: 58.242 Thread 0x0000019fb9919800 Exception <a 'java/lang/IncompatibleClassChangeError'{0x000000008bdbdba0}: Found class java.lang.Object, but interface was expected> (0x000000008bdbdba0) thrown at [./src/hotspot/share/interpreter/linkResolver.cpp, line 839]
Event: 58.243 Thread 0x0000019fb991a800 Exception <a 'java/lang/IncompatibleClassChangeError'{0x000000008bd89ec0}: Found class java.lang.Object, but interface was expected> (0x000000008bd89ec0) thrown at [./src/hotspot/share/interpreter/linkResolver.cpp, line 839]
Event: 58.244 Thread 0x0000019fb991a800 Exception <a 'java/lang/IncompatibleClassChangeError'{0x000000008bdc8408}: Found class java.lang.Object, but interface was expected> (0x000000008bdc8408) thrown at [./src/hotspot/share/interpreter/linkResolver.cpp, line 839]

Events (20 events):
Event: 58.469 loading class com/android/tools/r8/graph/N2 done
Event: 58.470 loading class com/android/tools/r8/internal/qK
Event: 58.470 loading class com/android/tools/r8/internal/qK done
Event: 58.470 loading class com/android/tools/r8/internal/vK
Event: 58.470 loading class com/android/tools/r8/internal/vK done
Event: 58.473 loading class com/android/tools/r8/internal/kl
Event: 58.473 loading class com/android/tools/r8/internal/kl done
Event: 58.499 loading class com/android/tools/r8/internal/pG
Event: 58.499 loading class com/android/tools/r8/internal/pG done
Event: 58.709 Executing VM operation: G1CollectForAllocation
Event: 58.772 Executing VM operation: G1CollectForAllocation done
Event: 59.216 Executing VM operation: G1CollectForAllocation
Event: 59.257 Executing VM operation: G1CollectForAllocation done
Event: 59.801 Executing VM operation: CGC_Operation
Event: 59.831 Executing VM operation: CGC_Operation done
Event: 59.895 Executing VM operation: G1CollectForAllocation
Event: 59.927 Executing VM operation: G1CollectForAllocation done
Event: 60.133 Executing VM operation: CGC_Operation
Event: 60.135 Executing VM operation: CGC_Operation done
Event: 60.159 Executing VM operation: G1CollectForAllocation


Dynamic libraries:
0x00007ff6bfb80000 - 0x00007ff6bfb8a000 	C:\Program Files\Android\Android Studio\jre\bin\java.exe
0x00007ffbf7470000 - 0x00007ffbf7668000 	C:\WINDOWS\SYSTEM32\ntdll.dll
0x00007ffbf7370000 - 0x00007ffbf742f000 	C:\WINDOWS\System32\KERNEL32.DLL
0x00007ffbf4ce0000 - 0x00007ffbf4fb2000 	C:\WINDOWS\System32\KERNELBASE.dll
0x00007ffbf5320000 - 0x00007ffbf5420000 	C:\WINDOWS\System32\ucrtbase.dll
0x00007ffbed430000 - 0x00007ffbed449000 	C:\Program Files\Android\Android Studio\jre\bin\jli.dll
0x00007ffbedf50000 - 0x00007ffbedf67000 	C:\Program Files\Android\Android Studio\jre\bin\VCRUNTIME140.dll
0x00007ffbf54b0000 - 0x00007ffbf5651000 	C:\WINDOWS\System32\USER32.dll
0x00007ffbe6460000 - 0x00007ffbe66fa000 	C:\WINDOWS\WinSxS\amd64_microsoft.windows.common-controls_6595b64144ccf1df_6.0.19041.1110_none_60b5254171f9507e\COMCTL32.dll
0x00007ffbf4cb0000 - 0x00007ffbf4cd2000 	C:\WINDOWS\System32\win32u.dll
0x00007ffbf6650000 - 0x00007ffbf66ee000 	C:\WINDOWS\System32\msvcrt.dll
0x00007ffbf7290000 - 0x00007ffbf72bb000 	C:\WINDOWS\System32\GDI32.dll
0x00007ffbf4fc0000 - 0x00007ffbf50cf000 	C:\WINDOWS\System32\gdi32full.dll
0x00007ffbf50d0000 - 0x00007ffbf516d000 	C:\WINDOWS\System32\msvcp_win.dll
0x00007ffbf7250000 - 0x00007ffbf7282000 	C:\WINDOWS\System32\IMM32.DLL
0x00007ffbeda40000 - 0x00007ffbedadd000 	C:\Program Files\Android\Android Studio\jre\bin\msvcp140.dll
0x00007ffbcfa30000 - 0x00007ffbd0532000 	C:\Program Files\Android\Android Studio\jre\bin\server\jvm.dll
0x00007ffbf65a0000 - 0x00007ffbf664e000 	C:\WINDOWS\System32\ADVAPI32.dll
0x00007ffbf72c0000 - 0x00007ffbf735c000 	C:\WINDOWS\System32\sechost.dll
0x00007ffbf6a80000 - 0x00007ffbf6ba5000 	C:\WINDOWS\System32\RPCRT4.dll
0x00007ffbf7360000 - 0x00007ffbf7368000 	C:\WINDOWS\System32\PSAPI.DLL
0x00007ffbeec60000 - 0x00007ffbeec69000 	C:\WINDOWS\SYSTEM32\WSOCK32.dll
0x00007ffbec700000 - 0x00007ffbec727000 	C:\WINDOWS\SYSTEM32\WINMM.dll
0x00007ffbf6890000 - 0x00007ffbf68fb000 	C:\WINDOWS\System32\WS2_32.dll
0x00007ffbec730000 - 0x00007ffbec73a000 	C:\WINDOWS\SYSTEM32\VERSION.dll
0x00007ffbf2a20000 - 0x00007ffbf2a32000 	C:\WINDOWS\SYSTEM32\kernel.appcore.dll
0x00007ffbedf30000 - 0x00007ffbedf41000 	C:\Program Files\Android\Android Studio\jre\bin\verify.dll
0x00007ffbdf6e0000 - 0x00007ffbdf8c4000 	C:\WINDOWS\SYSTEM32\DBGHELP.DLL
0x00007ffbdf6a0000 - 0x00007ffbdf6d5000 	C:\WINDOWS\SYSTEM32\dbgcore.DLL
0x00007ffbf5420000 - 0x00007ffbf54a2000 	C:\WINDOWS\System32\bcryptPrimitives.dll
0x00007ffbedc90000 - 0x00007ffbedcb9000 	C:\Program Files\Android\Android Studio\jre\bin\java.dll
0x00007ffbedf20000 - 0x00007ffbedf2b000 	C:\Program Files\Android\Android Studio\jre\bin\jimage.dll
0x00007ffbedb30000 - 0x00007ffbedb48000 	C:\Program Files\Android\Android Studio\jre\bin\zip.dll
0x00007ffbf5e50000 - 0x00007ffbf6594000 	C:\WINDOWS\System32\SHELL32.dll
0x00007ffbf2c20000 - 0x00007ffbf33b2000 	C:\WINDOWS\SYSTEM32\windows.storage.dll
0x00007ffbf6d40000 - 0x00007ffbf7095000 	C:\WINDOWS\System32\combase.dll
0x00007ffbf44e0000 - 0x00007ffbf4510000 	C:\WINDOWS\SYSTEM32\Wldp.dll
0x00007ffbf5c60000 - 0x00007ffbf5d0d000 	C:\WINDOWS\System32\SHCORE.dll
0x00007ffbf6a20000 - 0x00007ffbf6a75000 	C:\WINDOWS\System32\shlwapi.dll
0x00007ffbf4aa0000 - 0x00007ffbf4abf000 	C:\WINDOWS\SYSTEM32\profapi.dll
0x00007ffbedb10000 - 0x00007ffbedb2a000 	C:\Program Files\Android\Android Studio\jre\bin\net.dll
0x00007ffbeaf80000 - 0x00007ffbeb08c000 	C:\WINDOWS\SYSTEM32\WINHTTP.dll
0x00007ffbf4240000 - 0x00007ffbf42aa000 	C:\WINDOWS\system32\mswsock.dll
0x00007ffbedaf0000 - 0x00007ffbedb04000 	C:\Program Files\Android\Android Studio\jre\bin\nio.dll
0x00007ffbe6700000 - 0x00007ffbe6727000 	C:\Users\acer\.gradle\native\e1d6ef7f7dcc3fd88c89a11ec53ec762bb8ba0a96d01ffa2cd45eb1d1d8dd5c5\windows-amd64\native-platform.dll
0x00007ffbb1560000 - 0x00007ffbb16a4000 	C:\Users\acer\.gradle\native\0d407fdbe67a94daf76414ababcb853783967236a71b16ec16e742cd7a986fd3\windows-amd64\native-platform-file-events.dll
0x00007ffbedf10000 - 0x00007ffbedf1a000 	C:\Program Files\Android\Android Studio\jre\bin\management.dll
0x00007ffbedae0000 - 0x00007ffbedaed000 	C:\Program Files\Android\Android Studio\jre\bin\management_ext.dll
0x00007ffbf4430000 - 0x00007ffbf4448000 	C:\WINDOWS\SYSTEM32\CRYPTSP.dll
0x00007ffbf3b60000 - 0x00007ffbf3b94000 	C:\WINDOWS\system32\rsaenh.dll
0x00007ffbf4b60000 - 0x00007ffbf4b87000 	C:\WINDOWS\System32\bcrypt.dll
0x00007ffbf4a20000 - 0x00007ffbf4a4e000 	C:\WINDOWS\SYSTEM32\USERENV.dll
0x00007ffbf4450000 - 0x00007ffbf445c000 	C:\WINDOWS\SYSTEM32\CRYPTBASE.dll
0x00007ffbf3f30000 - 0x00007ffbf3f6b000 	C:\WINDOWS\SYSTEM32\IPHLPAPI.DLL
0x00007ffbf66f0000 - 0x00007ffbf66f8000 	C:\WINDOWS\System32\NSI.dll
0x00007ffbec150000 - 0x00007ffbec167000 	C:\WINDOWS\SYSTEM32\dhcpcsvc6.DLL
0x00007ffbec740000 - 0x00007ffbec75d000 	C:\WINDOWS\SYSTEM32\dhcpcsvc.DLL
0x00007ffbf3f70000 - 0x00007ffbf403a000 	C:\WINDOWS\SYSTEM32\DNSAPI.dll
0x00007ffbed7a0000 - 0x00007ffbed7c7000 	C:\Program Files\Android\Android Studio\jre\bin\sunec.dll
0x00007ffbe3aa0000 - 0x00007ffbe3aaa000 	C:\Windows\System32\rasadhlp.dll

dbghelp: loaded successfully - version: 4.0.5 - missing functions: none
symbol engine: initialized successfully - sym options: 0x614 - pdb path: .;C:\Program Files\Android\Android Studio\jre\bin;C:\WINDOWS\SYSTEM32;C:\WINDOWS\WinSxS\amd64_microsoft.windows.common-controls_6595b64144ccf1df_6.0.19041.1110_none_60b5254171f9507e;C:\Program Files\Android\Android Studio\jre\bin\server;C:\Users\acer\.gradle\native\e1d6ef7f7dcc3fd88c89a11ec53ec762bb8ba0a96d01ffa2cd45eb1d1d8dd5c5\windows-amd64;C:\Users\acer\.gradle\native\0d407fdbe67a94daf76414ababcb853783967236a71b16ec16e742cd7a986fd3\windows-amd64

VM Arguments:
jvm_args: --add-opens=java.base/java.util=ALL-UNNAMED --add-opens=java.base/java.lang=ALL-UNNAMED --add-opens=java.base/java.lang.invoke=ALL-UNNAMED --add-opens=java.base/java.util=ALL-UNNAMED --add-opens=java.prefs/java.util.prefs=ALL-UNNAMED --add-opens=java.prefs/java.util.prefs=ALL-UNNAMED --add-opens=java.base/java.nio.charset=ALL-UNNAMED --add-opens=java.base/java.net=ALL-UNNAMED --add-opens=java.base/java.util.concurrent.atomic=ALL-UNNAMED -Xmx2048m -Dfile.encoding=UTF-8 -Duser.country=IN -Duser.language=en -Duser.variant 
java_command: org.gradle.launcher.daemon.bootstrap.GradleDaemon 7.4
java_class_path (initial): C:\Users\acer\.gradle\wrapper\dists\gradle-7.4-bin\c0gwcg53nkjbqw7r0h0umtfvt\gradle-7.4\lib\gradle-launcher-7.4.jar
Launcher Type: SUN_STANDARD

[Global flags]
     intx CICompilerCount                          = 3                                         {product} {ergonomic}
     uint ConcGCThreads                            = 1                                         {product} {ergonomic}
     uint G1ConcRefinementThreads                  = 4                                         {product} {ergonomic}
   size_t G1HeapRegionSize                         = 1048576                                   {product} {ergonomic}
    uintx GCDrainStackTargetSize                   = 64                                        {product} {ergonomic}
   size_t InitialHeapSize                          = 117440512                                 {product} {ergonomic}
   size_t MarkStackSize                            = 4194304                                   {product} {ergonomic}
   size_t MaxHeapSize                              = 2147483648                                {product} {command line}
   size_t MaxNewSize                               = 1287651328                                {product} {ergonomic}
   size_t MinHeapDeltaBytes                        = 1048576                                   {product} {ergonomic}
    uintx NonNMethodCodeHeapSize                   = 5830732                                {pd product} {ergonomic}
    uintx NonProfiledCodeHeapSize                  = 122913754                              {pd product} {ergonomic}
    uintx ProfiledCodeHeapSize                     = 122913754                              {pd product} {ergonomic}
    uintx ReservedCodeCacheSize                    = 251658240                              {pd product} {ergonomic}
     bool SegmentedCodeCache                       = true                                      {product} {ergonomic}
     bool UseCompressedClassPointers               = true                                 {lp64_product} {ergonomic}
     bool UseCompressedOops                        = true                                 {lp64_product} {ergonomic}
     bool UseG1GC                                  = true                                      {product} {ergonomic}
     bool UseLargePagesIndividualAllocation        = false                                  {pd product} {ergonomic}

Logging:
Log output configuration:
 #0: stdout all=warning uptime,level,tags
 #1: stderr all=off uptime,level,tags

Environment Variables:
JAVA_HOME=C:\Program Files\Java\jdk-18.0.2
PATH=C:\Program Files\Common Files\Oracle\Java\javapath;C:\WINDOWS\system32;C:\WINDOWS;C:\WINDOWS\System32\Wbem;C:\WINDOWS\System32\WindowsPowerShell\v1.0\;C:\WINDOWS\System32\OpenSSH\;C:\Program Files\nodejs;C:\Program Files\dotnet\;C:\Program Files\nodejs\;C:\Users\acer\AppData\Local\Android\Sdk\platform-tools;C:\Users\acer\AppData\Local\Android\Sdk;C:\ProgramData\chocolatey\bin;C:\Program Files\Git\cmd;C:\Users\acer\AppData\Local\Microsoft\WindowsApps;C:\Program Files\JetBrains\PyCharm Community Edition 2021.2.2\bin;;C:\Program Files\nodejs;C:\Program Files\JetBrains\IntelliJ IDEA Community Edition 2022.2.1\bin;;C:\Users\acer\AppData\Roaming\npm;C:\Users\acer\AppData\Local\Programs\Microsoft VS Code\bin;C:\Users\acer\AppData\Local\Android\Sdk\platform-tools;
USERNAME=shergill
OS=Windows_NT
PROCESSOR_IDENTIFIER=AMD64 Family 22 Model 48 Stepping 1, AuthenticAMD



---------------  S Y S T E M  ---------------

OS: Windows 10 , 64 bit Build 19041 (10.0.19041.2251)
OS uptime: 0 days 12:26 hours

CPU:total 4 (initial active 4) (4 cores per cpu, 1 threads per core) family 22 model 48 stepping 1 microcode 0x0, cmov, cx8, fxsr, mmx, sse, sse2, sse3, ssse3, sse4.1, sse4.2, popcnt, avx, aes, clmul, mmxext, 3dnowpref, lzcnt, sse4a, tsc, tscinvbit, tscinv, bmi1

Memory: 4k page, system-wide physical 7094M (1263M free)
TotalPageFile size 8476M (AvailPageFile size 29M)
current process WorkingSet (physical memory assigned to process): 497M, peak: 500M
current process commit charge ("private bytes"): 531M, peak: 573M

vm_info: OpenJDK 64-Bit Server VM (11.0.13+0-b1751.21-8125866) for windows-amd64 JRE (11.0.13+0-b1751.21-8125866), built on Feb  2 2022 03:00:22 by "builder" with MS VC++ 14.0 (VS2015)

END.
