#
# There is insufficient memory for the Java Runtime Environment to continue.
# Native memory allocation (mmap) failed to map 34603008 bytes for Failed to commit area from 0x000000008a200000 to 0x000000008c300000 of length 34603008.
# Possible reasons:
#   The system is out of physical RAM or swap space
#   The process is running with CompressedOops enabled, and the Java Heap may be blocking the growth of the native heap
# Possible solutions:
#   Reduce memory load on the system
#   Increase physical memory or swap space
#   Check if swap backing store is full
#   Decrease Java heap size (-Xmx/-Xms)
#   Decrease number of Java threads
#   Decrease Java thread stack sizes (-Xss)
#   Set larger code cache with -XX:ReservedCodeCacheSize=
#   JVM is running with Unscaled Compressed Oops mode in which the Java heap is
#     placed in the first 4GB address space. The Java Heap base address is the
#     maximum limit for the native heap growth. Please use -XX:HeapBaseMinAddress
#     to set the Java Heap base and to place the Java Heap above 4GB virtual address.
# This output file may be truncated or incomplete.
#
#  Out of Memory Error (./src/hotspot/os/windows/os_windows.cpp:3619), pid=5040, tid=10504
#
# JRE version: OpenJDK Runtime Environment (11.0.13) (build 11.0.13+0-b1751.21-8125866)
# Java VM: OpenJDK 64-Bit Server VM (11.0.13+0-b1751.21-8125866, mixed mode, tiered, compressed oops, g1 gc, windows-amd64)
# No core dump will be written. Minidumps are not enabled by default on client versions of Windows
#

---------------  S U M M A R Y ------------

Command Line: --add-opens=java.base/java.util=ALL-UNNAMED --add-opens=java.base/java.lang=ALL-UNNAMED --add-opens=java.base/java.lang.invoke=ALL-UNNAMED --add-opens=java.base/java.util=ALL-UNNAMED --add-opens=java.prefs/java.util.prefs=ALL-UNNAMED --add-opens=java.prefs/java.util.prefs=ALL-UNNAMED --add-opens=java.base/java.nio.charset=ALL-UNNAMED --add-opens=java.base/java.net=ALL-UNNAMED --add-opens=java.base/java.util.concurrent.atomic=ALL-UNNAMED -Xmx2048m -Dfile.encoding=UTF-8 -Duser.country=IN -Duser.language=en -Duser.variant org.gradle.launcher.daemon.bootstrap.GradleDaemon 7.4

Host: AMD A6-7310 APU with AMD Radeon R4 Graphics    , 4 cores, 6G,  Windows 10 , 64 bit Build 19041 (10.0.19041.2251)
Time: Thu Dec 29 09:55:39 2022 India Standard Time elapsed time: 42.347045 seconds (0d 0h 0m 42s)

---------------  T H R E A D  ---------------

Current thread (0x000001687fbb4800):  VMThread "VM Thread" [stack: 0x0000003c55e00000,0x0000003c55f00000] [id=10504]

Stack: [0x0000003c55e00000,0x0000003c55f00000]
[error occurred during error reporting (printing stack bounds), id 0xc0000005, EXCEPTION_ACCESS_VIOLATION (0xc0000005) at pc=0x000001680000112d]

Native frames: (J=compiled Java code, j=interpreted, Vv=VM code, C=native code)
V  [jvm.dll+0x6100fa]
V  [jvm.dll+0x747090]
V  [jvm.dll+0x7486ad]
V  [jvm.dll+0x748ce5]
V  [jvm.dll+0x748c9b]
V  [jvm.dll+0x60f224]
V  [jvm.dll+0x60f9b8]
C  [ntdll.dll+0xa241f]
C  [ntdll.dll+0x514a4]
C  [ntdll.dll+0xa0f4e]
C  0x000001680000112d

VM_Operation (0x0000003c599fd550): G1CollectForAllocation, mode: safepoint, requested by thread 0x0000016811e25000


---------------  P R O C E S S  ---------------

Threads class SMR info:
_java_thread_list=0x00000168174d1180, length=88, elements={
0x0000016876fcd800, 0x000001687fbb8800, 0x000001687fbc6800, 0x000001687fbd5000,
0x000001687fbd6000, 0x000001687fbd9800, 0x000001687fbdf000, 0x000001687fbe5000,
0x000001687fbe9000, 0x000001681195d000, 0x0000016813b49800, 0x0000016813e51800,
0x00000168130e3000, 0x0000016813146800, 0x0000016813303800, 0x0000016811f59800,
0x0000016813e69800, 0x00000168123f8000, 0x0000016811eb1000, 0x0000016812ddd000,
0x00000168129a2800, 0x000001681299d800, 0x000001681299f000, 0x000001681299e000,
0x00000168129a0000, 0x000001681299c800, 0x00000168129a0800, 0x00000168129a3000,
0x00000168129a1800, 0x0000016813957800, 0x0000016813957000, 0x0000016813959800,
0x0000016813955800, 0x000001681395b000, 0x0000016813956000, 0x000001681395c000,
0x0000016811e1c000, 0x0000016811e1d800, 0x0000016811e17800, 0x0000016811e19800,
0x0000016811e1e000, 0x0000016811e1a000, 0x0000016811e18800, 0x0000016811e1f000,
0x0000016811e1c800, 0x0000016811e20000, 0x0000016811e20800, 0x0000016811e1b000,
0x0000016811e23000, 0x0000016811e25800, 0x0000016811e26800, 0x0000016811e21800,
0x0000016811e22800, 0x0000016811e24000, 0x0000016811e25000, 0x0000016812644800,
0x0000016812647000, 0x0000016812648800, 0x0000016812644000, 0x0000016812645800,
0x0000016812648000, 0x0000016812646800, 0x0000016812643000, 0x0000016812649800,
0x000001681286c800, 0x000001681286b000, 0x000001681286d800, 0x000001681286e800,
0x000001681286f000, 0x0000016812871800, 0x0000016812870000, 0x0000016812870800,
0x000001681286c000, 0x0000016812876800, 0x0000016812875800, 0x0000016812877000,
0x0000016812878000, 0x0000016812872800, 0x000001681768f800, 0x0000016812879000,
0x0000016812873000, 0x0000016812879800, 0x0000016815537800, 0x000001681553a000,
0x0000016815539000, 0x000001681553a800, 0x0000016815538800, 0x000001681553b800
}

Java Threads: ( => current thread )
  0x0000016876fcd800 JavaThread "main" [_thread_blocked, id=9628, stack(0x0000003c55800000,0x0000003c55900000)]
  0x000001687fbb8800 JavaThread "Reference Handler" daemon [_thread_blocked, id=8408, stack(0x0000003c55f00000,0x0000003c56000000)]
  0x000001687fbc6800 JavaThread "Finalizer" daemon [_thread_blocked, id=8504, stack(0x0000003c56000000,0x0000003c56100000)]
  0x000001687fbd5000 JavaThread "Signal Dispatcher" daemon [_thread_blocked, id=9908, stack(0x0000003c56100000,0x0000003c56200000)]
  0x000001687fbd6000 JavaThread "Attach Listener" daemon [_thread_blocked, id=908, stack(0x0000003c56200000,0x0000003c56300000)]
  0x000001687fbd9800 JavaThread "Service Thread" daemon [_thread_blocked, id=9820, stack(0x0000003c56300000,0x0000003c56400000)]
  0x000001687fbdf000 JavaThread "C2 CompilerThread0" daemon [_thread_in_native, id=4652, stack(0x0000003c56400000,0x0000003c56500000)]
  0x000001687fbe5000 JavaThread "C1 CompilerThread0" daemon [_thread_blocked, id=10508, stack(0x0000003c56500000,0x0000003c56600000)]
  0x000001687fbe9000 JavaThread "Sweeper thread" daemon [_thread_blocked, id=1624, stack(0x0000003c56600000,0x0000003c56700000)]
  0x000001681195d000 JavaThread "Common-Cleaner" daemon [_thread_blocked, id=3680, stack(0x0000003c56700000,0x0000003c56800000)]
  0x0000016813b49800 JavaThread "Daemon health stats" [_thread_blocked, id=692, stack(0x0000003c56b00000,0x0000003c56c00000)]
  0x0000016813e51800 JavaThread "Incoming local TCP Connector on port 51683" [_thread_in_native, id=3972, stack(0x0000003c56900000,0x0000003c56a00000)]
  0x00000168130e3000 JavaThread "Daemon periodic checks" [_thread_blocked, id=2844, stack(0x0000003c56c00000,0x0000003c56d00000)]
  0x0000016813146800 JavaThread "Daemon" [_thread_blocked, id=6036, stack(0x0000003c56d00000,0x0000003c56e00000)]
  0x0000016813303800 JavaThread "Handler for socket connection from /127.0.0.1:51683 to /127.0.0.1:51684" [_thread_in_native, id=5724, stack(0x0000003c56e00000,0x0000003c56f00000)]
  0x0000016811f59800 JavaThread "Cancel handler" [_thread_blocked, id=10068, stack(0x0000003c57100000,0x0000003c57200000)]
  0x0000016813e69800 JavaThread "Daemon worker" [_thread_blocked, id=2948, stack(0x0000003c57200000,0x0000003c57300000)]
  0x00000168123f8000 JavaThread "Asynchronous log dispatcher for DefaultDaemonConnection: socket connection from /127.0.0.1:51683 to /127.0.0.1:51684" [_thread_blocked, id=3020, stack(0x0000003c57300000,0x0000003c57400000)]
  0x0000016811eb1000 JavaThread "Stdin handler" [_thread_blocked, id=540, stack(0x0000003c57400000,0x0000003c57500000)]
  0x0000016812ddd000 JavaThread "Daemon client event forwarder" [_thread_blocked, id=572, stack(0x0000003c57500000,0x0000003c57600000)]
  0x00000168129a2800 JavaThread "Cache worker for journal cache (C:\Users\acer\.gradle\caches\journal-1)" [_thread_blocked, id=4656, stack(0x0000003c57600000,0x0000003c57700000)]
  0x000001681299d800 JavaThread "File lock request listener" [_thread_in_native, id=5176, stack(0x0000003c57700000,0x0000003c57800000)]
  0x000001681299f000 JavaThread "Cache worker for file hash cache (C:\Users\acer\.gradle\caches\7.4\fileHashes)" [_thread_blocked, id=4344, stack(0x0000003c57800000,0x0000003c57900000)]
  0x000001681299e000 JavaThread "File watcher server" daemon [_thread_blocked, id=8448, stack(0x0000003c57900000,0x0000003c57a00000)]
  0x00000168129a0000 JavaThread "File watcher consumer" daemon [_thread_blocked, id=5568, stack(0x0000003c57a00000,0x0000003c57b00000)]
  0x000001681299c800 JavaThread "Cache worker for checksums cache (C:\Users\acer\AndroidStudioProjects\CoroutineScope\.gradle\7.4\checksums)" [_thread_blocked, id=3272, stack(0x0000003c57b00000,0x0000003c57c00000)]
  0x00000168129a0800 JavaThread "Cache worker for cache directory md-rule (C:\Users\acer\.gradle\caches\7.4\md-rule)" [_thread_blocked, id=1448, stack(0x0000003c57c00000,0x0000003c57d00000)]
  0x00000168129a3000 JavaThread "Cache worker for file hash cache (C:\Users\acer\AndroidStudioProjects\CoroutineScope\.gradle\7.4\fileHashes)" [_thread_blocked, id=2684, stack(0x0000003c57e00000,0x0000003c57f00000)]
  0x00000168129a1800 JavaThread "Cache worker for cache directory md-supplier (C:\Users\acer\.gradle\caches\7.4\md-supplier)" [_thread_blocked, id=8460, stack(0x0000003c57f00000,0x0000003c58000000)]
  0x0000016813957800 JavaThread "Cache worker for execution history cache (C:\Users\acer\.gradle\caches\7.4\executionHistory)" [_thread_blocked, id=6868, stack(0x0000003c58000000,0x0000003c58100000)]
  0x0000016813957000 JavaThread "jar transforms" [_thread_blocked, id=6736, stack(0x0000003c58100000,0x0000003c58200000)]
  0x0000016813959800 JavaThread "Cache worker for file content cache (C:\Users\acer\.gradle\caches\7.4\fileContent)" [_thread_blocked, id=10276, stack(0x0000003c58200000,0x0000003c58300000)]
  0x0000016813955800 JavaThread "jar transforms Thread 2" [_thread_blocked, id=10940, stack(0x0000003c58300000,0x0000003c58400000)]
  0x000001681395b000 JavaThread "Cache worker for dependencies-accessors (C:\Users\acer\AndroidStudioProjects\CoroutineScope\.gradle\7.4\dependencies-accessors)" [_thread_blocked, id=6676, stack(0x0000003c58400000,0x0000003c58500000)]
  0x0000016813956000 JavaThread "jar transforms Thread 3" [_thread_blocked, id=10004, stack(0x0000003c58500000,0x0000003c58600000)]
  0x000001681395c000 JavaThread "Cache worker for Build Output Cleanup Cache (C:\Users\acer\AndroidStudioProjects\CoroutineScope\.gradle\buildOutputCleanup)" [_thread_blocked, id=4920, stack(0x0000003c58600000,0x0000003c58700000)]
  0x0000016811e1c000 JavaThread "Unconstrained build operations" [_thread_blocked, id=2156, stack(0x0000003c58700000,0x0000003c58800000)]
  0x0000016811e1d800 JavaThread "Unconstrained build operations Thread 2" [_thread_blocked, id=5376, stack(0x0000003c58800000,0x0000003c58900000)]
  0x0000016811e17800 JavaThread "Unconstrained build operations Thread 3" [_thread_blocked, id=10156, stack(0x0000003c58900000,0x0000003c58a00000)]
  0x0000016811e19800 JavaThread "Unconstrained build operations Thread 4" [_thread_blocked, id=10548, stack(0x0000003c58a00000,0x0000003c58b00000)]
  0x0000016811e1e000 JavaThread "Unconstrained build operations Thread 5" [_thread_blocked, id=4528, stack(0x0000003c58b00000,0x0000003c58c00000)]
  0x0000016811e1a000 JavaThread "Unconstrained build operations Thread 6" [_thread_blocked, id=6336, stack(0x0000003c58c00000,0x0000003c58d00000)]
  0x0000016811e18800 JavaThread "Unconstrained build operations Thread 7" [_thread_blocked, id=9416, stack(0x0000003c58d00000,0x0000003c58e00000)]
  0x0000016811e1f000 JavaThread "Unconstrained build operations Thread 8" [_thread_blocked, id=3620, stack(0x0000003c58e00000,0x0000003c58f00000)]
  0x0000016811e1c800 JavaThread "Unconstrained build operations Thread 9" [_thread_blocked, id=8236, stack(0x0000003c58f00000,0x0000003c59000000)]
  0x0000016811e20000 JavaThread "Unconstrained build operations Thread 10" [_thread_blocked, id=1072, stack(0x0000003c59000000,0x0000003c59100000)]
  0x0000016811e20800 JavaThread "Unconstrained build operations Thread 11" [_thread_blocked, id=2772, stack(0x0000003c59100000,0x0000003c59200000)]
  0x0000016811e1b000 JavaThread "Unconstrained build operations Thread 12" [_thread_blocked, id=9876, stack(0x0000003c59200000,0x0000003c59300000)]
  0x0000016811e23000 JavaThread "Unconstrained build operations Thread 13" [_thread_blocked, id=10248, stack(0x0000003c59300000,0x0000003c59400000)]
  0x0000016811e25800 JavaThread "Unconstrained build operations Thread 14" [_thread_blocked, id=6564, stack(0x0000003c59400000,0x0000003c59500000)]
  0x0000016811e26800 JavaThread "Unconstrained build operations Thread 15" [_thread_blocked, id=2132, stack(0x0000003c59500000,0x0000003c59600000)]
  0x0000016811e21800 JavaThread "Unconstrained build operations Thread 16" [_thread_blocked, id=7104, stack(0x0000003c59600000,0x0000003c59700000)]
  0x0000016811e22800 JavaThread "Unconstrained build operations Thread 17" [_thread_blocked, id=536, stack(0x0000003c59700000,0x0000003c59800000)]
  0x0000016811e24000 JavaThread "Unconstrained build operations Thread 18" [_thread_blocked, id=4968, stack(0x0000003c59800000,0x0000003c59900000)]
  0x0000016811e25000 JavaThread "Unconstrained build operations Thread 19" [_thread_blocked, id=2208, stack(0x0000003c59900000,0x0000003c59a00000)]
  0x0000016812644800 JavaThread "Unconstrained build operations Thread 20" [_thread_blocked, id=9296, stack(0x0000003c59a00000,0x0000003c59b00000)]
  0x0000016812647000 JavaThread "Unconstrained build operations Thread 21" [_thread_blocked, id=5236, stack(0x0000003c59b00000,0x0000003c59c00000)]
  0x0000016812648800 JavaThread "Unconstrained build operations Thread 22" [_thread_blocked, id=2956, stack(0x0000003c59c00000,0x0000003c59d00000)]
  0x0000016812644000 JavaThread "Unconstrained build operations Thread 23" [_thread_blocked, id=10560, stack(0x0000003c59d00000,0x0000003c59e00000)]
  0x0000016812645800 JavaThread "Unconstrained build operations Thread 24" [_thread_blocked, id=4844, stack(0x0000003c59e00000,0x0000003c59f00000)]
  0x0000016812648000 JavaThread "Unconstrained build operations Thread 25" [_thread_blocked, id=9184, stack(0x0000003c59f00000,0x0000003c5a000000)]
  0x0000016812646800 JavaThread "Unconstrained build operations Thread 26" [_thread_blocked, id=4272, stack(0x0000003c5a000000,0x0000003c5a100000)]
  0x0000016812643000 JavaThread "Unconstrained build operations Thread 27" [_thread_blocked, id=9924, stack(0x0000003c5a100000,0x0000003c5a200000)]
  0x0000016812649800 JavaThread "Unconstrained build operations Thread 28" [_thread_blocked, id=2164, stack(0x0000003c5a200000,0x0000003c5a300000)]
  0x000001681286c800 JavaThread "Unconstrained build operations Thread 29" [_thread_blocked, id=10984, stack(0x0000003c5a300000,0x0000003c5a400000)]
  0x000001681286b000 JavaThread "Unconstrained build operations Thread 30" [_thread_blocked, id=400, stack(0x0000003c5a400000,0x0000003c5a500000)]
  0x000001681286d800 JavaThread "Unconstrained build operations Thread 31" [_thread_blocked, id=6204, stack(0x0000003c5a500000,0x0000003c5a600000)]
  0x000001681286e800 JavaThread "Unconstrained build operations Thread 32" [_thread_blocked, id=7648, stack(0x0000003c5a600000,0x0000003c5a700000)]
  0x000001681286f000 JavaThread "Unconstrained build operations Thread 33" [_thread_blocked, id=5116, stack(0x0000003c5a700000,0x0000003c5a800000)]
  0x0000016812871800 JavaThread "Unconstrained build operations Thread 34" [_thread_blocked, id=5784, stack(0x0000003c5a800000,0x0000003c5a900000)]
  0x0000016812870000 JavaThread "Unconstrained build operations Thread 35" [_thread_blocked, id=10700, stack(0x0000003c5a900000,0x0000003c5aa00000)]
  0x0000016812870800 JavaThread "Unconstrained build operations Thread 36" [_thread_blocked, id=9496, stack(0x0000003c5aa00000,0x0000003c5ab00000)]
  0x000001681286c000 JavaThread "Unconstrained build operations Thread 37" [_thread_blocked, id=7020, stack(0x0000003c5ab00000,0x0000003c5ac00000)]
  0x0000016812876800 JavaThread "Unconstrained build operations Thread 38" [_thread_blocked, id=4608, stack(0x0000003c5ac00000,0x0000003c5ad00000)]
  0x0000016812875800 JavaThread "Unconstrained build operations Thread 39" [_thread_blocked, id=8204, stack(0x0000003c5ad00000,0x0000003c5ae00000)]
  0x0000016812877000 JavaThread "Unconstrained build operations Thread 40" [_thread_blocked, id=3888, stack(0x0000003c5ae00000,0x0000003c5af00000)]
  0x0000016812878000 JavaThread "jar transforms Thread 4" [_thread_blocked, id=1292, stack(0x0000003c5af00000,0x0000003c5b000000)]
  0x0000016812872800 JavaThread "Memory manager" [_thread_blocked, id=10460, stack(0x0000003c5b000000,0x0000003c5b100000)]
  0x000001681768f800 JavaThread "C2 CompilerThread1" daemon [_thread_blocked, id=3804, stack(0x0000003c57d00000,0x0000003c57e00000)]
  0x0000016812879000 JavaThread "build event listener" [_thread_blocked, id=3068, stack(0x0000003c5b100000,0x0000003c5b200000)]
  0x0000016812873000 JavaThread "pool-3-thread-1" [_thread_blocked, id=4640, stack(0x0000003c5b200000,0x0000003c5b300000)]
  0x0000016812879800 JavaThread "build event listener" [_thread_blocked, id=10596, stack(0x0000003c5b300000,0x0000003c5b400000)]
  0x0000016815537800 JavaThread "included builds" [_thread_blocked, id=4820, stack(0x0000003c5b400000,0x0000003c5b500000)]
  0x000001681553a000 JavaThread "Execution worker for ':'" [_thread_blocked, id=6152, stack(0x0000003c5b500000,0x0000003c5b600000)]
  0x0000016815539000 JavaThread "Execution worker for ':' Thread 2" [_thread_blocked, id=10672, stack(0x0000003c5b600000,0x0000003c5b700000)]
  0x000001681553a800 JavaThread "Execution worker for ':' Thread 3" [_thread_blocked, id=11092, stack(0x0000003c5b700000,0x0000003c5b800000)]
  0x0000016815538800 JavaThread "Cache worker for execution history cache (C:\Users\acer\AndroidStudioProjects\CoroutineScope\.gradle\7.4\executionHistory)" [_thread_blocked, id=7888, stack(0x0000003c5b800000,0x0000003c5b900000)]
  0x000001681553b800 JavaThread "WorkerExecutor Queue" [_thread_blocked, id=10796, stack(0x0000003c5bb00000,0x0000003c5bc00000)]

Other Threads:
=>0x000001687fbb4800 VMThread "VM Thread" [stack: 0x0000003c55e00000,0x0000003c55f00000] [id=10504]
  0x0000016811960800 WatcherThread [stack: 0x0000003c56800000,0x0000003c56900000] [id=5856]
  0x0000016876fe6800 GCTaskThread "GC Thread#0" [stack: 0x0000003c55900000,0x0000003c55a00000] [id=11088]
  0x0000016811f07800 GCTaskThread "GC Thread#1" [stack: 0x0000003c56a00000,0x0000003c56b00000] [id=10300]
  0x0000016813304800 GCTaskThread "GC Thread#2" [stack: 0x0000003c56f00000,0x0000003c57000000] [id=4292]
  0x0000016813c8f800 GCTaskThread "GC Thread#3" [stack: 0x0000003c57000000,0x0000003c57100000] [id=7504]
  0x0000016877018800 ConcurrentGCThread "G1 Main Marker" [stack: 0x0000003c55a00000,0x0000003c55b00000] [id=9352]
  0x0000016877019800 ConcurrentGCThread "G1 Conc#0" [stack: 0x0000003c55b00000,0x0000003c55c00000] [id=4636]
  0x0000016877093800 ConcurrentGCThread "G1 Refine#0" [stack: 0x0000003c55c00000,0x0000003c55d00000] [id=4720]
  0x0000016877094800 ConcurrentGCThread "G1 Young RemSet Sampling" [stack: 0x0000003c55d00000,0x0000003c55e00000] [id=332]

Threads with active compile tasks:
C2 CompilerThread0  42378 11118   !   4       org.gradle.internal.instantiation.generator.DependencyInjectingInstantiator::doCreate (64 bytes)
C2 CompilerThread1  42378 11183       4       com.google.common.collect.ImmutableMap$Builder::build (135 bytes)

VM state:at safepoint (normal execution)

VM Mutex/Monitor currently owned by a thread:  ([mutex/lock_event])
[0x0000016876fcab90] Threads_lock - owner thread: 0x000001687fbb4800
[0x0000016876fca050] Heap_lock - owner thread: 0x0000016811e25000

Heap address: 0x0000000080000000, size: 2048 MB, Compressed Oops mode: 32-bit
Narrow klass base: 0x0000000000000000, Narrow klass shift: 3
Compressed class space size: 1073741824 Address: 0x0000000100000000

Heap:
 garbage-first heap   total 199680K, used 92279K [0x0000000080000000, 0x0000000100000000)
  region size 1024K, 6 young (6144K), 6 survivors (6144K)
 Metaspace       used 95146K, capacity 97380K, committed 97588K, reserved 1134592K
  class space    used 12136K, capacity 13000K, committed 13036K, reserved 1048576K
Heap Regions: E=young(eden), S=young(survivor), O=old, HS=humongous(starts), HC=humongous(continues), CS=collection set, F=free, A=archive, TAMS=top-at-mark-start (previous, next)
|   0|0x0000000080000000, 0x0000000080100000, 0x0000000080100000|100%|HS|  |TAMS 0x0000000080100000, 0x0000000080100000| Complete 
|   1|0x0000000080100000, 0x0000000080200000, 0x0000000080200000|100%|HC|  |TAMS 0x0000000080200000, 0x0000000080200000| Complete 
|   2|0x0000000080200000, 0x0000000080300000, 0x0000000080300000|100%|HC|  |TAMS 0x0000000080300000, 0x0000000080300000| Complete 
|   3|0x0000000080300000, 0x0000000080400000, 0x0000000080400000|100%| O|  |TAMS 0x0000000080400000, 0x0000000080400000| Untracked 
|   4|0x0000000080400000, 0x0000000080500000, 0x0000000080500000|100%| O|  |TAMS 0x0000000080500000, 0x0000000080500000| Untracked 
|   5|0x0000000080500000, 0x0000000080600000, 0x0000000080600000|100%| O|  |TAMS 0x0000000080600000, 0x0000000080600000| Untracked 
|   6|0x0000000080600000, 0x0000000080700000, 0x0000000080700000|100%| O|  |TAMS 0x0000000080700000, 0x0000000080700000| Untracked 
|   7|0x0000000080700000, 0x0000000080800000, 0x0000000080800000|100%| O|  |TAMS 0x0000000080800000, 0x0000000080800000| Untracked 
|   8|0x0000000080800000, 0x0000000080900000, 0x0000000080900000|100%| O|  |TAMS 0x0000000080900000, 0x0000000080900000| Untracked 
|   9|0x0000000080900000, 0x0000000080a00000, 0x0000000080a00000|100%| O|  |TAMS 0x0000000080a00000, 0x0000000080a00000| Untracked 
|  10|0x0000000080a00000, 0x0000000080b00000, 0x0000000080b00000|100%| O|  |TAMS 0x0000000080b00000, 0x0000000080b00000| Untracked 
|  11|0x0000000080b00000, 0x0000000080c00000, 0x0000000080c00000|100%| O|  |TAMS 0x0000000080c00000, 0x0000000080c00000| Untracked 
|  12|0x0000000080c00000, 0x0000000080d00000, 0x0000000080d00000|100%| O|  |TAMS 0x0000000080d00000, 0x0000000080d00000| Untracked 
|  13|0x0000000080d00000, 0x0000000080e00000, 0x0000000080e00000|100%| O|  |TAMS 0x0000000080e00000, 0x0000000080e00000| Untracked 
|  14|0x0000000080e00000, 0x0000000080f00000, 0x0000000080f00000|100%| O|  |TAMS 0x0000000080f00000, 0x0000000080f00000| Untracked 
|  15|0x0000000080f00000, 0x0000000081000000, 0x0000000081000000|100%| O|  |TAMS 0x0000000081000000, 0x0000000081000000| Untracked 
|  16|0x0000000081000000, 0x0000000081100000, 0x0000000081100000|100%| O|  |TAMS 0x0000000081100000, 0x0000000081100000| Untracked 
|  17|0x0000000081100000, 0x0000000081200000, 0x0000000081200000|100%| O|  |TAMS 0x0000000081200000, 0x0000000081200000| Untracked 
|  18|0x0000000081200000, 0x0000000081300000, 0x0000000081300000|100%| O|  |TAMS 0x0000000081300000, 0x0000000081300000| Untracked 
|  19|0x0000000081300000, 0x0000000081400000, 0x0000000081400000|100%| O|  |TAMS 0x0000000081400000, 0x0000000081400000| Untracked 
|  20|0x0000000081400000, 0x0000000081500000, 0x0000000081500000|100%| O|  |TAMS 0x0000000081500000, 0x0000000081500000| Untracked 
|  21|0x0000000081500000, 0x0000000081600000, 0x0000000081600000|100%| O|  |TAMS 0x0000000081600000, 0x0000000081600000| Untracked 
|  22|0x0000000081600000, 0x0000000081700000, 0x0000000081700000|100%| O|  |TAMS 0x0000000081700000, 0x0000000081700000| Untracked 
|  23|0x0000000081700000, 0x0000000081800000, 0x0000000081800000|100%| O|  |TAMS 0x0000000081800000, 0x0000000081800000| Untracked 
|  24|0x0000000081800000, 0x0000000081900000, 0x0000000081900000|100%| O|  |TAMS 0x0000000081900000, 0x0000000081900000| Untracked 
|  25|0x0000000081900000, 0x0000000081a00000, 0x0000000081a00000|100%| O|  |TAMS 0x0000000081a00000, 0x0000000081a00000| Untracked 
|  26|0x0000000081a00000, 0x0000000081b00000, 0x0000000081b00000|100%| O|  |TAMS 0x0000000081b00000, 0x0000000081b00000| Untracked 
|  27|0x0000000081b00000, 0x0000000081c00000, 0x0000000081c00000|100%|HS|  |TAMS 0x0000000081c00000, 0x0000000081c00000| Complete 
|  28|0x0000000081c00000, 0x0000000081d00000, 0x0000000081d00000|100%|HS|  |TAMS 0x0000000081d00000, 0x0000000081d00000| Complete 
|  29|0x0000000081d00000, 0x0000000081e00000, 0x0000000081e00000|100%|HS|  |TAMS 0x0000000081e00000, 0x0000000081e00000| Complete 
|  30|0x0000000081e00000, 0x0000000081f00000, 0x0000000081f00000|100%|HS|  |TAMS 0x0000000081f00000, 0x0000000081f00000| Complete 
|  31|0x0000000081f00000, 0x0000000082000000, 0x0000000082000000|100%|HC|  |TAMS 0x0000000082000000, 0x0000000082000000| Complete 
|  32|0x0000000082000000, 0x0000000082100000, 0x0000000082100000|100%|HC|  |TAMS 0x0000000082100000, 0x0000000082100000| Complete 
|  33|0x0000000082100000, 0x0000000082200000, 0x0000000082200000|100%|HC|  |TAMS 0x0000000082200000, 0x0000000082200000| Complete 
|  34|0x0000000082200000, 0x0000000082300000, 0x0000000082300000|100%| O|  |TAMS 0x0000000082300000, 0x0000000082300000| Untracked 
|  35|0x0000000082300000, 0x0000000082400000, 0x0000000082400000|100%|HS|  |TAMS 0x0000000082400000, 0x0000000082400000| Complete 
|  36|0x0000000082400000, 0x0000000082500000, 0x0000000082500000|100%|HC|  |TAMS 0x0000000082500000, 0x0000000082500000| Complete 
|  37|0x0000000082500000, 0x0000000082600000, 0x0000000082600000|100%| O|  |TAMS 0x0000000082600000, 0x0000000082600000| Untracked 
|  38|0x0000000082600000, 0x0000000082700000, 0x0000000082700000|100%| O|  |TAMS 0x0000000082700000, 0x0000000082700000| Untracked 
|  39|0x0000000082700000, 0x0000000082800000, 0x0000000082800000|100%| O|  |TAMS 0x0000000082800000, 0x0000000082800000| Untracked 
|  40|0x0000000082800000, 0x0000000082900000, 0x0000000082900000|100%| O|  |TAMS 0x0000000082900000, 0x0000000082900000| Untracked 
|  41|0x0000000082900000, 0x0000000082a00000, 0x0000000082a00000|100%| O|  |TAMS 0x0000000082a00000, 0x0000000082a00000| Untracked 
|  42|0x0000000082a00000, 0x0000000082b00000, 0x0000000082b00000|100%| O|  |TAMS 0x0000000082b00000, 0x0000000082b00000| Untracked 
|  43|0x0000000082b00000, 0x0000000082c00000, 0x0000000082c00000|100%| O|  |TAMS 0x0000000082c00000, 0x0000000082c00000| Untracked 
|  44|0x0000000082c00000, 0x0000000082d00000, 0x0000000082d00000|100%| O|  |TAMS 0x0000000082d00000, 0x0000000082d00000| Untracked 
|  45|0x0000000082d00000, 0x0000000082e00000, 0x0000000082e00000|100%| O|  |TAMS 0x0000000082e00000, 0x0000000082e00000| Untracked 
|  46|0x0000000082e00000, 0x0000000082f00000, 0x0000000082f00000|100%| O|  |TAMS 0x0000000082f00000, 0x0000000082f00000| Untracked 
|  47|0x0000000082f00000, 0x0000000083000000, 0x0000000083000000|100%| O|  |TAMS 0x0000000083000000, 0x0000000083000000| Untracked 
|  48|0x0000000083000000, 0x0000000083100000, 0x0000000083100000|100%| O|  |TAMS 0x0000000083100000, 0x0000000083100000| Untracked 
|  49|0x0000000083100000, 0x0000000083200000, 0x0000000083200000|100%| O|  |TAMS 0x0000000083200000, 0x0000000083200000| Untracked 
|  50|0x0000000083200000, 0x0000000083300000, 0x0000000083300000|100%| O|  |TAMS 0x0000000083300000, 0x0000000083300000| Untracked 
|  51|0x0000000083300000, 0x0000000083400000, 0x0000000083400000|100%| O|  |TAMS 0x0000000083400000, 0x0000000083400000| Untracked 
|  52|0x0000000083400000, 0x0000000083500000, 0x0000000083500000|100%| O|  |TAMS 0x0000000083500000, 0x0000000083500000| Untracked 
|  53|0x0000000083500000, 0x0000000083600000, 0x0000000083600000|100%| O|  |TAMS 0x0000000083600000, 0x0000000083600000| Untracked 
|  54|0x0000000083600000, 0x0000000083700000, 0x0000000083700000|100%| O|  |TAMS 0x0000000083700000, 0x0000000083700000| Untracked 
|  55|0x0000000083700000, 0x0000000083800000, 0x0000000083800000|100%| O|  |TAMS 0x0000000083800000, 0x0000000083800000| Untracked 
|  56|0x0000000083800000, 0x0000000083900000, 0x0000000083900000|100%| O|  |TAMS 0x0000000083900000, 0x0000000083900000| Untracked 
|  57|0x0000000083900000, 0x0000000083a00000, 0x0000000083a00000|100%| O|  |TAMS 0x0000000083a00000, 0x0000000083a00000| Untracked 
|  58|0x0000000083a00000, 0x0000000083b00000, 0x0000000083b00000|100%| O|  |TAMS 0x0000000083b00000, 0x0000000083b00000| Untracked 
|  59|0x0000000083b00000, 0x0000000083c00000, 0x0000000083c00000|100%| O|  |TAMS 0x0000000083c00000, 0x0000000083c00000| Untracked 
|  60|0x0000000083c00000, 0x0000000083d00000, 0x0000000083d00000|100%| O|  |TAMS 0x0000000083d00000, 0x0000000083d00000| Untracked 
|  61|0x0000000083d00000, 0x0000000083e00000, 0x0000000083e00000|100%| O|  |TAMS 0x0000000083e00000, 0x0000000083e00000| Untracked 
|  62|0x0000000083e00000, 0x0000000083f00000, 0x0000000083f00000|100%| O|  |TAMS 0x0000000083f00000, 0x0000000083f00000| Untracked 
|  63|0x0000000083f00000, 0x0000000084000000, 0x0000000084000000|100%| O|  |TAMS 0x0000000084000000, 0x0000000084000000| Untracked 
|  64|0x0000000084000000, 0x0000000084100000, 0x0000000084100000|100%| O|  |TAMS 0x0000000084100000, 0x0000000084100000| Untracked 
|  65|0x0000000084100000, 0x0000000084200000, 0x0000000084200000|100%| O|  |TAMS 0x0000000084200000, 0x0000000084200000| Untracked 
|  66|0x0000000084200000, 0x0000000084300000, 0x0000000084300000|100%| O|  |TAMS 0x0000000084300000, 0x0000000084300000| Untracked 
|  67|0x0000000084300000, 0x0000000084400000, 0x0000000084400000|100%| O|  |TAMS 0x0000000084400000, 0x0000000084400000| Untracked 
|  68|0x0000000084400000, 0x0000000084500000, 0x0000000084500000|100%| O|  |TAMS 0x0000000084500000, 0x0000000084500000| Untracked 
|  69|0x0000000084500000, 0x0000000084600000, 0x0000000084600000|100%| O|  |TAMS 0x0000000084600000, 0x0000000084600000| Untracked 
|  70|0x0000000084600000, 0x0000000084700000, 0x0000000084700000|100%| O|  |TAMS 0x0000000084700000, 0x0000000084700000| Untracked 
|  71|0x0000000084700000, 0x0000000084800000, 0x0000000084800000|100%| O|  |TAMS 0x0000000084800000, 0x0000000084800000| Untracked 
|  72|0x0000000084800000, 0x0000000084900000, 0x0000000084900000|100%| O|  |TAMS 0x0000000084900000, 0x0000000084900000| Untracked 
|  73|0x0000000084900000, 0x0000000084a00000, 0x0000000084a00000|100%| O|  |TAMS 0x0000000084a00000, 0x0000000084a00000| Untracked 
|  74|0x0000000084a00000, 0x0000000084b00000, 0x0000000084b00000|100%| O|  |TAMS 0x0000000084b00000, 0x0000000084b00000| Untracked 
|  75|0x0000000084b00000, 0x0000000084c00000, 0x0000000084c00000|100%| O|  |TAMS 0x0000000084c00000, 0x0000000084c00000| Untracked 
|  76|0x0000000084c00000, 0x0000000084d00000, 0x0000000084d00000|100%| O|  |TAMS 0x0000000084d00000, 0x0000000084d00000| Untracked 
|  77|0x0000000084d00000, 0x0000000084e00000, 0x0000000084e00000|100%| O|  |TAMS 0x0000000084e00000, 0x0000000084e00000| Untracked 
|  78|0x0000000084e00000, 0x0000000084f00000, 0x0000000084f00000|100%| O|  |TAMS 0x0000000084f00000, 0x0000000084f00000| Untracked 
|  79|0x0000000084f00000, 0x0000000085000000, 0x0000000085000000|100%| O|  |TAMS 0x0000000085000000, 0x0000000085000000| Untracked 
|  80|0x0000000085000000, 0x0000000085100000, 0x0000000085100000|100%| O|  |TAMS 0x0000000085100000, 0x0000000085100000| Untracked 
|  81|0x0000000085100000, 0x0000000085200000, 0x0000000085200000|100%| O|  |TAMS 0x0000000085100000, 0x0000000085200000| Untracked 
|  82|0x0000000085200000, 0x0000000085300000, 0x0000000085300000|100%| O|  |TAMS 0x0000000085200000, 0x0000000085300000| Untracked 
|  83|0x0000000085300000, 0x0000000085400000, 0x0000000085400000|100%| O|  |TAMS 0x0000000085300000, 0x0000000085400000| Untracked 
|  84|0x0000000085400000, 0x000000008543d400, 0x0000000085500000| 23%| O|  |TAMS 0x0000000085400000, 0x000000008543d400| Untracked 
|  85|0x0000000085500000, 0x0000000085500000, 0x0000000085600000|  0%| F|  |TAMS 0x0000000085500000, 0x0000000085500000| Untracked 
|  86|0x0000000085600000, 0x0000000085600000, 0x0000000085700000|  0%| F|  |TAMS 0x0000000085600000, 0x0000000085600000| Untracked 
|  87|0x0000000085700000, 0x0000000085700000, 0x0000000085800000|  0%| F|  |TAMS 0x0000000085700000, 0x0000000085700000| Untracked 
|  88|0x0000000085800000, 0x0000000085800000, 0x0000000085900000|  0%| F|  |TAMS 0x0000000085800000, 0x0000000085800000| Untracked 
|  89|0x0000000085900000, 0x0000000085900000, 0x0000000085a00000|  0%| F|  |TAMS 0x0000000085900000, 0x0000000085900000| Untracked 
|  90|0x0000000085a00000, 0x0000000085a00000, 0x0000000085b00000|  0%| F|  |TAMS 0x0000000085a00000, 0x0000000085a00000| Untracked 
|  91|0x0000000085b00000, 0x0000000085b00000, 0x0000000085c00000|  0%| F|  |TAMS 0x0000000085b00000, 0x0000000085b00000| Untracked 
|  92|0x0000000085c00000, 0x0000000085c00000, 0x0000000085d00000|  0%| F|  |TAMS 0x0000000085c00000, 0x0000000085c00000| Untracked 
|  93|0x0000000085d00000, 0x0000000085d00000, 0x0000000085e00000|  0%| F|  |TAMS 0x0000000085d00000, 0x0000000085d00000| Untracked 
|  94|0x0000000085e00000, 0x0000000085e00000, 0x0000000085f00000|  0%| F|  |TAMS 0x0000000085e00000, 0x0000000085e00000| Untracked 
|  95|0x0000000085f00000, 0x0000000085f00000, 0x0000000086000000|  0%| F|  |TAMS 0x0000000085f00000, 0x0000000085f00000| Untracked 
|  96|0x0000000086000000, 0x0000000086000000, 0x0000000086100000|  0%| F|  |TAMS 0x0000000086000000, 0x0000000086000000| Untracked 
|  97|0x0000000086100000, 0x0000000086100000, 0x0000000086200000|  0%| F|  |TAMS 0x0000000086100000, 0x0000000086100000| Untracked 
|  98|0x0000000086200000, 0x0000000086200000, 0x0000000086300000|  0%| F|  |TAMS 0x0000000086200000, 0x0000000086200000| Untracked 
|  99|0x0000000086300000, 0x0000000086300000, 0x0000000086400000|  0%| F|  |TAMS 0x0000000086300000, 0x0000000086300000| Untracked 
| 100|0x0000000086400000, 0x0000000086400000, 0x0000000086500000|  0%| F|  |TAMS 0x0000000086400000, 0x0000000086400000| Untracked 
| 101|0x0000000086500000, 0x0000000086500000, 0x0000000086600000|  0%| F|  |TAMS 0x0000000086500000, 0x0000000086500000| Untracked 
| 102|0x0000000086600000, 0x0000000086600000, 0x0000000086700000|  0%| F|  |TAMS 0x0000000086600000, 0x0000000086600000| Untracked 
| 103|0x0000000086700000, 0x0000000086700000, 0x0000000086800000|  0%| F|  |TAMS 0x0000000086700000, 0x0000000086700000| Untracked 
| 104|0x0000000086800000, 0x0000000086800000, 0x0000000086900000|  0%| F|  |TAMS 0x0000000086800000, 0x0000000086800000| Untracked 
| 105|0x0000000086900000, 0x00000000869e09b8, 0x0000000086a00000| 87%| S|CS|TAMS 0x0000000086900000, 0x0000000086900000| Complete 
| 106|0x0000000086a00000, 0x0000000086a00000, 0x0000000086b00000|  0%| F|  |TAMS 0x0000000086a00000, 0x0000000086a00000| Untracked 
| 107|0x0000000086b00000, 0x0000000086b00000, 0x0000000086c00000|  0%| F|  |TAMS 0x0000000086b00000, 0x0000000086b00000| Untracked 
| 108|0x0000000086c00000, 0x0000000086c00000, 0x0000000086d00000|  0%| F|  |TAMS 0x0000000086c00000, 0x0000000086c00000| Untracked 
| 109|0x0000000086d00000, 0x0000000086d00000, 0x0000000086e00000|  0%| F|  |TAMS 0x0000000086d00000, 0x0000000086d00000| Untracked 
| 110|0x0000000086e00000, 0x0000000086e00000, 0x0000000086f00000|  0%| F|  |TAMS 0x0000000086e00000, 0x0000000086e00000| Untracked 
| 111|0x0000000086f00000, 0x0000000087000000, 0x0000000087000000|100%| S|CS|TAMS 0x0000000086f00000, 0x0000000086f00000| Complete 
| 112|0x0000000087000000, 0x0000000087100000, 0x0000000087100000|100%| S|CS|TAMS 0x0000000087000000, 0x0000000087000000| Complete 
| 113|0x0000000087100000, 0x0000000087200000, 0x0000000087200000|100%| S|CS|TAMS 0x0000000087100000, 0x0000000087100000| Complete 
| 114|0x0000000087200000, 0x0000000087200000, 0x0000000087300000|  0%| F|  |TAMS 0x0000000087200000, 0x0000000087200000| Untracked 
| 115|0x0000000087300000, 0x0000000087400000, 0x0000000087400000|100%| S|CS|TAMS 0x0000000087300000, 0x0000000087300000| Complete 
| 116|0x0000000087400000, 0x0000000087500000, 0x0000000087500000|100%| S|CS|TAMS 0x0000000087400000, 0x0000000087400000| Complete 
| 117|0x0000000087500000, 0x0000000087500000, 0x0000000087600000|  0%| F|  |TAMS 0x0000000087500000, 0x0000000087500000| Untracked 
| 118|0x0000000087600000, 0x0000000087600000, 0x0000000087700000|  0%| F|  |TAMS 0x0000000087600000, 0x0000000087600000| Untracked 
| 119|0x0000000087700000, 0x0000000087700000, 0x0000000087800000|  0%| F|  |TAMS 0x0000000087700000, 0x0000000087700000| Untracked 
| 120|0x0000000087800000, 0x0000000087800000, 0x0000000087900000|  0%| F|  |TAMS 0x0000000087800000, 0x0000000087800000| Untracked 
| 121|0x0000000087900000, 0x0000000087900000, 0x0000000087a00000|  0%| F|  |TAMS 0x0000000087900000, 0x0000000087900000| Untracked 
| 122|0x0000000087a00000, 0x0000000087a00000, 0x0000000087b00000|  0%| F|  |TAMS 0x0000000087a00000, 0x0000000087a00000| Untracked 
| 123|0x0000000087b00000, 0x0000000087b00000, 0x0000000087c00000|  0%| F|  |TAMS 0x0000000087b00000, 0x0000000087b00000| Untracked 
| 124|0x0000000087c00000, 0x0000000087c00000, 0x0000000087d00000|  0%| F|  |TAMS 0x0000000087c00000, 0x0000000087c00000| Untracked 
| 125|0x0000000087d00000, 0x0000000087d00000, 0x0000000087e00000|  0%| F|  |TAMS 0x0000000087d00000, 0x0000000087d00000| Untracked 
| 126|0x0000000087e00000, 0x0000000087e00000, 0x0000000087f00000|  0%| F|  |TAMS 0x0000000087e00000, 0x0000000087e00000| Untracked 
| 127|0x0000000087f00000, 0x0000000087f00000, 0x0000000088000000|  0%| F|  |TAMS 0x0000000087f00000, 0x0000000087f00000| Untracked 
| 128|0x0000000088000000, 0x0000000088000000, 0x0000000088100000|  0%| F|  |TAMS 0x0000000088000000, 0x0000000088000000| Untracked 
| 129|0x0000000088100000, 0x0000000088100000, 0x0000000088200000|  0%| F|  |TAMS 0x0000000088100000, 0x0000000088100000| Untracked 
| 130|0x0000000088200000, 0x0000000088200000, 0x0000000088300000|  0%| F|  |TAMS 0x0000000088200000, 0x0000000088200000| Untracked 
| 131|0x0000000088300000, 0x0000000088300000, 0x0000000088400000|  0%| F|  |TAMS 0x0000000088300000, 0x0000000088300000| Untracked 
| 132|0x0000000088400000, 0x0000000088400000, 0x0000000088500000|  0%| F|  |TAMS 0x0000000088400000, 0x0000000088400000| Untracked 
| 133|0x0000000088500000, 0x0000000088500000, 0x0000000088600000|  0%| F|  |TAMS 0x0000000088500000, 0x0000000088500000| Untracked 
| 134|0x0000000088600000, 0x0000000088600000, 0x0000000088700000|  0%| F|  |TAMS 0x0000000088600000, 0x0000000088600000| Untracked 
| 135|0x0000000088700000, 0x0000000088700000, 0x0000000088800000|  0%| F|  |TAMS 0x0000000088700000, 0x0000000088700000| Untracked 
| 136|0x0000000088800000, 0x0000000088800000, 0x0000000088900000|  0%| F|  |TAMS 0x0000000088800000, 0x0000000088800000| Untracked 
| 137|0x0000000088900000, 0x0000000088900000, 0x0000000088a00000|  0%| F|  |TAMS 0x0000000088900000, 0x0000000088900000| Untracked 
| 138|0x0000000088a00000, 0x0000000088a00000, 0x0000000088b00000|  0%| F|  |TAMS 0x0000000088a00000, 0x0000000088a00000| Untracked 
| 139|0x0000000088b00000, 0x0000000088b00000, 0x0000000088c00000|  0%| F|  |TAMS 0x0000000088b00000, 0x0000000088b00000| Untracked 
| 140|0x0000000088c00000, 0x0000000088c00000, 0x0000000088d00000|  0%| F|  |TAMS 0x0000000088c00000, 0x0000000088c00000| Untracked 
| 141|0x0000000088d00000, 0x0000000088d00000, 0x0000000088e00000|  0%| F|  |TAMS 0x0000000088d00000, 0x0000000088d00000| Untracked 
| 142|0x0000000088e00000, 0x0000000088e00000, 0x0000000088f00000|  0%| F|  |TAMS 0x0000000088e00000, 0x0000000088e00000| Untracked 
| 143|0x0000000088f00000, 0x0000000088f00000, 0x0000000089000000|  0%| F|  |TAMS 0x0000000088f00000, 0x0000000088f00000| Untracked 
| 144|0x0000000089000000, 0x0000000089000000, 0x0000000089100000|  0%| F|  |TAMS 0x0000000089000000, 0x0000000089000000| Untracked 
| 145|0x0000000089100000, 0x0000000089100000, 0x0000000089200000|  0%| F|  |TAMS 0x0000000089100000, 0x0000000089100000| Untracked 
| 146|0x0000000089200000, 0x0000000089200000, 0x0000000089300000|  0%| F|  |TAMS 0x0000000089200000, 0x0000000089200000| Untracked 
| 147|0x0000000089300000, 0x0000000089300000, 0x0000000089400000|  0%| F|  |TAMS 0x0000000089300000, 0x0000000089300000| Untracked 
| 148|0x0000000089400000, 0x0000000089400000, 0x0000000089500000|  0%| F|  |TAMS 0x0000000089400000, 0x0000000089400000| Untracked 
| 149|0x0000000089500000, 0x0000000089500000, 0x0000000089600000|  0%| F|  |TAMS 0x0000000089500000, 0x0000000089500000| Untracked 
| 150|0x0000000089600000, 0x0000000089600000, 0x0000000089700000|  0%| F|  |TAMS 0x0000000089600000, 0x0000000089600000| Untracked 
| 151|0x0000000089700000, 0x0000000089700000, 0x0000000089800000|  0%| F|  |TAMS 0x0000000089700000, 0x0000000089700000| Untracked 
| 152|0x0000000089800000, 0x0000000089800000, 0x0000000089900000|  0%| F|  |TAMS 0x0000000089800000, 0x0000000089800000| Untracked 
| 153|0x0000000089900000, 0x0000000089900000, 0x0000000089a00000|  0%| F|  |TAMS 0x0000000089900000, 0x0000000089900000| Untracked 
| 154|0x0000000089a00000, 0x0000000089a00000, 0x0000000089b00000|  0%| F|  |TAMS 0x0000000089a00000, 0x0000000089a00000| Untracked 
| 155|0x0000000089b00000, 0x0000000089b00000, 0x0000000089c00000|  0%| F|  |TAMS 0x0000000089b00000, 0x0000000089b00000| Untracked 
| 156|0x0000000089c00000, 0x0000000089c00000, 0x0000000089d00000|  0%| F|  |TAMS 0x0000000089c00000, 0x0000000089c00000| Untracked 
| 157|0x0000000089d00000, 0x0000000089d00000, 0x0000000089e00000|  0%| F|  |TAMS 0x0000000089d00000, 0x0000000089d00000| Untracked 
| 158|0x0000000089e00000, 0x0000000089e00000, 0x0000000089f00000|  0%| F|  |TAMS 0x0000000089e00000, 0x0000000089e00000| Untracked 
| 159|0x0000000089f00000, 0x0000000089f00000, 0x000000008a000000|  0%| F|  |TAMS 0x0000000089f00000, 0x0000000089f00000| Untracked 
| 160|0x000000008a000000, 0x000000008a000000, 0x000000008a100000|  0%| F|  |TAMS 0x000000008a000000, 0x000000008a000000| Untracked 
| 161|0x000000008a100000, 0x000000008a100000, 0x000000008a200000|  0%| F|  |TAMS 0x000000008a100000, 0x000000008a100000| Untracked 

Card table byte_map: [0x000001687aef0000,0x000001687b2f0000] _byte_map_base: 0x000001687aaf0000

Marking Bits (Prev, Next): (CMBitMap*) 0x000001687700fe10, (CMBitMap*) 0x000001687700fdd8
 Prev Bits: [0x000001687d6f0000, 0x000001687f6f0000)
 Next Bits: [0x000001687b6f0000, 0x000001687d6f0000)

Polling page: 0x00000168767b0000

Metaspace:

Usage:
  Non-class:     82.40 MB capacity,    81.06 MB ( 98%) used,     1.08 MB (  1%) free+waste,   264.69 KB ( <1%) overhead. 
      Class:     12.70 MB capacity,    11.85 MB ( 93%) used,   746.07 KB (  6%) free+waste,   117.19 KB ( <1%) overhead. 
       Both:     95.10 MB capacity,    92.92 MB ( 98%) used,     1.81 MB (  2%) free+waste,   381.88 KB ( <1%) overhead. 

Virtual space:
  Non-class space:       84.00 MB reserved,      82.57 MB ( 98%) committed 
      Class space:        1.00 GB reserved,      12.73 MB (  1%) committed 
             Both:        1.08 GB reserved,      95.30 MB (  9%) committed 

Chunk freelists:
   Non-Class:  44.00 KB
       Class:  24.00 KB
        Both:  68.00 KB

MaxMetaspaceSize: 17179869184.00 GB
CompressedClassSpaceSize: 1.00 GB
Initial GC threshold: 20.80 MB
Current GC threshold: 154.46 MB
CDS: off

CodeHeap 'non-profiled nmethods': size=120064Kb used=6273Kb max_used=6273Kb free=113791Kb
 bounds [0x0000016807ac0000, 0x00000168080f0000, 0x000001680f000000]
CodeHeap 'profiled nmethods': size=120000Kb used=24512Kb max_used=24512Kb free=95487Kb
 bounds [0x0000016800590000, 0x0000016801d90000, 0x0000016807ac0000]
CodeHeap 'non-nmethods': size=5696Kb used=2381Kb max_used=2420Kb free=3314Kb
 bounds [0x0000016800000000, 0x0000016800270000, 0x0000016800590000]
 total_blobs=11988 nmethods=11083 adapters=818
 compilation: enabled
              stopped_count=0, restarted_count=0
 full_count=0

Compilation events (20 events):
Event: 42.142 Thread 0x000001681768f800 nmethod 11172 0x00000168080db090 code [0x00000168080db220, 0x00000168080db278]
Event: 42.142 Thread 0x000001681768f800 11173       4       sun.security.provider.DigestBase::engineUpdate (189 bytes)
Event: 42.170 Thread 0x000001687fbe5000 11175       3       kotlin.reflect.jvm.internal.impl.renderer.DescriptorRendererOptionsImpl::property (21 bytes)
Event: 42.171 Thread 0x000001687fbe5000 nmethod 11175 0x0000016801d7e210 code [0x0000016801d7e3e0, 0x0000016801d7e778]
Event: 42.181 Thread 0x000001681768f800 nmethod 11173 0x00000168080db390 code [0x00000168080db560, 0x00000168080dbc58]
Event: 42.181 Thread 0x000001681768f800 11174       4       org.gradle.internal.snapshot.LargeChildMap::withNode (45 bytes)
Event: 42.206 Thread 0x000001681768f800 nmethod 11174 0x00000168080dc290 code [0x00000168080dc480, 0x00000168080dc8d8]
Event: 42.206 Thread 0x000001681768f800 11177       4       org.gradle.internal.logging.sink.OutputEventTransformer::onOutput (399 bytes)
Event: 42.226 Thread 0x000001687fbe5000 11180       3       com.google.common.collect.ForwardingObject::<init> (5 bytes)
Event: 42.226 Thread 0x000001687fbe5000 nmethod 11180 0x0000016801d7e890 code [0x0000016801d7ea40, 0x0000016801d7eb98]
Event: 42.253 Thread 0x000001681768f800 nmethod 11177 0x00000168080dcd90 code [0x00000168080dd060, 0x00000168080ddc10]
Event: 42.253 Thread 0x000001681768f800 11178       4       com.google.common.collect.ImmutableSortedMap$1EntrySet$1::get (6 bytes)
Event: 42.275 Thread 0x000001687fbe5000 11181       3       sun.nio.fs.NativeBuffer::<init> (44 bytes)
Event: 42.277 Thread 0x000001687fbe5000 nmethod 11181 0x0000016801d7ec90 code [0x0000016801d7eee0, 0x0000016801d7f7b8]
Event: 42.283 Thread 0x000001681768f800 nmethod 11178 0x00000168080de590 code [0x00000168080de780, 0x00000168080def98]
Event: 42.283 Thread 0x000001681768f800 11179       4       com.google.common.collect.ImmutableSortedMap$1EntrySet$1::get (39 bytes)
Event: 42.312 Thread 0x000001687fbe5000 11184       3       org.gradle.api.internal.artifacts.transform.TransformationResult$Builder$$Lambda$1024/0x0000000100c46440::accept (12 bytes)
Event: 42.313 Thread 0x000001681768f800 nmethod 11179 0x00000168080df510 code [0x00000168080df700, 0x00000168080dff18]
Event: 42.313 Thread 0x000001687fbe5000 nmethod 11184 0x0000016801d7fb90 code [0x0000016801d7fd60, 0x0000016801d80108]
Event: 42.313 Thread 0x000001681768f800 11183       4       com.google.common.collect.ImmutableMap$Builder::build (135 bytes)

GC Heap History (20 events):
Event: 20.960 GC heap after
{Heap after GC invocations=15 (full 0):
 garbage-first heap   total 165888K, used 53545K [0x0000000080000000, 0x0000000100000000)
  region size 1024K, 2 young (2048K), 2 survivors (2048K)
 Metaspace       used 58864K, capacity 60292K, committed 60368K, reserved 1101824K
  class space    used 7362K, capacity 7896K, committed 7968K, reserved 1048576K
}
Event: 23.051 GC heap before
{Heap before GC invocations=16 (full 0):
 garbage-first heap   total 165888K, used 114985K [0x0000000080000000, 0x0000000100000000)
  region size 1024K, 56 young (57344K), 2 survivors (2048K)
 Metaspace       used 64205K, capacity 65688K, committed 65844K, reserved 1105920K
  class space    used 8024K, capacity 8621K, committed 8684K, reserved 1048576K
}
Event: 23.070 GC heap after
{Heap after GC invocations=17 (full 0):
 garbage-first heap   total 165888K, used 58111K [0x0000000080000000, 0x0000000100000000)
  region size 1024K, 6 young (6144K), 6 survivors (6144K)
 Metaspace       used 64205K, capacity 65688K, committed 65844K, reserved 1105920K
  class space    used 8024K, capacity 8621K, committed 8684K, reserved 1048576K
}
Event: 25.948 GC heap before
{Heap before GC invocations=18 (full 0):
 garbage-first heap   total 165888K, used 114431K [0x0000000080000000, 0x0000000100000000)
  region size 1024K, 61 young (62464K), 6 survivors (6144K)
 Metaspace       used 68884K, capacity 70390K, committed 70580K, reserved 1110016K
  class space    used 8605K, capacity 9196K, committed 9324K, reserved 1048576K
}
Event: 25.970 GC heap after
{Heap after GC invocations=19 (full 0):
 garbage-first heap   total 165888K, used 61896K [0x0000000080000000, 0x0000000100000000)
  region size 1024K, 4 young (4096K), 4 survivors (4096K)
 Metaspace       used 68884K, capacity 70390K, committed 70580K, reserved 1110016K
  class space    used 8605K, capacity 9196K, committed 9324K, reserved 1048576K
}
Event: 27.131 GC heap before
{Heap before GC invocations=19 (full 0):
 garbage-first heap   total 165888K, used 118216K [0x0000000080000000, 0x0000000100000000)
  region size 1024K, 59 young (60416K), 4 survivors (4096K)
 Metaspace       used 70804K, capacity 72368K, committed 72500K, reserved 1112064K
  class space    used 8835K, capacity 9428K, committed 9452K, reserved 1048576K
}
Event: 27.150 GC heap after
{Heap after GC invocations=20 (full 0):
 garbage-first heap   total 165888K, used 65412K [0x0000000080000000, 0x0000000100000000)
  region size 1024K, 8 young (8192K), 8 survivors (8192K)
 Metaspace       used 70804K, capacity 72368K, committed 72500K, reserved 1112064K
  class space    used 8835K, capacity 9428K, committed 9452K, reserved 1048576K
}
Event: 29.629 GC heap before
{Heap before GC invocations=20 (full 0):
 garbage-first heap   total 165888K, used 121732K [0x0000000080000000, 0x0000000100000000)
  region size 1024K, 63 young (64512K), 8 survivors (8192K)
 Metaspace       used 76838K, capacity 78479K, committed 78644K, reserved 1118208K
  class space    used 9811K, capacity 10428K, committed 10476K, reserved 1048576K
}
Event: 29.651 GC heap after
{Heap after GC invocations=21 (full 0):
 garbage-first heap   total 165888K, used 69038K [0x0000000080000000, 0x0000000100000000)
  region size 1024K, 8 young (8192K), 8 survivors (8192K)
 Metaspace       used 76838K, capacity 78479K, committed 78644K, reserved 1118208K
  class space    used 9811K, capacity 10428K, committed 10476K, reserved 1048576K
}
Event: 31.601 GC heap before
{Heap before GC invocations=21 (full 0):
 garbage-first heap   total 165888K, used 125358K [0x0000000080000000, 0x0000000100000000)
  region size 1024K, 63 young (64512K), 8 survivors (8192K)
 Metaspace       used 81536K, capacity 83297K, committed 83508K, reserved 1122304K
  class space    used 10493K, capacity 11157K, committed 11244K, reserved 1048576K
}
Event: 31.622 GC heap after
{Heap after GC invocations=22 (full 0):
 garbage-first heap   total 165888K, used 73054K [0x0000000080000000, 0x0000000100000000)
  region size 1024K, 8 young (8192K), 8 survivors (8192K)
 Metaspace       used 81536K, capacity 83297K, committed 83508K, reserved 1122304K
  class space    used 10493K, capacity 11157K, committed 11244K, reserved 1048576K
}
Event: 33.713 GC heap before
{Heap before GC invocations=22 (full 0):
 garbage-first heap   total 165888K, used 128350K [0x0000000080000000, 0x0000000100000000)
  region size 1024K, 63 young (64512K), 8 survivors (8192K)
 Metaspace       used 87576K, capacity 89454K, committed 89652K, reserved 1126400K
  class space    used 11227K, capacity 11959K, committed 12012K, reserved 1048576K
}
Event: 33.741 GC heap after
{Heap after GC invocations=23 (full 0):
 garbage-first heap   total 165888K, used 78190K [0x0000000080000000, 0x0000000100000000)
  region size 1024K, 8 young (8192K), 8 survivors (8192K)
 Metaspace       used 87576K, capacity 89454K, committed 89652K, reserved 1126400K
  class space    used 11227K, capacity 11959K, committed 12012K, reserved 1048576K
}
Event: 36.057 GC heap before
{Heap before GC invocations=23 (full 0):
 garbage-first heap   total 165888K, used 129390K [0x0000000080000000, 0x0000000100000000)
  region size 1024K, 59 young (60416K), 8 survivors (8192K)
 Metaspace       used 91836K, capacity 93916K, committed 94132K, reserved 1130496K
  class space    used 11779K, capacity 12572K, committed 12652K, reserved 1048576K
}
Event: 36.086 GC heap after
{Heap after GC invocations=24 (full 0):
 garbage-first heap   total 165888K, used 83551K [0x0000000080000000, 0x0000000100000000)
  region size 1024K, 5 young (5120K), 5 survivors (5120K)
 Metaspace       used 91836K, capacity 93916K, committed 94132K, reserved 1130496K
  class space    used 11779K, capacity 12572K, committed 12652K, reserved 1048576K
}
Event: 38.287 GC heap before
{Heap before GC invocations=24 (full 0):
 garbage-first heap   total 165888K, used 131679K [0x0000000080000000, 0x0000000100000000)
  region size 1024K, 53 young (54272K), 5 survivors (5120K)
 Metaspace       used 92538K, capacity 94647K, committed 94900K, reserved 1132544K
  class space    used 11826K, capacity 12628K, committed 12652K, reserved 1048576K
}
Event: 38.313 GC heap after
{Heap after GC invocations=25 (full 0):
 garbage-first heap   total 165888K, used 86786K [0x0000000080000000, 0x0000000100000000)
  region size 1024K, 4 young (4096K), 4 survivors (4096K)
 Metaspace       used 92538K, capacity 94647K, committed 94900K, reserved 1132544K
  class space    used 11826K, capacity 12628K, committed 12652K, reserved 1048576K
}
Event: 40.323 GC heap before
{Heap before GC invocations=26 (full 0):
 garbage-first heap   total 165888K, used 133890K [0x0000000080000000, 0x0000000100000000)
  region size 1024K, 51 young (52224K), 4 survivors (4096K)
 Metaspace       used 93584K, capacity 95807K, committed 95924K, reserved 1132544K
  class space    used 11936K, capacity 12807K, committed 12908K, reserved 1048576K
}
Event: 40.357 GC heap after
{Heap after GC invocations=27 (full 0):
 garbage-first heap   total 165888K, used 90112K [0x0000000080000000, 0x0000000100000000)
  region size 1024K, 7 young (7168K), 7 survivors (7168K)
 Metaspace       used 93584K, capacity 95807K, committed 95924K, reserved 1132544K
  class space    used 11936K, capacity 12807K, committed 12908K, reserved 1048576K
}
Event: 42.318 GC heap before
{Heap before GC invocations=27 (full 0):
 garbage-first heap   total 165888K, used 135168K [0x0000000080000000, 0x0000000100000000)
  region size 1024K, 52 young (53248K), 7 survivors (7168K)
 Metaspace       used 95146K, capacity 97380K, committed 97588K, reserved 1134592K
  class space    used 12136K, capacity 13000K, committed 13036K, reserved 1048576K
}

Deoptimization events (20 events):
Event: 40.470 Thread 0x000001681553a800 Uncommon trap: trap_request=0xffffff4d fr.pc=0x0000016807f830e8 relative=0x0000000000000628
Event: 40.470 Thread 0x000001681553a800 Uncommon trap: reason=unstable_if action=reinterpret pc=0x0000016807f830e8 method=java.lang.String.regionMatches(ZILjava/lang/String;II)Z @ 1 c2
Event: 40.470 Thread 0x000001681553a800 DEOPT PACKING pc=0x0000016807f830e8 sp=0x0000003c5b7fa260
Event: 40.470 Thread 0x000001681553a800 DEOPT UNPACKING pc=0x000001680004a1af sp=0x0000003c5b7fa210 mode 2
Event: 40.490 Thread 0x000001681553a800 DEOPT PACKING pc=0x0000016801cbd298 sp=0x0000003c5b7fb240
Event: 40.490 Thread 0x000001681553a800 DEOPT UNPACKING pc=0x000001680004a95e sp=0x0000003c5b7fa740 mode 0
Event: 41.019 Thread 0x0000016811e1c000 Uncommon trap: trap_request=0xffffffde fr.pc=0x0000016808054834 relative=0x0000000000000274
Event: 41.020 Thread 0x0000016811e1c000 Uncommon trap: reason=class_check action=maybe_recompile pc=0x0000016808054834 method=java.util.concurrent.ConcurrentHashMap.get(Ljava/lang/Object;)Ljava/lang/Object; @ 93 c2
Event: 41.020 Thread 0x0000016811e1c000 DEOPT PACKING pc=0x0000016808054834 sp=0x0000003c587fd850
Event: 41.020 Thread 0x0000016811e1c000 DEOPT UNPACKING pc=0x000001680004a1af sp=0x0000003c587fd7a8 mode 2
Event: 41.037 Thread 0x0000016811e1c000 Uncommon trap: trap_request=0xffffffde fr.pc=0x0000016808054834 relative=0x0000000000000274
Event: 41.037 Thread 0x0000016811e1c000 Uncommon trap: reason=class_check action=maybe_recompile pc=0x0000016808054834 method=java.util.concurrent.ConcurrentHashMap.get(Ljava/lang/Object;)Ljava/lang/Object; @ 93 c2
Event: 41.037 Thread 0x0000016811e1c000 DEOPT PACKING pc=0x0000016808054834 sp=0x0000003c587fd850
Event: 41.037 Thread 0x0000016811e1c000 DEOPT UNPACKING pc=0x000001680004a1af sp=0x0000003c587fd7a8 mode 2
Event: 41.055 Thread 0x0000016811e1e000 DEOPT PACKING pc=0x0000016801cbd277 sp=0x0000003c58bfded0
Event: 41.055 Thread 0x0000016811e1e000 DEOPT UNPACKING pc=0x000001680004a95e sp=0x0000003c58bfd3d0 mode 0
Event: 41.580 Thread 0x000001681553a800 Uncommon trap: trap_request=0xffffffd6 fr.pc=0x0000016808098524 relative=0x0000000000000a64
Event: 41.581 Thread 0x000001681553a800 Uncommon trap: reason=array_check action=maybe_recompile pc=0x0000016808098524 method=com.google.common.collect.RegularImmutableMap.fromEntryArray(I[Ljava/util/Map$Entry;)Lcom/google/common/collect/ImmutableMap; @ 157 c2
Event: 41.581 Thread 0x000001681553a800 DEOPT PACKING pc=0x0000016808098524 sp=0x0000003c5b7fa130
Event: 41.581 Thread 0x000001681553a800 DEOPT UNPACKING pc=0x000001680004a1af sp=0x0000003c5b7fa0e0 mode 2

Classes redefined (0 events):
No events

Internal exceptions (20 events):
Event: 35.723 Thread 0x0000016811e1d800 Exception <a 'java/lang/NoSuchMethodError'{0x00000000878a6f60}: 'java.lang.Object java.lang.invoke.DirectMethodHandle$Holder.invokeSpecialIFC(java.lang.Object, java.lang.Object, java.lang.Object)'> (0x00000000878a6f60) thrown at [./src/hotspot/share/interpreter/linkResolver.cpp, line 773]
Event: 36.920 Thread 0x0000016812646800 Implicit null exception at 0x000001680801634d to 0x00000168080168dc
Event: 37.268 Thread 0x0000016811e1c000 Implicit null exception at 0x0000016808026464 to 0x0000016808026ce8
Event: 37.268 Thread 0x0000016811e1c000 Implicit null exception at 0x00000168080233a8 to 0x0000016808023aec
Event: 37.648 Thread 0x000001681553a000 Exception <a 'java/lang/NoSuchMethodError'{0x0000000087addb80}: 'void java.lang.invoke.DirectMethodHandle$Holder.invokeInterface(java.lang.Object, java.lang.Object, java.lang.Object, java.lang.Object)'> (0x0000000087addb80) thrown at [./src/hotspot/share/interpreter/linkResolver.cpp, line 773]
Event: 38.854 Thread 0x000001681553a000 Exception <a 'java/lang/NoSuchMethodError'{0x000000008986d048}: <clinit>> (0x000000008986d048) thrown at [./src/hotspot/share/prims/jni.cpp, line 1366]
Event: 38.854 Thread 0x000001681553a000 Exception <a 'java/lang/NoSuchMethodError'{0x000000008986e650}: <clinit>> (0x000000008986e650) thrown at [./src/hotspot/share/prims/jni.cpp, line 1366]
Event: 38.855 Thread 0x000001681553a000 Exception <a 'java/lang/NoSuchMethodError'{0x0000000089871250}: <clinit>> (0x0000000089871250) thrown at [./src/hotspot/share/prims/jni.cpp, line 1366]
Event: 38.857 Thread 0x000001681553a000 Exception <a 'java/lang/NoSuchMethodError'{0x0000000089888830}: <clinit>> (0x0000000089888830) thrown at [./src/hotspot/share/prims/jni.cpp, line 1366]
Event: 38.858 Thread 0x000001681553a000 Exception <a 'java/lang/NoSuchMethodError'{0x0000000089889a68}: <clinit>> (0x0000000089889a68) thrown at [./src/hotspot/share/prims/jni.cpp, line 1366]
Event: 39.689 Thread 0x000001681553a000 Exception <a 'java/lang/NoSuchMethodError'{0x0000000087f83170}: 'void java.lang.invoke.DirectMethodHandle$Holder.invokeVirtual(java.lang.Object, java.lang.Object)'> (0x0000000087f83170) thrown at [./src/hotspot/share/interpreter/linkResolver.cpp, line 773]
Event: 39.746 Thread 0x000001681553a000 Exception <a 'sun/nio/fs/WindowsException'{0x0000000087e66f18}> (0x0000000087e66f18) thrown at [./src/hotspot/share/prims/jni.cpp, line 616]
Event: 39.747 Thread 0x000001681553a000 Exception <a 'sun/nio/fs/WindowsException'{0x0000000087e68028}> (0x0000000087e68028) thrown at [./src/hotspot/share/prims/jni.cpp, line 616]
Event: 39.752 Thread 0x000001681553a000 Exception <a 'sun/nio/fs/WindowsException'{0x0000000087e68ff0}> (0x0000000087e68ff0) thrown at [./src/hotspot/share/prims/jni.cpp, line 616]
Event: 39.753 Thread 0x000001681553a000 Exception <a 'sun/nio/fs/WindowsException'{0x0000000087e69eb0}> (0x0000000087e69eb0) thrown at [./src/hotspot/share/prims/jni.cpp, line 616]
Event: 39.755 Thread 0x000001681553a000 Exception <a 'sun/nio/fs/WindowsException'{0x0000000087e6a5f8}> (0x0000000087e6a5f8) thrown at [./src/hotspot/share/prims/jni.cpp, line 616]
Event: 39.799 Thread 0x000001681553a000 Exception <a 'java/lang/NoSuchMethodError'{0x0000000087c0be58}: <clinit>> (0x0000000087c0be58) thrown at [./src/hotspot/share/prims/jni.cpp, line 1366]
Event: 39.811 Thread 0x000001681553a000 Exception <a 'java/lang/NoSuchMethodError'{0x0000000087c3f5e0}: <clinit>> (0x0000000087c3f5e0) thrown at [./src/hotspot/share/prims/jni.cpp, line 1366]
Event: 39.818 Thread 0x000001681553a000 Exception <a 'java/lang/NoSuchMethodError'{0x0000000087c6dd80}: <clinit>> (0x0000000087c6dd80) thrown at [./src/hotspot/share/prims/jni.cpp, line 1366]
Event: 39.821 Thread 0x000001681553a000 Exception <a 'java/lang/NoSuchMethodError'{0x0000000087c80750}: <clinit>> (0x0000000087c80750) thrown at [./src/hotspot/share/prims/jni.cpp, line 1366]

Events (20 events):
Event: 42.258 loading class kotlin/reflect/jvm/internal/impl/descriptors/impl/AbstractClassDescriptor$3 done
Event: 42.259 loading class kotlin/reflect/jvm/internal/impl/descriptors/ReceiverParameterDescriptor
Event: 42.259 loading class kotlin/reflect/jvm/internal/impl/descriptors/ReceiverParameterDescriptor done
Event: 42.260 loading class kotlin/reflect/jvm/internal/impl/descriptors/ParameterDescriptor
Event: 42.260 loading class kotlin/reflect/jvm/internal/impl/descriptors/ParameterDescriptor done
Event: 42.261 loading class kotlin/reflect/jvm/internal/impl/descriptors/ValueDescriptor
Event: 42.261 loading class kotlin/reflect/jvm/internal/impl/descriptors/ValueDescriptor done
Event: 42.263 loading class kotlin/reflect/jvm/internal/impl/types/ClassTypeConstructorImpl
Event: 42.263 loading class kotlin/reflect/jvm/internal/impl/types/ClassTypeConstructorImpl done
Event: 42.264 loading class kotlin/reflect/jvm/internal/impl/types/AbstractClassTypeConstructor
Event: 42.264 loading class kotlin/reflect/jvm/internal/impl/types/AbstractClassTypeConstructor done
Event: 42.266 loading class kotlin/reflect/jvm/internal/impl/types/AbstractTypeConstructor
Event: 42.266 loading class kotlin/reflect/jvm/internal/impl/types/AbstractTypeConstructor done
Event: 42.267 loading class kotlin/reflect/jvm/internal/impl/types/ClassifierBasedTypeConstructor
Event: 42.267 loading class kotlin/reflect/jvm/internal/impl/types/ClassifierBasedTypeConstructor done
Event: 42.269 loading class kotlin/reflect/jvm/internal/impl/types/AbstractTypeConstructor$supertypes$1
Event: 42.269 loading class kotlin/reflect/jvm/internal/impl/types/AbstractTypeConstructor$supertypes$1 done
Event: 42.270 loading class kotlin/reflect/jvm/internal/impl/types/AbstractTypeConstructor$supertypes$2
Event: 42.270 loading class kotlin/reflect/jvm/internal/impl/types/AbstractTypeConstructor$supertypes$2 done
Event: 42.316 Executing VM operation: G1CollectForAllocation


Dynamic libraries:
0x00007ff6bfb80000 - 0x00007ff6bfb8a000 	C:\Program Files\Android\Android Studio\jre\bin\java.exe
0x00007ffbf7470000 - 0x00007ffbf7668000 	C:\WINDOWS\SYSTEM32\ntdll.dll
0x00007ffbf7370000 - 0x00007ffbf742f000 	C:\WINDOWS\System32\KERNEL32.DLL
0x00007ffbf4ce0000 - 0x00007ffbf4fb2000 	C:\WINDOWS\System32\KERNELBASE.dll
0x00007ffbf5320000 - 0x00007ffbf5420000 	C:\WINDOWS\System32\ucrtbase.dll
0x00007ffbed430000 - 0x00007ffbed449000 	C:\Program Files\Android\Android Studio\jre\bin\jli.dll
0x00007ffbedf50000 - 0x00007ffbedf67000 	C:\Program Files\Android\Android Studio\jre\bin\VCRUNTIME140.dll
0x00007ffbf54b0000 - 0x00007ffbf5651000 	C:\WINDOWS\System32\USER32.dll
0x00007ffbf4cb0000 - 0x00007ffbf4cd2000 	C:\WINDOWS\System32\win32u.dll
0x00007ffbe6460000 - 0x00007ffbe66fa000 	C:\WINDOWS\WinSxS\amd64_microsoft.windows.common-controls_6595b64144ccf1df_6.0.19041.1110_none_60b5254171f9507e\COMCTL32.dll
0x00007ffbf7290000 - 0x00007ffbf72bb000 	C:\WINDOWS\System32\GDI32.dll
0x00007ffbf6650000 - 0x00007ffbf66ee000 	C:\WINDOWS\System32\msvcrt.dll
0x00007ffbf4fc0000 - 0x00007ffbf50cf000 	C:\WINDOWS\System32\gdi32full.dll
0x00007ffbf50d0000 - 0x00007ffbf516d000 	C:\WINDOWS\System32\msvcp_win.dll
0x00007ffbf7250000 - 0x00007ffbf7282000 	C:\WINDOWS\System32\IMM32.DLL
0x00007ffbeda40000 - 0x00007ffbedadd000 	C:\Program Files\Android\Android Studio\jre\bin\msvcp140.dll
0x00007ffbcfa30000 - 0x00007ffbd0532000 	C:\Program Files\Android\Android Studio\jre\bin\server\jvm.dll
0x00007ffbf65a0000 - 0x00007ffbf664e000 	C:\WINDOWS\System32\ADVAPI32.dll
0x00007ffbf72c0000 - 0x00007ffbf735c000 	C:\WINDOWS\System32\sechost.dll
0x00007ffbf6a80000 - 0x00007ffbf6ba5000 	C:\WINDOWS\System32\RPCRT4.dll
0x00007ffbf7360000 - 0x00007ffbf7368000 	C:\WINDOWS\System32\PSAPI.DLL
0x00007ffbec730000 - 0x00007ffbec73a000 	C:\WINDOWS\SYSTEM32\VERSION.dll
0x00007ffbeec60000 - 0x00007ffbeec69000 	C:\WINDOWS\SYSTEM32\WSOCK32.dll
0x00007ffbec700000 - 0x00007ffbec727000 	C:\WINDOWS\SYSTEM32\WINMM.dll
0x00007ffbf6890000 - 0x00007ffbf68fb000 	C:\WINDOWS\System32\WS2_32.dll
0x00007ffbf2a20000 - 0x00007ffbf2a32000 	C:\WINDOWS\SYSTEM32\kernel.appcore.dll
0x00007ffbedf30000 - 0x00007ffbedf41000 	C:\Program Files\Android\Android Studio\jre\bin\verify.dll
0x00007ffbdf6e0000 - 0x00007ffbdf8c4000 	C:\WINDOWS\SYSTEM32\DBGHELP.DLL
0x00007ffbdf6a0000 - 0x00007ffbdf6d5000 	C:\WINDOWS\SYSTEM32\dbgcore.DLL
0x00007ffbf5420000 - 0x00007ffbf54a2000 	C:\WINDOWS\System32\bcryptPrimitives.dll
0x00007ffbedc90000 - 0x00007ffbedcb9000 	C:\Program Files\Android\Android Studio\jre\bin\java.dll
0x00007ffbedf20000 - 0x00007ffbedf2b000 	C:\Program Files\Android\Android Studio\jre\bin\jimage.dll
0x00007ffbedb30000 - 0x00007ffbedb48000 	C:\Program Files\Android\Android Studio\jre\bin\zip.dll
0x00007ffbf5e50000 - 0x00007ffbf6594000 	C:\WINDOWS\System32\SHELL32.dll
0x00007ffbf2c20000 - 0x00007ffbf33b2000 	C:\WINDOWS\SYSTEM32\windows.storage.dll
0x00007ffbf6d40000 - 0x00007ffbf7095000 	C:\WINDOWS\System32\combase.dll
0x00007ffbf44e0000 - 0x00007ffbf4510000 	C:\WINDOWS\SYSTEM32\Wldp.dll
0x00007ffbf5c60000 - 0x00007ffbf5d0d000 	C:\WINDOWS\System32\SHCORE.dll
0x00007ffbf6a20000 - 0x00007ffbf6a75000 	C:\WINDOWS\System32\shlwapi.dll
0x00007ffbf4aa0000 - 0x00007ffbf4abf000 	C:\WINDOWS\SYSTEM32\profapi.dll
0x00007ffbedb10000 - 0x00007ffbedb2a000 	C:\Program Files\Android\Android Studio\jre\bin\net.dll
0x00007ffbeaf80000 - 0x00007ffbeb08c000 	C:\WINDOWS\SYSTEM32\WINHTTP.dll
0x00007ffbf4240000 - 0x00007ffbf42aa000 	C:\WINDOWS\system32\mswsock.dll
0x00007ffbedaf0000 - 0x00007ffbedb04000 	C:\Program Files\Android\Android Studio\jre\bin\nio.dll
0x00007ffbe6700000 - 0x00007ffbe6727000 	C:\Users\acer\.gradle\native\e1d6ef7f7dcc3fd88c89a11ec53ec762bb8ba0a96d01ffa2cd45eb1d1d8dd5c5\windows-amd64\native-platform.dll
0x00007ffbb1b40000 - 0x00007ffbb1c84000 	C:\Users\acer\.gradle\native\0d407fdbe67a94daf76414ababcb853783967236a71b16ec16e742cd7a986fd3\windows-amd64\native-platform-file-events.dll
0x00007ffbedf10000 - 0x00007ffbedf1a000 	C:\Program Files\Android\Android Studio\jre\bin\management.dll
0x00007ffbedae0000 - 0x00007ffbedaed000 	C:\Program Files\Android\Android Studio\jre\bin\management_ext.dll
0x00007ffbf4430000 - 0x00007ffbf4448000 	C:\WINDOWS\SYSTEM32\CRYPTSP.dll
0x00007ffbf3b60000 - 0x00007ffbf3b94000 	C:\WINDOWS\system32\rsaenh.dll
0x00007ffbf4b60000 - 0x00007ffbf4b87000 	C:\WINDOWS\System32\bcrypt.dll
0x00007ffbf4a20000 - 0x00007ffbf4a4e000 	C:\WINDOWS\SYSTEM32\USERENV.dll
0x00007ffbf4450000 - 0x00007ffbf445c000 	C:\WINDOWS\SYSTEM32\CRYPTBASE.dll
0x00007ffbf3f30000 - 0x00007ffbf3f6b000 	C:\WINDOWS\SYSTEM32\IPHLPAPI.DLL
0x00007ffbf66f0000 - 0x00007ffbf66f8000 	C:\WINDOWS\System32\NSI.dll
0x00007ffbec150000 - 0x00007ffbec167000 	C:\WINDOWS\SYSTEM32\dhcpcsvc6.DLL
0x00007ffbec740000 - 0x00007ffbec75d000 	C:\WINDOWS\SYSTEM32\dhcpcsvc.DLL
0x00007ffbf3f70000 - 0x00007ffbf403a000 	C:\WINDOWS\SYSTEM32\DNSAPI.dll
0x00007ffbed7a0000 - 0x00007ffbed7c7000 	C:\Program Files\Android\Android Studio\jre\bin\sunec.dll
0x00007ffbe3aa0000 - 0x00007ffbe3aaa000 	C:\Windows\System32\rasadhlp.dll

dbghelp: loaded successfully - version: 4.0.5 - missing functions: none
symbol engine: initialized successfully - sym options: 0x614 - pdb path: .;C:\Program Files\Android\Android Studio\jre\bin;C:\WINDOWS\SYSTEM32;C:\WINDOWS\WinSxS\amd64_microsoft.windows.common-controls_6595b64144ccf1df_6.0.19041.1110_none_60b5254171f9507e;C:\Program Files\Android\Android Studio\jre\bin\server;C:\Users\acer\.gradle\native\e1d6ef7f7dcc3fd88c89a11ec53ec762bb8ba0a96d01ffa2cd45eb1d1d8dd5c5\windows-amd64;C:\Users\acer\.gradle\native\0d407fdbe67a94daf76414ababcb853783967236a71b16ec16e742cd7a986fd3\windows-amd64

VM Arguments:
jvm_args: --add-opens=java.base/java.util=ALL-UNNAMED --add-opens=java.base/java.lang=ALL-UNNAMED --add-opens=java.base/java.lang.invoke=ALL-UNNAMED --add-opens=java.base/java.util=ALL-UNNAMED --add-opens=java.prefs/java.util.prefs=ALL-UNNAMED --add-opens=java.prefs/java.util.prefs=ALL-UNNAMED --add-opens=java.base/java.nio.charset=ALL-UNNAMED --add-opens=java.base/java.net=ALL-UNNAMED --add-opens=java.base/java.util.concurrent.atomic=ALL-UNNAMED -Xmx2048m -Dfile.encoding=UTF-8 -Duser.country=IN -Duser.language=en -Duser.variant 
java_command: org.gradle.launcher.daemon.bootstrap.GradleDaemon 7.4
java_class_path (initial): C:\Users\acer\.gradle\wrapper\dists\gradle-7.4-bin\c0gwcg53nkjbqw7r0h0umtfvt\gradle-7.4\lib\gradle-launcher-7.4.jar
Launcher Type: SUN_STANDARD

[Global flags]
     intx CICompilerCount                          = 3                                         {product} {ergonomic}
     uint ConcGCThreads                            = 1                                         {product} {ergonomic}
     uint G1ConcRefinementThreads                  = 4                                         {product} {ergonomic}
   size_t G1HeapRegionSize                         = 1048576                                   {product} {ergonomic}
    uintx GCDrainStackTargetSize                   = 64                                        {product} {ergonomic}
   size_t InitialHeapSize                          = 117440512                                 {product} {ergonomic}
   size_t MarkStackSize                            = 4194304                                   {product} {ergonomic}
   size_t MaxHeapSize                              = 2147483648                                {product} {command line}
   size_t MaxNewSize                               = 1287651328                                {product} {ergonomic}
   size_t MinHeapDeltaBytes                        = 1048576                                   {product} {ergonomic}
    uintx NonNMethodCodeHeapSize                   = 5830732                                {pd product} {ergonomic}
    uintx NonProfiledCodeHeapSize                  = 122913754                              {pd product} {ergonomic}
    uintx ProfiledCodeHeapSize                     = 122913754                              {pd product} {ergonomic}
    uintx ReservedCodeCacheSize                    = 251658240                              {pd product} {ergonomic}
     bool SegmentedCodeCache                       = true                                      {product} {ergonomic}
     bool UseCompressedClassPointers               = true                                 {lp64_product} {ergonomic}
     bool UseCompressedOops                        = true                                 {lp64_product} {ergonomic}
     bool UseG1GC                                  = true                                      {product} {ergonomic}
     bool UseLargePagesIndividualAllocation        = false                                  {pd product} {ergonomic}

Logging:
Log output configuration:
 #0: stdout all=warning uptime,level,tags
 #1: stderr all=off uptime,level,tags

Environment Variables:
JAVA_HOME=C:\Program Files\Java\jdk-18.0.2
PATH=C:\Program Files\Common Files\Oracle\Java\javapath;C:\WINDOWS\system32;C:\WINDOWS;C:\WINDOWS\System32\Wbem;C:\WINDOWS\System32\WindowsPowerShell\v1.0\;C:\WINDOWS\System32\OpenSSH\;C:\Program Files\nodejs;C:\Program Files\dotnet\;C:\Program Files\nodejs\;C:\Users\acer\AppData\Local\Android\Sdk\platform-tools;C:\Users\acer\AppData\Local\Android\Sdk;C:\ProgramData\chocolatey\bin;C:\Program Files\Git\cmd;C:\Users\acer\AppData\Local\Microsoft\WindowsApps;C:\Program Files\JetBrains\PyCharm Community Edition 2021.2.2\bin;;C:\Program Files\nodejs;C:\Program Files\JetBrains\IntelliJ IDEA Community Edition 2022.2.1\bin;;C:\Users\acer\AppData\Roaming\npm;C:\Users\acer\AppData\Local\Programs\Microsoft VS Code\bin;C:\Users\acer\AppData\Local\Android\Sdk\platform-tools;
USERNAME=shergill
OS=Windows_NT
PROCESSOR_IDENTIFIER=AMD64 Family 22 Model 48 Stepping 1, AuthenticAMD



---------------  S Y S T E M  ---------------

OS: Windows 10 , 64 bit Build 19041 (10.0.19041.2251)
OS uptime: 0 days 12:32 hours

CPU:total 4 (initial active 4) (4 cores per cpu, 1 threads per core) family 22 model 48 stepping 1 microcode 0x0, cmov, cx8, fxsr, mmx, sse, sse2, sse3, ssse3, sse4.1, sse4.2, popcnt, avx, aes, clmul, mmxext, 3dnowpref, lzcnt, sse4a, tsc, tscinvbit, tscinv, bmi1

Memory: 4k page, system-wide physical 7094M (1269M free)
TotalPageFile size 8476M (AvailPageFile size 7M)
current process WorkingSet (physical memory assigned to process): 429M, peak: 431M
current process commit charge ("private bytes"): 458M, peak: 491M

vm_info: OpenJDK 64-Bit Server VM (11.0.13+0-b1751.21-8125866) for windows-amd64 JRE (11.0.13+0-b1751.21-8125866), built on Feb  2 2022 03:00:22 by "builder" with MS VC++ 14.0 (VS2015)

END.
