#
# There is insufficient memory for the Java Runtime Environment to continue.
# Native memory allocation (malloc) failed to allocate 32744 bytes for ChunkPool::allocate
# Possible reasons:
#   The system is out of physical RAM or swap space
#   The process is running with CompressedOops enabled, and the Java Heap may be blocking the growth of the native heap
# Possible solutions:
#   Reduce memory load on the system
#   Increase physical memory or swap space
#   Check if swap backing store is full
#   Decrease Java heap size (-Xmx/-Xms)
#   Decrease number of Java threads
#   Decrease Java thread stack sizes (-Xss)
#   Set larger code cache with -XX:ReservedCodeCacheSize=
#   JVM is running with Unscaled Compressed Oops mode in which the Java heap is
#     placed in the first 4GB address space. The Java Heap base address is the
#     maximum limit for the native heap growth. Please use -XX:HeapBaseMinAddress
#     to set the Java Heap base and to place the Java Heap above 4GB virtual address.
# This output file may be truncated or incomplete.
#
#  Out of Memory Error (./src/hotspot/share/memory/arena.cpp:81), pid=5932, tid=9516
#
# JRE version: OpenJDK Runtime Environment (11.0.13) (build 11.0.13+0-b1751.21-8125866)
# Java VM: OpenJDK 64-Bit Server VM (11.0.13+0-b1751.21-8125866, mixed mode, tiered, compressed oops, g1 gc, windows-amd64)
# No core dump will be written. Minidumps are not enabled by default on client versions of Windows
#

---------------  S U M M A R Y ------------

Command Line: --add-opens=java.base/java.util=ALL-UNNAMED --add-opens=java.base/java.lang=ALL-UNNAMED --add-opens=java.base/java.lang.invoke=ALL-UNNAMED --add-opens=java.base/java.util=ALL-UNNAMED --add-opens=java.prefs/java.util.prefs=ALL-UNNAMED --add-opens=java.prefs/java.util.prefs=ALL-UNNAMED --add-opens=java.base/java.nio.charset=ALL-UNNAMED --add-opens=java.base/java.net=ALL-UNNAMED --add-opens=java.base/java.util.concurrent.atomic=ALL-UNNAMED -Xmx2048m -Dfile.encoding=UTF-8 -Duser.country=IN -Duser.language=en -Duser.variant org.gradle.launcher.daemon.bootstrap.GradleDaemon 7.4

Host: AMD A6-7310 APU with AMD Radeon R4 Graphics    , 4 cores, 6G,  Windows 10 , 64 bit Build 19041 (10.0.19041.2251)
Time: Thu Dec 29 09:57:11 2022 India Standard Time elapsed time: 47.401853 seconds (0d 0h 0m 47s)

---------------  T H R E A D  ---------------

Current thread (0x00000290eeb88000):  JavaThread "C2 CompilerThread1" daemon [_thread_in_native, id=9516, stack(0x000000e343f00000,0x000000e344000000)]


Current CompileTask:
C2:  47402 11080       4       java.net.URLClassLoader$1::run (5 bytes)

Stack: [0x000000e343f00000,0x000000e344000000]
Native frames: (J=compiled Java code, j=interpreted, Vv=VM code, C=native code)
V  [jvm.dll+0x6100fa]
V  [jvm.dll+0x747090]
V  [jvm.dll+0x7486ad]
V  [jvm.dll+0x748d83]
V  [jvm.dll+0x24ab48]
V  [jvm.dll+0xc075b]
V  [jvm.dll+0xc0a0c]
V  [jvm.dll+0x363f9c]
V  [jvm.dll+0x508b6e]
V  [jvm.dll+0x507f83]
V  [jvm.dll+0x508756]
V  [jvm.dll+0x32b862]
V  [jvm.dll+0x32ad2a]
V  [jvm.dll+0x2032b2]
V  [jvm.dll+0x202437]
V  [jvm.dll+0x188e01]
V  [jvm.dll+0x21106b]
V  [jvm.dll+0x20f8c1]
V  [jvm.dll+0x70de0f]
V  [jvm.dll+0x706a75]
V  [jvm.dll+0x60ed66]
C  [ucrtbase.dll+0x21bb2]
C  [KERNEL32.DLL+0x174b4]
C  [ntdll.dll+0x526a1]


---------------  P R O C E S S  ---------------

Threads class SMR info:
_java_thread_list=0x00000290f3d0fb30, length=88, elements={
0x00000290cf65e800, 0x00000290eb1eb000, 0x00000290eb1f8000, 0x00000290eb207800,
0x00000290eb208800, 0x00000290eb20b800, 0x00000290eb219000, 0x00000290eb21c000,
0x00000290eb221800, 0x00000290ebce1000, 0x00000290ed9ce800, 0x00000290ee6bb800,
0x00000290edc60000, 0x00000290ede2c800, 0x00000290edd5a800, 0x00000290ee556800,
0x00000290ee001800, 0x00000290ee41d800, 0x00000290ec1ce800, 0x00000290edc03800,
0x00000290ec2f5000, 0x00000290ec2f8000, 0x00000290ec2f6000, 0x00000290ec2f4000,
0x00000290ec2f7800, 0x00000290ec2fa800, 0x00000290ec2fa000, 0x00000290ec2f6800,
0x00000290ec2f9000, 0x00000290ee7fc000, 0x00000290ee7fd000, 0x00000290ee7fe800,
0x00000290ee800000, 0x00000290ee7fb000, 0x00000290ee803800, 0x00000290ee802800,
0x00000290ee806800, 0x00000290ee804000, 0x00000290ee806000, 0x00000290ee805000,
0x00000290ee807800, 0x00000290ee802000, 0x00000290ee808800, 0x00000290ee809000,
0x00000290ee80a000, 0x00000290ef34e000, 0x00000290ef34d000, 0x00000290ef34a800,
0x00000290ef34f000, 0x00000290ef34b800, 0x00000290ef349000, 0x00000290ef34f800,
0x00000290ef34a000, 0x00000290ef351800, 0x00000290ef350800, 0x00000290ef34c800,
0x00000290ef356000, 0x00000290ef352000, 0x00000290ef353000, 0x00000290ef358000,
0x00000290ef355800, 0x00000290ef357000, 0x00000290ef353800, 0x00000290ef354800,
0x00000290f1bd9800, 0x00000290f1bd5800, 0x00000290f1bd6800, 0x00000290f1bd7000,
0x00000290f1bda800, 0x00000290f1bd5000, 0x00000290f1bdb800, 0x00000290f1bdc000,
0x00000290f1bdd000, 0x00000290f1bdd800, 0x00000290f1bd8000, 0x00000290f1bde800,
0x00000290f1bd9000, 0x00000290f1be0000, 0x00000290eeb88000, 0x00000290f1be1000,
0x00000290f1be2000, 0x00000290f1be2800, 0x00000290f1be3800, 0x00000290f3b43000,
0x00000290f3b44000, 0x00000290f3b3e000, 0x00000290f3b44800, 0x00000290f3b42000
}

Java Threads: ( => current thread )
  0x00000290cf65e800 JavaThread "main" [_thread_blocked, id=7884, stack(0x000000e344100000,0x000000e344200000)]
  0x00000290eb1eb000 JavaThread "Reference Handler" daemon [_thread_blocked, id=9972, stack(0x000000e344800000,0x000000e344900000)]
  0x00000290eb1f8000 JavaThread "Finalizer" daemon [_thread_blocked, id=11208, stack(0x000000e344900000,0x000000e344a00000)]
  0x00000290eb207800 JavaThread "Signal Dispatcher" daemon [_thread_blocked, id=3912, stack(0x000000e344a00000,0x000000e344b00000)]
  0x00000290eb208800 JavaThread "Attach Listener" daemon [_thread_blocked, id=5468, stack(0x000000e344b00000,0x000000e344c00000)]
  0x00000290eb20b800 JavaThread "Service Thread" daemon [_thread_blocked, id=1092, stack(0x000000e344c00000,0x000000e344d00000)]
  0x00000290eb219000 JavaThread "C2 CompilerThread0" daemon [_thread_in_native, id=7248, stack(0x000000e344d00000,0x000000e344e00000)]
  0x00000290eb21c000 JavaThread "C1 CompilerThread0" daemon [_thread_blocked, id=4020, stack(0x000000e344e00000,0x000000e344f00000)]
  0x00000290eb221800 JavaThread "Sweeper thread" daemon [_thread_blocked, id=10236, stack(0x000000e344f00000,0x000000e345000000)]
  0x00000290ebce1000 JavaThread "Common-Cleaner" daemon [_thread_blocked, id=2816, stack(0x000000e345000000,0x000000e345100000)]
  0x00000290ed9ce800 JavaThread "Daemon health stats" [_thread_blocked, id=7760, stack(0x000000e345400000,0x000000e345500000)]
  0x00000290ee6bb800 JavaThread "Incoming local TCP Connector on port 51706" [_thread_in_native, id=5392, stack(0x000000e345200000,0x000000e345300000)]
  0x00000290edc60000 JavaThread "Daemon periodic checks" [_thread_blocked, id=8420, stack(0x000000e345600000,0x000000e345700000)]
  0x00000290ede2c800 JavaThread "Daemon" [_thread_blocked, id=10540, stack(0x000000e345700000,0x000000e345800000)]
  0x00000290edd5a800 JavaThread "Handler for socket connection from /127.0.0.1:51706 to /127.0.0.1:51707" [_thread_in_native, id=10644, stack(0x000000e345800000,0x000000e345900000)]
  0x00000290ee556800 JavaThread "Cancel handler" [_thread_blocked, id=2724, stack(0x000000e345900000,0x000000e345a00000)]
  0x00000290ee001800 JavaThread "Daemon worker" [_thread_blocked, id=4372, stack(0x000000e345a00000,0x000000e345b00000)]
  0x00000290ee41d800 JavaThread "Asynchronous log dispatcher for DefaultDaemonConnection: socket connection from /127.0.0.1:51706 to /127.0.0.1:51707" [_thread_blocked, id=2276, stack(0x000000e345b00000,0x000000e345c00000)]
  0x00000290ec1ce800 JavaThread "Stdin handler" [_thread_blocked, id=7496, stack(0x000000e345c00000,0x000000e345d00000)]
  0x00000290edc03800 JavaThread "Daemon client event forwarder" [_thread_blocked, id=3372, stack(0x000000e345d00000,0x000000e345e00000)]
  0x00000290ec2f5000 JavaThread "Cache worker for journal cache (C:\Users\acer\.gradle\caches\journal-1)" [_thread_blocked, id=5184, stack(0x000000e345500000,0x000000e345600000)]
  0x00000290ec2f8000 JavaThread "File lock request listener" [_thread_in_native, id=10332, stack(0x000000e346000000,0x000000e346100000)]
  0x00000290ec2f6000 JavaThread "Cache worker for file hash cache (C:\Users\acer\.gradle\caches\7.4\fileHashes)" [_thread_blocked, id=4660, stack(0x000000e346100000,0x000000e346200000)]
  0x00000290ec2f4000 JavaThread "File watcher server" daemon [_thread_in_native, id=5564, stack(0x000000e346300000,0x000000e346400000)]
  0x00000290ec2f7800 JavaThread "File watcher consumer" daemon [_thread_blocked, id=10096, stack(0x000000e346400000,0x000000e346500000)]
  0x00000290ec2fa800 JavaThread "Cache worker for checksums cache (C:\Users\acer\AndroidStudioProjects\CoroutineScope\.gradle\7.4\checksums)" [_thread_blocked, id=1180, stack(0x000000e346200000,0x000000e346300000)]
  0x00000290ec2fa000 JavaThread "Cache worker for cache directory md-rule (C:\Users\acer\.gradle\caches\7.4\md-rule)" [_thread_blocked, id=7260, stack(0x000000e346500000,0x000000e346600000)]
  0x00000290ec2f6800 JavaThread "Cache worker for file hash cache (C:\Users\acer\AndroidStudioProjects\CoroutineScope\.gradle\7.4\fileHashes)" [_thread_blocked, id=5380, stack(0x000000e346600000,0x000000e346700000)]
  0x00000290ec2f9000 JavaThread "Cache worker for cache directory md-supplier (C:\Users\acer\.gradle\caches\7.4\md-supplier)" [_thread_blocked, id=936, stack(0x000000e346700000,0x000000e346800000)]
  0x00000290ee7fc000 JavaThread "Cache worker for execution history cache (C:\Users\acer\.gradle\caches\7.4\executionHistory)" [_thread_blocked, id=4088, stack(0x000000e346800000,0x000000e346900000)]
  0x00000290ee7fd000 JavaThread "jar transforms" [_thread_blocked, id=6484, stack(0x000000e346a00000,0x000000e346b00000)]
  0x00000290ee7fe800 JavaThread "Cache worker for file content cache (C:\Users\acer\.gradle\caches\7.4\fileContent)" [_thread_blocked, id=4664, stack(0x000000e346b00000,0x000000e346c00000)]
  0x00000290ee800000 JavaThread "jar transforms Thread 2" [_thread_blocked, id=5716, stack(0x000000e346c00000,0x000000e346d00000)]
  0x00000290ee7fb000 JavaThread "Cache worker for dependencies-accessors (C:\Users\acer\AndroidStudioProjects\CoroutineScope\.gradle\7.4\dependencies-accessors)" [_thread_blocked, id=7784, stack(0x000000e346d00000,0x000000e346e00000)]
  0x00000290ee803800 JavaThread "jar transforms Thread 3" [_thread_blocked, id=8212, stack(0x000000e346e00000,0x000000e346f00000)]
  0x00000290ee802800 JavaThread "Cache worker for Build Output Cleanup Cache (C:\Users\acer\AndroidStudioProjects\CoroutineScope\.gradle\buildOutputCleanup)" [_thread_blocked, id=8208, stack(0x000000e346f00000,0x000000e347000000)]
  0x00000290ee806800 JavaThread "Unconstrained build operations" [_thread_blocked, id=2252, stack(0x000000e347000000,0x000000e347100000)]
  0x00000290ee804000 JavaThread "Unconstrained build operations Thread 2" [_thread_blocked, id=4872, stack(0x000000e347100000,0x000000e347200000)]
  0x00000290ee806000 JavaThread "Unconstrained build operations Thread 3" [_thread_blocked, id=3980, stack(0x000000e347200000,0x000000e347300000)]
  0x00000290ee805000 JavaThread "Unconstrained build operations Thread 4" [_thread_blocked, id=11064, stack(0x000000e347300000,0x000000e347400000)]
  0x00000290ee807800 JavaThread "Unconstrained build operations Thread 5" [_thread_blocked, id=10340, stack(0x000000e347400000,0x000000e347500000)]
  0x00000290ee802000 JavaThread "Unconstrained build operations Thread 6" [_thread_blocked, id=2044, stack(0x000000e347500000,0x000000e347600000)]
  0x00000290ee808800 JavaThread "Unconstrained build operations Thread 7" [_thread_blocked, id=10388, stack(0x000000e347600000,0x000000e347700000)]
  0x00000290ee809000 JavaThread "Unconstrained build operations Thread 8" [_thread_blocked, id=7344, stack(0x000000e347700000,0x000000e347800000)]
  0x00000290ee80a000 JavaThread "Unconstrained build operations Thread 9" [_thread_blocked, id=7284, stack(0x000000e347800000,0x000000e347900000)]
  0x00000290ef34e000 JavaThread "Unconstrained build operations Thread 10" [_thread_blocked, id=6300, stack(0x000000e347900000,0x000000e347a00000)]
  0x00000290ef34d000 JavaThread "Unconstrained build operations Thread 11" [_thread_blocked, id=8132, stack(0x000000e347a00000,0x000000e347b00000)]
  0x00000290ef34a800 JavaThread "Unconstrained build operations Thread 12" [_thread_blocked, id=7772, stack(0x000000e347b00000,0x000000e347c00000)]
  0x00000290ef34f000 JavaThread "Unconstrained build operations Thread 13" [_thread_blocked, id=8656, stack(0x000000e347c00000,0x000000e347d00000)]
  0x00000290ef34b800 JavaThread "Unconstrained build operations Thread 14" [_thread_blocked, id=10308, stack(0x000000e347d00000,0x000000e347e00000)]
  0x00000290ef349000 JavaThread "Unconstrained build operations Thread 15" [_thread_blocked, id=1356, stack(0x000000e347e00000,0x000000e347f00000)]
  0x00000290ef34f800 JavaThread "Unconstrained build operations Thread 16" [_thread_blocked, id=9284, stack(0x000000e347f00000,0x000000e348000000)]
  0x00000290ef34a000 JavaThread "Unconstrained build operations Thread 17" [_thread_blocked, id=2880, stack(0x000000e348000000,0x000000e348100000)]
  0x00000290ef351800 JavaThread "Unconstrained build operations Thread 18" [_thread_blocked, id=1724, stack(0x000000e348100000,0x000000e348200000)]
  0x00000290ef350800 JavaThread "Unconstrained build operations Thread 19" [_thread_blocked, id=11008, stack(0x000000e348200000,0x000000e348300000)]
  0x00000290ef34c800 JavaThread "Unconstrained build operations Thread 20" [_thread_blocked, id=2560, stack(0x000000e348300000,0x000000e348400000)]
  0x00000290ef356000 JavaThread "Unconstrained build operations Thread 21" [_thread_blocked, id=5488, stack(0x000000e348400000,0x000000e348500000)]
  0x00000290ef352000 JavaThread "Unconstrained build operations Thread 22" [_thread_blocked, id=10264, stack(0x000000e348500000,0x000000e348600000)]
  0x00000290ef353000 JavaThread "Unconstrained build operations Thread 23" [_thread_blocked, id=5904, stack(0x000000e348600000,0x000000e348700000)]
  0x00000290ef358000 JavaThread "Unconstrained build operations Thread 24" [_thread_blocked, id=6272, stack(0x000000e348700000,0x000000e348800000)]
  0x00000290ef355800 JavaThread "Unconstrained build operations Thread 25" [_thread_blocked, id=3524, stack(0x000000e348800000,0x000000e348900000)]
  0x00000290ef357000 JavaThread "Unconstrained build operations Thread 26" [_thread_blocked, id=8392, stack(0x000000e348900000,0x000000e348a00000)]
  0x00000290ef353800 JavaThread "Unconstrained build operations Thread 27" [_thread_blocked, id=11056, stack(0x000000e348a00000,0x000000e348b00000)]
  0x00000290ef354800 JavaThread "Unconstrained build operations Thread 28" [_thread_blocked, id=10972, stack(0x000000e348b00000,0x000000e348c00000)]
  0x00000290f1bd9800 JavaThread "Unconstrained build operations Thread 29" [_thread_blocked, id=4496, stack(0x000000e348c00000,0x000000e348d00000)]
  0x00000290f1bd5800 JavaThread "Unconstrained build operations Thread 30" [_thread_blocked, id=5808, stack(0x000000e348d00000,0x000000e348e00000)]
  0x00000290f1bd6800 JavaThread "Unconstrained build operations Thread 31" [_thread_blocked, id=9256, stack(0x000000e348e00000,0x000000e348f00000)]
  0x00000290f1bd7000 JavaThread "Unconstrained build operations Thread 32" [_thread_blocked, id=1812, stack(0x000000e348f00000,0x000000e349000000)]
  0x00000290f1bda800 JavaThread "Unconstrained build operations Thread 33" [_thread_blocked, id=9732, stack(0x000000e349000000,0x000000e349100000)]
  0x00000290f1bd5000 JavaThread "Unconstrained build operations Thread 34" [_thread_blocked, id=1124, stack(0x000000e349100000,0x000000e349200000)]
  0x00000290f1bdb800 JavaThread "Unconstrained build operations Thread 35" [_thread_blocked, id=10552, stack(0x000000e349200000,0x000000e349300000)]
  0x00000290f1bdc000 JavaThread "Unconstrained build operations Thread 36" [_thread_blocked, id=2540, stack(0x000000e349300000,0x000000e349400000)]
  0x00000290f1bdd000 JavaThread "Unconstrained build operations Thread 37" [_thread_blocked, id=6884, stack(0x000000e349400000,0x000000e349500000)]
  0x00000290f1bdd800 JavaThread "Unconstrained build operations Thread 38" [_thread_blocked, id=7948, stack(0x000000e349500000,0x000000e349600000)]
  0x00000290f1bd8000 JavaThread "Unconstrained build operations Thread 39" [_thread_blocked, id=10656, stack(0x000000e349600000,0x000000e349700000)]
  0x00000290f1bde800 JavaThread "Unconstrained build operations Thread 40" [_thread_blocked, id=10744, stack(0x000000e349700000,0x000000e349800000)]
  0x00000290f1bd9000 JavaThread "jar transforms Thread 4" [_thread_blocked, id=10840, stack(0x000000e349800000,0x000000e349900000)]
  0x00000290f1be0000 JavaThread "Memory manager" [_thread_blocked, id=1112, stack(0x000000e349900000,0x000000e349a00000)]
=>0x00000290eeb88000 JavaThread "C2 CompilerThread1" daemon [_thread_in_native, id=9516, stack(0x000000e343f00000,0x000000e344000000)]
  0x00000290f1be1000 JavaThread "build event listener" [_thread_blocked, id=4552, stack(0x000000e349b00000,0x000000e349c00000)]
  0x00000290f1be2000 JavaThread "pool-3-thread-1" [_thread_blocked, id=10032, stack(0x000000e349c00000,0x000000e349d00000)]
  0x00000290f1be2800 JavaThread "build event listener" [_thread_blocked, id=7352, stack(0x000000e349d00000,0x000000e349e00000)]
  0x00000290f1be3800 JavaThread "included builds" [_thread_blocked, id=308, stack(0x000000e349e00000,0x000000e349f00000)]
  0x00000290f3b43000 JavaThread "Execution worker for ':'" [_thread_blocked, id=2104, stack(0x000000e349f00000,0x000000e34a000000)]
  0x00000290f3b44000 JavaThread "Execution worker for ':' Thread 2" [_thread_blocked, id=8980, stack(0x000000e34a000000,0x000000e34a100000)]
  0x00000290f3b3e000 JavaThread "Execution worker for ':' Thread 3" [_thread_blocked, id=1872, stack(0x000000e34a100000,0x000000e34a200000)]
  0x00000290f3b44800 JavaThread "Cache worker for execution history cache (C:\Users\acer\AndroidStudioProjects\CoroutineScope\.gradle\7.4\executionHistory)" [_thread_blocked, id=9860, stack(0x000000e34a200000,0x000000e34a300000)]
  0x00000290f3b42000 JavaThread "WorkerExecutor Queue" [_thread_in_vm, id=1444, stack(0x000000e34a300000,0x000000e34a400000)]

Other Threads:
  0x00000290eb1e6800 VMThread "VM Thread" [stack: 0x000000e344700000,0x000000e344800000] [id=3788]
  0x00000290ebcf7800 WatcherThread [stack: 0x000000e345100000,0x000000e345200000] [id=6332]
  0x00000290cf677800 GCTaskThread "GC Thread#0" [stack: 0x000000e344200000,0x000000e344300000] [id=9060]
  0x00000290ec3aa000 GCTaskThread "GC Thread#1" [stack: 0x000000e345300000,0x000000e345400000] [id=9644]
  0x00000290ec1e6000 GCTaskThread "GC Thread#2" [stack: 0x000000e345e00000,0x000000e345f00000] [id=7852]
  0x00000290edd21800 GCTaskThread "GC Thread#3" [stack: 0x000000e345f00000,0x000000e346000000] [id=4936]
  0x00000290cf6a9800 ConcurrentGCThread "G1 Main Marker" [stack: 0x000000e344300000,0x000000e344400000] [id=1664]
  0x00000290cf6aa800 ConcurrentGCThread "G1 Conc#0" [stack: 0x000000e344400000,0x000000e344500000] [id=4268]
  0x00000290cf727000 ConcurrentGCThread "G1 Refine#0" [stack: 0x000000e344500000,0x000000e344600000] [id=10588]
  0x00000290cf728000 ConcurrentGCThread "G1 Young RemSet Sampling" [stack: 0x000000e344600000,0x000000e344700000] [id=4236]

Threads with active compile tasks:
C2 CompilerThread0  47456 11127   !   4       org.gradle.internal.instantiation.generator.DependencyInjectingInstantiator::doCreate (64 bytes)
C2 CompilerThread1  47456 11080       4       java.net.URLClassLoader$1::run (5 bytes)

VM state:not at safepoint (normal execution)

VM Mutex/Monitor currently owned by a thread: None

Heap address: 0x0000000080000000, size: 2048 MB, Compressed Oops mode: 32-bit
Narrow klass base: 0x0000000000000000, Narrow klass shift: 3
Compressed class space size: 1073741824 Address: 0x0000000100000000

Heap:
 garbage-first heap   total 165888K, used 115600K [0x0000000080000000, 0x0000000100000000)
  region size 1024K, 30 young (30720K), 4 survivors (4096K)
 Metaspace       used 94516K, capacity 96684K, committed 96892K, reserved 1132544K
  class space    used 12039K, capacity 12898K, committed 13004K, reserved 1048576K
Heap Regions: E=young(eden), S=young(survivor), O=old, HS=humongous(starts), HC=humongous(continues), CS=collection set, F=free, A=archive, TAMS=top-at-mark-start (previous, next)
|   0|0x0000000080000000, 0x0000000080100000, 0x0000000080100000|100%|HS|  |TAMS 0x0000000080100000, 0x0000000080000000| Complete 
|   1|0x0000000080100000, 0x0000000080200000, 0x0000000080200000|100%|HC|  |TAMS 0x0000000080200000, 0x0000000080100000| Complete 
|   2|0x0000000080200000, 0x0000000080300000, 0x0000000080300000|100%|HC|  |TAMS 0x0000000080300000, 0x0000000080200000| Complete 
|   3|0x0000000080300000, 0x0000000080400000, 0x0000000080400000|100%| O|  |TAMS 0x0000000080400000, 0x0000000080300000| Untracked 
|   4|0x0000000080400000, 0x0000000080500000, 0x0000000080500000|100%| O|  |TAMS 0x0000000080500000, 0x0000000080400000| Untracked 
|   5|0x0000000080500000, 0x0000000080600000, 0x0000000080600000|100%| O|  |TAMS 0x0000000080600000, 0x0000000080500000| Untracked 
|   6|0x0000000080600000, 0x0000000080700000, 0x0000000080700000|100%| O|  |TAMS 0x0000000080700000, 0x0000000080600000| Untracked 
|   7|0x0000000080700000, 0x0000000080800000, 0x0000000080800000|100%| O|  |TAMS 0x0000000080800000, 0x0000000080700000| Untracked 
|   8|0x0000000080800000, 0x0000000080900000, 0x0000000080900000|100%| O|  |TAMS 0x0000000080900000, 0x0000000080800000| Untracked 
|   9|0x0000000080900000, 0x0000000080a00000, 0x0000000080a00000|100%| O|  |TAMS 0x0000000080a00000, 0x0000000080900000| Untracked 
|  10|0x0000000080a00000, 0x0000000080b00000, 0x0000000080b00000|100%| O|  |TAMS 0x0000000080b00000, 0x0000000080a00000| Untracked 
|  11|0x0000000080b00000, 0x0000000080c00000, 0x0000000080c00000|100%| O|  |TAMS 0x0000000080c00000, 0x0000000080b00000| Untracked 
|  12|0x0000000080c00000, 0x0000000080d00000, 0x0000000080d00000|100%| O|  |TAMS 0x0000000080d00000, 0x0000000080c00000| Untracked 
|  13|0x0000000080d00000, 0x0000000080e00000, 0x0000000080e00000|100%| O|  |TAMS 0x0000000080e00000, 0x0000000080d00000| Untracked 
|  14|0x0000000080e00000, 0x0000000080f00000, 0x0000000080f00000|100%| O|  |TAMS 0x0000000080f00000, 0x0000000080e00000| Untracked 
|  15|0x0000000080f00000, 0x0000000081000000, 0x0000000081000000|100%| O|  |TAMS 0x0000000081000000, 0x0000000080f00000| Untracked 
|  16|0x0000000081000000, 0x0000000081100000, 0x0000000081100000|100%| O|  |TAMS 0x0000000081100000, 0x0000000081000000| Untracked 
|  17|0x0000000081100000, 0x0000000081200000, 0x0000000081200000|100%|HS|  |TAMS 0x0000000081200000, 0x0000000081100000| Complete 
|  18|0x0000000081200000, 0x0000000081300000, 0x0000000081300000|100%| O|  |TAMS 0x0000000081300000, 0x0000000081200000| Untracked 
|  19|0x0000000081300000, 0x0000000081400000, 0x0000000081400000|100%| O|  |TAMS 0x0000000081400000, 0x0000000081300000| Untracked 
|  20|0x0000000081400000, 0x0000000081500000, 0x0000000081500000|100%| O|  |TAMS 0x0000000081500000, 0x0000000081400000| Untracked 
|  21|0x0000000081500000, 0x0000000081600000, 0x0000000081600000|100%| O|  |TAMS 0x0000000081600000, 0x0000000081500000| Untracked 
|  22|0x0000000081600000, 0x0000000081700000, 0x0000000081700000|100%| O|  |TAMS 0x0000000081700000, 0x0000000081600000| Untracked 
|  23|0x0000000081700000, 0x0000000081800000, 0x0000000081800000|100%| O|  |TAMS 0x0000000081800000, 0x0000000081700000| Untracked 
|  24|0x0000000081800000, 0x0000000081900000, 0x0000000081900000|100%| O|  |TAMS 0x0000000081900000, 0x0000000081800000| Untracked 
|  25|0x0000000081900000, 0x0000000081a00000, 0x0000000081a00000|100%|HS|  |TAMS 0x0000000081a00000, 0x0000000081900000| Complete 
|  26|0x0000000081a00000, 0x0000000081b00000, 0x0000000081b00000|100%|HS|  |TAMS 0x0000000081b00000, 0x0000000081a00000| Complete 
|  27|0x0000000081b00000, 0x0000000081c00000, 0x0000000081c00000|100%|HS|  |TAMS 0x0000000081c00000, 0x0000000081b00000| Complete 
|  28|0x0000000081c00000, 0x0000000081d00000, 0x0000000081d00000|100%|HC|  |TAMS 0x0000000081d00000, 0x0000000081c00000| Complete 
|  29|0x0000000081d00000, 0x0000000081e00000, 0x0000000081e00000|100%|HC|  |TAMS 0x0000000081e00000, 0x0000000081d00000| Complete 
|  30|0x0000000081e00000, 0x0000000081f00000, 0x0000000081f00000|100%|HC|  |TAMS 0x0000000081f00000, 0x0000000081e00000| Complete 
|  31|0x0000000081f00000, 0x0000000082000000, 0x0000000082000000|100%| O|  |TAMS 0x0000000082000000, 0x0000000081f00000| Untracked 
|  32|0x0000000082000000, 0x0000000082100000, 0x0000000082100000|100%| O|  |TAMS 0x0000000082100000, 0x0000000082000000| Untracked 
|  33|0x0000000082100000, 0x0000000082200000, 0x0000000082200000|100%| O|  |TAMS 0x0000000082200000, 0x0000000082100000| Untracked 
|  34|0x0000000082200000, 0x0000000082300000, 0x0000000082300000|100%| O|  |TAMS 0x0000000082300000, 0x0000000082200000| Untracked 
|  35|0x0000000082300000, 0x0000000082400000, 0x0000000082400000|100%| O|  |TAMS 0x0000000082400000, 0x0000000082300000| Untracked 
|  36|0x0000000082400000, 0x0000000082500000, 0x0000000082500000|100%| O|  |TAMS 0x0000000082500000, 0x0000000082400000| Untracked 
|  37|0x0000000082500000, 0x0000000082600000, 0x0000000082600000|100%|HS|  |TAMS 0x0000000082600000, 0x0000000082500000| Complete 
|  38|0x0000000082600000, 0x0000000082700000, 0x0000000082700000|100%|HC|  |TAMS 0x0000000082700000, 0x0000000082600000| Complete 
|  39|0x0000000082700000, 0x0000000082800000, 0x0000000082800000|100%| O|  |TAMS 0x0000000082800000, 0x0000000082700000| Untracked 
|  40|0x0000000082800000, 0x0000000082900000, 0x0000000082900000|100%| O|  |TAMS 0x0000000082900000, 0x0000000082800000| Untracked 
|  41|0x0000000082900000, 0x0000000082a00000, 0x0000000082a00000|100%| O|  |TAMS 0x0000000082a00000, 0x0000000082900000| Untracked 
|  42|0x0000000082a00000, 0x0000000082b00000, 0x0000000082b00000|100%| O|  |TAMS 0x0000000082b00000, 0x0000000082a00000| Untracked 
|  43|0x0000000082b00000, 0x0000000082c00000, 0x0000000082c00000|100%| O|  |TAMS 0x0000000082c00000, 0x0000000082b00000| Untracked 
|  44|0x0000000082c00000, 0x0000000082d00000, 0x0000000082d00000|100%| O|  |TAMS 0x0000000082d00000, 0x0000000082c00000| Untracked 
|  45|0x0000000082d00000, 0x0000000082e00000, 0x0000000082e00000|100%| O|  |TAMS 0x0000000082e00000, 0x0000000082d00000| Untracked 
|  46|0x0000000082e00000, 0x0000000082f00000, 0x0000000082f00000|100%| O|  |TAMS 0x0000000082f00000, 0x0000000082e00000| Untracked 
|  47|0x0000000082f00000, 0x0000000083000000, 0x0000000083000000|100%| O|  |TAMS 0x0000000083000000, 0x0000000082f00000| Untracked 
|  48|0x0000000083000000, 0x0000000083100000, 0x0000000083100000|100%| O|  |TAMS 0x0000000083100000, 0x0000000083000000| Untracked 
|  49|0x0000000083100000, 0x0000000083200000, 0x0000000083200000|100%| O|  |TAMS 0x0000000083200000, 0x0000000083100000| Untracked 
|  50|0x0000000083200000, 0x0000000083300000, 0x0000000083300000|100%| O|  |TAMS 0x0000000083300000, 0x0000000083200000| Untracked 
|  51|0x0000000083300000, 0x0000000083400000, 0x0000000083400000|100%| O|  |TAMS 0x0000000083400000, 0x0000000083300000| Untracked 
|  52|0x0000000083400000, 0x0000000083500000, 0x0000000083500000|100%| O|  |TAMS 0x0000000083500000, 0x0000000083400000| Untracked 
|  53|0x0000000083500000, 0x0000000083600000, 0x0000000083600000|100%| O|  |TAMS 0x0000000083600000, 0x0000000083500000| Untracked 
|  54|0x0000000083600000, 0x0000000083700000, 0x0000000083700000|100%| O|  |TAMS 0x0000000083700000, 0x0000000083600000| Untracked 
|  55|0x0000000083700000, 0x0000000083800000, 0x0000000083800000|100%| O|  |TAMS 0x0000000083800000, 0x0000000083700000| Untracked 
|  56|0x0000000083800000, 0x0000000083900000, 0x0000000083900000|100%| O|  |TAMS 0x0000000083900000, 0x0000000083800000| Untracked 
|  57|0x0000000083900000, 0x0000000083a00000, 0x0000000083a00000|100%| O|  |TAMS 0x0000000083a00000, 0x0000000083900000| Untracked 
|  58|0x0000000083a00000, 0x0000000083b00000, 0x0000000083b00000|100%| O|  |TAMS 0x0000000083b00000, 0x0000000083a00000| Untracked 
|  59|0x0000000083b00000, 0x0000000083c00000, 0x0000000083c00000|100%| O|  |TAMS 0x0000000083c00000, 0x0000000083b00000| Untracked 
|  60|0x0000000083c00000, 0x0000000083d00000, 0x0000000083d00000|100%| O|  |TAMS 0x0000000083d00000, 0x0000000083c00000| Untracked 
|  61|0x0000000083d00000, 0x0000000083e00000, 0x0000000083e00000|100%| O|  |TAMS 0x0000000083e00000, 0x0000000083d00000| Untracked 
|  62|0x0000000083e00000, 0x0000000083f00000, 0x0000000083f00000|100%| O|  |TAMS 0x0000000083f00000, 0x0000000083e00000| Untracked 
|  63|0x0000000083f00000, 0x0000000084000000, 0x0000000084000000|100%| O|  |TAMS 0x0000000084000000, 0x0000000083f00000| Untracked 
|  64|0x0000000084000000, 0x0000000084100000, 0x0000000084100000|100%| O|  |TAMS 0x0000000084100000, 0x0000000084000000| Untracked 
|  65|0x0000000084100000, 0x0000000084200000, 0x0000000084200000|100%| O|  |TAMS 0x0000000084200000, 0x0000000084100000| Untracked 
|  66|0x0000000084200000, 0x0000000084300000, 0x0000000084300000|100%| O|  |TAMS 0x0000000084300000, 0x0000000084200000| Untracked 
|  67|0x0000000084300000, 0x0000000084400000, 0x0000000084400000|100%| O|  |TAMS 0x0000000084400000, 0x0000000084300000| Untracked 
|  68|0x0000000084400000, 0x0000000084500000, 0x0000000084500000|100%| O|  |TAMS 0x0000000084500000, 0x0000000084400000| Untracked 
|  69|0x0000000084500000, 0x0000000084600000, 0x0000000084600000|100%| O|  |TAMS 0x0000000084600000, 0x0000000084500000| Untracked 
|  70|0x0000000084600000, 0x0000000084700000, 0x0000000084700000|100%| O|  |TAMS 0x0000000084700000, 0x0000000084600000| Untracked 
|  71|0x0000000084700000, 0x0000000084800000, 0x0000000084800000|100%| O|  |TAMS 0x0000000084800000, 0x0000000084700000| Untracked 
|  72|0x0000000084800000, 0x0000000084900000, 0x0000000084900000|100%| O|  |TAMS 0x0000000084900000, 0x0000000084800000| Untracked 
|  73|0x0000000084900000, 0x0000000084a00000, 0x0000000084a00000|100%| O|  |TAMS 0x0000000084a00000, 0x0000000084900000| Untracked 
|  74|0x0000000084a00000, 0x0000000084b00000, 0x0000000084b00000|100%| O|  |TAMS 0x0000000084b00000, 0x0000000084a00000| Untracked 
|  75|0x0000000084b00000, 0x0000000084c00000, 0x0000000084c00000|100%| O|  |TAMS 0x0000000084c00000, 0x0000000084b00000| Untracked 
|  76|0x0000000084c00000, 0x0000000084d00000, 0x0000000084d00000|100%| O|  |TAMS 0x0000000084d00000, 0x0000000084c00000| Untracked 
|  77|0x0000000084d00000, 0x0000000084e00000, 0x0000000084e00000|100%| O|  |TAMS 0x0000000084e00000, 0x0000000084d00000| Untracked 
|  78|0x0000000084e00000, 0x0000000084f00000, 0x0000000084f00000|100%| O|  |TAMS 0x0000000084f00000, 0x0000000084e00000| Untracked 
|  79|0x0000000084f00000, 0x0000000085000000, 0x0000000085000000|100%| O|  |TAMS 0x0000000085000000, 0x0000000084f00000| Untracked 
|  80|0x0000000085000000, 0x0000000085100000, 0x0000000085100000|100%| O|  |TAMS 0x0000000085100000, 0x0000000085000000| Untracked 
|  81|0x0000000085100000, 0x0000000085200000, 0x0000000085200000|100%| O|  |TAMS 0x0000000085157600, 0x0000000085100000| Untracked 
|  82|0x0000000085200000, 0x0000000085300000, 0x0000000085300000|100%| O|  |TAMS 0x0000000085200000, 0x0000000085200000| Untracked 
|  83|0x0000000085300000, 0x0000000085400000, 0x0000000085400000|100%| O|  |TAMS 0x0000000085300000, 0x0000000085300000| Untracked 
|  84|0x0000000085400000, 0x0000000085500000, 0x0000000085500000|100%| O|  |TAMS 0x0000000085400000, 0x0000000085400000| Untracked 
|  85|0x0000000085500000, 0x0000000085579800, 0x0000000085600000| 47%| O|  |TAMS 0x0000000085500000, 0x0000000085500000| Untracked 
|  86|0x0000000085600000, 0x0000000085600000, 0x0000000085700000|  0%| F|  |TAMS 0x0000000085600000, 0x0000000085600000| Untracked 
|  87|0x0000000085700000, 0x0000000085700000, 0x0000000085800000|  0%| F|  |TAMS 0x0000000085700000, 0x0000000085700000| Untracked 
|  88|0x0000000085800000, 0x0000000085800000, 0x0000000085900000|  0%| F|  |TAMS 0x0000000085800000, 0x0000000085800000| Untracked 
|  89|0x0000000085900000, 0x0000000085900000, 0x0000000085a00000|  0%| F|  |TAMS 0x0000000085900000, 0x0000000085900000| Untracked 
|  90|0x0000000085a00000, 0x0000000085a00000, 0x0000000085b00000|  0%| F|  |TAMS 0x0000000085a00000, 0x0000000085a00000| Untracked 
|  91|0x0000000085b00000, 0x0000000085b00000, 0x0000000085c00000|  0%| F|  |TAMS 0x0000000085b00000, 0x0000000085b00000| Untracked 
|  92|0x0000000085c00000, 0x0000000085c00000, 0x0000000085d00000|  0%| F|  |TAMS 0x0000000085c00000, 0x0000000085c00000| Untracked 
|  93|0x0000000085d00000, 0x0000000085d00000, 0x0000000085e00000|  0%| F|  |TAMS 0x0000000085d00000, 0x0000000085d00000| Untracked 
|  94|0x0000000085e00000, 0x0000000085e00000, 0x0000000085f00000|  0%| F|  |TAMS 0x0000000085e00000, 0x0000000085e00000| Untracked 
|  95|0x0000000085f00000, 0x0000000085f00000, 0x0000000086000000|  0%| F|  |TAMS 0x0000000085f00000, 0x0000000085f00000| Untracked 
|  96|0x0000000086000000, 0x0000000086000000, 0x0000000086100000|  0%| F|  |TAMS 0x0000000086000000, 0x0000000086000000| Untracked 
|  97|0x0000000086100000, 0x0000000086100000, 0x0000000086200000|  0%| F|  |TAMS 0x0000000086100000, 0x0000000086100000| Untracked 
|  98|0x0000000086200000, 0x0000000086200000, 0x0000000086300000|  0%| F|  |TAMS 0x0000000086200000, 0x0000000086200000| Untracked 
|  99|0x0000000086300000, 0x0000000086300000, 0x0000000086400000|  0%| F|  |TAMS 0x0000000086300000, 0x0000000086300000| Untracked 
| 100|0x0000000086400000, 0x0000000086400000, 0x0000000086500000|  0%| F|  |TAMS 0x0000000086400000, 0x0000000086400000| Untracked 
| 101|0x0000000086500000, 0x0000000086500000, 0x0000000086600000|  0%| F|  |TAMS 0x0000000086500000, 0x0000000086500000| Untracked 
| 102|0x0000000086600000, 0x0000000086600000, 0x0000000086700000|  0%| F|  |TAMS 0x0000000086600000, 0x0000000086600000| Untracked 
| 103|0x0000000086700000, 0x0000000086700000, 0x0000000086800000|  0%| F|  |TAMS 0x0000000086700000, 0x0000000086700000| Untracked 
| 104|0x0000000086800000, 0x0000000086800000, 0x0000000086900000|  0%| F|  |TAMS 0x0000000086800000, 0x0000000086800000| Untracked 
| 105|0x0000000086900000, 0x0000000086900000, 0x0000000086a00000|  0%| F|  |TAMS 0x0000000086900000, 0x0000000086900000| Untracked 
| 106|0x0000000086a00000, 0x0000000086a00000, 0x0000000086b00000|  0%| F|  |TAMS 0x0000000086a00000, 0x0000000086a00000| Untracked 
| 107|0x0000000086b00000, 0x0000000086b00000, 0x0000000086c00000|  0%| F|  |TAMS 0x0000000086b00000, 0x0000000086b00000| Untracked 
| 108|0x0000000086c00000, 0x0000000086c00000, 0x0000000086d00000|  0%| F|  |TAMS 0x0000000086c00000, 0x0000000086c00000| Untracked 
| 109|0x0000000086d00000, 0x0000000086d00000, 0x0000000086e00000|  0%| F|  |TAMS 0x0000000086d00000, 0x0000000086d00000| Untracked 
| 110|0x0000000086e00000, 0x0000000086e00000, 0x0000000086f00000|  0%| F|  |TAMS 0x0000000086e00000, 0x0000000086e00000| Untracked 
| 111|0x0000000086f00000, 0x0000000086f00000, 0x0000000087000000|  0%| F|  |TAMS 0x0000000086f00000, 0x0000000086f00000| Untracked 
| 112|0x0000000087000000, 0x0000000087000000, 0x0000000087100000|  0%| F|  |TAMS 0x0000000087000000, 0x0000000087000000| Untracked 
| 113|0x0000000087100000, 0x000000008716abf0, 0x0000000087200000| 41%| S|CS|TAMS 0x0000000087100000, 0x0000000087100000| Complete 
| 114|0x0000000087200000, 0x0000000087300000, 0x0000000087300000|100%| S|CS|TAMS 0x0000000087200000, 0x0000000087200000| Complete 
| 115|0x0000000087300000, 0x0000000087400000, 0x0000000087400000|100%| S|CS|TAMS 0x0000000087300000, 0x0000000087300000| Complete 
| 116|0x0000000087400000, 0x0000000087500000, 0x0000000087500000|100%| S|CS|TAMS 0x0000000087400000, 0x0000000087400000| Complete 
| 117|0x0000000087500000, 0x0000000087500000, 0x0000000087600000|  0%| F|  |TAMS 0x0000000087500000, 0x0000000087500000| Untracked 
| 118|0x0000000087600000, 0x0000000087600000, 0x0000000087700000|  0%| F|  |TAMS 0x0000000087600000, 0x0000000087600000| Untracked 
| 119|0x0000000087700000, 0x0000000087700000, 0x0000000087800000|  0%| F|  |TAMS 0x0000000087700000, 0x0000000087700000| Untracked 
| 120|0x0000000087800000, 0x0000000087800000, 0x0000000087900000|  0%| F|  |TAMS 0x0000000087800000, 0x0000000087800000| Untracked 
| 121|0x0000000087900000, 0x0000000087900000, 0x0000000087a00000|  0%| F|  |TAMS 0x0000000087900000, 0x0000000087900000| Untracked 
| 122|0x0000000087a00000, 0x0000000087a00000, 0x0000000087b00000|  0%| F|  |TAMS 0x0000000087a00000, 0x0000000087a00000| Untracked 
| 123|0x0000000087b00000, 0x0000000087b00000, 0x0000000087c00000|  0%| F|  |TAMS 0x0000000087b00000, 0x0000000087b00000| Untracked 
| 124|0x0000000087c00000, 0x0000000087c00000, 0x0000000087d00000|  0%| F|  |TAMS 0x0000000087c00000, 0x0000000087c00000| Untracked 
| 125|0x0000000087d00000, 0x0000000087d00000, 0x0000000087e00000|  0%| F|  |TAMS 0x0000000087d00000, 0x0000000087d00000| Untracked 
| 126|0x0000000087e00000, 0x0000000087e00000, 0x0000000087f00000|  0%| F|  |TAMS 0x0000000087e00000, 0x0000000087e00000| Untracked 
| 127|0x0000000087f00000, 0x0000000087f00000, 0x0000000088000000|  0%| F|  |TAMS 0x0000000087f00000, 0x0000000087f00000| Untracked 
| 128|0x0000000088000000, 0x0000000088000000, 0x0000000088100000|  0%| F|  |TAMS 0x0000000088000000, 0x0000000088000000| Untracked 
| 129|0x0000000088100000, 0x0000000088100000, 0x0000000088200000|  0%| F|  |TAMS 0x0000000088100000, 0x0000000088100000| Untracked 
| 130|0x0000000088200000, 0x0000000088200000, 0x0000000088300000|  0%| F|  |TAMS 0x0000000088200000, 0x0000000088200000| Untracked 
| 131|0x0000000088300000, 0x0000000088300000, 0x0000000088400000|  0%| F|  |TAMS 0x0000000088300000, 0x0000000088300000| Untracked 
| 132|0x0000000088400000, 0x0000000088400000, 0x0000000088500000|  0%| F|  |TAMS 0x0000000088400000, 0x0000000088400000| Untracked 
| 133|0x0000000088500000, 0x0000000088500000, 0x0000000088600000|  0%| F|  |TAMS 0x0000000088500000, 0x0000000088500000| Untracked 
| 134|0x0000000088600000, 0x0000000088600000, 0x0000000088700000|  0%| F|  |TAMS 0x0000000088600000, 0x0000000088600000| Untracked 
| 135|0x0000000088700000, 0x0000000088700000, 0x0000000088800000|  0%| F|  |TAMS 0x0000000088700000, 0x0000000088700000| Untracked 
| 136|0x0000000088800000, 0x00000000888f05d8, 0x0000000088900000| 93%| E|  |TAMS 0x0000000088800000, 0x0000000088800000| Complete 
| 137|0x0000000088900000, 0x0000000088a00000, 0x0000000088a00000|100%| E|CS|TAMS 0x0000000088900000, 0x0000000088900000| Complete 
| 138|0x0000000088a00000, 0x0000000088b00000, 0x0000000088b00000|100%| E|CS|TAMS 0x0000000088a00000, 0x0000000088a00000| Complete 
| 139|0x0000000088b00000, 0x0000000088c00000, 0x0000000088c00000|100%| E|CS|TAMS 0x0000000088b00000, 0x0000000088b00000| Complete 
| 140|0x0000000088c00000, 0x0000000088d00000, 0x0000000088d00000|100%| E|CS|TAMS 0x0000000088c00000, 0x0000000088c00000| Complete 
| 141|0x0000000088d00000, 0x0000000088e00000, 0x0000000088e00000|100%| E|  |TAMS 0x0000000088d00000, 0x0000000088d00000| Complete 
| 142|0x0000000088e00000, 0x0000000088f00000, 0x0000000088f00000|100%| E|CS|TAMS 0x0000000088e00000, 0x0000000088e00000| Complete 
| 143|0x0000000088f00000, 0x0000000089000000, 0x0000000089000000|100%| E|CS|TAMS 0x0000000088f00000, 0x0000000088f00000| Complete 
| 144|0x0000000089000000, 0x0000000089100000, 0x0000000089100000|100%| E|CS|TAMS 0x0000000089000000, 0x0000000089000000| Complete 
| 145|0x0000000089100000, 0x0000000089200000, 0x0000000089200000|100%| E|CS|TAMS 0x0000000089100000, 0x0000000089100000| Complete 
| 146|0x0000000089200000, 0x0000000089300000, 0x0000000089300000|100%| E|CS|TAMS 0x0000000089200000, 0x0000000089200000| Complete 
| 147|0x0000000089300000, 0x0000000089400000, 0x0000000089400000|100%| E|CS|TAMS 0x0000000089300000, 0x0000000089300000| Complete 
| 148|0x0000000089400000, 0x0000000089500000, 0x0000000089500000|100%| E|CS|TAMS 0x0000000089400000, 0x0000000089400000| Complete 
| 149|0x0000000089500000, 0x0000000089600000, 0x0000000089600000|100%| E|CS|TAMS 0x0000000089500000, 0x0000000089500000| Complete 
| 150|0x0000000089600000, 0x0000000089700000, 0x0000000089700000|100%| E|CS|TAMS 0x0000000089600000, 0x0000000089600000| Complete 
| 151|0x0000000089700000, 0x0000000089800000, 0x0000000089800000|100%| E|CS|TAMS 0x0000000089700000, 0x0000000089700000| Complete 
| 152|0x0000000089800000, 0x0000000089900000, 0x0000000089900000|100%| E|CS|TAMS 0x0000000089800000, 0x0000000089800000| Complete 
| 153|0x0000000089900000, 0x0000000089a00000, 0x0000000089a00000|100%| E|CS|TAMS 0x0000000089900000, 0x0000000089900000| Complete 
| 154|0x0000000089a00000, 0x0000000089b00000, 0x0000000089b00000|100%| E|CS|TAMS 0x0000000089a00000, 0x0000000089a00000| Complete 
| 155|0x0000000089b00000, 0x0000000089c00000, 0x0000000089c00000|100%| E|CS|TAMS 0x0000000089b00000, 0x0000000089b00000| Complete 
| 156|0x0000000089c00000, 0x0000000089d00000, 0x0000000089d00000|100%| E|CS|TAMS 0x0000000089c00000, 0x0000000089c00000| Complete 
| 157|0x0000000089d00000, 0x0000000089e00000, 0x0000000089e00000|100%| E|CS|TAMS 0x0000000089d00000, 0x0000000089d00000| Complete 
| 158|0x0000000089e00000, 0x0000000089f00000, 0x0000000089f00000|100%| E|CS|TAMS 0x0000000089e00000, 0x0000000089e00000| Complete 
| 159|0x0000000089f00000, 0x000000008a000000, 0x000000008a000000|100%| E|CS|TAMS 0x0000000089f00000, 0x0000000089f00000| Complete 
| 160|0x000000008a000000, 0x000000008a100000, 0x000000008a100000|100%| E|CS|TAMS 0x000000008a000000, 0x000000008a000000| Complete 
| 161|0x000000008a100000, 0x000000008a200000, 0x000000008a200000|100%| E|CS|TAMS 0x000000008a100000, 0x000000008a100000| Complete 

Card table byte_map: [0x00000290e43c0000,0x00000290e47c0000] _byte_map_base: 0x00000290e3fc0000

Marking Bits (Prev, Next): (CMBitMap*) 0x00000290cf6a0980, (CMBitMap*) 0x00000290cf6a0948
 Prev Bits: [0x00000290e6bc0000, 0x00000290e8bc0000)
 Next Bits: [0x00000290e4bc0000, 0x00000290e6bc0000)

Polling page: 0x00000290cf740000

Metaspace:

Usage:
  Non-class:     81.82 MB capacity,    80.56 MB ( 98%) used,     1.01 MB (  1%) free+waste,   259.25 KB ( <1%) overhead. 
      Class:     12.60 MB capacity,    11.76 MB ( 93%) used,   740.05 KB (  6%) free+waste,   114.69 KB ( <1%) overhead. 
       Both:     94.42 MB capacity,    92.32 MB ( 98%) used,     1.74 MB (  2%) free+waste,   373.94 KB ( <1%) overhead. 

Virtual space:
  Non-class space:       82.00 MB reserved,      81.92 MB (>99%) committed 
      Class space:        1.00 GB reserved,      12.70 MB (  1%) committed 
             Both:        1.08 GB reserved,      94.62 MB (  9%) committed 

Chunk freelists:
   Non-Class:  38.00 KB
       Class:  30.00 KB
        Both:  68.00 KB

MaxMetaspaceSize: 17179869184.00 GB
CompressedClassSpaceSize: 1.00 GB
Initial GC threshold: 20.80 MB
Current GC threshold: 154.79 MB
CDS: off

CodeHeap 'non-profiled nmethods': size=120064Kb used=6534Kb max_used=6534Kb free=113529Kb
 bounds [0x00000290dc460000, 0x00000290dcad0000, 0x00000290e39a0000]
CodeHeap 'profiled nmethods': size=120000Kb used=24248Kb max_used=24248Kb free=95751Kb
 bounds [0x00000290d4f30000, 0x00000290d66e0000, 0x00000290dc460000]
CodeHeap 'non-nmethods': size=5696Kb used=2379Kb max_used=2432Kb free=3316Kb
 bounds [0x00000290d49a0000, 0x00000290d4c10000, 0x00000290d4f30000]
 total_blobs=11953 nmethods=11049 adapters=817
 compilation: enabled
              stopped_count=0, restarted_count=0
 full_count=0

Compilation events (20 events):
Event: 47.237 Thread 0x00000290eb21c000 11133       3       java.lang.CharacterDataLatin1::isJavaIdentifierPart (20 bytes)
Event: 47.237 Thread 0x00000290eb21c000 nmethod 11133 0x00000290d66d7f90 code [0x00000290d66d8160, 0x00000290d66d8378]
Event: 47.240 Thread 0x00000290eb21c000 11135       3       java.util.jar.JarFile::getVersionedEntry (85 bytes)
Event: 47.242 Thread 0x00000290eb21c000 nmethod 11135 0x00000290d66d8490 code [0x00000290d66d8780, 0x00000290d66d9788]
Event: 47.243 Thread 0x00000290eb21c000 11137       3       org.gradle.api.internal.artifacts.transform.DefaultTransformedVariantFactory::doCreateExternal (44 bytes)
Event: 47.244 Thread 0x00000290eb21c000 nmethod 11137 0x00000290d66d9d90 code [0x00000290d66d9f80, 0x00000290d66da4e8]
Event: 47.246 Thread 0x00000290eb21c000 11138       3       org.gradle.api.internal.artifacts.ivyservice.resolveengine.artifact.DefaultArtifactSet$SingleArtifactVariantIdentifier::hashCode (8 bytes)
Event: 47.246 Thread 0x00000290eb21c000 nmethod 11138 0x00000290d66da790 code [0x00000290d66da940, 0x00000290d66dab08]
Event: 47.250 Thread 0x00000290eb21c000 11139       3       com.google.common.collect.RegularImmutableMap::createKeySet (9 bytes)
Event: 47.250 Thread 0x00000290eb21c000 nmethod 11139 0x00000290d66dac10 code [0x00000290d66dae00, 0x00000290d66db1f8]
Event: 47.274 Thread 0x00000290eb21c000 11140       3       com.google.common.cache.LocalCache$Segment::enqueueNotification (67 bytes)
Event: 47.278 Thread 0x00000290eb21c000 nmethod 11140 0x00000290d66db390 code [0x00000290d66db5c0, 0x00000290d66dbe38]
Event: 47.279 Thread 0x00000290eb21c000 11141       3       com.google.common.cache.LocalCache::reclaimValue (32 bytes)
Event: 47.280 Thread 0x00000290eb21c000 nmethod 11141 0x00000290d66dc110 code [0x00000290d66dc320, 0x00000290d66dc778]
Event: 47.281 Thread 0x00000290eb21c000 11142       3       com.google.common.cache.CacheBuilder$1::recordEviction (1 bytes)
Event: 47.281 Thread 0x00000290eb21c000 nmethod 11142 0x00000290d66dc990 code [0x00000290d66dcb40, 0x00000290d66dcc38]
Event: 47.296 Thread 0x00000290eb21c000 11143       3       com.google.common.cache.LocalCache$Segment::removeValueFromChain (67 bytes)
Event: 47.297 Thread 0x00000290eb21c000 nmethod 11143 0x00000290d66dcd10 code [0x00000290d66dcf40, 0x00000290d66dd548]
Event: 47.312 Thread 0x00000290eb21c000 11144       3       java.nio.file.Files::newDirectoryStream (12 bytes)
Event: 47.313 Thread 0x00000290eb21c000 nmethod 11144 0x00000290d66dd790 code [0x00000290d66dd980, 0x00000290d66ddd08]

GC Heap History (20 events):
Event: 23.030 GC heap before
{Heap before GC invocations=14 (full 0):
 garbage-first heap   total 165888K, used 76020K [0x0000000080000000, 0x0000000100000000)
  region size 1024K, 27 young (27648K), 4 survivors (4096K)
 Metaspace       used 58816K, capacity 60221K, committed 60284K, reserved 1101824K
  class space    used 7351K, capacity 7851K, committed 7884K, reserved 1048576K
}
Event: 23.040 GC heap after
{Heap after GC invocations=15 (full 0):
 garbage-first heap   total 165888K, used 54170K [0x0000000080000000, 0x0000000100000000)
  region size 1024K, 5 young (5120K), 5 survivors (5120K)
 Metaspace       used 58816K, capacity 60221K, committed 60284K, reserved 1101824K
  class space    used 7351K, capacity 7851K, committed 7884K, reserved 1048576K
}
Event: 25.176 GC heap before
{Heap before GC invocations=16 (full 0):
 garbage-first heap   total 165888K, used 116634K [0x0000000080000000, 0x0000000100000000)
  region size 1024K, 61 young (62464K), 5 survivors (5120K)
 Metaspace       used 64308K, capacity 65786K, committed 65916K, reserved 1105920K
  class space    used 8033K, capacity 8612K, committed 8652K, reserved 1048576K
}
Event: 25.197 GC heap after
{Heap after GC invocations=17 (full 0):
 garbage-first heap   total 165888K, used 58308K [0x0000000080000000, 0x0000000100000000)
  region size 1024K, 7 young (7168K), 7 survivors (7168K)
 Metaspace       used 64308K, capacity 65786K, committed 65916K, reserved 1105920K
  class space    used 8033K, capacity 8612K, committed 8652K, reserved 1048576K
}
Event: 27.433 GC heap before
{Heap before GC invocations=18 (full 0):
 garbage-first heap   total 165888K, used 115652K [0x0000000080000000, 0x0000000100000000)
  region size 1024K, 63 young (64512K), 7 survivors (7168K)
 Metaspace       used 68909K, capacity 70390K, committed 70652K, reserved 1110016K
  class space    used 8611K, capacity 9196K, committed 9292K, reserved 1048576K
}
Event: 27.461 GC heap after
{Heap after GC invocations=19 (full 0):
 garbage-first heap   total 165888K, used 62162K [0x0000000080000000, 0x0000000100000000)
  region size 1024K, 4 young (4096K), 4 survivors (4096K)
 Metaspace       used 68909K, capacity 70390K, committed 70652K, reserved 1110016K
  class space    used 8611K, capacity 9196K, committed 9292K, reserved 1048576K
}
Event: 29.161 GC heap before
{Heap before GC invocations=19 (full 0):
 garbage-first heap   total 165888K, used 120530K [0x0000000080000000, 0x0000000100000000)
  region size 1024K, 61 young (62464K), 4 survivors (4096K)
 Metaspace       used 71106K, capacity 72656K, committed 72956K, reserved 1112064K
  class space    used 8883K, capacity 9460K, committed 9548K, reserved 1048576K
}
Event: 29.177 GC heap after
{Heap after GC invocations=20 (full 0):
 garbage-first heap   total 165888K, used 65608K [0x0000000080000000, 0x0000000100000000)
  region size 1024K, 8 young (8192K), 8 survivors (8192K)
 Metaspace       used 71106K, capacity 72656K, committed 72956K, reserved 1112064K
  class space    used 8883K, capacity 9460K, committed 9548K, reserved 1048576K
}
Event: 32.364 GC heap before
{Heap before GC invocations=20 (full 0):
 garbage-first heap   total 165888K, used 123976K [0x0000000080000000, 0x0000000100000000)
  region size 1024K, 65 young (66560K), 8 survivors (8192K)
 Metaspace       used 77388K, capacity 79075K, committed 79356K, reserved 1118208K
  class space    used 9896K, capacity 10540K, committed 10572K, reserved 1048576K
}
Event: 32.397 GC heap after
{Heap after GC invocations=21 (full 0):
 garbage-first heap   total 165888K, used 69148K [0x0000000080000000, 0x0000000100000000)
  region size 1024K, 8 young (8192K), 8 survivors (8192K)
 Metaspace       used 77388K, capacity 79075K, committed 79356K, reserved 1118208K
  class space    used 9896K, capacity 10540K, committed 10572K, reserved 1048576K
}
Event: 35.407 GC heap before
{Heap before GC invocations=21 (full 0):
 garbage-first heap   total 165888K, used 127516K [0x0000000080000000, 0x0000000100000000)
  region size 1024K, 65 young (66560K), 8 survivors (8192K)
 Metaspace       used 83173K, capacity 84930K, committed 85116K, reserved 1122304K
  class space    used 10683K, capacity 11356K, committed 11468K, reserved 1048576K
}
Event: 35.437 GC heap after
{Heap after GC invocations=22 (full 0):
 garbage-first heap   total 165888K, used 73195K [0x0000000080000000, 0x0000000100000000)
  region size 1024K, 8 young (8192K), 8 survivors (8192K)
 Metaspace       used 83173K, capacity 84930K, committed 85116K, reserved 1122304K
  class space    used 10683K, capacity 11356K, committed 11468K, reserved 1048576K
}
Event: 39.510 GC heap before
{Heap before GC invocations=22 (full 0):
 garbage-first heap   total 165888K, used 128491K [0x0000000080000000, 0x0000000100000000)
  region size 1024K, 63 young (64512K), 8 survivors (8192K)
 Metaspace       used 88267K, capacity 90269K, committed 90364K, reserved 1128448K
  class space    used 11322K, capacity 12051K, committed 12108K, reserved 1048576K
}
Event: 39.537 GC heap after
{Heap after GC invocations=23 (full 0):
 garbage-first heap   total 165888K, used 78565K [0x0000000080000000, 0x0000000100000000)
  region size 1024K, 8 young (8192K), 8 survivors (8192K)
 Metaspace       used 88267K, capacity 90269K, committed 90364K, reserved 1128448K
  class space    used 11322K, capacity 12051K, committed 12108K, reserved 1048576K
}
Event: 42.112 GC heap before
{Heap before GC invocations=23 (full 0):
 garbage-first heap   total 165888K, used 131813K [0x0000000080000000, 0x0000000100000000)
  region size 1024K, 60 young (61440K), 8 survivors (8192K)
 Metaspace       used 91861K, capacity 93854K, committed 93948K, reserved 1130496K
  class space    used 11758K, capacity 12571K, committed 12620K, reserved 1048576K
}
Event: 42.141 GC heap after
{Heap after GC invocations=24 (full 0):
 garbage-first heap   total 165888K, used 83717K [0x0000000080000000, 0x0000000100000000)
  region size 1024K, 5 young (5120K), 5 survivors (5120K)
 Metaspace       used 91861K, capacity 93854K, committed 93948K, reserved 1130496K
  class space    used 11758K, capacity 12571K, committed 12620K, reserved 1048576K
}
Event: 44.598 GC heap before
{Heap before GC invocations=24 (full 0):
 garbage-first heap   total 165888K, used 132869K [0x0000000080000000, 0x0000000100000000)
  region size 1024K, 54 young (55296K), 5 survivors (5120K)
 Metaspace       used 92661K, capacity 94724K, committed 94844K, reserved 1132544K
  class space    used 11813K, capacity 12637K, committed 12748K, reserved 1048576K
}
Event: 44.618 GC heap after
{Heap after GC invocations=25 (full 0):
 garbage-first heap   total 165888K, used 87646K [0x0000000080000000, 0x0000000100000000)
  region size 1024K, 5 young (5120K), 5 survivors (5120K)
 Metaspace       used 92661K, capacity 94724K, committed 94844K, reserved 1132544K
  class space    used 11813K, capacity 12637K, committed 12748K, reserved 1048576K
}
Event: 46.572 GC heap before
{Heap before GC invocations=26 (full 0):
 garbage-first heap   total 165888K, used 132702K [0x0000000080000000, 0x0000000100000000)
  region size 1024K, 50 young (51200K), 5 survivors (5120K)
 Metaspace       used 93779K, capacity 95939K, committed 96252K, reserved 1132544K
  class space    used 11933K, capacity 12800K, committed 12876K, reserved 1048576K
}
Event: 46.595 GC heap after
{Heap after GC invocations=27 (full 0):
 garbage-first heap   total 165888K, used 91024K [0x0000000080000000, 0x0000000100000000)
  region size 1024K, 4 young (4096K), 4 survivors (4096K)
 Metaspace       used 93779K, capacity 95939K, committed 96252K, reserved 1132544K
  class space    used 11933K, capacity 12800K, committed 12876K, reserved 1048576K
}

Deoptimization events (20 events):
Event: 46.599 Thread 0x00000290ef34e000 Uncommon trap: trap_request=0xffffff4d fr.pc=0x00000290dc741064 relative=0x0000000000000304
Event: 46.599 Thread 0x00000290ef34e000 Uncommon trap: reason=unstable_if action=reinterpret pc=0x00000290dc741064 method=java.util.concurrent.ConcurrentHashMap.addCount(JI)V @ 168 c2
Event: 46.599 Thread 0x00000290ef34e000 DEOPT PACKING pc=0x00000290dc741064 sp=0x000000e3479fdb50
Event: 46.599 Thread 0x00000290ef34e000 DEOPT UNPACKING pc=0x00000290d49ea1af sp=0x000000e3479fda90 mode 2
Event: 46.600 Thread 0x00000290ef34e000 Uncommon trap: trap_request=0xffffffde fr.pc=0x00000290dca53da4 relative=0x0000000000000264
Event: 46.600 Thread 0x00000290ef34e000 Uncommon trap: reason=class_check action=maybe_recompile pc=0x00000290dca53da4 method=java.util.concurrent.ConcurrentHashMap.get(Ljava/lang/Object;)Ljava/lang/Object; @ 93 c2
Event: 46.600 Thread 0x00000290ef34e000 DEOPT PACKING pc=0x00000290dca53da4 sp=0x000000e3479fdae0
Event: 46.600 Thread 0x00000290ef34e000 DEOPT UNPACKING pc=0x00000290d49ea1af sp=0x000000e3479fda38 mode 2
Event: 46.614 Thread 0x00000290ef34e000 Uncommon trap: trap_request=0xffffffd6 fr.pc=0x00000290dcab0f1c relative=0x000000000000191c
Event: 46.615 Thread 0x00000290ef34e000 Uncommon trap: reason=array_check action=maybe_recompile pc=0x00000290dcab0f1c method=java.util.TimSort.reverseRange([Ljava/lang/Object;II)V @ 27 c2
Event: 46.615 Thread 0x00000290ef34e000 DEOPT PACKING pc=0x00000290dcab0f1c sp=0x000000e3479fc550
Event: 46.615 Thread 0x00000290ef34e000 DEOPT UNPACKING pc=0x00000290d49ea1af sp=0x000000e3479fc390 mode 2
Event: 46.618 Thread 0x00000290ef34e000 Uncommon trap: trap_request=0xffffffd6 fr.pc=0x00000290dcab0f1c relative=0x000000000000191c
Event: 46.618 Thread 0x00000290ef34e000 Uncommon trap: reason=array_check action=maybe_recompile pc=0x00000290dcab0f1c method=java.util.TimSort.reverseRange([Ljava/lang/Object;II)V @ 27 c2
Event: 46.618 Thread 0x00000290ef34e000 DEOPT PACKING pc=0x00000290dcab0f1c sp=0x000000e3479fd730
Event: 46.618 Thread 0x00000290ef34e000 DEOPT UNPACKING pc=0x00000290d49ea1af sp=0x000000e3479fd570 mode 2
Event: 47.236 Thread 0x00000290f3b42000 Uncommon trap: trap_request=0xffffff4d fr.pc=0x00000290dc8f6010 relative=0x0000000000000890
Event: 47.236 Thread 0x00000290f3b42000 Uncommon trap: reason=unstable_if action=reinterpret pc=0x00000290dc8f6010 method=java.util.jar.JarFile.getVersionedEntry(Ljava/lang/String;Ljava/util/jar/JarEntry;)Ljava/util/jar/JarEntry; @ 7 c2
Event: 47.236 Thread 0x00000290f3b42000 DEOPT PACKING pc=0x00000290dc8f6010 sp=0x000000e34a3fa000
Event: 47.236 Thread 0x00000290f3b42000 DEOPT UNPACKING pc=0x00000290d49ea1af sp=0x000000e34a3f9fe0 mode 2

Classes redefined (0 events):
No events

Internal exceptions (20 events):
Event: 43.747 Thread 0x00000290f1be3800 Exception <a 'java/lang/NoSuchMethodError'{0x000000008811d278}: 'void java.lang.invoke.DirectMethodHandle$Holder.invokeInterface(java.lang.Object, java.lang.Object, java.lang.Object, java.lang.Object)'> (0x000000008811d278) thrown at [./src/hotspot/share/interpreter/linkResolver.cpp, line 773]
Event: 44.557 Thread 0x00000290f3b44000 Exception <a 'java/lang/NoSuchMethodError'{0x0000000087150c40}: <clinit>> (0x0000000087150c40) thrown at [./src/hotspot/share/prims/jni.cpp, line 1366]
Event: 44.557 Thread 0x00000290f3b44000 Exception <a 'java/lang/NoSuchMethodError'{0x0000000087152248}: <clinit>> (0x0000000087152248) thrown at [./src/hotspot/share/prims/jni.cpp, line 1366]
Event: 44.557 Thread 0x00000290f3b44000 Exception <a 'java/lang/NoSuchMethodError'{0x0000000087154e48}: <clinit>> (0x0000000087154e48) thrown at [./src/hotspot/share/prims/jni.cpp, line 1366]
Event: 44.562 Thread 0x00000290f3b44000 Exception <a 'java/lang/NoSuchMethodError'{0x000000008716c4c8}: <clinit>> (0x000000008716c4c8) thrown at [./src/hotspot/share/prims/jni.cpp, line 1366]
Event: 44.562 Thread 0x00000290f3b44000 Exception <a 'java/lang/NoSuchMethodError'{0x000000008716d700}: <clinit>> (0x000000008716d700) thrown at [./src/hotspot/share/prims/jni.cpp, line 1366]
Event: 45.734 Thread 0x00000290f3b44000 Exception <a 'java/lang/NoSuchMethodError'{0x00000000888a41c0}: 'void java.lang.invoke.DirectMethodHandle$Holder.invokeVirtual(java.lang.Object, java.lang.Object)'> (0x00000000888a41c0) thrown at [./src/hotspot/share/interpreter/linkResolver.cpp, line 773]
Event: 45.777 Thread 0x00000290f3b44000 Exception <a 'sun/nio/fs/WindowsException'{0x0000000088786ad0}> (0x0000000088786ad0) thrown at [./src/hotspot/share/prims/jni.cpp, line 616]
Event: 45.778 Thread 0x00000290f3b44000 Exception <a 'sun/nio/fs/WindowsException'{0x0000000088787998}> (0x0000000088787998) thrown at [./src/hotspot/share/prims/jni.cpp, line 616]
Event: 45.779 Thread 0x00000290f3b44000 Exception <a 'sun/nio/fs/WindowsException'{0x0000000088787d70}> (0x0000000088787d70) thrown at [./src/hotspot/share/prims/jni.cpp, line 616]
Event: 45.779 Thread 0x00000290f3b44000 Exception <a 'sun/nio/fs/WindowsException'{0x0000000088788c18}> (0x0000000088788c18) thrown at [./src/hotspot/share/prims/jni.cpp, line 616]
Event: 45.779 Thread 0x00000290f3b44000 Exception <a 'sun/nio/fs/WindowsException'{0x0000000088788f78}> (0x0000000088788f78) thrown at [./src/hotspot/share/prims/jni.cpp, line 616]
Event: 45.780 Thread 0x00000290f3b44000 Exception <a 'sun/nio/fs/WindowsException'{0x000000008878a0b8}> (0x000000008878a0b8) thrown at [./src/hotspot/share/prims/jni.cpp, line 616]
Event: 45.780 Thread 0x00000290f3b44000 Exception <a 'sun/nio/fs/WindowsException'{0x000000008878a3b8}> (0x000000008878a3b8) thrown at [./src/hotspot/share/prims/jni.cpp, line 616]
Event: 45.780 Thread 0x00000290f3b44000 Exception <a 'sun/nio/fs/WindowsException'{0x000000008878b248}> (0x000000008878b248) thrown at [./src/hotspot/share/prims/jni.cpp, line 616]
Event: 45.780 Thread 0x00000290f3b44000 Exception <a 'sun/nio/fs/WindowsException'{0x000000008878b548}> (0x000000008878b548) thrown at [./src/hotspot/share/prims/jni.cpp, line 616]
Event: 45.840 Thread 0x00000290f3b44000 Exception <a 'java/lang/NoSuchMethodError'{0x00000000885128d0}: <clinit>> (0x00000000885128d0) thrown at [./src/hotspot/share/prims/jni.cpp, line 1366]
Event: 45.848 Thread 0x00000290f3b44000 Exception <a 'java/lang/NoSuchMethodError'{0x00000000885460a0}: <clinit>> (0x00000000885460a0) thrown at [./src/hotspot/share/prims/jni.cpp, line 1366]
Event: 45.854 Thread 0x00000290f3b44000 Exception <a 'java/lang/NoSuchMethodError'{0x0000000088574140}: <clinit>> (0x0000000088574140) thrown at [./src/hotspot/share/prims/jni.cpp, line 1366]
Event: 45.857 Thread 0x00000290f3b44000 Exception <a 'java/lang/NoSuchMethodError'{0x0000000088586b48}: <clinit>> (0x0000000088586b48) thrown at [./src/hotspot/share/prims/jni.cpp, line 1366]

Events (20 events):
Event: 47.357 loading class kotlin/reflect/jvm/internal/impl/descriptors/PackageFragmentProviderOptimized
Event: 47.357 loading class kotlin/reflect/jvm/internal/impl/descriptors/PackageFragmentProviderOptimized done
Event: 47.358 loading class kotlin/reflect/jvm/internal/impl/descriptors/PackageFragmentProvider
Event: 47.358 loading class kotlin/reflect/jvm/internal/impl/descriptors/PackageFragmentProvider done
Event: 47.360 loading class kotlin/reflect/jvm/internal/impl/load/java/lazy/LazyJavaResolverContext
Event: 47.360 loading class kotlin/reflect/jvm/internal/impl/load/java/lazy/LazyJavaResolverContext done
Event: 47.361 loading class kotlin/reflect/jvm/internal/impl/load/java/lazy/TypeParameterResolver$EMPTY
Event: 47.361 loading class kotlin/reflect/jvm/internal/impl/load/java/lazy/TypeParameterResolver$EMPTY done
Event: 47.362 loading class kotlin/reflect/jvm/internal/impl/load/java/lazy/TypeParameterResolver
Event: 47.362 loading class kotlin/reflect/jvm/internal/impl/load/java/lazy/TypeParameterResolver done
Event: 47.364 loading class kotlin/reflect/jvm/internal/impl/load/java/lazy/types/JavaTypeResolver
Event: 47.364 loading class kotlin/reflect/jvm/internal/impl/load/java/lazy/types/JavaTypeResolver done
Event: 47.372 loading class kotlin/reflect/jvm/internal/impl/load/java/lazy/types/TypeParameterUpperBoundEraser
Event: 47.372 loading class kotlin/reflect/jvm/internal/impl/load/java/lazy/types/TypeParameterUpperBoundEraser done
Event: 47.375 loading class kotlin/reflect/jvm/internal/impl/load/java/lazy/types/TypeParameterUpperBoundEraser$erroneousErasedBound$2
Event: 47.375 loading class kotlin/reflect/jvm/internal/impl/load/java/lazy/types/TypeParameterUpperBoundEraser$erroneousErasedBound$2 done
Event: 47.391 loading class kotlin/reflect/jvm/internal/impl/load/java/lazy/types/RawSubstitution
Event: 47.391 loading class kotlin/reflect/jvm/internal/impl/load/java/lazy/types/RawSubstitution done
Event: 47.397 loading class kotlin/reflect/jvm/internal/impl/types/TypeSubstitution
Event: 47.397 loading class kotlin/reflect/jvm/internal/impl/types/TypeSubstitution done


Dynamic libraries:
0x00007ff6bfb80000 - 0x00007ff6bfb8a000 	C:\Program Files\Android\Android Studio\jre\bin\java.exe
0x00007ffbf7470000 - 0x00007ffbf7668000 	C:\WINDOWS\SYSTEM32\ntdll.dll
0x00007ffbf7370000 - 0x00007ffbf742f000 	C:\WINDOWS\System32\KERNEL32.DLL
0x00007ffbf4ce0000 - 0x00007ffbf4fb2000 	C:\WINDOWS\System32\KERNELBASE.dll
0x00007ffbf5320000 - 0x00007ffbf5420000 	C:\WINDOWS\System32\ucrtbase.dll
0x00007ffbedf50000 - 0x00007ffbedf67000 	C:\Program Files\Android\Android Studio\jre\bin\VCRUNTIME140.dll
0x00007ffbed430000 - 0x00007ffbed449000 	C:\Program Files\Android\Android Studio\jre\bin\jli.dll
0x00007ffbf54b0000 - 0x00007ffbf5651000 	C:\WINDOWS\System32\USER32.dll
0x00007ffbf4cb0000 - 0x00007ffbf4cd2000 	C:\WINDOWS\System32\win32u.dll
0x00007ffbe6460000 - 0x00007ffbe66fa000 	C:\WINDOWS\WinSxS\amd64_microsoft.windows.common-controls_6595b64144ccf1df_6.0.19041.1110_none_60b5254171f9507e\COMCTL32.dll
0x00007ffbf7290000 - 0x00007ffbf72bb000 	C:\WINDOWS\System32\GDI32.dll
0x00007ffbf4fc0000 - 0x00007ffbf50cf000 	C:\WINDOWS\System32\gdi32full.dll
0x00007ffbf6650000 - 0x00007ffbf66ee000 	C:\WINDOWS\System32\msvcrt.dll
0x00007ffbf50d0000 - 0x00007ffbf516d000 	C:\WINDOWS\System32\msvcp_win.dll
0x00007ffbf7250000 - 0x00007ffbf7282000 	C:\WINDOWS\System32\IMM32.DLL
0x00007ffbeda40000 - 0x00007ffbedadd000 	C:\Program Files\Android\Android Studio\jre\bin\msvcp140.dll
0x00007ffbcfa30000 - 0x00007ffbd0532000 	C:\Program Files\Android\Android Studio\jre\bin\server\jvm.dll
0x00007ffbf65a0000 - 0x00007ffbf664e000 	C:\WINDOWS\System32\ADVAPI32.dll
0x00007ffbf72c0000 - 0x00007ffbf735c000 	C:\WINDOWS\System32\sechost.dll
0x00007ffbf6a80000 - 0x00007ffbf6ba5000 	C:\WINDOWS\System32\RPCRT4.dll
0x00007ffbf7360000 - 0x00007ffbf7368000 	C:\WINDOWS\System32\PSAPI.DLL
0x00007ffbeec60000 - 0x00007ffbeec69000 	C:\WINDOWS\SYSTEM32\WSOCK32.dll
0x00007ffbec700000 - 0x00007ffbec727000 	C:\WINDOWS\SYSTEM32\WINMM.dll
0x00007ffbec730000 - 0x00007ffbec73a000 	C:\WINDOWS\SYSTEM32\VERSION.dll
0x00007ffbf6890000 - 0x00007ffbf68fb000 	C:\WINDOWS\System32\WS2_32.dll
0x00007ffbf2a20000 - 0x00007ffbf2a32000 	C:\WINDOWS\SYSTEM32\kernel.appcore.dll
0x00007ffbedf30000 - 0x00007ffbedf41000 	C:\Program Files\Android\Android Studio\jre\bin\verify.dll
0x00007ffbdf6e0000 - 0x00007ffbdf8c4000 	C:\WINDOWS\SYSTEM32\DBGHELP.DLL
0x00007ffbdf6a0000 - 0x00007ffbdf6d5000 	C:\WINDOWS\SYSTEM32\dbgcore.DLL
0x00007ffbf5420000 - 0x00007ffbf54a2000 	C:\WINDOWS\System32\bcryptPrimitives.dll
0x00007ffbedc90000 - 0x00007ffbedcb9000 	C:\Program Files\Android\Android Studio\jre\bin\java.dll
0x00007ffbedf20000 - 0x00007ffbedf2b000 	C:\Program Files\Android\Android Studio\jre\bin\jimage.dll
0x00007ffbedb30000 - 0x00007ffbedb48000 	C:\Program Files\Android\Android Studio\jre\bin\zip.dll
0x00007ffbf5e50000 - 0x00007ffbf6594000 	C:\WINDOWS\System32\SHELL32.dll
0x00007ffbf2c20000 - 0x00007ffbf33b2000 	C:\WINDOWS\SYSTEM32\windows.storage.dll
0x00007ffbf6d40000 - 0x00007ffbf7095000 	C:\WINDOWS\System32\combase.dll
0x00007ffbf44e0000 - 0x00007ffbf4510000 	C:\WINDOWS\SYSTEM32\Wldp.dll
0x00007ffbf5c60000 - 0x00007ffbf5d0d000 	C:\WINDOWS\System32\SHCORE.dll
0x00007ffbf6a20000 - 0x00007ffbf6a75000 	C:\WINDOWS\System32\shlwapi.dll
0x00007ffbf4aa0000 - 0x00007ffbf4abf000 	C:\WINDOWS\SYSTEM32\profapi.dll
0x00007ffbedb10000 - 0x00007ffbedb2a000 	C:\Program Files\Android\Android Studio\jre\bin\net.dll
0x00007ffbeaf80000 - 0x00007ffbeb08c000 	C:\WINDOWS\SYSTEM32\WINHTTP.dll
0x00007ffbf4240000 - 0x00007ffbf42aa000 	C:\WINDOWS\system32\mswsock.dll
0x00007ffbedaf0000 - 0x00007ffbedb04000 	C:\Program Files\Android\Android Studio\jre\bin\nio.dll
0x00007ffbe6700000 - 0x00007ffbe6727000 	C:\Users\acer\.gradle\native\e1d6ef7f7dcc3fd88c89a11ec53ec762bb8ba0a96d01ffa2cd45eb1d1d8dd5c5\windows-amd64\native-platform.dll
0x00007ffbb1b40000 - 0x00007ffbb1c84000 	C:\Users\acer\.gradle\native\0d407fdbe67a94daf76414ababcb853783967236a71b16ec16e742cd7a986fd3\windows-amd64\native-platform-file-events.dll
0x00007ffbedf10000 - 0x00007ffbedf1a000 	C:\Program Files\Android\Android Studio\jre\bin\management.dll
0x00007ffbedae0000 - 0x00007ffbedaed000 	C:\Program Files\Android\Android Studio\jre\bin\management_ext.dll
0x00007ffbf4430000 - 0x00007ffbf4448000 	C:\WINDOWS\SYSTEM32\CRYPTSP.dll
0x00007ffbf3b60000 - 0x00007ffbf3b94000 	C:\WINDOWS\system32\rsaenh.dll
0x00007ffbf4b60000 - 0x00007ffbf4b87000 	C:\WINDOWS\System32\bcrypt.dll
0x00007ffbf4a20000 - 0x00007ffbf4a4e000 	C:\WINDOWS\SYSTEM32\USERENV.dll
0x00007ffbf4450000 - 0x00007ffbf445c000 	C:\WINDOWS\SYSTEM32\CRYPTBASE.dll
0x00007ffbf3f30000 - 0x00007ffbf3f6b000 	C:\WINDOWS\SYSTEM32\IPHLPAPI.DLL
0x00007ffbf66f0000 - 0x00007ffbf66f8000 	C:\WINDOWS\System32\NSI.dll
0x00007ffbec150000 - 0x00007ffbec167000 	C:\WINDOWS\SYSTEM32\dhcpcsvc6.DLL
0x00007ffbec740000 - 0x00007ffbec75d000 	C:\WINDOWS\SYSTEM32\dhcpcsvc.DLL
0x00007ffbf3f70000 - 0x00007ffbf403a000 	C:\WINDOWS\SYSTEM32\DNSAPI.dll
0x00007ffbed7a0000 - 0x00007ffbed7c7000 	C:\Program Files\Android\Android Studio\jre\bin\sunec.dll
0x00007ffbe3aa0000 - 0x00007ffbe3aaa000 	C:\Windows\System32\rasadhlp.dll

dbghelp: loaded successfully - version: 4.0.5 - missing functions: none
symbol engine: initialized successfully - sym options: 0x614 - pdb path: .;C:\Program Files\Android\Android Studio\jre\bin;C:\WINDOWS\SYSTEM32;C:\WINDOWS\WinSxS\amd64_microsoft.windows.common-controls_6595b64144ccf1df_6.0.19041.1110_none_60b5254171f9507e;C:\Program Files\Android\Android Studio\jre\bin\server;C:\Users\acer\.gradle\native\e1d6ef7f7dcc3fd88c89a11ec53ec762bb8ba0a96d01ffa2cd45eb1d1d8dd5c5\windows-amd64;C:\Users\acer\.gradle\native\0d407fdbe67a94daf76414ababcb853783967236a71b16ec16e742cd7a986fd3\windows-amd64

VM Arguments:
jvm_args: --add-opens=java.base/java.util=ALL-UNNAMED --add-opens=java.base/java.lang=ALL-UNNAMED --add-opens=java.base/java.lang.invoke=ALL-UNNAMED --add-opens=java.base/java.util=ALL-UNNAMED --add-opens=java.prefs/java.util.prefs=ALL-UNNAMED --add-opens=java.prefs/java.util.prefs=ALL-UNNAMED --add-opens=java.base/java.nio.charset=ALL-UNNAMED --add-opens=java.base/java.net=ALL-UNNAMED --add-opens=java.base/java.util.concurrent.atomic=ALL-UNNAMED -Xmx2048m -Dfile.encoding=UTF-8 -Duser.country=IN -Duser.language=en -Duser.variant 
java_command: org.gradle.launcher.daemon.bootstrap.GradleDaemon 7.4
java_class_path (initial): C:\Users\acer\.gradle\wrapper\dists\gradle-7.4-bin\c0gwcg53nkjbqw7r0h0umtfvt\gradle-7.4\lib\gradle-launcher-7.4.jar
Launcher Type: SUN_STANDARD

[Global flags]
     intx CICompilerCount                          = 3                                         {product} {ergonomic}
     uint ConcGCThreads                            = 1                                         {product} {ergonomic}
     uint G1ConcRefinementThreads                  = 4                                         {product} {ergonomic}
   size_t G1HeapRegionSize                         = 1048576                                   {product} {ergonomic}
    uintx GCDrainStackTargetSize                   = 64                                        {product} {ergonomic}
   size_t InitialHeapSize                          = 117440512                                 {product} {ergonomic}
   size_t MarkStackSize                            = 4194304                                   {product} {ergonomic}
   size_t MaxHeapSize                              = 2147483648                                {product} {command line}
   size_t MaxNewSize                               = 1287651328                                {product} {ergonomic}
   size_t MinHeapDeltaBytes                        = 1048576                                   {product} {ergonomic}
    uintx NonNMethodCodeHeapSize                   = 5830732                                {pd product} {ergonomic}
    uintx NonProfiledCodeHeapSize                  = 122913754                              {pd product} {ergonomic}
    uintx ProfiledCodeHeapSize                     = 122913754                              {pd product} {ergonomic}
    uintx ReservedCodeCacheSize                    = 251658240                              {pd product} {ergonomic}
     bool SegmentedCodeCache                       = true                                      {product} {ergonomic}
     bool UseCompressedClassPointers               = true                                 {lp64_product} {ergonomic}
     bool UseCompressedOops                        = true                                 {lp64_product} {ergonomic}
     bool UseG1GC                                  = true                                      {product} {ergonomic}
     bool UseLargePagesIndividualAllocation        = false                                  {pd product} {ergonomic}

Logging:
Log output configuration:
 #0: stdout all=warning uptime,level,tags
 #1: stderr all=off uptime,level,tags

Environment Variables:
JAVA_HOME=C:\Program Files\Java\jdk-18.0.2
PATH=C:\Program Files\Common Files\Oracle\Java\javapath;C:\WINDOWS\system32;C:\WINDOWS;C:\WINDOWS\System32\Wbem;C:\WINDOWS\System32\WindowsPowerShell\v1.0\;C:\WINDOWS\System32\OpenSSH\;C:\Program Files\nodejs;C:\Program Files\dotnet\;C:\Program Files\nodejs\;C:\Users\acer\AppData\Local\Android\Sdk\platform-tools;C:\Users\acer\AppData\Local\Android\Sdk;C:\ProgramData\chocolatey\bin;C:\Program Files\Git\cmd;C:\Users\acer\AppData\Local\Microsoft\WindowsApps;C:\Program Files\JetBrains\PyCharm Community Edition 2021.2.2\bin;;C:\Program Files\nodejs;C:\Program Files\JetBrains\IntelliJ IDEA Community Edition 2022.2.1\bin;;C:\Users\acer\AppData\Roaming\npm;C:\Users\acer\AppData\Local\Programs\Microsoft VS Code\bin;C:\Users\acer\AppData\Local\Android\Sdk\platform-tools;
USERNAME=shergill
OS=Windows_NT
PROCESSOR_IDENTIFIER=AMD64 Family 22 Model 48 Stepping 1, AuthenticAMD



---------------  S Y S T E M  ---------------

OS: Windows 10 , 64 bit Build 19041 (10.0.19041.2251)
OS uptime: 0 days 12:34 hours

CPU:total 4 (initial active 4) (4 cores per cpu, 1 threads per core) family 22 model 48 stepping 1 microcode 0x0, cmov, cx8, fxsr, mmx, sse, sse2, sse3, ssse3, sse4.1, sse4.2, popcnt, avx, aes, clmul, mmxext, 3dnowpref, lzcnt, sse4a, tsc, tscinvbit, tscinv, bmi1

Memory: 4k page, system-wide physical 7094M (1261M free)
TotalPageFile size 8476M (AvailPageFile size 4M)
current process WorkingSet (physical memory assigned to process): 431M, peak: 431M
current process commit charge ("private bytes"): 459M, peak: 459M

vm_info: OpenJDK 64-Bit Server VM (11.0.13+0-b1751.21-8125866) for windows-amd64 JRE (11.0.13+0-b1751.21-8125866), built on Feb  2 2022 03:00:22 by "builder" with MS VC++ 14.0 (VS2015)

END.
