#
# There is insufficient memory for the Java Runtime Environment to continue.
# Native memory allocation (mmap) failed to map 60817408 bytes for Failed to commit area from 0x000000008f000000 to 0x0000000092a00000 of length 60817408.
# Possible reasons:
#   The system is out of physical RAM or swap space
#   The process is running with CompressedOops enabled, and the Java Heap may be blocking the growth of the native heap
# Possible solutions:
#   Reduce memory load on the system
#   Increase physical memory or swap space
#   Check if swap backing store is full
#   Decrease Java heap size (-Xmx/-Xms)
#   Decrease number of Java threads
#   Decrease Java thread stack sizes (-Xss)
#   Set larger code cache with -XX:ReservedCodeCacheSize=
#   JVM is running with Unscaled Compressed Oops mode in which the Java heap is
#     placed in the first 4GB address space. The Java Heap base address is the
#     maximum limit for the native heap growth. Please use -XX:HeapBaseMinAddress
#     to set the Java Heap base and to place the Java Heap above 4GB virtual address.
# This output file may be truncated or incomplete.
#
#  Out of Memory Error (./src/hotspot/os/windows/os_windows.cpp:3619), pid=3224, tid=9656
#
# JRE version: OpenJDK Runtime Environment (11.0.13) (build 11.0.13+0-b1751.21-8125866)
# Java VM: OpenJDK 64-Bit Server VM (11.0.13+0-b1751.21-8125866, mixed mode, tiered, compressed oops, g1 gc, windows-amd64)
# No core dump will be written. Minidumps are not enabled by default on client versions of Windows
#

---------------  S U M M A R Y ------------

Command Line: --add-opens=java.base/java.util=ALL-UNNAMED --add-opens=java.base/java.lang=ALL-UNNAMED --add-opens=java.base/java.lang.invoke=ALL-UNNAMED --add-opens=java.base/java.util=ALL-UNNAMED --add-opens=java.prefs/java.util.prefs=ALL-UNNAMED --add-opens=java.prefs/java.util.prefs=ALL-UNNAMED --add-opens=java.base/java.nio.charset=ALL-UNNAMED --add-opens=java.base/java.net=ALL-UNNAMED --add-opens=java.base/java.util.concurrent.atomic=ALL-UNNAMED -Xmx2048m -Dfile.encoding=UTF-8 -Duser.country=IN -Duser.language=en -Duser.variant org.gradle.launcher.daemon.bootstrap.GradleDaemon 7.4

Host: AMD A6-7310 APU with AMD Radeon R4 Graphics    , 4 cores, 6G,  Windows 10 , 64 bit Build 19041 (10.0.19041.2251)
Time: Thu Dec 29 09:40:04 2022 India Standard Time elapsed time: 195.426363 seconds (0d 0h 3m 15s)

---------------  T H R E A D  ---------------

Current thread (0x0000023941e9e800):  VMThread "VM Thread" [stack: 0x000000fb5d600000,0x000000fb5d700000] [id=9656]

Stack: [0x000000fb5d600000,0x000000fb5d700000]
[error occurred during error reporting (printing stack bounds), id 0xc0000005, EXCEPTION_ACCESS_VIOLATION (0xc0000005) at pc=0x00000239458f112d]

Native frames: (J=compiled Java code, j=interpreted, Vv=VM code, C=native code)
V  [jvm.dll+0x6100fa]
V  [jvm.dll+0x747090]
V  [jvm.dll+0x7486ad]
V  [jvm.dll+0x748ce5]
V  [jvm.dll+0x748c9b]
V  [jvm.dll+0x60f224]
V  [jvm.dll+0x60f9b8]
C  [ntdll.dll+0xa241f]
C  [ntdll.dll+0x514a4]
C  [ntdll.dll+0xa0f4e]
C  0x00000239458f112d

VM_Operation (0x000000fb631fcec0): G1CollectForAllocation, mode: safepoint, requested by thread 0x0000023964184000


---------------  P R O C E S S  ---------------

Threads class SMR info:
_java_thread_list=0x00000239690f0390, length=95, elements={
0x0000023941dbc000, 0x000002395c148800, 0x000002395c154800, 0x000002395c164000,
0x000002395c167000, 0x000002395c168000, 0x000002395c16c800, 0x000002395c174000,
0x000002395c178800, 0x000002395cc21000, 0x000002395e32e800, 0x000002395fbef000,
0x000002395e137800, 0x000002395eef6000, 0x000002395eef2000, 0x000002395eef0800,
0x000002395eef1000, 0x000002395eef5000, 0x000002395eef7000, 0x000002395eef3000,
0x000002395eef3800, 0x000002395eef4800, 0x000002395fcdf800, 0x000002395fcdd000,
0x000002395fbd2000, 0x000002395fbd3000, 0x000002395fbc9000, 0x000002395fbcc800,
0x000002395fbce000, 0x000002395fbcd000, 0x000002395fbca000, 0x000002395fbd0800,
0x000002395fbcf000, 0x000002395fbcf800, 0x000002395fbcb800, 0x000002395fbcb000,
0x000002395fbd4000, 0x000002395fbd6000, 0x000002395fbd5800, 0x000002395fbd7000,
0x000002395fbd1800, 0x000002395fbd8000, 0x000002395fbd4800, 0x000002395fcd8000,
0x000002395fcdf000, 0x000002395fcdb800, 0x000002395fcda000, 0x000002395fcdc800,
0x000002395fcd9000, 0x000002395fce0800, 0x000002395fcda800, 0x000002395fce4800,
0x000002395fce7000, 0x000002395fce2000, 0x000002395fce6000, 0x000002395fce3000,
0x000002395fce5800, 0x000002395fce3800, 0x000002395fce1000, 0x0000023962f31000,
0x0000023962f33800, 0x0000023962f32000, 0x0000023962f32800, 0x0000023962f2e800,
0x0000023962f2f800, 0x0000023962f34800, 0x0000023962f30000, 0x0000023962f35000,
0x000002396277d000, 0x0000023962778800, 0x000002396277d800, 0x0000023962779800,
0x000002396277e800, 0x000002396277f800, 0x0000023962780000, 0x000002396277c000,
0x000002396277a800, 0x000002396277b000, 0x0000023962786800, 0x000002395e043000,
0x0000023962781800, 0x0000023962781000, 0x0000023962785000, 0x0000023962784000,
0x0000023962782800, 0x0000023962787800, 0x0000023962786000, 0x0000023962783800,
0x0000023964181800, 0x0000023964184000, 0x0000023964184800, 0x0000023964183000,
0x0000023964185800, 0x0000023964180000, 0x0000023964180800
}

Java Threads: ( => current thread )
  0x0000023941dbc000 JavaThread "main" [_thread_blocked, id=4720, stack(0x000000fb5d000000,0x000000fb5d100000)]
  0x000002395c148800 JavaThread "Reference Handler" daemon [_thread_blocked, id=5992, stack(0x000000fb5d700000,0x000000fb5d800000)]
  0x000002395c154800 JavaThread "Finalizer" daemon [_thread_blocked, id=8100, stack(0x000000fb5d800000,0x000000fb5d900000)]
  0x000002395c164000 JavaThread "Signal Dispatcher" daemon [_thread_blocked, id=1060, stack(0x000000fb5d900000,0x000000fb5da00000)]
  0x000002395c167000 JavaThread "Attach Listener" daemon [_thread_blocked, id=1324, stack(0x000000fb5da00000,0x000000fb5db00000)]
  0x000002395c168000 JavaThread "Service Thread" daemon [_thread_blocked, id=7908, stack(0x000000fb5db00000,0x000000fb5dc00000)]
  0x000002395c16c800 JavaThread "C2 CompilerThread0" daemon [_thread_in_native, id=3132, stack(0x000000fb5dc00000,0x000000fb5dd00000)]
  0x000002395c174000 JavaThread "C1 CompilerThread0" daemon [_thread_blocked, id=3712, stack(0x000000fb5dd00000,0x000000fb5de00000)]
  0x000002395c178800 JavaThread "Sweeper thread" daemon [_thread_blocked, id=10680, stack(0x000000fb5de00000,0x000000fb5df00000)]
  0x000002395cc21000 JavaThread "Common-Cleaner" daemon [_thread_blocked, id=2248, stack(0x000000fb5df00000,0x000000fb5e000000)]
  0x000002395e32e800 JavaThread "Daemon health stats" [_thread_blocked, id=9876, stack(0x000000fb5e300000,0x000000fb5e400000)]
  0x000002395fbef000 JavaThread "Incoming local TCP Connector on port 51397" [_thread_in_native, id=7336, stack(0x000000fb5e100000,0x000000fb5e200000)]
  0x000002395e137800 JavaThread "Daemon periodic checks" [_thread_blocked, id=5032, stack(0x000000fb5e700000,0x000000fb5e800000)]
  0x000002395eef6000 JavaThread "Cache worker for journal cache (C:\Users\acer\.gradle\caches\journal-1)" [_thread_blocked, id=7784, stack(0x000000fb5f000000,0x000000fb5f100000)]
  0x000002395eef2000 JavaThread "File lock request listener" [_thread_in_native, id=2824, stack(0x000000fb5f100000,0x000000fb5f200000)]
  0x000002395eef0800 JavaThread "Cache worker for file hash cache (C:\Users\acer\.gradle\caches\7.4\fileHashes)" [_thread_blocked, id=10744, stack(0x000000fb5f200000,0x000000fb5f300000)]
  0x000002395eef1000 JavaThread "File watcher server" daemon [_thread_blocked, id=8212, stack(0x000000fb5f300000,0x000000fb5f400000)]
  0x000002395eef5000 JavaThread "File watcher consumer" daemon [_thread_blocked, id=8448, stack(0x000000fb5f400000,0x000000fb5f500000)]
  0x000002395eef7000 JavaThread "jar transforms" [_thread_blocked, id=11064, stack(0x000000fb5f500000,0x000000fb5f600000)]
  0x000002395eef3000 JavaThread "jar transforms Thread 2" [_thread_blocked, id=2800, stack(0x000000fb5f600000,0x000000fb5f700000)]
  0x000002395eef3800 JavaThread "jar transforms Thread 3" [_thread_blocked, id=8764, stack(0x000000fb5f700000,0x000000fb5f800000)]
  0x000002395eef4800 JavaThread "jar transforms Thread 4" [_thread_blocked, id=7284, stack(0x000000fb5f800000,0x000000fb5f900000)]
  0x000002395fcdf800 JavaThread "Cache worker for execution history cache (C:\Users\acer\.gradle\caches\7.4\executionHistory)" [_thread_blocked, id=10188, stack(0x000000fb5fc00000,0x000000fb5fd00000)]
  0x000002395fcdd000 JavaThread "Cache worker for file content cache (C:\Users\acer\.gradle\caches\7.4\fileContent)" [_thread_blocked, id=2096, stack(0x000000fb5fe00000,0x000000fb5ff00000)]
  0x000002395fbd2000 JavaThread "Memory manager" [_thread_blocked, id=3116, stack(0x000000fb62900000,0x000000fb62a00000)]
  0x000002395fbd3000 JavaThread "pool-3-thread-1" [_thread_blocked, id=3620, stack(0x000000fb5fd00000,0x000000fb5fe00000)]
  0x000002395fbc9000 JavaThread "Daemon Thread 2" [_thread_blocked, id=348, stack(0x000000fb5cd00000,0x000000fb5ce00000)]
  0x000002395fbcc800 JavaThread "Handler for socket connection from /127.0.0.1:51397 to /127.0.0.1:51455" [_thread_in_native, id=9924, stack(0x000000fb5ce00000,0x000000fb5cf00000)]
  0x000002395fbce000 JavaThread "Cancel handler" [_thread_blocked, id=2960, stack(0x000000fb5cf00000,0x000000fb5d000000)]
  0x000002395fbcd000 JavaThread "Daemon worker Thread 2" [_thread_blocked, id=2560, stack(0x000000fb5e800000,0x000000fb5e900000)]
  0x000002395fbca000 JavaThread "Asynchronous log dispatcher for DefaultDaemonConnection: socket connection from /127.0.0.1:51397 to /127.0.0.1:51455" [_thread_blocked, id=11136, stack(0x000000fb5e900000,0x000000fb5ea00000)]
  0x000002395fbd0800 JavaThread "Stdin handler" [_thread_blocked, id=11200, stack(0x000000fb5ea00000,0x000000fb5eb00000)]
  0x000002395fbcf000 JavaThread "Daemon client event forwarder" [_thread_blocked, id=960, stack(0x000000fb5eb00000,0x000000fb5ec00000)]
  0x000002395fbcf800 JavaThread "Cache worker for checksums cache (C:\Users\acer\AndroidStudioProjects\CoroutineScope\.gradle\7.4\checksums)" [_thread_blocked, id=10160, stack(0x000000fb5ec00000,0x000000fb5ed00000)]
  0x000002395fbcb800 JavaThread "Cache worker for cache directory md-rule (C:\Users\acer\.gradle\caches\7.4\md-rule)" [_thread_blocked, id=10720, stack(0x000000fb5ed00000,0x000000fb5ee00000)]
  0x000002395fbcb000 JavaThread "Cache worker for file hash cache (C:\Users\acer\AndroidStudioProjects\CoroutineScope\.gradle\7.4\fileHashes)" [_thread_blocked, id=9896, stack(0x000000fb5ee00000,0x000000fb5ef00000)]
  0x000002395fbd4000 JavaThread "Cache worker for cache directory md-supplier (C:\Users\acer\.gradle\caches\7.4\md-supplier)" [_thread_blocked, id=4172, stack(0x000000fb5ef00000,0x000000fb5f000000)]
  0x000002395fbd6000 JavaThread "Cache worker for dependencies-accessors (C:\Users\acer\AndroidStudioProjects\CoroutineScope\.gradle\7.4\dependencies-accessors)" [_thread_blocked, id=2104, stack(0x000000fb5f900000,0x000000fb5fa00000)]
  0x000002395fbd5800 JavaThread "Cache worker for Build Output Cleanup Cache (C:\Users\acer\AndroidStudioProjects\CoroutineScope\.gradle\buildOutputCleanup)" [_thread_blocked, id=10340, stack(0x000000fb5fa00000,0x000000fb5fb00000)]
  0x000002395fbd7000 JavaThread "Unconstrained build operations" [_thread_blocked, id=9816, stack(0x000000fb5fb00000,0x000000fb5fc00000)]
  0x000002395fbd1800 JavaThread "Unconstrained build operations Thread 2" [_thread_blocked, id=10568, stack(0x000000fb5ff00000,0x000000fb60000000)]
  0x000002395fbd8000 JavaThread "Unconstrained build operations Thread 3" [_thread_blocked, id=2500, stack(0x000000fb60000000,0x000000fb60100000)]
  0x000002395fbd4800 JavaThread "Unconstrained build operations Thread 4" [_thread_blocked, id=5196, stack(0x000000fb60100000,0x000000fb60200000)]
  0x000002395fcd8000 JavaThread "Unconstrained build operations Thread 5" [_thread_blocked, id=1676, stack(0x000000fb60200000,0x000000fb60300000)]
  0x000002395fcdf000 JavaThread "Unconstrained build operations Thread 6" [_thread_blocked, id=3648, stack(0x000000fb60300000,0x000000fb60400000)]
  0x000002395fcdb800 JavaThread "Unconstrained build operations Thread 7" [_thread_blocked, id=6824, stack(0x000000fb60400000,0x000000fb60500000)]
  0x000002395fcda000 JavaThread "Unconstrained build operations Thread 8" [_thread_blocked, id=1232, stack(0x000000fb60500000,0x000000fb60600000)]
  0x000002395fcdc800 JavaThread "Unconstrained build operations Thread 9" [_thread_blocked, id=1724, stack(0x000000fb60600000,0x000000fb60700000)]
  0x000002395fcd9000 JavaThread "Unconstrained build operations Thread 10" [_thread_blocked, id=3352, stack(0x000000fb60700000,0x000000fb60800000)]
  0x000002395fce0800 JavaThread "Unconstrained build operations Thread 11" [_thread_blocked, id=4428, stack(0x000000fb60800000,0x000000fb60900000)]
  0x000002395fcda800 JavaThread "Unconstrained build operations Thread 12" [_thread_blocked, id=1328, stack(0x000000fb60900000,0x000000fb60a00000)]
  0x000002395fce4800 JavaThread "Unconstrained build operations Thread 13" [_thread_blocked, id=5516, stack(0x000000fb60a00000,0x000000fb60b00000)]
  0x000002395fce7000 JavaThread "Unconstrained build operations Thread 14" [_thread_blocked, id=3920, stack(0x000000fb60b00000,0x000000fb60c00000)]
  0x000002395fce2000 JavaThread "Unconstrained build operations Thread 15" [_thread_blocked, id=2384, stack(0x000000fb60c00000,0x000000fb60d00000)]
  0x000002395fce6000 JavaThread "Unconstrained build operations Thread 16" [_thread_blocked, id=6516, stack(0x000000fb60d00000,0x000000fb60e00000)]
  0x000002395fce3000 JavaThread "Unconstrained build operations Thread 17" [_thread_blocked, id=10908, stack(0x000000fb60e00000,0x000000fb60f00000)]
  0x000002395fce5800 JavaThread "Unconstrained build operations Thread 18" [_thread_blocked, id=10388, stack(0x000000fb60f00000,0x000000fb61000000)]
  0x000002395fce3800 JavaThread "Unconstrained build operations Thread 19" [_thread_blocked, id=6816, stack(0x000000fb61000000,0x000000fb61100000)]
  0x000002395fce1000 JavaThread "Unconstrained build operations Thread 20" [_thread_blocked, id=11116, stack(0x000000fb61100000,0x000000fb61200000)]
  0x0000023962f31000 JavaThread "Unconstrained build operations Thread 21" [_thread_blocked, id=8720, stack(0x000000fb61200000,0x000000fb61300000)]
  0x0000023962f33800 JavaThread "Unconstrained build operations Thread 22" [_thread_blocked, id=6192, stack(0x000000fb61300000,0x000000fb61400000)]
  0x0000023962f32000 JavaThread "Unconstrained build operations Thread 23" [_thread_blocked, id=860, stack(0x000000fb61400000,0x000000fb61500000)]
  0x0000023962f32800 JavaThread "Unconstrained build operations Thread 24" [_thread_blocked, id=5920, stack(0x000000fb61500000,0x000000fb61600000)]
  0x0000023962f2e800 JavaThread "Unconstrained build operations Thread 25" [_thread_blocked, id=9824, stack(0x000000fb61600000,0x000000fb61700000)]
  0x0000023962f2f800 JavaThread "Unconstrained build operations Thread 26" [_thread_blocked, id=9500, stack(0x000000fb61700000,0x000000fb61800000)]
  0x0000023962f34800 JavaThread "Unconstrained build operations Thread 27" [_thread_blocked, id=9916, stack(0x000000fb61800000,0x000000fb61900000)]
  0x0000023962f30000 JavaThread "Unconstrained build operations Thread 28" [_thread_blocked, id=4088, stack(0x000000fb61900000,0x000000fb61a00000)]
  0x0000023962f35000 JavaThread "Unconstrained build operations Thread 29" [_thread_blocked, id=2588, stack(0x000000fb61a00000,0x000000fb61b00000)]
  0x000002396277d000 JavaThread "Unconstrained build operations Thread 30" [_thread_blocked, id=10080, stack(0x000000fb61b00000,0x000000fb61c00000)]
  0x0000023962778800 JavaThread "Unconstrained build operations Thread 31" [_thread_blocked, id=7752, stack(0x000000fb61c00000,0x000000fb61d00000)]
  0x000002396277d800 JavaThread "Unconstrained build operations Thread 32" [_thread_blocked, id=2996, stack(0x000000fb61d00000,0x000000fb61e00000)]
  0x0000023962779800 JavaThread "Unconstrained build operations Thread 33" [_thread_blocked, id=8416, stack(0x000000fb61e00000,0x000000fb61f00000)]
  0x000002396277e800 JavaThread "Unconstrained build operations Thread 34" [_thread_blocked, id=8692, stack(0x000000fb61f00000,0x000000fb62000000)]
  0x000002396277f800 JavaThread "Unconstrained build operations Thread 35" [_thread_blocked, id=6300, stack(0x000000fb62000000,0x000000fb62100000)]
  0x0000023962780000 JavaThread "Unconstrained build operations Thread 36" [_thread_blocked, id=2636, stack(0x000000fb62100000,0x000000fb62200000)]
  0x000002396277c000 JavaThread "Unconstrained build operations Thread 37" [_thread_blocked, id=9460, stack(0x000000fb62200000,0x000000fb62300000)]
  0x000002396277a800 JavaThread "Unconstrained build operations Thread 38" [_thread_blocked, id=6056, stack(0x000000fb62300000,0x000000fb62400000)]
  0x000002396277b000 JavaThread "Unconstrained build operations Thread 39" [_thread_blocked, id=8288, stack(0x000000fb62400000,0x000000fb62500000)]
  0x0000023962786800 JavaThread "Unconstrained build operations Thread 40" [_thread_blocked, id=920, stack(0x000000fb62500000,0x000000fb62600000)]
  0x000002395e043000 JavaThread "C2 CompilerThread1" daemon [_thread_blocked, id=2644, stack(0x000000fb62600000,0x000000fb62700000)]
  0x0000023962781800 JavaThread "build event listener" [_thread_blocked, id=10112, stack(0x000000fb62700000,0x000000fb62800000)]
  0x0000023962781000 JavaThread "pool-6-thread-1" [_thread_blocked, id=7920, stack(0x000000fb62800000,0x000000fb62900000)]
  0x0000023962785000 JavaThread "build event listener" [_thread_blocked, id=1108, stack(0x000000fb62a00000,0x000000fb62b00000)]
  0x0000023962784000 JavaThread "included builds" [_thread_blocked, id=11240, stack(0x000000fb62b00000,0x000000fb62c00000)]
  0x0000023962782800 JavaThread "Execution worker for ':'" [_thread_blocked, id=10724, stack(0x000000fb62c00000,0x000000fb62d00000)]
  0x0000023962787800 JavaThread "Execution worker for ':' Thread 2" [_thread_blocked, id=2412, stack(0x000000fb62d00000,0x000000fb62e00000)]
  0x0000023962786000 JavaThread "Execution worker for ':' Thread 3" [_thread_blocked, id=1504, stack(0x000000fb62e00000,0x000000fb62f00000)]
  0x0000023962783800 JavaThread "Cache worker for execution history cache (C:\Users\acer\AndroidStudioProjects\CoroutineScope\.gradle\7.4\executionHistory)" [_thread_blocked, id=476, stack(0x000000fb62f00000,0x000000fb63000000)]
  0x0000023964181800 JavaThread "WorkerExecutor Queue" [_thread_blocked, id=5716, stack(0x000000fb63000000,0x000000fb63100000)]
  0x0000023964184000 JavaThread "WorkerExecutor Queue Thread 2" [_thread_blocked, id=8884, stack(0x000000fb63100000,0x000000fb63200000)]
  0x0000023964184800 JavaThread "WorkerExecutor Queue Thread 3" [_thread_blocked, id=7992, stack(0x000000fb63200000,0x000000fb63300000)]
  0x0000023964183000 JavaThread "WorkerExecutor Queue Thread 5" [_thread_blocked, id=2580, stack(0x000000fb63400000,0x000000fb63500000)]
  0x0000023964185800 JavaThread "pool-7-thread-1" [_thread_blocked, id=3268, stack(0x000000fb63500000,0x000000fb63600000)]
  0x0000023964180000 JavaThread "stderr" [_thread_in_native, id=4708, stack(0x000000fb63600000,0x000000fb63700000)]
  0x0000023964180800 JavaThread "stdout" [_thread_in_native, id=6184, stack(0x000000fb63700000,0x000000fb63800000)]

Other Threads:
=>0x0000023941e9e800 VMThread "VM Thread" [stack: 0x000000fb5d600000,0x000000fb5d700000] [id=9656]
  0x000002395cc84800 WatcherThread [stack: 0x000000fb5e000000,0x000000fb5e100000] [id=5568]
  0x0000023941dd5000 GCTaskThread "GC Thread#0" [stack: 0x000000fb5d100000,0x000000fb5d200000] [id=8588]
  0x000002395d6b9800 GCTaskThread "GC Thread#1" [stack: 0x000000fb5e200000,0x000000fb5e300000] [id=8000]
  0x000002395eee7800 GCTaskThread "GC Thread#2" [stack: 0x000000fb5e400000,0x000000fb5e500000] [id=1376]
  0x000002395d8e2000 GCTaskThread "GC Thread#3" [stack: 0x000000fb5e500000,0x000000fb5e600000] [id=6072]
  0x0000023941e05000 ConcurrentGCThread "G1 Main Marker" [stack: 0x000000fb5d200000,0x000000fb5d300000] [id=3536]
  0x0000023941e07800 ConcurrentGCThread "G1 Conc#0" [stack: 0x000000fb5d300000,0x000000fb5d400000] [id=5348]
  0x0000023941e82000 ConcurrentGCThread "G1 Refine#0" [stack: 0x000000fb5d400000,0x000000fb5d500000] [id=10200]
  0x000002395f011000 ConcurrentGCThread "G1 Refine#1" [stack: 0x000000fb5e600000,0x000000fb5e700000] [id=6484]
  0x0000023941e83000 ConcurrentGCThread "G1 Young RemSet Sampling" [stack: 0x000000fb5d500000,0x000000fb5d600000] [id=5136]

Threads with active compile tasks:
C2 CompilerThread0 195457 16233 %     4       com.android.tools.r8.dex.i::l @ 64 (2158 bytes)
C2 CompilerThread1 195457 16330       4       com.android.tools.r8.internal.RC::a (290 bytes)

VM state:at safepoint (normal execution)

VM Mutex/Monitor currently owned by a thread:  ([mutex/lock_event])
[0x0000023941db7fc0] Threads_lock - owner thread: 0x0000023941e9e800
[0x0000023941db7240] Heap_lock - owner thread: 0x0000023964184000

Heap address: 0x0000000080000000, size: 2048 MB, Compressed Oops mode: 32-bit
Narrow klass base: 0x0000000000000000, Narrow klass shift: 3
Compressed class space size: 1073741824 Address: 0x0000000100000000

Heap:
 garbage-first heap   total 305152K, used 234496K [0x0000000080000000, 0x0000000100000000)
  region size 1024K, 2 young (2048K), 2 survivors (2048K)
 Metaspace       used 129784K, capacity 132929K, committed 133120K, reserved 1165312K
  class space    used 16185K, capacity 17302K, committed 17408K, reserved 1048576K
Heap Regions: E=young(eden), S=young(survivor), O=old, HS=humongous(starts), HC=humongous(continues), CS=collection set, F=free, A=archive, TAMS=top-at-mark-start (previous, next)
|   0|0x0000000080000000, 0x0000000080100000, 0x0000000080100000|100%|HS|  |TAMS 0x0000000080100000, 0x0000000080000000| Complete 
|   1|0x0000000080100000, 0x0000000080200000, 0x0000000080200000|100%|HC|  |TAMS 0x0000000080200000, 0x0000000080100000| Complete 
|   2|0x0000000080200000, 0x0000000080300000, 0x0000000080300000|100%|HC|  |TAMS 0x0000000080300000, 0x0000000080200000| Complete 
|   3|0x0000000080300000, 0x0000000080400000, 0x0000000080400000|100%| O|  |TAMS 0x0000000080400000, 0x0000000080300000| Updating 
|   4|0x0000000080400000, 0x0000000080500000, 0x0000000080500000|100%| O|  |TAMS 0x0000000080500000, 0x0000000080400000| Updating 
|   5|0x0000000080500000, 0x0000000080600000, 0x0000000080600000|100%| O|  |TAMS 0x0000000080600000, 0x0000000080500000| Updating 
|   6|0x0000000080600000, 0x0000000080700000, 0x0000000080700000|100%| O|  |TAMS 0x0000000080700000, 0x0000000080600000| Updating 
|   7|0x0000000080700000, 0x0000000080800000, 0x0000000080800000|100%| O|  |TAMS 0x0000000080800000, 0x0000000080700000| Updating 
|   8|0x0000000080800000, 0x0000000080900000, 0x0000000080900000|100%| O|  |TAMS 0x0000000080900000, 0x0000000080800000| Updating 
|   9|0x0000000080900000, 0x0000000080a00000, 0x0000000080a00000|100%| O|  |TAMS 0x0000000080a00000, 0x0000000080900000| Updating 
|  10|0x0000000080a00000, 0x0000000080b00000, 0x0000000080b00000|100%| O|  |TAMS 0x0000000080b00000, 0x0000000080a00000| Updating 
|  11|0x0000000080b00000, 0x0000000080c00000, 0x0000000080c00000|100%| O|  |TAMS 0x0000000080c00000, 0x0000000080b00000| Updating 
|  12|0x0000000080c00000, 0x0000000080d00000, 0x0000000080d00000|100%| O|  |TAMS 0x0000000080d00000, 0x0000000080c00000| Updating 
|  13|0x0000000080d00000, 0x0000000080e00000, 0x0000000080e00000|100%| O|  |TAMS 0x0000000080e00000, 0x0000000080d00000| Updating 
|  14|0x0000000080e00000, 0x0000000080f00000, 0x0000000080f00000|100%| O|  |TAMS 0x0000000080f00000, 0x0000000080e00000| Updating 
|  15|0x0000000080f00000, 0x0000000081000000, 0x0000000081000000|100%|HS|  |TAMS 0x0000000081000000, 0x0000000080f00000| Complete 
|  16|0x0000000081000000, 0x0000000081100000, 0x0000000081100000|100%|HC|  |TAMS 0x0000000081100000, 0x0000000081000000| Complete 
|  17|0x0000000081100000, 0x0000000081200000, 0x0000000081200000|100%|HS|  |TAMS 0x0000000081200000, 0x0000000081100000| Complete 
|  18|0x0000000081200000, 0x0000000081300000, 0x0000000081300000|100%|HC|  |TAMS 0x0000000081300000, 0x0000000081200000| Complete 
|  19|0x0000000081300000, 0x0000000081400000, 0x0000000081400000|100%|HC|  |TAMS 0x0000000081400000, 0x0000000081300000| Complete 
|  20|0x0000000081400000, 0x0000000081500000, 0x0000000081500000|100%|HS|  |TAMS 0x0000000081500000, 0x0000000081400000| Complete 
|  21|0x0000000081500000, 0x0000000081600000, 0x0000000081600000|100%|HC|  |TAMS 0x0000000081600000, 0x0000000081500000| Complete 
|  22|0x0000000081600000, 0x0000000081700000, 0x0000000081700000|100%|HC|  |TAMS 0x0000000081700000, 0x0000000081600000| Complete 
|  23|0x0000000081700000, 0x0000000081800000, 0x0000000081800000|100%|HS|  |TAMS 0x0000000081800000, 0x0000000081700000| Complete 
|  24|0x0000000081800000, 0x0000000081900000, 0x0000000081900000|100%|HC|  |TAMS 0x0000000081900000, 0x0000000081800000| Complete 
|  25|0x0000000081900000, 0x0000000081a00000, 0x0000000081a00000|100%|HC|  |TAMS 0x0000000081a00000, 0x0000000081900000| Complete 
|  26|0x0000000081a00000, 0x0000000081b00000, 0x0000000081b00000|100%|HC|  |TAMS 0x0000000081b00000, 0x0000000081a00000| Complete 
|  27|0x0000000081b00000, 0x0000000081c00000, 0x0000000081c00000|100%|HS|  |TAMS 0x0000000081c00000, 0x0000000081b00000| Complete 
|  28|0x0000000081c00000, 0x0000000081d00000, 0x0000000081d00000|100%|HC|  |TAMS 0x0000000081d00000, 0x0000000081c00000| Complete 
|  29|0x0000000081d00000, 0x0000000081e00000, 0x0000000081e00000|100%|HC|  |TAMS 0x0000000081e00000, 0x0000000081d00000| Complete 
|  30|0x0000000081e00000, 0x0000000081f00000, 0x0000000081f00000|100%|HC|  |TAMS 0x0000000081f00000, 0x0000000081e00000| Complete 
|  31|0x0000000081f00000, 0x0000000082000000, 0x0000000082000000|100%|HC|  |TAMS 0x0000000082000000, 0x0000000081f00000| Complete 
|  32|0x0000000082000000, 0x0000000082100000, 0x0000000082100000|100%|HS|  |TAMS 0x0000000082100000, 0x0000000082000000| Complete 
|  33|0x0000000082100000, 0x0000000082200000, 0x0000000082200000|100%| O|  |TAMS 0x0000000082200000, 0x0000000082100000| Updating 
|  34|0x0000000082200000, 0x0000000082300000, 0x0000000082300000|100%| O|  |TAMS 0x0000000082300000, 0x0000000082200000| Updating 
|  35|0x0000000082300000, 0x0000000082400000, 0x0000000082400000|100%| O|  |TAMS 0x0000000082400000, 0x0000000082300000| Updating 
|  36|0x0000000082400000, 0x0000000082500000, 0x0000000082500000|100%| O|  |TAMS 0x0000000082500000, 0x0000000082400000| Updating 
|  37|0x0000000082500000, 0x0000000082600000, 0x0000000082600000|100%| O|  |TAMS 0x0000000082600000, 0x0000000082500000| Updating 
|  38|0x0000000082600000, 0x0000000082700000, 0x0000000082700000|100%| O|  |TAMS 0x0000000082700000, 0x0000000082600000| Updating 
|  39|0x0000000082700000, 0x0000000082800000, 0x0000000082800000|100%| O|  |TAMS 0x0000000082800000, 0x0000000082700000| Updating 
|  40|0x0000000082800000, 0x0000000082900000, 0x0000000082900000|100%| O|  |TAMS 0x0000000082900000, 0x0000000082800000| Updating 
|  41|0x0000000082900000, 0x0000000082a00000, 0x0000000082a00000|100%| O|  |TAMS 0x0000000082a00000, 0x0000000082900000| Updating 
|  42|0x0000000082a00000, 0x0000000082b00000, 0x0000000082b00000|100%| O|  |TAMS 0x0000000082b00000, 0x0000000082a00000| Updating 
|  43|0x0000000082b00000, 0x0000000082c00000, 0x0000000082c00000|100%| O|  |TAMS 0x0000000082c00000, 0x0000000082b00000| Updating 
|  44|0x0000000082c00000, 0x0000000082d00000, 0x0000000082d00000|100%|HS|  |TAMS 0x0000000082d00000, 0x0000000082c00000| Complete 
|  45|0x0000000082d00000, 0x0000000082e00000, 0x0000000082e00000|100%|HC|  |TAMS 0x0000000082e00000, 0x0000000082d00000| Complete 
|  46|0x0000000082e00000, 0x0000000082f00000, 0x0000000082f00000|100%|HC|  |TAMS 0x0000000082f00000, 0x0000000082e00000| Complete 
|  47|0x0000000082f00000, 0x0000000083000000, 0x0000000083000000|100%| O|  |TAMS 0x0000000083000000, 0x0000000082f00000| Updating 
|  48|0x0000000083000000, 0x0000000083100000, 0x0000000083100000|100%| O|  |TAMS 0x0000000083100000, 0x0000000083000000| Updating 
|  49|0x0000000083100000, 0x0000000083200000, 0x0000000083200000|100%| O|  |TAMS 0x0000000083200000, 0x0000000083100000| Updating 
|  50|0x0000000083200000, 0x0000000083300000, 0x0000000083300000|100%| O|  |TAMS 0x0000000083300000, 0x0000000083200000| Updating 
|  51|0x0000000083300000, 0x0000000083400000, 0x0000000083400000|100%| O|  |TAMS 0x0000000083400000, 0x0000000083300000| Updating 
|  52|0x0000000083400000, 0x0000000083500000, 0x0000000083500000|100%|HS|  |TAMS 0x0000000083500000, 0x0000000083400000| Complete 
|  53|0x0000000083500000, 0x0000000083600000, 0x0000000083600000|100%|HC|  |TAMS 0x0000000083600000, 0x0000000083500000| Complete 
|  54|0x0000000083600000, 0x0000000083700000, 0x0000000083700000|100%|HC|  |TAMS 0x0000000083700000, 0x0000000083600000| Complete 
|  55|0x0000000083700000, 0x0000000083800000, 0x0000000083800000|100%|HC|  |TAMS 0x0000000083800000, 0x0000000083700000| Complete 
|  56|0x0000000083800000, 0x0000000083900000, 0x0000000083900000|100%|HS|  |TAMS 0x0000000083900000, 0x0000000083800000| Complete 
|  57|0x0000000083900000, 0x0000000083a00000, 0x0000000083a00000|100%|HC|  |TAMS 0x0000000083a00000, 0x0000000083900000| Complete 
|  58|0x0000000083a00000, 0x0000000083b00000, 0x0000000083b00000|100%|HS|  |TAMS 0x0000000083b00000, 0x0000000083a00000| Complete 
|  59|0x0000000083b00000, 0x0000000083c00000, 0x0000000083c00000|100%|HC|  |TAMS 0x0000000083c00000, 0x0000000083b00000| Complete 
|  60|0x0000000083c00000, 0x0000000083d00000, 0x0000000083d00000|100%|HC|  |TAMS 0x0000000083d00000, 0x0000000083c00000| Complete 
|  61|0x0000000083d00000, 0x0000000083e00000, 0x0000000083e00000|100%| O|  |TAMS 0x0000000083e00000, 0x0000000083d00000| Updating 
|  62|0x0000000083e00000, 0x0000000083f00000, 0x0000000083f00000|100%| O|  |TAMS 0x0000000083f00000, 0x0000000083e00000| Updating 
|  63|0x0000000083f00000, 0x0000000084000000, 0x0000000084000000|100%| O|  |TAMS 0x0000000084000000, 0x0000000083f00000| Updating 
|  64|0x0000000084000000, 0x0000000084100000, 0x0000000084100000|100%| O|  |TAMS 0x0000000084100000, 0x0000000084000000| Updating 
|  65|0x0000000084100000, 0x0000000084200000, 0x0000000084200000|100%| O|  |TAMS 0x0000000084200000, 0x0000000084100000| Updating 
|  66|0x0000000084200000, 0x0000000084300000, 0x0000000084300000|100%| O|  |TAMS 0x0000000084300000, 0x0000000084200000| Updating 
|  67|0x0000000084300000, 0x0000000084400000, 0x0000000084400000|100%| O|  |TAMS 0x0000000084400000, 0x0000000084300000| Updating 
|  68|0x0000000084400000, 0x0000000084500000, 0x0000000084500000|100%| O|  |TAMS 0x0000000084500000, 0x0000000084400000| Updating 
|  69|0x0000000084500000, 0x0000000084600000, 0x0000000084600000|100%|HS|  |TAMS 0x0000000084600000, 0x0000000084500000| Complete 
|  70|0x0000000084600000, 0x0000000084700000, 0x0000000084700000|100%|HC|  |TAMS 0x0000000084700000, 0x0000000084600000| Complete 
|  71|0x0000000084700000, 0x0000000084800000, 0x0000000084800000|100%|HC|  |TAMS 0x0000000084800000, 0x0000000084700000| Complete 
|  72|0x0000000084800000, 0x0000000084900000, 0x0000000084900000|100%|HC|  |TAMS 0x0000000084900000, 0x0000000084800000| Complete 
|  73|0x0000000084900000, 0x0000000084a00000, 0x0000000084a00000|100%|HC|  |TAMS 0x0000000084a00000, 0x0000000084900000| Complete 
|  74|0x0000000084a00000, 0x0000000084b00000, 0x0000000084b00000|100%| O|  |TAMS 0x0000000084b00000, 0x0000000084a00000| Updating 
|  75|0x0000000084b00000, 0x0000000084c00000, 0x0000000084c00000|100%| O|  |TAMS 0x0000000084c00000, 0x0000000084b00000| Updating 
|  76|0x0000000084c00000, 0x0000000084d00000, 0x0000000084d00000|100%| O|  |TAMS 0x0000000084d00000, 0x0000000084c00000| Updating 
|  77|0x0000000084d00000, 0x0000000084e00000, 0x0000000084e00000|100%| O|  |TAMS 0x0000000084e00000, 0x0000000084d00000| Updating 
|  78|0x0000000084e00000, 0x0000000084f00000, 0x0000000084f00000|100%| O|  |TAMS 0x0000000084f00000, 0x0000000084e00000| Updating 
|  79|0x0000000084f00000, 0x0000000085000000, 0x0000000085000000|100%| O|  |TAMS 0x0000000085000000, 0x0000000084f00000| Updating 
|  80|0x0000000085000000, 0x0000000085100000, 0x0000000085100000|100%| O|  |TAMS 0x0000000085100000, 0x0000000085000000| Updating 
|  81|0x0000000085100000, 0x0000000085200000, 0x0000000085200000|100%|HS|  |TAMS 0x0000000085200000, 0x0000000085100000| Complete 
|  82|0x0000000085200000, 0x0000000085300000, 0x0000000085300000|100%|HS|  |TAMS 0x0000000085300000, 0x0000000085200000| Complete 
|  83|0x0000000085300000, 0x0000000085400000, 0x0000000085400000|100%|HS|  |TAMS 0x0000000085400000, 0x0000000085300000| Complete 
|  84|0x0000000085400000, 0x0000000085500000, 0x0000000085500000|100%| O|  |TAMS 0x0000000085500000, 0x0000000085400000| Updating 
|  85|0x0000000085500000, 0x0000000085600000, 0x0000000085600000|100%| O|  |TAMS 0x0000000085600000, 0x0000000085500000| Updating 
|  86|0x0000000085600000, 0x0000000085700000, 0x0000000085700000|100%|HS|  |TAMS 0x0000000085700000, 0x0000000085600000| Complete 
|  87|0x0000000085700000, 0x0000000085800000, 0x0000000085800000|100%|HC|  |TAMS 0x0000000085800000, 0x0000000085700000| Complete 
|  88|0x0000000085800000, 0x0000000085900000, 0x0000000085900000|100%|HC|  |TAMS 0x0000000085900000, 0x0000000085800000| Complete 
|  89|0x0000000085900000, 0x0000000085a00000, 0x0000000085a00000|100%|HC|  |TAMS 0x0000000085a00000, 0x0000000085900000| Complete 
|  90|0x0000000085a00000, 0x0000000085b00000, 0x0000000085b00000|100%| O|  |TAMS 0x0000000085b00000, 0x0000000085a00000| Updating 
|  91|0x0000000085b00000, 0x0000000085c00000, 0x0000000085c00000|100%|HS|  |TAMS 0x0000000085c00000, 0x0000000085b00000| Complete 
|  92|0x0000000085c00000, 0x0000000085d00000, 0x0000000085d00000|100%|HC|  |TAMS 0x0000000085d00000, 0x0000000085c00000| Complete 
|  93|0x0000000085d00000, 0x0000000085e00000, 0x0000000085e00000|100%| O|  |TAMS 0x0000000085e00000, 0x0000000085d00000| Updating 
|  94|0x0000000085e00000, 0x0000000085f00000, 0x0000000085f00000|100%| O|  |TAMS 0x0000000085f00000, 0x0000000085e00000| Updating 
|  95|0x0000000085f00000, 0x0000000086000000, 0x0000000086000000|100%| O|  |TAMS 0x0000000086000000, 0x0000000085f00000| Updating 
|  96|0x0000000086000000, 0x0000000086100000, 0x0000000086100000|100%| O|  |TAMS 0x0000000086100000, 0x0000000086000000| Updating 
|  97|0x0000000086100000, 0x0000000086200000, 0x0000000086200000|100%| O|  |TAMS 0x0000000086200000, 0x0000000086100000| Updating 
|  98|0x0000000086200000, 0x0000000086300000, 0x0000000086300000|100%| O|  |TAMS 0x0000000086300000, 0x0000000086200000| Updating 
|  99|0x0000000086300000, 0x0000000086400000, 0x0000000086400000|100%| O|  |TAMS 0x0000000086400000, 0x0000000086300000| Updating 
| 100|0x0000000086400000, 0x0000000086500000, 0x0000000086500000|100%| O|  |TAMS 0x0000000086500000, 0x0000000086400000| Updating 
| 101|0x0000000086500000, 0x0000000086600000, 0x0000000086600000|100%| O|  |TAMS 0x0000000086600000, 0x0000000086500000| Updating 
| 102|0x0000000086600000, 0x0000000086700000, 0x0000000086700000|100%| O|  |TAMS 0x0000000086700000, 0x0000000086600000| Updating 
| 103|0x0000000086700000, 0x0000000086800000, 0x0000000086800000|100%| O|  |TAMS 0x0000000086800000, 0x0000000086700000| Updating 
| 104|0x0000000086800000, 0x0000000086900000, 0x0000000086900000|100%| O|  |TAMS 0x0000000086900000, 0x0000000086800000| Updating 
| 105|0x0000000086900000, 0x0000000086a00000, 0x0000000086a00000|100%| O|  |TAMS 0x0000000086a00000, 0x0000000086900000| Updating 
| 106|0x0000000086a00000, 0x0000000086b00000, 0x0000000086b00000|100%| O|  |TAMS 0x0000000086b00000, 0x0000000086a00000| Updating 
| 107|0x0000000086b00000, 0x0000000086c00000, 0x0000000086c00000|100%| O|  |TAMS 0x0000000086c00000, 0x0000000086b00000| Updating 
| 108|0x0000000086c00000, 0x0000000086d00000, 0x0000000086d00000|100%| O|  |TAMS 0x0000000086d00000, 0x0000000086c00000| Updating 
| 109|0x0000000086d00000, 0x0000000086e00000, 0x0000000086e00000|100%| O|  |TAMS 0x0000000086e00000, 0x0000000086d00000| Updating 
| 110|0x0000000086e00000, 0x0000000086f00000, 0x0000000086f00000|100%| O|  |TAMS 0x0000000086f00000, 0x0000000086e00000| Updating 
| 111|0x0000000086f00000, 0x0000000087000000, 0x0000000087000000|100%| O|  |TAMS 0x0000000087000000, 0x0000000086f00000| Updating 
| 112|0x0000000087000000, 0x0000000087100000, 0x0000000087100000|100%| O|  |TAMS 0x0000000087100000, 0x0000000087000000| Updating 
| 113|0x0000000087100000, 0x0000000087200000, 0x0000000087200000|100%|HS|  |TAMS 0x0000000087200000, 0x0000000087100000| Complete 
| 114|0x0000000087200000, 0x0000000087300000, 0x0000000087300000|100%|HC|  |TAMS 0x0000000087300000, 0x0000000087200000| Complete 
| 115|0x0000000087300000, 0x0000000087400000, 0x0000000087400000|100%|HS|  |TAMS 0x0000000087400000, 0x0000000087300000| Complete 
| 116|0x0000000087400000, 0x0000000087500000, 0x0000000087500000|100%|HC|  |TAMS 0x0000000087500000, 0x0000000087400000| Complete 
| 117|0x0000000087500000, 0x0000000087600000, 0x0000000087600000|100%|HC|  |TAMS 0x0000000087600000, 0x0000000087500000| Complete 
| 118|0x0000000087600000, 0x0000000087700000, 0x0000000087700000|100%|HS|  |TAMS 0x0000000087700000, 0x0000000087600000| Complete 
| 119|0x0000000087700000, 0x0000000087800000, 0x0000000087800000|100%|HC|  |TAMS 0x0000000087800000, 0x0000000087700000| Complete 
| 120|0x0000000087800000, 0x0000000087900000, 0x0000000087900000|100%|HC|  |TAMS 0x0000000087900000, 0x0000000087800000| Complete 
| 121|0x0000000087900000, 0x0000000087a00000, 0x0000000087a00000|100%|HS|  |TAMS 0x0000000087a00000, 0x0000000087900000| Complete 
| 122|0x0000000087a00000, 0x0000000087b00000, 0x0000000087b00000|100%|HC|  |TAMS 0x0000000087b00000, 0x0000000087a00000| Complete 
| 123|0x0000000087b00000, 0x0000000087c00000, 0x0000000087c00000|100%|HC|  |TAMS 0x0000000087c00000, 0x0000000087b00000| Complete 
| 124|0x0000000087c00000, 0x0000000087d00000, 0x0000000087d00000|100%|HC|  |TAMS 0x0000000087d00000, 0x0000000087c00000| Complete 
| 125|0x0000000087d00000, 0x0000000087e00000, 0x0000000087e00000|100%|HS|  |TAMS 0x0000000087e00000, 0x0000000087d00000| Complete 
| 126|0x0000000087e00000, 0x0000000087f00000, 0x0000000087f00000|100%|HC|  |TAMS 0x0000000087f00000, 0x0000000087e00000| Complete 
| 127|0x0000000087f00000, 0x0000000088000000, 0x0000000088000000|100%|HC|  |TAMS 0x0000000088000000, 0x0000000087f00000| Complete 
| 128|0x0000000088000000, 0x0000000088100000, 0x0000000088100000|100%|HC|  |TAMS 0x0000000088100000, 0x0000000088000000| Complete 
| 129|0x0000000088100000, 0x0000000088200000, 0x0000000088200000|100%|HC|  |TAMS 0x0000000088200000, 0x0000000088100000| Complete 
| 130|0x0000000088200000, 0x0000000088300000, 0x0000000088300000|100%|HS|  |TAMS 0x0000000088300000, 0x0000000088200000| Complete 
| 131|0x0000000088300000, 0x0000000088400000, 0x0000000088400000|100%| O|  |TAMS 0x0000000088400000, 0x0000000088300000| Updating 
| 132|0x0000000088400000, 0x0000000088500000, 0x0000000088500000|100%| O|  |TAMS 0x0000000088500000, 0x0000000088400000| Updating 
| 133|0x0000000088500000, 0x0000000088600000, 0x0000000088600000|100%| O|  |TAMS 0x0000000088600000, 0x0000000088500000| Updating 
| 134|0x0000000088600000, 0x0000000088700000, 0x0000000088700000|100%| O|  |TAMS 0x0000000088700000, 0x0000000088600000| Updating 
| 135|0x0000000088700000, 0x0000000088800000, 0x0000000088800000|100%| O|  |TAMS 0x0000000088800000, 0x0000000088700000| Updating 
| 136|0x0000000088800000, 0x0000000088900000, 0x0000000088900000|100%|HS|  |TAMS 0x0000000088900000, 0x0000000088800000| Complete 
| 137|0x0000000088900000, 0x0000000088a00000, 0x0000000088a00000|100%| O|  |TAMS 0x0000000088a00000, 0x0000000088900000| Updating 
| 138|0x0000000088a00000, 0x0000000088b00000, 0x0000000088b00000|100%| O|  |TAMS 0x0000000088b00000, 0x0000000088a00000| Updating 
| 139|0x0000000088b00000, 0x0000000088c00000, 0x0000000088c00000|100%| O|  |TAMS 0x0000000088c00000, 0x0000000088b00000| Updating 
| 140|0x0000000088c00000, 0x0000000088d00000, 0x0000000088d00000|100%| O|  |TAMS 0x0000000088d00000, 0x0000000088c00000| Updating 
| 141|0x0000000088d00000, 0x0000000088e00000, 0x0000000088e00000|100%|HS|  |TAMS 0x0000000088e00000, 0x0000000088d00000| Complete 
| 142|0x0000000088e00000, 0x0000000088f00000, 0x0000000088f00000|100%| O|  |TAMS 0x0000000088f00000, 0x0000000088e00000| Updating 
| 143|0x0000000088f00000, 0x0000000089000000, 0x0000000089000000|100%| O|  |TAMS 0x0000000089000000, 0x0000000088f00000| Updating 
| 144|0x0000000089000000, 0x0000000089100000, 0x0000000089100000|100%| O|  |TAMS 0x0000000089100000, 0x0000000089000000| Updating 
| 145|0x0000000089100000, 0x0000000089200000, 0x0000000089200000|100%| O|  |TAMS 0x0000000089200000, 0x0000000089100000| Updating 
| 146|0x0000000089200000, 0x0000000089300000, 0x0000000089300000|100%| O|  |TAMS 0x0000000089300000, 0x0000000089200000| Updating 
| 147|0x0000000089300000, 0x0000000089400000, 0x0000000089400000|100%| O|  |TAMS 0x0000000089400000, 0x0000000089300000| Updating 
| 148|0x0000000089400000, 0x0000000089500000, 0x0000000089500000|100%| O|  |TAMS 0x0000000089500000, 0x0000000089400000| Updating 
| 149|0x0000000089500000, 0x0000000089600000, 0x0000000089600000|100%| O|  |TAMS 0x0000000089600000, 0x0000000089500000| Updating 
| 150|0x0000000089600000, 0x0000000089700000, 0x0000000089700000|100%| O|  |TAMS 0x0000000089700000, 0x0000000089600000| Updating 
| 151|0x0000000089700000, 0x0000000089800000, 0x0000000089800000|100%| O|  |TAMS 0x0000000089800000, 0x0000000089700000| Updating 
| 152|0x0000000089800000, 0x0000000089900000, 0x0000000089900000|100%| O|  |TAMS 0x0000000089900000, 0x0000000089800000| Updating 
| 153|0x0000000089900000, 0x0000000089a00000, 0x0000000089a00000|100%| O|  |TAMS 0x0000000089a00000, 0x0000000089900000| Updating 
| 154|0x0000000089a00000, 0x0000000089b00000, 0x0000000089b00000|100%| O|  |TAMS 0x0000000089b00000, 0x0000000089a00000| Updating 
| 155|0x0000000089b00000, 0x0000000089c00000, 0x0000000089c00000|100%| O|  |TAMS 0x0000000089c00000, 0x0000000089b00000| Updating 
| 156|0x0000000089c00000, 0x0000000089d00000, 0x0000000089d00000|100%| O|  |TAMS 0x0000000089d00000, 0x0000000089c00000| Updating 
| 157|0x0000000089d00000, 0x0000000089e00000, 0x0000000089e00000|100%| O|  |TAMS 0x0000000089e00000, 0x0000000089d00000| Updating 
| 158|0x0000000089e00000, 0x0000000089f00000, 0x0000000089f00000|100%| O|  |TAMS 0x0000000089f00000, 0x0000000089e00000| Updating 
| 159|0x0000000089f00000, 0x000000008a000000, 0x000000008a000000|100%| O|  |TAMS 0x000000008a000000, 0x0000000089f00000| Updating 
| 160|0x000000008a000000, 0x000000008a100000, 0x000000008a100000|100%| O|  |TAMS 0x000000008a100000, 0x000000008a000000| Updating 
| 161|0x000000008a100000, 0x000000008a200000, 0x000000008a200000|100%| O|  |TAMS 0x000000008a200000, 0x000000008a100000| Updating 
| 162|0x000000008a200000, 0x000000008a300000, 0x000000008a300000|100%| O|  |TAMS 0x000000008a300000, 0x000000008a200000| Updating 
| 163|0x000000008a300000, 0x000000008a400000, 0x000000008a400000|100%| O|  |TAMS 0x000000008a400000, 0x000000008a300000| Updating 
| 164|0x000000008a400000, 0x000000008a500000, 0x000000008a500000|100%| O|  |TAMS 0x000000008a500000, 0x000000008a400000| Updating 
| 165|0x000000008a500000, 0x000000008a600000, 0x000000008a600000|100%| O|  |TAMS 0x000000008a600000, 0x000000008a500000| Updating 
| 166|0x000000008a600000, 0x000000008a700000, 0x000000008a700000|100%| O|  |TAMS 0x000000008a700000, 0x000000008a600000| Updating 
| 167|0x000000008a700000, 0x000000008a800000, 0x000000008a800000|100%| O|  |TAMS 0x000000008a800000, 0x000000008a700000| Updating 
| 168|0x000000008a800000, 0x000000008a900000, 0x000000008a900000|100%| O|  |TAMS 0x000000008a900000, 0x000000008a800000| Updating 
| 169|0x000000008a900000, 0x000000008aa00000, 0x000000008aa00000|100%| O|  |TAMS 0x000000008aa00000, 0x000000008a900000| Updating 
| 170|0x000000008aa00000, 0x000000008ab00000, 0x000000008ab00000|100%| O|  |TAMS 0x000000008ab00000, 0x000000008aa00000| Updating 
| 171|0x000000008ab00000, 0x000000008ac00000, 0x000000008ac00000|100%| O|  |TAMS 0x000000008ac00000, 0x000000008ab00000| Updating 
| 172|0x000000008ac00000, 0x000000008ad00000, 0x000000008ad00000|100%| O|  |TAMS 0x000000008ad00000, 0x000000008ac00000| Updating 
| 173|0x000000008ad00000, 0x000000008ae00000, 0x000000008ae00000|100%| O|  |TAMS 0x000000008ae00000, 0x000000008ad00000| Updating 
| 174|0x000000008ae00000, 0x000000008af00000, 0x000000008af00000|100%| O|  |TAMS 0x000000008af00000, 0x000000008ae00000| Updating 
| 175|0x000000008af00000, 0x000000008b000000, 0x000000008b000000|100%| O|  |TAMS 0x000000008b000000, 0x000000008af00000| Updating 
| 176|0x000000008b000000, 0x000000008b100000, 0x000000008b100000|100%| O|  |TAMS 0x000000008b100000, 0x000000008b000000| Updating 
| 177|0x000000008b100000, 0x000000008b200000, 0x000000008b200000|100%| O|  |TAMS 0x000000008b200000, 0x000000008b100000| Updating 
| 178|0x000000008b200000, 0x000000008b300000, 0x000000008b300000|100%| O|  |TAMS 0x000000008b300000, 0x000000008b200000| Updating 
| 179|0x000000008b300000, 0x000000008b400000, 0x000000008b400000|100%| O|  |TAMS 0x000000008b400000, 0x000000008b300000| Updating 
| 180|0x000000008b400000, 0x000000008b500000, 0x000000008b500000|100%|HS|  |TAMS 0x000000008b500000, 0x000000008b400000| Complete 
| 181|0x000000008b500000, 0x000000008b600000, 0x000000008b600000|100%|HC|  |TAMS 0x000000008b600000, 0x000000008b500000| Complete 
| 182|0x000000008b600000, 0x000000008b700000, 0x000000008b700000|100%|HS|  |TAMS 0x000000008b700000, 0x000000008b600000| Complete 
| 183|0x000000008b700000, 0x000000008b800000, 0x000000008b800000|100%|HC|  |TAMS 0x000000008b800000, 0x000000008b700000| Complete 
| 184|0x000000008b800000, 0x000000008b900000, 0x000000008b900000|100%|HS|  |TAMS 0x000000008b900000, 0x000000008b800000| Complete 
| 185|0x000000008b900000, 0x000000008ba00000, 0x000000008ba00000|100%|HC|  |TAMS 0x000000008ba00000, 0x000000008b900000| Complete 
| 186|0x000000008ba00000, 0x000000008bb00000, 0x000000008bb00000|100%|HS|  |TAMS 0x000000008bb00000, 0x000000008ba00000| Complete 
| 187|0x000000008bb00000, 0x000000008bc00000, 0x000000008bc00000|100%|HC|  |TAMS 0x000000008bc00000, 0x000000008bb00000| Complete 
| 188|0x000000008bc00000, 0x000000008bd00000, 0x000000008bd00000|100%|HC|  |TAMS 0x000000008bd00000, 0x000000008bc00000| Complete 
| 189|0x000000008bd00000, 0x000000008be00000, 0x000000008be00000|100%| O|  |TAMS 0x000000008be00000, 0x000000008bd00000| Updating 
| 190|0x000000008be00000, 0x000000008bf00000, 0x000000008bf00000|100%| O|  |TAMS 0x000000008bf00000, 0x000000008be00000| Updating 
| 191|0x000000008bf00000, 0x000000008c000000, 0x000000008c000000|100%| O|  |TAMS 0x000000008c000000, 0x000000008bf00000| Updating 
| 192|0x000000008c000000, 0x000000008c100000, 0x000000008c100000|100%| O|  |TAMS 0x000000008c100000, 0x000000008c000000| Updating 
| 193|0x000000008c100000, 0x000000008c200000, 0x000000008c200000|100%| O|  |TAMS 0x000000008c200000, 0x000000008c100000| Updating 
| 194|0x000000008c200000, 0x000000008c300000, 0x000000008c300000|100%| O|  |TAMS 0x000000008c300000, 0x000000008c200000| Updating 
| 195|0x000000008c300000, 0x000000008c400000, 0x000000008c400000|100%| O|  |TAMS 0x000000008c400000, 0x000000008c300000| Updating 
| 196|0x000000008c400000, 0x000000008c500000, 0x000000008c500000|100%| O|  |TAMS 0x000000008c500000, 0x000000008c400000| Updating 
| 197|0x000000008c500000, 0x000000008c600000, 0x000000008c600000|100%|HS|  |TAMS 0x000000008c600000, 0x000000008c500000| Complete 
| 198|0x000000008c600000, 0x000000008c700000, 0x000000008c700000|100%|HC|  |TAMS 0x000000008c700000, 0x000000008c600000| Complete 
| 199|0x000000008c700000, 0x000000008c800000, 0x000000008c800000|100%|HS|  |TAMS 0x000000008c800000, 0x000000008c700000| Complete 
| 200|0x000000008c800000, 0x000000008c900000, 0x000000008c900000|100%|HC|  |TAMS 0x000000008c900000, 0x000000008c800000| Complete 
| 201|0x000000008c900000, 0x000000008ca00000, 0x000000008ca00000|100%| O|  |TAMS 0x000000008ca00000, 0x000000008c900000| Updating 
| 202|0x000000008ca00000, 0x000000008cb00000, 0x000000008cb00000|100%|HS|  |TAMS 0x000000008cb00000, 0x000000008ca00000| Complete 
| 203|0x000000008cb00000, 0x000000008cc00000, 0x000000008cc00000|100%|HC|  |TAMS 0x000000008cc00000, 0x000000008cb00000| Complete 
| 204|0x000000008cc00000, 0x000000008cd00000, 0x000000008cd00000|100%| O|  |TAMS 0x000000008cd00000, 0x000000008cc00000| Updating 
| 205|0x000000008cd00000, 0x000000008ce00000, 0x000000008ce00000|100%|HS|  |TAMS 0x000000008ce00000, 0x000000008cd00000| Complete 
| 206|0x000000008ce00000, 0x000000008cf00000, 0x000000008cf00000|100%| O|  |TAMS 0x000000008cf00000, 0x000000008ce00000| Updating 
| 207|0x000000008cf00000, 0x000000008d000000, 0x000000008d000000|100%|HS|  |TAMS 0x000000008d000000, 0x000000008cf00000| Complete 
| 208|0x000000008d000000, 0x000000008d100000, 0x000000008d100000|100%| O|  |TAMS 0x000000008d100000, 0x000000008d000000| Updating 
| 209|0x000000008d100000, 0x000000008d200000, 0x000000008d200000|100%| O|  |TAMS 0x000000008d200000, 0x000000008d100000| Updating 
| 210|0x000000008d200000, 0x000000008d300000, 0x000000008d300000|100%| O|  |TAMS 0x000000008d300000, 0x000000008d200000| Updating 
| 211|0x000000008d300000, 0x000000008d400000, 0x000000008d400000|100%| O|  |TAMS 0x000000008d400000, 0x000000008d300000| Updating 
| 212|0x000000008d400000, 0x000000008d500000, 0x000000008d500000|100%| O|  |TAMS 0x000000008d500000, 0x000000008d400000| Updating 
| 213|0x000000008d500000, 0x000000008d600000, 0x000000008d600000|100%| O|  |TAMS 0x000000008d545800, 0x000000008d500000| Updating 
| 214|0x000000008d600000, 0x000000008d700000, 0x000000008d700000|100%| O|  |TAMS 0x000000008d600000, 0x000000008d600000| Untracked 
| 215|0x000000008d700000, 0x000000008d800000, 0x000000008d800000|100%|HS|  |TAMS 0x000000008d800000, 0x000000008d700000| Complete 
| 216|0x000000008d800000, 0x000000008d900000, 0x000000008d900000|100%|HC|  |TAMS 0x000000008d900000, 0x000000008d800000| Complete 
| 217|0x000000008d900000, 0x000000008da00000, 0x000000008da00000|100%|HC|  |TAMS 0x000000008da00000, 0x000000008d900000| Complete 
| 218|0x000000008da00000, 0x000000008db00000, 0x000000008db00000|100%| O|  |TAMS 0x000000008db00000, 0x000000008da00000| Updating 
| 219|0x000000008db00000, 0x000000008dc00000, 0x000000008dc00000|100%| O|  |TAMS 0x000000008db00000, 0x000000008db00000| Untracked 
| 220|0x000000008dc00000, 0x000000008dd00000, 0x000000008dd00000|100%| O|  |TAMS 0x000000008dc00000, 0x000000008dc00000| Updating 
| 221|0x000000008dd00000, 0x000000008de00000, 0x000000008de00000|100%|HS|  |TAMS 0x000000008dd00000, 0x000000008dd00000| Complete 
| 222|0x000000008de00000, 0x000000008de00000, 0x000000008df00000|  0%| F|  |TAMS 0x000000008de00000, 0x000000008de00000| Untracked 
| 223|0x000000008df00000, 0x000000008df00000, 0x000000008e000000|  0%| F|  |TAMS 0x000000008df00000, 0x000000008df00000| Untracked 
| 224|0x000000008e000000, 0x000000008e100000, 0x000000008e100000|100%|HS|  |TAMS 0x000000008e000000, 0x000000008e000000| Complete 
| 225|0x000000008e100000, 0x000000008e100000, 0x000000008e200000|  0%| F|  |TAMS 0x000000008e100000, 0x000000008e100000| Untracked 
| 226|0x000000008e200000, 0x000000008e200000, 0x000000008e300000|  0%| F|  |TAMS 0x000000008e200000, 0x000000008e200000| Untracked 
| 227|0x000000008e300000, 0x000000008e300000, 0x000000008e400000|  0%| F|  |TAMS 0x000000008e300000, 0x000000008e300000| Untracked 
| 228|0x000000008e400000, 0x000000008e400000, 0x000000008e500000|  0%| F|  |TAMS 0x000000008e400000, 0x000000008e400000| Untracked 
| 229|0x000000008e500000, 0x000000008e500000, 0x000000008e600000|  0%| F|  |TAMS 0x000000008e500000, 0x000000008e500000| Untracked 
| 230|0x000000008e600000, 0x000000008e600000, 0x000000008e700000|  0%| F|  |TAMS 0x000000008e600000, 0x000000008e600000| Untracked 
| 231|0x000000008e700000, 0x000000008e700000, 0x000000008e800000|  0%| F|  |TAMS 0x000000008e700000, 0x000000008e700000| Untracked 
| 232|0x000000008e800000, 0x000000008e800000, 0x000000008e900000|  0%| F|  |TAMS 0x000000008e800000, 0x000000008e800000| Untracked 
| 233|0x000000008e900000, 0x000000008e900000, 0x000000008ea00000|  0%| F|  |TAMS 0x000000008e900000, 0x000000008e900000| Untracked 
| 234|0x000000008ea00000, 0x000000008eb00000, 0x000000008eb00000|100%| S|CS|TAMS 0x000000008ea00000, 0x000000008ea00000| Complete 
| 235|0x000000008eb00000, 0x000000008ec00000, 0x000000008ec00000|100%| O|  |TAMS 0x000000008eb00000, 0x000000008eb00000| Untracked 
| 236|0x000000008ec00000, 0x000000008ed00000, 0x000000008ed00000|100%| O|  |TAMS 0x000000008ec00000, 0x000000008ec00000| Untracked 
| 237|0x000000008ed00000, 0x000000008ee00000, 0x000000008ee00000|100%| S|CS|TAMS 0x000000008ed00000, 0x000000008ed00000| Complete 
| 238|0x000000008ee00000, 0x000000008ef00000, 0x000000008ef00000|100%| O|  |TAMS 0x000000008ee00000, 0x000000008ee00000| Untracked 
| 239|0x000000008ef00000, 0x000000008f000000, 0x000000008f000000|100%| O|  |TAMS 0x000000008ef00000, 0x000000008ef00000| Untracked 

Card table byte_map: [0x0000023955320000,0x0000023955720000] _byte_map_base: 0x0000023954f20000

Marking Bits (Prev, Next): (CMBitMap*) 0x0000023941dfc210, (CMBitMap*) 0x0000023941dfc1d8
 Prev Bits: [0x0000023957b20000, 0x0000023959b20000)
 Next Bits: [0x0000023955b20000, 0x0000023957b20000)

Polling page: 0x0000023940770000

Metaspace:

Usage:
  Non-class:    112.92 MB capacity,   110.94 MB ( 98%) used,     1.62 MB (  1%) free+waste,   366.81 KB ( <1%) overhead. 
      Class:     16.90 MB capacity,    15.81 MB ( 94%) used,   955.74 KB (  6%) free+waste,   160.50 KB ( <1%) overhead. 
       Both:    129.81 MB capacity,   126.74 MB ( 98%) used,     2.56 MB (  2%) free+waste,   527.31 KB ( <1%) overhead. 

Virtual space:
  Non-class space:      114.00 MB reserved,     113.00 MB (>99%) committed 
      Class space:        1.00 GB reserved,      17.00 MB (  2%) committed 
             Both:        1.11 GB reserved,     130.00 MB ( 11%) committed 

Chunk freelists:
   Non-Class:  21.00 KB
       Class:  10.00 KB
        Both:  31.00 KB

MaxMetaspaceSize: 17179869184.00 GB
CompressedClassSpaceSize: 1.00 GB
Initial GC threshold: 20.80 MB
Current GC threshold: 216.67 MB
CDS: off

CodeHeap 'non-profiled nmethods': size=120064Kb used=9542Kb max_used=9542Kb free=110521Kb
 bounds [0x000002394d3b0000, 0x000002394dd10000, 0x00000239548f0000]
CodeHeap 'profiled nmethods': size=120000Kb used=36811Kb max_used=36811Kb free=83188Kb
 bounds [0x0000023945e80000, 0x0000023948280000, 0x000002394d3b0000]
CodeHeap 'non-nmethods': size=5696Kb used=2478Kb max_used=2531Kb free=3217Kb
 bounds [0x00000239458f0000, 0x0000023945b80000, 0x0000023945e80000]
 total_blobs=17179 nmethods=16163 adapters=928
 compilation: enabled
              stopped_count=0, restarted_count=0
 full_count=0

Compilation events (20 events):
Event: 195.253 Thread 0x000002395e043000 nmethod 16272 0x000002394dcff290 code [0x000002394dcff420, 0x000002394dcff4b8]
Event: 195.253 Thread 0x000002395e043000 16234       4       com.android.tools.r8.graph.i::hashCode (109 bytes)
Event: 195.255 Thread 0x000002395e043000 nmethod 16234 0x000002394dcff590 code [0x000002394dcff720, 0x000002394dcff7d8]
Event: 195.255 Thread 0x000002395e043000 16235       4       com.android.tools.r8.graph.s0::a (52 bytes)
Event: 195.257 Thread 0x000002395e043000 nmethod 16235 0x000002394dcff890 code [0x000002394dcffa40, 0x000002394dcffb08]
Event: 195.257 Thread 0x000002395e043000 16220       4       java.nio.HeapByteBuffer::getInt (25 bytes)
Event: 195.259 Thread 0x000002395e043000 nmethod 16220 0x000002394dcffc10 code [0x000002394dcffda0, 0x000002394dcffe78]
Event: 195.259 Thread 0x000002395e043000 16292       4       com.android.tools.r8.graph.a1::m0 (18 bytes)
Event: 195.266 Thread 0x000002395e043000 nmethod 16292 0x000002394dcfff90 code [0x000002394dd00120, 0x000002394dd002b8]
Event: 195.266 Thread 0x000002395e043000 16299       4       com.android.tools.r8.graph.N0::<init> (57 bytes)
Event: 195.270 Thread 0x000002395e043000 nmethod 16299 0x000002394dd00390 code [0x000002394dd00520, 0x000002394dd00718]
Event: 195.270 Thread 0x000002395e043000 16326       4       jdk.internal.util.ArraysSupport::mismatch (73 bytes)
Event: 195.275 Thread 0x000002395e043000 nmethod 16326 0x000002394dd00790 code [0x000002394dd00920, 0x000002394dd00af8]
Event: 195.276 Thread 0x000002395e043000 16327       4       java.util.Arrays::equals (43 bytes)
Event: 195.282 Thread 0x000002395e043000 nmethod 16327 0x000002394dd00c90 code [0x000002394dd00e20, 0x000002394dd00ff8]
Event: 195.282 Thread 0x000002395e043000 16328       4       com.android.tools.r8.graph.i::equals (22 bytes)
Event: 195.283 Thread 0x000002395e043000 nmethod 16328 0x000002394dd01190 code [0x000002394dd01320, 0x000002394dd013b8]
Event: 195.283 Thread 0x000002395e043000 16329       4       com.android.tools.r8.graph.a1::h (45 bytes)
Event: 195.285 Thread 0x000002395e043000 nmethod 16329 0x000002394dd01490 code [0x000002394dd01620, 0x000002394dd017b8]
Event: 195.293 Thread 0x000002395e043000 16330       4       com.android.tools.r8.internal.RC::a (290 bytes)

GC Heap History (20 events):
Event: 191.617 GC heap after
{Heap after GC invocations=70 (full 0):
 garbage-first heap   total 239616K, used 182544K [0x0000000080000000, 0x0000000100000000)
  region size 1024K, 1 young (1024K), 1 survivors (1024K)
 Metaspace       used 125709K, capacity 128749K, committed 128896K, reserved 1161216K
  class space    used 15641K, capacity 16752K, committed 16768K, reserved 1048576K
}
Event: 192.222 GC heap before
{Heap before GC invocations=70 (full 0):
 garbage-first heap   total 239616K, used 195856K [0x0000000080000000, 0x0000000100000000)
  region size 1024K, 16 young (16384K), 1 survivors (1024K)
 Metaspace       used 125971K, capacity 129130K, committed 129280K, reserved 1161216K
  class space    used 15666K, capacity 16790K, committed 16896K, reserved 1048576K
}
Event: 192.230 GC heap after
{Heap after GC invocations=71 (full 0):
 garbage-first heap   total 239616K, used 183173K [0x0000000080000000, 0x0000000100000000)
  region size 1024K, 2 young (2048K), 2 survivors (2048K)
 Metaspace       used 125971K, capacity 129130K, committed 129280K, reserved 1161216K
  class space    used 15666K, capacity 16790K, committed 16896K, reserved 1048576K
}
Event: 193.193 GC heap before
{Heap before GC invocations=72 (full 0):
 garbage-first heap   total 239616K, used 217989K [0x0000000080000000, 0x0000000100000000)
  region size 1024K, 26 young (26624K), 2 survivors (2048K)
 Metaspace       used 127311K, capacity 130442K, committed 130688K, reserved 1163264K
  class space    used 15850K, capacity 16966K, committed 17024K, reserved 1048576K
}
Event: 193.205 GC heap after
{Heap after GC invocations=73 (full 0):
 garbage-first heap   total 239616K, used 199415K [0x0000000080000000, 0x0000000100000000)
  region size 1024K, 4 young (4096K), 4 survivors (4096K)
 Metaspace       used 127311K, capacity 130442K, committed 130688K, reserved 1163264K
  class space    used 15850K, capacity 16966K, committed 17024K, reserved 1048576K
}
Event: 193.358 GC heap before
{Heap before GC invocations=73 (full 0):
 garbage-first heap   total 239616K, used 206583K [0x0000000080000000, 0x0000000100000000)
  region size 1024K, 11 young (11264K), 4 survivors (4096K)
 Metaspace       used 127529K, capacity 130609K, committed 130688K, reserved 1163264K
  class space    used 15882K, capacity 17000K, committed 17024K, reserved 1048576K
}
Event: 193.370 GC heap after
{Heap after GC invocations=74 (full 0):
 garbage-first heap   total 239616K, used 199179K [0x0000000080000000, 0x0000000100000000)
  region size 1024K, 1 young (1024K), 1 survivors (1024K)
 Metaspace       used 127529K, capacity 130609K, committed 130688K, reserved 1163264K
  class space    used 15882K, capacity 17000K, committed 17024K, reserved 1048576K
}
Event: 193.698 GC heap before
{Heap before GC invocations=74 (full 0):
 garbage-first heap   total 239616K, used 209419K [0x0000000080000000, 0x0000000100000000)
  region size 1024K, 12 young (12288K), 1 survivors (1024K)
 Metaspace       used 128548K, capacity 131634K, committed 131840K, reserved 1163264K
  class space    used 16006K, capacity 17143K, committed 17152K, reserved 1048576K
}
Event: 193.710 GC heap after
{Heap after GC invocations=75 (full 0):
 garbage-first heap   total 239616K, used 199897K [0x0000000080000000, 0x0000000100000000)
  region size 1024K, 2 young (2048K), 2 survivors (2048K)
 Metaspace       used 128548K, capacity 131634K, committed 131840K, reserved 1163264K
  class space    used 16006K, capacity 17143K, committed 17152K, reserved 1048576K
}
Event: 194.064 GC heap before
{Heap before GC invocations=75 (full 0):
 garbage-first heap   total 239616K, used 223449K [0x0000000080000000, 0x0000000100000000)
  region size 1024K, 12 young (12288K), 2 survivors (2048K)
 Metaspace       used 129362K, capacity 132533K, committed 132736K, reserved 1165312K
  class space    used 16121K, capacity 17253K, committed 17280K, reserved 1048576K
}
Event: 194.071 GC heap after
{Heap after GC invocations=76 (full 0):
 garbage-first heap   total 239616K, used 208161K [0x0000000080000000, 0x0000000100000000)
  region size 1024K, 2 young (2048K), 2 survivors (2048K)
 Metaspace       used 129362K, capacity 132533K, committed 132736K, reserved 1165312K
  class space    used 16121K, capacity 17253K, committed 17280K, reserved 1048576K
}
Event: 194.485 GC heap before
{Heap before GC invocations=77 (full 0):
 garbage-first heap   total 239616K, used 230689K [0x0000000080000000, 0x0000000100000000)
  region size 1024K, 11 young (11264K), 2 survivors (2048K)
 Metaspace       used 129680K, capacity 132855K, committed 133120K, reserved 1165312K
  class space    used 16174K, capacity 17299K, committed 17408K, reserved 1048576K
}
Event: 194.497 GC heap after
{Heap after GC invocations=78 (full 0):
 garbage-first heap   total 239616K, used 216423K [0x0000000080000000, 0x0000000100000000)
  region size 1024K, 2 young (2048K), 2 survivors (2048K)
 Metaspace       used 129680K, capacity 132855K, committed 133120K, reserved 1165312K
  class space    used 16174K, capacity 17299K, committed 17408K, reserved 1048576K
}
Event: 194.677 GC heap before
{Heap before GC invocations=78 (full 0):
 garbage-first heap   total 239616K, used 224615K [0x0000000080000000, 0x0000000100000000)
  region size 1024K, 11 young (11264K), 2 survivors (2048K)
 Metaspace       used 129703K, capacity 132856K, committed 133120K, reserved 1165312K
  class space    used 16176K, capacity 17299K, committed 17408K, reserved 1048576K
}
Event: 194.694 GC heap after
{Heap after GC invocations=79 (full 0):
 garbage-first heap   total 239616K, used 220374K [0x0000000080000000, 0x0000000100000000)
  region size 1024K, 2 young (2048K), 2 survivors (2048K)
 Metaspace       used 129703K, capacity 132856K, committed 133120K, reserved 1165312K
  class space    used 16176K, capacity 17299K, committed 17408K, reserved 1048576K
}
Event: 194.813 GC heap before
{Heap before GC invocations=79 (full 0):
 garbage-first heap   total 239616K, used 229590K [0x0000000080000000, 0x0000000100000000)
  region size 1024K, 11 young (11264K), 2 survivors (2048K)
 Metaspace       used 129732K, capacity 132920K, committed 133120K, reserved 1165312K
  class space    used 16178K, capacity 17299K, committed 17408K, reserved 1048576K
}
Event: 194.835 GC heap after
{Heap after GC invocations=80 (full 0):
 garbage-first heap   total 239616K, used 224534K [0x0000000080000000, 0x0000000100000000)
  region size 1024K, 2 young (2048K), 2 survivors (2048K)
 Metaspace       used 129732K, capacity 132920K, committed 133120K, reserved 1165312K
  class space    used 16178K, capacity 17299K, committed 17408K, reserved 1048576K
}
Event: 195.153 GC heap before
{Heap before GC invocations=80 (full 0):
 garbage-first heap   total 239616K, used 233750K [0x0000000080000000, 0x0000000100000000)
  region size 1024K, 11 young (11264K), 2 survivors (2048K)
 Metaspace       used 129784K, capacity 132929K, committed 133120K, reserved 1165312K
  class space    used 16185K, capacity 17302K, committed 17408K, reserved 1048576K
}
Event: 195.175 GC heap after
{Heap after GC invocations=81 (full 0):
 garbage-first heap   total 239616K, used 228134K [0x0000000080000000, 0x0000000100000000)
  region size 1024K, 2 young (2048K), 2 survivors (2048K)
 Metaspace       used 129784K, capacity 132929K, committed 133120K, reserved 1165312K
  class space    used 16185K, capacity 17302K, committed 17408K, reserved 1048576K
}
Event: 195.385 GC heap before
{Heap before GC invocations=81 (full 0):
 garbage-first heap   total 239616K, used 239398K [0x0000000080000000, 0x0000000100000000)
  region size 1024K, 11 young (11264K), 2 survivors (2048K)
 Metaspace       used 129784K, capacity 132929K, committed 133120K, reserved 1165312K
  class space    used 16185K, capacity 17302K, committed 17408K, reserved 1048576K
}

Deoptimization events (20 events):
Event: 193.649 Thread 0x0000023962784000 Uncommon trap: trap_request=0xffffffd6 fr.pc=0x000002394dc100a0 relative=0x0000000000000cc0
Event: 193.649 Thread 0x0000023962784000 Uncommon trap: reason=array_check action=maybe_recompile pc=0x000002394dc100a0 method=java.util.ComparableTimSort.binarySort([Ljava/lang/Object;III)V @ 183 c2
Event: 193.650 Thread 0x0000023962784000 DEOPT PACKING pc=0x000002394dc100a0 sp=0x000000fb62bf6f60
Event: 193.650 Thread 0x0000023962784000 DEOPT UNPACKING pc=0x000002394593a1af sp=0x000000fb62bf6f20 mode 2
Event: 194.040 Thread 0x0000023964184000 Uncommon trap: trap_request=0xffffff4d fr.pc=0x000002394d78c5dc relative=0x00000000000000bc
Event: 194.040 Thread 0x0000023964184000 Uncommon trap: reason=unstable_if action=reinterpret pc=0x000002394d78c5dc method=jdk.internal.misc.Unsafe.convEndian(ZS)S @ 4 c2
Event: 194.040 Thread 0x0000023964184000 DEOPT PACKING pc=0x000002394d78c5dc sp=0x000000fb631fd500
Event: 194.040 Thread 0x0000023964184000 DEOPT UNPACKING pc=0x000002394593a1af sp=0x000000fb631fd3c0 mode 2
Event: 194.848 Thread 0x0000023964184000 DEOPT PACKING pc=0x0000023946540b87 sp=0x000000fb631fd270
Event: 194.848 Thread 0x0000023964184000 DEOPT UNPACKING pc=0x000002394593a95e sp=0x000000fb631fc738 mode 0
Event: 195.321 Thread 0x0000023964184000 DEOPT PACKING pc=0x000002394823b50c sp=0x000000fb631fd020
Event: 195.321 Thread 0x0000023964184000 DEOPT UNPACKING pc=0x000002394593a95e sp=0x000000fb631fc568 mode 0
Event: 195.321 Thread 0x0000023964184000 DEOPT PACKING pc=0x000002394823b50c sp=0x000000fb631fd020
Event: 195.321 Thread 0x0000023964184000 DEOPT UNPACKING pc=0x000002394593a95e sp=0x000000fb631fc568 mode 0
Event: 195.322 Thread 0x0000023964184000 DEOPT PACKING pc=0x000002394823b50c sp=0x000000fb631fd020
Event: 195.322 Thread 0x0000023964184000 DEOPT UNPACKING pc=0x000002394593a95e sp=0x000000fb631fc568 mode 0
Event: 195.323 Thread 0x0000023964184000 DEOPT PACKING pc=0x000002394823b50c sp=0x000000fb631fcf20
Event: 195.323 Thread 0x0000023964184000 DEOPT UNPACKING pc=0x000002394593a95e sp=0x000000fb631fc468 mode 0
Event: 195.323 Thread 0x0000023964184000 DEOPT PACKING pc=0x000002394823b50c sp=0x000000fb631fd020
Event: 195.323 Thread 0x0000023964184000 DEOPT UNPACKING pc=0x000002394593a95e sp=0x000000fb631fc568 mode 0

Classes redefined (0 events):
No events

Internal exceptions (20 events):
Event: 192.737 Thread 0x0000023964184000 Exception <a 'sun/nio/fs/WindowsException'{0x000000008e230708}> (0x000000008e230708) thrown at [./src/hotspot/share/prims/jni.cpp, line 616]
Event: 193.050 Thread 0x0000023964184000 Exception <a 'java/lang/NoSuchMethodError'{0x000000008d7cfb58}: 'java.lang.Object java.lang.invoke.DirectMethodHandle$Holder.newInvokeSpecial(java.lang.Object, int)'> (0x000000008d7cfb58) thrown at [./src/hotspot/share/interpreter/linkResolver.cpp, line 773]
Event: 193.610 Thread 0x0000023962784000 Exception <a 'sun/nio/fs/WindowsException'{0x000000008e1824a0}> (0x000000008e1824a0) thrown at [./src/hotspot/share/prims/jni.cpp, line 616]
Event: 193.610 Thread 0x0000023962784000 Exception <a 'sun/nio/fs/WindowsException'{0x000000008e183610}> (0x000000008e183610) thrown at [./src/hotspot/share/prims/jni.cpp, line 616]
Event: 193.612 Thread 0x0000023962784000 Exception <a 'sun/nio/fs/WindowsException'{0x000000008e1839a8}> (0x000000008e1839a8) thrown at [./src/hotspot/share/prims/jni.cpp, line 616]
Event: 193.612 Thread 0x0000023962784000 Exception <a 'sun/nio/fs/WindowsException'{0x000000008e184af8}> (0x000000008e184af8) thrown at [./src/hotspot/share/prims/jni.cpp, line 616]
Event: 193.612 Thread 0x0000023962784000 Exception <a 'sun/nio/fs/WindowsException'{0x000000008e184e58}> (0x000000008e184e58) thrown at [./src/hotspot/share/prims/jni.cpp, line 616]
Event: 193.613 Thread 0x0000023962784000 Exception <a 'sun/nio/fs/WindowsException'{0x000000008e190850}> (0x000000008e190850) thrown at [./src/hotspot/share/prims/jni.cpp, line 616]
Event: 193.613 Thread 0x0000023962784000 Exception <a 'sun/nio/fs/WindowsException'{0x000000008e190b50}> (0x000000008e190b50) thrown at [./src/hotspot/share/prims/jni.cpp, line 616]
Event: 193.614 Thread 0x0000023962784000 Exception <a 'sun/nio/fs/WindowsException'{0x000000008e191c88}> (0x000000008e191c88) thrown at [./src/hotspot/share/prims/jni.cpp, line 616]
Event: 193.614 Thread 0x0000023962784000 Exception <a 'sun/nio/fs/WindowsException'{0x000000008e191f88}> (0x000000008e191f88) thrown at [./src/hotspot/share/prims/jni.cpp, line 616]
Event: 193.640 Thread 0x0000023962784000 Exception <a 'java/lang/NoSuchMethodError'{0x000000008e0cb128}: <clinit>> (0x000000008e0cb128) thrown at [./src/hotspot/share/prims/jni.cpp, line 1366]
Event: 193.652 Thread 0x0000023962784000 Exception <a 'java/lang/NoSuchMethodError'{0x000000008df618a8}: <clinit>> (0x000000008df618a8) thrown at [./src/hotspot/share/prims/jni.cpp, line 1366]
Event: 193.655 Thread 0x0000023962784000 Exception <a 'java/lang/NoSuchMethodError'{0x000000008df7fdb0}: <clinit>> (0x000000008df7fdb0) thrown at [./src/hotspot/share/prims/jni.cpp, line 1366]
Event: 194.027 Thread 0x0000023964184000 Exception <a 'java/lang/NoSuchMethodError'{0x000000008e6e58a8}: 'java.lang.Object java.lang.invoke.DirectMethodHandle$Holder.invokeStaticInit(java.lang.Object, java.lang.Object, java.lang.Object, java.lang.Object, java.lang.Object, java.lang.Object, java.lang.Object, java.lang.Object, java.lang.Object, java.lang.Object, java.lang.Object, java.lang.Object, java.lang.Object, java.lang.Object, java.lang.Object, java.lang.Object, java.lang.Object, java.lang.Object, int, java.lang.Object, java.lang.Object)'> (0
Event: 194.077 Thread 0x0000023964183000 Exception <a 'java/lang/NoSuchMethodError'{0x000000008e991b70}: 'void java.lang.invoke.DirectMethodHandle$Holder.invokeStatic(java.lang.Object, long)'> (0x000000008e991b70) thrown at [./src/hotspot/share/interpreter/linkResolver.cpp, line 773]
Event: 194.078 Thread 0x0000023964183000 Exception <a 'java/lang/NoSuchMethodError'{0x000000008e997270}: 'java.lang.Object java.lang.invoke.DirectMethodHandle$Holder.invokeStatic(java.lang.Object, long)'> (0x000000008e997270) thrown at [./src/hotspot/share/interpreter/linkResolver.cpp, line 773]
Event: 194.085 Thread 0x0000023964183000 Exception <a 'java/lang/NoSuchMethodError'{0x000000008e9a5fa8}: 'java.lang.Object java.lang.invoke.DirectMethodHandle$Holder.invokeStaticInit(java.lang.Object, java.lang.Object, long, java.lang.Object)'> (0x000000008e9a5fa8) thrown at [./src/hotspot/share/interpreter/linkResolver.cpp, line 773]
Event: 194.087 Thread 0x0000023964183000 Exception <a 'java/lang/NoSuchMethodError'{0x000000008e9ac660}: 'java.lang.Object java.lang.invoke.DirectMethodHandle$Holder.invokeStatic(java.lang.Object, java.lang.Object, long)'> (0x000000008e9ac660) thrown at [./src/hotspot/share/interpreter/linkResolver.cpp, line 773]
Event: 194.088 Thread 0x0000023964183000 Exception <a 'java/lang/NoSuchMethodError'{0x000000008e9b2e28}: 'java.lang.Object java.lang.invoke.Invokers$Holder.linkToTargetMethod(java.lang.Object, long, java.lang.Object)'> (0x000000008e9b2e28) thrown at [./src/hotspot/share/interpreter/linkResolver.cpp, line 773]

Events (20 events):
Event: 194.945 loading class com/google/common/collect/Iterables$4 done
Event: 194.946 loading class com/google/common/collect/FluentIterable
Event: 194.946 loading class com/google/common/collect/FluentIterable done
Event: 194.949 loading class com/google/common/collect/FluentIterable$2
Event: 194.949 loading class com/google/common/collect/FluentIterable$2 done
Event: 194.950 loading class com/google/common/collect/FluentIterable$1
Event: 194.950 loading class com/google/common/collect/FluentIterable$1 done
Event: 194.952 loading class com/google/common/collect/FluentIterable$3
Event: 194.952 loading class com/google/common/collect/FluentIterable$3 done
Event: 194.953 loading class com/google/common/base/Absent
Event: 194.953 loading class com/google/common/base/Absent done
Event: 194.955 loading class com/google/common/collect/AbstractIterator$State
Event: 194.955 loading class com/google/common/collect/AbstractIterator$State done
Event: 194.956 loading class com/google/common/collect/AbstractIterator$1
Event: 194.956 loading class com/google/common/collect/AbstractIterator$1 done
Event: 195.152 Executing VM operation: G1CollectForAllocation
Event: 195.175 Executing VM operation: G1CollectForAllocation done
Event: 195.340 Executing VM operation: CGC_Operation
Event: 195.371 Executing VM operation: CGC_Operation done
Event: 195.385 Executing VM operation: G1CollectForAllocation


Dynamic libraries:
0x00007ff6bfb80000 - 0x00007ff6bfb8a000 	C:\Program Files\Android\Android Studio\jre\bin\java.exe
0x00007ffbf7470000 - 0x00007ffbf7668000 	C:\WINDOWS\SYSTEM32\ntdll.dll
0x00007ffbf7370000 - 0x00007ffbf742f000 	C:\WINDOWS\System32\KERNEL32.DLL
0x00007ffbf4ce0000 - 0x00007ffbf4fb2000 	C:\WINDOWS\System32\KERNELBASE.dll
0x00007ffbf5320000 - 0x00007ffbf5420000 	C:\WINDOWS\System32\ucrtbase.dll
0x00007ffbed430000 - 0x00007ffbed449000 	C:\Program Files\Android\Android Studio\jre\bin\jli.dll
0x00007ffbedf50000 - 0x00007ffbedf67000 	C:\Program Files\Android\Android Studio\jre\bin\VCRUNTIME140.dll
0x00007ffbf54b0000 - 0x00007ffbf5651000 	C:\WINDOWS\System32\USER32.dll
0x00007ffbe6460000 - 0x00007ffbe66fa000 	C:\WINDOWS\WinSxS\amd64_microsoft.windows.common-controls_6595b64144ccf1df_6.0.19041.1110_none_60b5254171f9507e\COMCTL32.dll
0x00007ffbf4cb0000 - 0x00007ffbf4cd2000 	C:\WINDOWS\System32\win32u.dll
0x00007ffbf6650000 - 0x00007ffbf66ee000 	C:\WINDOWS\System32\msvcrt.dll
0x00007ffbf7290000 - 0x00007ffbf72bb000 	C:\WINDOWS\System32\GDI32.dll
0x00007ffbf4fc0000 - 0x00007ffbf50cf000 	C:\WINDOWS\System32\gdi32full.dll
0x00007ffbf50d0000 - 0x00007ffbf516d000 	C:\WINDOWS\System32\msvcp_win.dll
0x00007ffbf7250000 - 0x00007ffbf7282000 	C:\WINDOWS\System32\IMM32.DLL
0x00007ffbeda40000 - 0x00007ffbedadd000 	C:\Program Files\Android\Android Studio\jre\bin\msvcp140.dll
0x00007ffbcfa30000 - 0x00007ffbd0532000 	C:\Program Files\Android\Android Studio\jre\bin\server\jvm.dll
0x00007ffbf65a0000 - 0x00007ffbf664e000 	C:\WINDOWS\System32\ADVAPI32.dll
0x00007ffbf72c0000 - 0x00007ffbf735c000 	C:\WINDOWS\System32\sechost.dll
0x00007ffbf6a80000 - 0x00007ffbf6ba5000 	C:\WINDOWS\System32\RPCRT4.dll
0x00007ffbf7360000 - 0x00007ffbf7368000 	C:\WINDOWS\System32\PSAPI.DLL
0x00007ffbeec60000 - 0x00007ffbeec69000 	C:\WINDOWS\SYSTEM32\WSOCK32.dll
0x00007ffbf6890000 - 0x00007ffbf68fb000 	C:\WINDOWS\System32\WS2_32.dll
0x00007ffbec730000 - 0x00007ffbec73a000 	C:\WINDOWS\SYSTEM32\VERSION.dll
0x00007ffbec700000 - 0x00007ffbec727000 	C:\WINDOWS\SYSTEM32\WINMM.dll
0x00007ffbf2a20000 - 0x00007ffbf2a32000 	C:\WINDOWS\SYSTEM32\kernel.appcore.dll
0x00007ffbedf30000 - 0x00007ffbedf41000 	C:\Program Files\Android\Android Studio\jre\bin\verify.dll
0x00007ffbdf6e0000 - 0x00007ffbdf8c4000 	C:\WINDOWS\SYSTEM32\DBGHELP.DLL
0x00007ffbdf6a0000 - 0x00007ffbdf6d5000 	C:\WINDOWS\SYSTEM32\dbgcore.DLL
0x00007ffbf5420000 - 0x00007ffbf54a2000 	C:\WINDOWS\System32\bcryptPrimitives.dll
0x00007ffbedc90000 - 0x00007ffbedcb9000 	C:\Program Files\Android\Android Studio\jre\bin\java.dll
0x00007ffbedf20000 - 0x00007ffbedf2b000 	C:\Program Files\Android\Android Studio\jre\bin\jimage.dll
0x00007ffbedb30000 - 0x00007ffbedb48000 	C:\Program Files\Android\Android Studio\jre\bin\zip.dll
0x00007ffbf5e50000 - 0x00007ffbf6594000 	C:\WINDOWS\System32\SHELL32.dll
0x00007ffbf2c20000 - 0x00007ffbf33b2000 	C:\WINDOWS\SYSTEM32\windows.storage.dll
0x00007ffbf6d40000 - 0x00007ffbf7095000 	C:\WINDOWS\System32\combase.dll
0x00007ffbf44e0000 - 0x00007ffbf4510000 	C:\WINDOWS\SYSTEM32\Wldp.dll
0x00007ffbf5c60000 - 0x00007ffbf5d0d000 	C:\WINDOWS\System32\SHCORE.dll
0x00007ffbf6a20000 - 0x00007ffbf6a75000 	C:\WINDOWS\System32\shlwapi.dll
0x00007ffbf4aa0000 - 0x00007ffbf4abf000 	C:\WINDOWS\SYSTEM32\profapi.dll
0x00007ffbedb10000 - 0x00007ffbedb2a000 	C:\Program Files\Android\Android Studio\jre\bin\net.dll
0x00007ffbeaf80000 - 0x00007ffbeb08c000 	C:\WINDOWS\SYSTEM32\WINHTTP.dll
0x00007ffbf4240000 - 0x00007ffbf42aa000 	C:\WINDOWS\system32\mswsock.dll
0x00007ffbedaf0000 - 0x00007ffbedb04000 	C:\Program Files\Android\Android Studio\jre\bin\nio.dll
0x00007ffbe6700000 - 0x00007ffbe6727000 	C:\Users\acer\.gradle\native\e1d6ef7f7dcc3fd88c89a11ec53ec762bb8ba0a96d01ffa2cd45eb1d1d8dd5c5\windows-amd64\native-platform.dll
0x00007ffbb1560000 - 0x00007ffbb16a4000 	C:\Users\acer\.gradle\native\0d407fdbe67a94daf76414ababcb853783967236a71b16ec16e742cd7a986fd3\windows-amd64\native-platform-file-events.dll
0x00007ffbedf10000 - 0x00007ffbedf1a000 	C:\Program Files\Android\Android Studio\jre\bin\management.dll
0x00007ffbedae0000 - 0x00007ffbedaed000 	C:\Program Files\Android\Android Studio\jre\bin\management_ext.dll
0x00007ffbf4430000 - 0x00007ffbf4448000 	C:\WINDOWS\SYSTEM32\CRYPTSP.dll
0x00007ffbf3b60000 - 0x00007ffbf3b94000 	C:\WINDOWS\system32\rsaenh.dll
0x00007ffbf4b60000 - 0x00007ffbf4b87000 	C:\WINDOWS\System32\bcrypt.dll
0x00007ffbf4a20000 - 0x00007ffbf4a4e000 	C:\WINDOWS\SYSTEM32\USERENV.dll
0x00007ffbf4450000 - 0x00007ffbf445c000 	C:\WINDOWS\SYSTEM32\CRYPTBASE.dll
0x00007ffbf3f30000 - 0x00007ffbf3f6b000 	C:\WINDOWS\SYSTEM32\IPHLPAPI.DLL
0x00007ffbf66f0000 - 0x00007ffbf66f8000 	C:\WINDOWS\System32\NSI.dll
0x00007ffbec150000 - 0x00007ffbec167000 	C:\WINDOWS\SYSTEM32\dhcpcsvc6.DLL
0x00007ffbec740000 - 0x00007ffbec75d000 	C:\WINDOWS\SYSTEM32\dhcpcsvc.DLL
0x00007ffbf3f70000 - 0x00007ffbf403a000 	C:\WINDOWS\SYSTEM32\DNSAPI.dll
0x00007ffbed7a0000 - 0x00007ffbed7c7000 	C:\Program Files\Android\Android Studio\jre\bin\sunec.dll
0x00007ffbe3aa0000 - 0x00007ffbe3aaa000 	C:\Windows\System32\rasadhlp.dll

dbghelp: loaded successfully - version: 4.0.5 - missing functions: none
symbol engine: initialized successfully - sym options: 0x614 - pdb path: .;C:\Program Files\Android\Android Studio\jre\bin;C:\WINDOWS\SYSTEM32;C:\WINDOWS\WinSxS\amd64_microsoft.windows.common-controls_6595b64144ccf1df_6.0.19041.1110_none_60b5254171f9507e;C:\Program Files\Android\Android Studio\jre\bin\server;C:\Users\acer\.gradle\native\e1d6ef7f7dcc3fd88c89a11ec53ec762bb8ba0a96d01ffa2cd45eb1d1d8dd5c5\windows-amd64;C:\Users\acer\.gradle\native\0d407fdbe67a94daf76414ababcb853783967236a71b16ec16e742cd7a986fd3\windows-amd64

VM Arguments:
jvm_args: --add-opens=java.base/java.util=ALL-UNNAMED --add-opens=java.base/java.lang=ALL-UNNAMED --add-opens=java.base/java.lang.invoke=ALL-UNNAMED --add-opens=java.base/java.util=ALL-UNNAMED --add-opens=java.prefs/java.util.prefs=ALL-UNNAMED --add-opens=java.prefs/java.util.prefs=ALL-UNNAMED --add-opens=java.base/java.nio.charset=ALL-UNNAMED --add-opens=java.base/java.net=ALL-UNNAMED --add-opens=java.base/java.util.concurrent.atomic=ALL-UNNAMED -Xmx2048m -Dfile.encoding=UTF-8 -Duser.country=IN -Duser.language=en -Duser.variant 
java_command: org.gradle.launcher.daemon.bootstrap.GradleDaemon 7.4
java_class_path (initial): C:\Users\acer\.gradle\wrapper\dists\gradle-7.4-bin\c0gwcg53nkjbqw7r0h0umtfvt\gradle-7.4\lib\gradle-launcher-7.4.jar
Launcher Type: SUN_STANDARD

[Global flags]
     intx CICompilerCount                          = 3                                         {product} {ergonomic}
     uint ConcGCThreads                            = 1                                         {product} {ergonomic}
     uint G1ConcRefinementThreads                  = 4                                         {product} {ergonomic}
   size_t G1HeapRegionSize                         = 1048576                                   {product} {ergonomic}
    uintx GCDrainStackTargetSize                   = 64                                        {product} {ergonomic}
   size_t InitialHeapSize                          = 117440512                                 {product} {ergonomic}
   size_t MarkStackSize                            = 4194304                                   {product} {ergonomic}
   size_t MaxHeapSize                              = 2147483648                                {product} {command line}
   size_t MaxNewSize                               = 1287651328                                {product} {ergonomic}
   size_t MinHeapDeltaBytes                        = 1048576                                   {product} {ergonomic}
    uintx NonNMethodCodeHeapSize                   = 5830732                                {pd product} {ergonomic}
    uintx NonProfiledCodeHeapSize                  = 122913754                              {pd product} {ergonomic}
    uintx ProfiledCodeHeapSize                     = 122913754                              {pd product} {ergonomic}
    uintx ReservedCodeCacheSize                    = 251658240                              {pd product} {ergonomic}
     bool SegmentedCodeCache                       = true                                      {product} {ergonomic}
     bool UseCompressedClassPointers               = true                                 {lp64_product} {ergonomic}
     bool UseCompressedOops                        = true                                 {lp64_product} {ergonomic}
     bool UseG1GC                                  = true                                      {product} {ergonomic}
     bool UseLargePagesIndividualAllocation        = false                                  {pd product} {ergonomic}

Logging:
Log output configuration:
 #0: stdout all=warning uptime,level,tags
 #1: stderr all=off uptime,level,tags

Environment Variables:
JAVA_HOME=C:\Program Files\Java\jdk-18.0.2
PATH=C:\Program Files\Common Files\Oracle\Java\javapath;C:\WINDOWS\system32;C:\WINDOWS;C:\WINDOWS\System32\Wbem;C:\WINDOWS\System32\WindowsPowerShell\v1.0\;C:\WINDOWS\System32\OpenSSH\;C:\Program Files\nodejs;C:\Program Files\dotnet\;C:\Program Files\nodejs\;C:\Users\acer\AppData\Local\Android\Sdk\platform-tools;C:\Users\acer\AppData\Local\Android\Sdk;C:\ProgramData\chocolatey\bin;C:\Program Files\Git\cmd;C:\Users\acer\AppData\Local\Microsoft\WindowsApps;C:\Program Files\JetBrains\PyCharm Community Edition 2021.2.2\bin;;C:\Program Files\nodejs;C:\Program Files\JetBrains\IntelliJ IDEA Community Edition 2022.2.1\bin;;C:\Users\acer\AppData\Roaming\npm;C:\Users\acer\AppData\Local\Programs\Microsoft VS Code\bin;C:\Users\acer\AppData\Local\Android\Sdk\platform-tools;
USERNAME=shergill
OS=Windows_NT
PROCESSOR_IDENTIFIER=AMD64 Family 22 Model 48 Stepping 1, AuthenticAMD



---------------  S Y S T E M  ---------------

OS: Windows 10 , 64 bit Build 19041 (10.0.19041.2251)
OS uptime: 0 days 12:16 hours

CPU:total 4 (initial active 4) (4 cores per cpu, 1 threads per core) family 22 model 48 stepping 1 microcode 0x0, cmov, cx8, fxsr, mmx, sse, sse2, sse3, ssse3, sse4.1, sse4.2, popcnt, avx, aes, clmul, mmxext, 3dnowpref, lzcnt, sse4a, tsc, tscinvbit, tscinv, bmi1

Memory: 4k page, system-wide physical 7094M (1131M free)
TotalPageFile size 8476M (AvailPageFile size 9M)
current process WorkingSet (physical memory assigned to process): 577M, peak: 577M
current process commit charge ("private bytes"): 607M, peak: 665M

vm_info: OpenJDK 64-Bit Server VM (11.0.13+0-b1751.21-8125866) for windows-amd64 JRE (11.0.13+0-b1751.21-8125866), built on Feb  2 2022 03:00:22 by "builder" with MS VC++ 14.0 (VS2015)

END.
