#
# There is insufficient memory for the Java Runtime Environment to continue.
# Native memory allocation (mmap) failed to map 44040192 bytes for Failed to commit area from 0x000000008d200000 to 0x000000008fc00000 of length 44040192.
# Possible reasons:
#   The system is out of physical RAM or swap space
#   The process is running with CompressedOops enabled, and the Java Heap may be blocking the growth of the native heap
# Possible solutions:
#   Reduce memory load on the system
#   Increase physical memory or swap space
#   Check if swap backing store is full
#   Decrease Java heap size (-Xmx/-Xms)
#   Decrease number of Java threads
#   Decrease Java thread stack sizes (-Xss)
#   Set larger code cache with -XX:ReservedCodeCacheSize=
#   JVM is running with Unscaled Compressed Oops mode in which the Java heap is
#     placed in the first 4GB address space. The Java Heap base address is the
#     maximum limit for the native heap growth. Please use -XX:HeapBaseMinAddress
#     to set the Java Heap base and to place the Java Heap above 4GB virtual address.
# This output file may be truncated or incomplete.
#
#  Out of Memory Error (./src/hotspot/os/windows/os_windows.cpp:3619), pid=10760, tid=6736
#
# JRE version: OpenJDK Runtime Environment (11.0.13) (build 11.0.13+0-b1751.21-8125866)
# Java VM: OpenJDK 64-Bit Server VM (11.0.13+0-b1751.21-8125866, mixed mode, tiered, compressed oops, g1 gc, windows-amd64)
# No core dump will be written. Minidumps are not enabled by default on client versions of Windows
#

---------------  S U M M A R Y ------------

Command Line: --add-opens=java.base/java.util=ALL-UNNAMED --add-opens=java.base/java.lang=ALL-UNNAMED --add-opens=java.base/java.lang.invoke=ALL-UNNAMED --add-opens=java.base/java.util=ALL-UNNAMED --add-opens=java.prefs/java.util.prefs=ALL-UNNAMED --add-opens=java.prefs/java.util.prefs=ALL-UNNAMED --add-opens=java.base/java.nio.charset=ALL-UNNAMED --add-opens=java.base/java.net=ALL-UNNAMED --add-opens=java.base/java.util.concurrent.atomic=ALL-UNNAMED -Xmx2048m -Dfile.encoding=UTF-8 -Duser.country=IN -Duser.language=en -Duser.variant org.gradle.launcher.daemon.bootstrap.GradleDaemon 7.4

Host: AMD A6-7310 APU with AMD Radeon R4 Graphics    , 4 cores, 6G,  Windows 10 , 64 bit Build 19041 (10.0.19041.2251)
Time: Thu Dec 29 09:41:06 2022 India Standard Time elapsed time: 50.991604 seconds (0d 0h 0m 50s)

---------------  T H R E A D  ---------------

Current thread (0x000002645e347000):  VMThread "VM Thread" [stack: 0x000000b9a6800000,0x000000b9a6900000] [id=6736]

Stack: [0x000000b9a6800000,0x000000b9a6900000]
[error occurred during error reporting (printing stack bounds), id 0xc0000005, EXCEPTION_ACCESS_VIOLATION (0xc0000005) at pc=0x000002644828112d]

Native frames: (J=compiled Java code, j=interpreted, Vv=VM code, C=native code)
V  [jvm.dll+0x6100fa]
V  [jvm.dll+0x747090]
V  [jvm.dll+0x7486ad]
V  [jvm.dll+0x748ce5]
V  [jvm.dll+0x748c9b]
V  [jvm.dll+0x60f224]
V  [jvm.dll+0x60f9b8]
C  [ntdll.dll+0xa241f]
C  [ntdll.dll+0x514a4]
C  [ntdll.dll+0xa0f4e]
C  0x000002644828112d

VM_Operation (0x000000b9acffe690): G1CollectForAllocation, mode: safepoint, requested by thread 0x0000026466d90000


---------------  P R O C E S S  ---------------

Threads class SMR info:
_java_thread_list=0x0000026466178e70, length=98, elements={
0x000002644475e000, 0x000002645e34b000, 0x000002645e34e800, 0x000002645e366000,
0x000002645e367000, 0x000002645e369800, 0x000002645e36c000, 0x000002645e38f000,
0x000002645ed26000, 0x000002645ee11800, 0x0000026461406800, 0x000002646146f800,
0x0000026461300800, 0x00000264600d0800, 0x0000026460dd3000, 0x0000026460c54800,
0x00000264606b1800, 0x0000026460fee000, 0x000002646227b800, 0x000002645ed0b000,
0x000002645ecff800, 0x000002645ecfc000, 0x000002645ed00800, 0x000002645ed03000,
0x000002645ed01000, 0x000002645ed02000, 0x000002645ecfd000, 0x000002645ecfe000,
0x000002645ecfe800, 0x0000026462071800, 0x0000026462071000, 0x0000026462072800,
0x0000026462073800, 0x000002646206d800, 0x0000026462074000, 0x000002646206e800,
0x0000026462075000, 0x000002646206f000, 0x0000026462077800, 0x0000026462078000,
0x0000026462076800, 0x0000026462075800, 0x000002646207b800, 0x0000026462079000,
0x000002646207a000, 0x000002646207a800, 0x000002646207c800, 0x0000026464c69800,
0x0000026464c69000, 0x0000026464c64800, 0x0000026464c67000, 0x0000026464c68000,
0x0000026464c6a800, 0x0000026464c6b800, 0x0000026464c65800, 0x0000026464c6c000,
0x0000026464c66800, 0x0000026464c71000, 0x0000026464c72000, 0x0000026464c72800,
0x0000026464c70000, 0x0000026464c6d800, 0x0000026464c6e800, 0x0000026464c6f800,
0x0000026464c6d000, 0x0000026464c73800, 0x0000026464cab000, 0x0000026464cac000,
0x0000026464ca9800, 0x0000026464cad000, 0x0000026464caf000, 0x0000026464cae800,
0x0000026464cb0000, 0x0000026464caa800, 0x0000026464cb1000, 0x0000026464cb1800,
0x0000026464cb2800, 0x0000026464cb3800, 0x0000026464cb7800, 0x0000026464cb8000,
0x0000026464cb4000, 0x0000026464cb5000, 0x0000026464cb5800, 0x0000026464cb6800,
0x0000026466d87000, 0x0000026466d86000, 0x0000026460545000, 0x0000026466d84800,
0x0000026466d88800, 0x0000026466d82800, 0x0000026466d89000, 0x0000026466d83800,
0x0000026466d8a000, 0x0000026466d8b000, 0x0000026466d87800, 0x0000026466d85000,
0x0000026466d8c800, 0x0000026466d90000
}

Java Threads: ( => current thread )
  0x000002644475e000 JavaThread "main" [_thread_blocked, id=2028, stack(0x000000b9a6200000,0x000000b9a6300000)]
  0x000002645e34b000 JavaThread "Reference Handler" daemon [_thread_blocked, id=3020, stack(0x000000b9a6900000,0x000000b9a6a00000)]
  0x000002645e34e800 JavaThread "Finalizer" daemon [_thread_blocked, id=7832, stack(0x000000b9a6a00000,0x000000b9a6b00000)]
  0x000002645e366000 JavaThread "Signal Dispatcher" daemon [_thread_blocked, id=9456, stack(0x000000b9a6b00000,0x000000b9a6c00000)]
  0x000002645e367000 JavaThread "Attach Listener" daemon [_thread_blocked, id=8964, stack(0x000000b9a6c00000,0x000000b9a6d00000)]
  0x000002645e369800 JavaThread "Service Thread" daemon [_thread_blocked, id=404, stack(0x000000b9a6d00000,0x000000b9a6e00000)]
  0x000002645e36c000 JavaThread "C2 CompilerThread0" daemon [_thread_in_native, id=2328, stack(0x000000b9a6e00000,0x000000b9a6f00000)]
  0x000002645e38f000 JavaThread "C1 CompilerThread0" daemon [_thread_blocked, id=3304, stack(0x000000b9a6f00000,0x000000b9a7000000)]
  0x000002645ed26000 JavaThread "Sweeper thread" daemon [_thread_blocked, id=11232, stack(0x000000b9a7000000,0x000000b9a7100000)]
  0x000002645ee11800 JavaThread "Common-Cleaner" daemon [_thread_blocked, id=2684, stack(0x000000b9a7100000,0x000000b9a7200000)]
  0x0000026461406800 JavaThread "Daemon health stats" [_thread_blocked, id=1448, stack(0x000000b9a7500000,0x000000b9a7600000)]
  0x000002646146f800 JavaThread "Incoming local TCP Connector on port 51469" [_thread_in_native, id=10664, stack(0x000000b9a7300000,0x000000b9a7400000)]
  0x0000026461300800 JavaThread "Daemon periodic checks" [_thread_blocked, id=6336, stack(0x000000b9a7800000,0x000000b9a7900000)]
  0x00000264600d0800 JavaThread "Daemon" [_thread_blocked, id=11144, stack(0x000000b9a7a00000,0x000000b9a7b00000)]
  0x0000026460dd3000 JavaThread "Handler for socket connection from /127.0.0.1:51469 to /127.0.0.1:51471" [_thread_in_native, id=4164, stack(0x000000b9a7b00000,0x000000b9a7c00000)]
  0x0000026460c54800 JavaThread "Cancel handler" [_thread_blocked, id=10460, stack(0x000000b9a7c00000,0x000000b9a7d00000)]
  0x00000264606b1800 JavaThread "Daemon worker" [_thread_blocked, id=7704, stack(0x000000b9a7d00000,0x000000b9a7e00000)]
  0x0000026460fee000 JavaThread "Asynchronous log dispatcher for DefaultDaemonConnection: socket connection from /127.0.0.1:51469 to /127.0.0.1:51471" [_thread_blocked, id=9272, stack(0x000000b9a7e00000,0x000000b9a7f00000)]
  0x000002646227b800 JavaThread "Stdin handler" [_thread_blocked, id=6032, stack(0x000000b9a7f00000,0x000000b9a8000000)]
  0x000002645ed0b000 JavaThread "Daemon client event forwarder" [_thread_blocked, id=10688, stack(0x000000b9a8000000,0x000000b9a8100000)]
  0x000002645ecff800 JavaThread "Cache worker for journal cache (C:\Users\acer\.gradle\caches\journal-1)" [_thread_blocked, id=3052, stack(0x000000b9a7900000,0x000000b9a7a00000)]
  0x000002645ecfc000 JavaThread "File lock request listener" [_thread_in_native, id=10440, stack(0x000000b9a8100000,0x000000b9a8200000)]
  0x000002645ed00800 JavaThread "Cache worker for file hash cache (C:\Users\acer\.gradle\caches\7.4\fileHashes)" [_thread_blocked, id=3096, stack(0x000000b9a8300000,0x000000b9a8400000)]
  0x000002645ed03000 JavaThread "File watcher server" daemon [_thread_blocked, id=1624, stack(0x000000b9a8400000,0x000000b9a8500000)]
  0x000002645ed01000 JavaThread "File watcher consumer" daemon [_thread_blocked, id=5528, stack(0x000000b9a8500000,0x000000b9a8600000)]
  0x000002645ed02000 JavaThread "Cache worker for checksums cache (C:\Users\acer\AndroidStudioProjects\CoroutineScope\.gradle\7.4\checksums)" [_thread_blocked, id=3652, stack(0x000000b9a8600000,0x000000b9a8700000)]
  0x000002645ecfd000 JavaThread "Cache worker for cache directory md-rule (C:\Users\acer\.gradle\caches\7.4\md-rule)" [_thread_blocked, id=2716, stack(0x000000b9a8700000,0x000000b9a8800000)]
  0x000002645ecfe000 JavaThread "Cache worker for file hash cache (C:\Users\acer\AndroidStudioProjects\CoroutineScope\.gradle\7.4\fileHashes)" [_thread_blocked, id=9596, stack(0x000000b9a8800000,0x000000b9a8900000)]
  0x000002645ecfe800 JavaThread "Cache worker for cache directory md-supplier (C:\Users\acer\.gradle\caches\7.4\md-supplier)" [_thread_blocked, id=7408, stack(0x000000b9a8900000,0x000000b9a8a00000)]
  0x0000026462071800 JavaThread "Cache worker for execution history cache (C:\Users\acer\.gradle\caches\7.4\executionHistory)" [_thread_blocked, id=324, stack(0x000000b9a8a00000,0x000000b9a8b00000)]
  0x0000026462071000 JavaThread "jar transforms" [_thread_blocked, id=4628, stack(0x000000b9a8b00000,0x000000b9a8c00000)]
  0x0000026462072800 JavaThread "Cache worker for file content cache (C:\Users\acer\.gradle\caches\7.4\fileContent)" [_thread_blocked, id=10416, stack(0x000000b9a8c00000,0x000000b9a8d00000)]
  0x0000026462073800 JavaThread "jar transforms Thread 2" [_thread_blocked, id=5588, stack(0x000000b9a8d00000,0x000000b9a8e00000)]
  0x000002646206d800 JavaThread "Cache worker for dependencies-accessors (C:\Users\acer\AndroidStudioProjects\CoroutineScope\.gradle\7.4\dependencies-accessors)" [_thread_blocked, id=10936, stack(0x000000b9a8e00000,0x000000b9a8f00000)]
  0x0000026462074000 JavaThread "jar transforms Thread 3" [_thread_blocked, id=9124, stack(0x000000b9a8f00000,0x000000b9a9000000)]
  0x000002646206e800 JavaThread "Cache worker for Build Output Cleanup Cache (C:\Users\acer\AndroidStudioProjects\CoroutineScope\.gradle\buildOutputCleanup)" [_thread_blocked, id=5692, stack(0x000000b9a9000000,0x000000b9a9100000)]
  0x0000026462075000 JavaThread "Unconstrained build operations" [_thread_blocked, id=6256, stack(0x000000b9a9100000,0x000000b9a9200000)]
  0x000002646206f000 JavaThread "Unconstrained build operations Thread 2" [_thread_blocked, id=6832, stack(0x000000b9a9200000,0x000000b9a9300000)]
  0x0000026462077800 JavaThread "Unconstrained build operations Thread 3" [_thread_blocked, id=8084, stack(0x000000b9a9300000,0x000000b9a9400000)]
  0x0000026462078000 JavaThread "Unconstrained build operations Thread 4" [_thread_blocked, id=6200, stack(0x000000b9a9400000,0x000000b9a9500000)]
  0x0000026462076800 JavaThread "Unconstrained build operations Thread 5" [_thread_blocked, id=3576, stack(0x000000b9a9500000,0x000000b9a9600000)]
  0x0000026462075800 JavaThread "Unconstrained build operations Thread 6" [_thread_blocked, id=2432, stack(0x000000b9a9600000,0x000000b9a9700000)]
  0x000002646207b800 JavaThread "Unconstrained build operations Thread 7" [_thread_blocked, id=9000, stack(0x000000b9a9700000,0x000000b9a9800000)]
  0x0000026462079000 JavaThread "Unconstrained build operations Thread 8" [_thread_blocked, id=3424, stack(0x000000b9a9800000,0x000000b9a9900000)]
  0x000002646207a000 JavaThread "Unconstrained build operations Thread 9" [_thread_blocked, id=9716, stack(0x000000b9a9900000,0x000000b9a9a00000)]
  0x000002646207a800 JavaThread "Unconstrained build operations Thread 10" [_thread_blocked, id=9160, stack(0x000000b9a9a00000,0x000000b9a9b00000)]
  0x000002646207c800 JavaThread "Unconstrained build operations Thread 11" [_thread_blocked, id=10904, stack(0x000000b9a9b00000,0x000000b9a9c00000)]
  0x0000026464c69800 JavaThread "Unconstrained build operations Thread 12" [_thread_blocked, id=9856, stack(0x000000b9a9c00000,0x000000b9a9d00000)]
  0x0000026464c69000 JavaThread "Unconstrained build operations Thread 13" [_thread_blocked, id=9560, stack(0x000000b9a9d00000,0x000000b9a9e00000)]
  0x0000026464c64800 JavaThread "Unconstrained build operations Thread 14" [_thread_blocked, id=8252, stack(0x000000b9a9e00000,0x000000b9a9f00000)]
  0x0000026464c67000 JavaThread "Unconstrained build operations Thread 15" [_thread_blocked, id=4732, stack(0x000000b9a9f00000,0x000000b9aa000000)]
  0x0000026464c68000 JavaThread "Unconstrained build operations Thread 16" [_thread_blocked, id=4648, stack(0x000000b9aa000000,0x000000b9aa100000)]
  0x0000026464c6a800 JavaThread "Unconstrained build operations Thread 17" [_thread_blocked, id=4660, stack(0x000000b9aa100000,0x000000b9aa200000)]
  0x0000026464c6b800 JavaThread "Unconstrained build operations Thread 18" [_thread_blocked, id=10560, stack(0x000000b9aa200000,0x000000b9aa300000)]
  0x0000026464c65800 JavaThread "Unconstrained build operations Thread 19" [_thread_blocked, id=2948, stack(0x000000b9aa300000,0x000000b9aa400000)]
  0x0000026464c6c000 JavaThread "Unconstrained build operations Thread 20" [_thread_blocked, id=7064, stack(0x000000b9aa400000,0x000000b9aa500000)]
  0x0000026464c66800 JavaThread "Unconstrained build operations Thread 21" [_thread_blocked, id=10768, stack(0x000000b9aa500000,0x000000b9aa600000)]
  0x0000026464c71000 JavaThread "Unconstrained build operations Thread 22" [_thread_blocked, id=3972, stack(0x000000b9aa600000,0x000000b9aa700000)]
  0x0000026464c72000 JavaThread "Unconstrained build operations Thread 23" [_thread_blocked, id=7744, stack(0x000000b9aa700000,0x000000b9aa800000)]
  0x0000026464c72800 JavaThread "Unconstrained build operations Thread 24" [_thread_blocked, id=4344, stack(0x000000b9aa800000,0x000000b9aa900000)]
  0x0000026464c70000 JavaThread "Unconstrained build operations Thread 25" [_thread_blocked, id=4632, stack(0x000000b9aa900000,0x000000b9aaa00000)]
  0x0000026464c6d800 JavaThread "Unconstrained build operations Thread 26" [_thread_blocked, id=4292, stack(0x000000b9aaa00000,0x000000b9aab00000)]
  0x0000026464c6e800 JavaThread "Unconstrained build operations Thread 27" [_thread_blocked, id=7504, stack(0x000000b9aab00000,0x000000b9aac00000)]
  0x0000026464c6f800 JavaThread "Unconstrained build operations Thread 28" [_thread_blocked, id=10068, stack(0x000000b9aac00000,0x000000b9aad00000)]
  0x0000026464c6d000 JavaThread "Unconstrained build operations Thread 29" [_thread_blocked, id=10608, stack(0x000000b9aad00000,0x000000b9aae00000)]
  0x0000026464c73800 JavaThread "Unconstrained build operations Thread 30" [_thread_blocked, id=3308, stack(0x000000b9aae00000,0x000000b9aaf00000)]
  0x0000026464cab000 JavaThread "Unconstrained build operations Thread 31" [_thread_blocked, id=572, stack(0x000000b9aaf00000,0x000000b9ab000000)]
  0x0000026464cac000 JavaThread "Unconstrained build operations Thread 32" [_thread_blocked, id=4656, stack(0x000000b9ab000000,0x000000b9ab100000)]
  0x0000026464ca9800 JavaThread "Unconstrained build operations Thread 33" [_thread_blocked, id=5176, stack(0x000000b9ab100000,0x000000b9ab200000)]
  0x0000026464cad000 JavaThread "Unconstrained build operations Thread 34" [_thread_blocked, id=6656, stack(0x000000b9ab200000,0x000000b9ab300000)]
  0x0000026464caf000 JavaThread "Unconstrained build operations Thread 35" [_thread_blocked, id=2348, stack(0x000000b9ab300000,0x000000b9ab400000)]
  0x0000026464cae800 JavaThread "Unconstrained build operations Thread 36" [_thread_blocked, id=6768, stack(0x000000b9ab400000,0x000000b9ab500000)]
  0x0000026464cb0000 JavaThread "Unconstrained build operations Thread 37" [_thread_blocked, id=4200, stack(0x000000b9ab500000,0x000000b9ab600000)]
  0x0000026464caa800 JavaThread "Unconstrained build operations Thread 38" [_thread_blocked, id=4848, stack(0x000000b9ab600000,0x000000b9ab700000)]
  0x0000026464cb1000 JavaThread "Unconstrained build operations Thread 39" [_thread_blocked, id=2288, stack(0x000000b9ab700000,0x000000b9ab800000)]
  0x0000026464cb1800 JavaThread "Unconstrained build operations Thread 40" [_thread_blocked, id=8040, stack(0x000000b9ab800000,0x000000b9ab900000)]
  0x0000026464cb2800 JavaThread "jar transforms Thread 4" [_thread_blocked, id=6868, stack(0x000000b9ab900000,0x000000b9aba00000)]
  0x0000026464cb3800 JavaThread "Memory manager" [_thread_blocked, id=708, stack(0x000000b9aba00000,0x000000b9abb00000)]
  0x0000026464cb7800 JavaThread "build event listener" [_thread_blocked, id=1756, stack(0x000000b9abb00000,0x000000b9abc00000)]
  0x0000026464cb8000 JavaThread "pool-3-thread-1" [_thread_blocked, id=10636, stack(0x000000b9abc00000,0x000000b9abd00000)]
  0x0000026464cb4000 JavaThread "build event listener" [_thread_blocked, id=2752, stack(0x000000b9abd00000,0x000000b9abe00000)]
  0x0000026464cb5000 JavaThread "included builds" [_thread_blocked, id=9692, stack(0x000000b9abe00000,0x000000b9abf00000)]
  0x0000026464cb5800 JavaThread "Execution worker for ':'" [_thread_blocked, id=10940, stack(0x000000b9abf00000,0x000000b9ac000000)]
  0x0000026464cb6800 JavaThread "Execution worker for ':' Thread 2" [_thread_blocked, id=7192, stack(0x000000b9ac000000,0x000000b9ac100000)]
  0x0000026466d87000 JavaThread "Execution worker for ':' Thread 3" [_thread_blocked, id=2492, stack(0x000000b9ac100000,0x000000b9ac200000)]
  0x0000026466d86000 JavaThread "Cache worker for execution history cache (C:\Users\acer\AndroidStudioProjects\CoroutineScope\.gradle\7.4\executionHistory)" [_thread_blocked, id=4964, stack(0x000000b9ac200000,0x000000b9ac300000)]
  0x0000026460545000 JavaThread "C2 CompilerThread1" daemon [_thread_in_native, id=2320, stack(0x000000b9a8200000,0x000000b9a8300000)]
  0x0000026466d84800 JavaThread "WorkerExecutor Queue" [_thread_blocked, id=2772, stack(0x000000b9ac500000,0x000000b9ac600000)]
  0x0000026466d88800 JavaThread "WorkerExecutor Queue Thread 2" [_thread_blocked, id=7492, stack(0x000000b9ac600000,0x000000b9ac700000)]
  0x0000026466d82800 JavaThread "WorkerExecutor Queue Thread 3" [_thread_blocked, id=1072, stack(0x000000b9ac700000,0x000000b9ac800000)]
  0x0000026466d89000 JavaThread "WorkerExecutor Queue Thread 4" [_thread_blocked, id=8236, stack(0x000000b9ac800000,0x000000b9ac900000)]
  0x0000026466d83800 JavaThread "pool-4-thread-1" [_thread_blocked, id=5060, stack(0x000000b9ac900000,0x000000b9aca00000)]
  0x0000026466d8a000 JavaThread "stderr" [_thread_in_native, id=2880, stack(0x000000b9aca00000,0x000000b9acb00000)]
  0x0000026466d8b000 JavaThread "stdout" [_thread_in_native, id=4836, stack(0x000000b9acb00000,0x000000b9acc00000)]
  0x0000026466d87800 JavaThread "ForkJoinPool-1-worker-3" daemon [_thread_blocked, id=11048, stack(0x000000b9acc00000,0x000000b9acd00000)]
  0x0000026466d85000 JavaThread "ForkJoinPool-1-worker-5" daemon [_thread_blocked, id=6360, stack(0x000000b9acd00000,0x000000b9ace00000)]
  0x0000026466d8c800 JavaThread "ForkJoinPool-1-worker-7" daemon [_thread_blocked, id=10944, stack(0x000000b9ace00000,0x000000b9acf00000)]
  0x0000026466d90000 JavaThread "ForkJoinPool-1-worker-1" daemon [_thread_blocked, id=7128, stack(0x000000b9acf00000,0x000000b9ad000000)]

Other Threads:
=>0x000002645e347000 VMThread "VM Thread" [stack: 0x000000b9a6800000,0x000000b9a6900000] [id=6736]
  0x000002645ee35000 WatcherThread [stack: 0x000000b9a7200000,0x000000b9a7300000] [id=8460]
  0x0000026444778800 GCTaskThread "GC Thread#0" [stack: 0x000000b9a6300000,0x000000b9a6400000] [id=10592]
  0x000002645f1c7800 GCTaskThread "GC Thread#1" [stack: 0x000000b9a7400000,0x000000b9a7500000] [id=4572]
  0x00000264600d1800 GCTaskThread "GC Thread#2" [stack: 0x000000b9a7600000,0x000000b9a7700000] [id=8112]
  0x000002646026b000 GCTaskThread "GC Thread#3" [stack: 0x000000b9a7700000,0x000000b9a7800000] [id=1440]
  0x00000264447a9000 ConcurrentGCThread "G1 Main Marker" [stack: 0x000000b9a6400000,0x000000b9a6500000] [id=464]
  0x00000264447ab000 ConcurrentGCThread "G1 Conc#0" [stack: 0x000000b9a6500000,0x000000b9a6600000] [id=8208]
  0x0000026444825000 ConcurrentGCThread "G1 Refine#0" [stack: 0x000000b9a6600000,0x000000b9a6700000] [id=10332]
  0x0000026444826000 ConcurrentGCThread "G1 Young RemSet Sampling" [stack: 0x000000b9a6700000,0x000000b9a6800000] [id=2736]

Threads with active compile tasks:
C2 CompilerThread0  51022 12223       4       com.android.tools.r8.dex.i::a (1036 bytes)
C2 CompilerThread1  51023 12090       4       com.android.tools.r8.dex.i::a (829 bytes)

VM state:at safepoint (normal execution)

VM Mutex/Monitor currently owned by a thread:  ([mutex/lock_event])
[0x000002644475b1f0] Threads_lock - owner thread: 0x000002645e347000
[0x0000026444759b70] Heap_lock - owner thread: 0x0000026466d90000

Heap address: 0x0000000080000000, size: 2048 MB, Compressed Oops mode: 32-bit
Narrow klass base: 0x0000000000000000, Narrow klass shift: 3
Compressed class space size: 1073741824 Address: 0x0000000100000000

Heap:
 garbage-first heap   total 258048K, used 178141K [0x0000000080000000, 0x0000000100000000)
  region size 1024K, 2 young (2048K), 2 survivors (2048K)
 Metaspace       used 103615K, capacity 105909K, committed 106228K, reserved 1140736K
  class space    used 13354K, capacity 14240K, committed 14368K, reserved 1048576K
Heap Regions: E=young(eden), S=young(survivor), O=old, HS=humongous(starts), HC=humongous(continues), CS=collection set, F=free, A=archive, TAMS=top-at-mark-start (previous, next)
|   0|0x0000000080000000, 0x0000000080100000, 0x0000000080100000|100%|HS|  |TAMS 0x0000000080100000, 0x0000000080100000| Complete 
|   1|0x0000000080100000, 0x0000000080200000, 0x0000000080200000|100%|HC|  |TAMS 0x0000000080200000, 0x0000000080200000| Complete 
|   2|0x0000000080200000, 0x0000000080300000, 0x0000000080300000|100%|HC|  |TAMS 0x0000000080300000, 0x0000000080300000| Complete 
|   3|0x0000000080300000, 0x0000000080400000, 0x0000000080400000|100%| O|  |TAMS 0x0000000080400000, 0x0000000080400000| Untracked 
|   4|0x0000000080400000, 0x0000000080500000, 0x0000000080500000|100%| O|  |TAMS 0x0000000080500000, 0x0000000080500000| Untracked 
|   5|0x0000000080500000, 0x0000000080600000, 0x0000000080600000|100%| O|  |TAMS 0x0000000080600000, 0x0000000080600000| Untracked 
|   6|0x0000000080600000, 0x0000000080700000, 0x0000000080700000|100%| O|  |TAMS 0x0000000080700000, 0x0000000080700000| Untracked 
|   7|0x0000000080700000, 0x0000000080800000, 0x0000000080800000|100%| O|  |TAMS 0x0000000080800000, 0x0000000080800000| Untracked 
|   8|0x0000000080800000, 0x0000000080900000, 0x0000000080900000|100%| O|  |TAMS 0x0000000080900000, 0x0000000080900000| Untracked 
|   9|0x0000000080900000, 0x0000000080a00000, 0x0000000080a00000|100%| O|  |TAMS 0x0000000080a00000, 0x0000000080a00000| Untracked 
|  10|0x0000000080a00000, 0x0000000080b00000, 0x0000000080b00000|100%| O|  |TAMS 0x0000000080b00000, 0x0000000080b00000| Untracked 
|  11|0x0000000080b00000, 0x0000000080c00000, 0x0000000080c00000|100%| O|  |TAMS 0x0000000080c00000, 0x0000000080c00000| Untracked 
|  12|0x0000000080c00000, 0x0000000080d00000, 0x0000000080d00000|100%| O|  |TAMS 0x0000000080d00000, 0x0000000080d00000| Untracked 
|  13|0x0000000080d00000, 0x0000000080e00000, 0x0000000080e00000|100%| O|  |TAMS 0x0000000080e00000, 0x0000000080e00000| Untracked 
|  14|0x0000000080e00000, 0x0000000080f00000, 0x0000000080f00000|100%| O|  |TAMS 0x0000000080f00000, 0x0000000080f00000| Untracked 
|  15|0x0000000080f00000, 0x0000000081000000, 0x0000000081000000|100%| O|  |TAMS 0x0000000081000000, 0x0000000081000000| Untracked 
|  16|0x0000000081000000, 0x0000000081100000, 0x0000000081100000|100%| O|  |TAMS 0x0000000081100000, 0x0000000081100000| Untracked 
|  17|0x0000000081100000, 0x0000000081200000, 0x0000000081200000|100%| O|  |TAMS 0x0000000081200000, 0x0000000081200000| Untracked 
|  18|0x0000000081200000, 0x0000000081300000, 0x0000000081300000|100%| O|  |TAMS 0x0000000081300000, 0x0000000081300000| Untracked 
|  19|0x0000000081300000, 0x0000000081400000, 0x0000000081400000|100%| O|  |TAMS 0x0000000081400000, 0x0000000081400000| Untracked 
|  20|0x0000000081400000, 0x0000000081500000, 0x0000000081500000|100%| O|  |TAMS 0x0000000081500000, 0x0000000081500000| Untracked 
|  21|0x0000000081500000, 0x0000000081600000, 0x0000000081600000|100%| O|  |TAMS 0x0000000081600000, 0x0000000081600000| Untracked 
|  22|0x0000000081600000, 0x0000000081700000, 0x0000000081700000|100%| O|  |TAMS 0x0000000081700000, 0x0000000081700000| Untracked 
|  23|0x0000000081700000, 0x0000000081800000, 0x0000000081800000|100%| O|  |TAMS 0x0000000081800000, 0x0000000081800000| Untracked 
|  24|0x0000000081800000, 0x0000000081900000, 0x0000000081900000|100%| O|  |TAMS 0x0000000081900000, 0x0000000081900000| Untracked 
|  25|0x0000000081900000, 0x0000000081a00000, 0x0000000081a00000|100%| O|  |TAMS 0x0000000081a00000, 0x0000000081a00000| Untracked 
|  26|0x0000000081a00000, 0x0000000081b00000, 0x0000000081b00000|100%| O|  |TAMS 0x0000000081b00000, 0x0000000081b00000| Untracked 
|  27|0x0000000081b00000, 0x0000000081c00000, 0x0000000081c00000|100%|HS|  |TAMS 0x0000000081c00000, 0x0000000081c00000| Complete 
|  28|0x0000000081c00000, 0x0000000081d00000, 0x0000000081d00000|100%|HS|  |TAMS 0x0000000081d00000, 0x0000000081d00000| Complete 
|  29|0x0000000081d00000, 0x0000000081e00000, 0x0000000081e00000|100%|HS|  |TAMS 0x0000000081e00000, 0x0000000081e00000| Complete 
|  30|0x0000000081e00000, 0x0000000081f00000, 0x0000000081f00000|100%|HS|  |TAMS 0x0000000081f00000, 0x0000000081f00000| Complete 
|  31|0x0000000081f00000, 0x0000000082000000, 0x0000000082000000|100%|HC|  |TAMS 0x0000000082000000, 0x0000000082000000| Complete 
|  32|0x0000000082000000, 0x0000000082100000, 0x0000000082100000|100%|HC|  |TAMS 0x0000000082100000, 0x0000000082100000| Complete 
|  33|0x0000000082100000, 0x0000000082200000, 0x0000000082200000|100%|HC|  |TAMS 0x0000000082200000, 0x0000000082200000| Complete 
|  34|0x0000000082200000, 0x0000000082300000, 0x0000000082300000|100%| O|  |TAMS 0x0000000082300000, 0x0000000082300000| Untracked 
|  35|0x0000000082300000, 0x0000000082400000, 0x0000000082400000|100%|HS|  |TAMS 0x0000000082400000, 0x0000000082400000| Complete 
|  36|0x0000000082400000, 0x0000000082500000, 0x0000000082500000|100%|HC|  |TAMS 0x0000000082500000, 0x0000000082500000| Complete 
|  37|0x0000000082500000, 0x0000000082600000, 0x0000000082600000|100%| O|  |TAMS 0x0000000082600000, 0x0000000082600000| Untracked 
|  38|0x0000000082600000, 0x0000000082700000, 0x0000000082700000|100%| O|  |TAMS 0x0000000082700000, 0x0000000082700000| Untracked 
|  39|0x0000000082700000, 0x0000000082800000, 0x0000000082800000|100%| O|  |TAMS 0x0000000082800000, 0x0000000082800000| Untracked 
|  40|0x0000000082800000, 0x0000000082900000, 0x0000000082900000|100%| O|  |TAMS 0x0000000082900000, 0x0000000082900000| Untracked 
|  41|0x0000000082900000, 0x0000000082a00000, 0x0000000082a00000|100%| O|  |TAMS 0x0000000082a00000, 0x0000000082a00000| Untracked 
|  42|0x0000000082a00000, 0x0000000082b00000, 0x0000000082b00000|100%| O|  |TAMS 0x0000000082b00000, 0x0000000082b00000| Untracked 
|  43|0x0000000082b00000, 0x0000000082c00000, 0x0000000082c00000|100%| O|  |TAMS 0x0000000082c00000, 0x0000000082c00000| Untracked 
|  44|0x0000000082c00000, 0x0000000082d00000, 0x0000000082d00000|100%| O|  |TAMS 0x0000000082d00000, 0x0000000082d00000| Untracked 
|  45|0x0000000082d00000, 0x0000000082e00000, 0x0000000082e00000|100%| O|  |TAMS 0x0000000082e00000, 0x0000000082e00000| Untracked 
|  46|0x0000000082e00000, 0x0000000082f00000, 0x0000000082f00000|100%| O|  |TAMS 0x0000000082f00000, 0x0000000082f00000| Untracked 
|  47|0x0000000082f00000, 0x0000000083000000, 0x0000000083000000|100%| O|  |TAMS 0x0000000083000000, 0x0000000083000000| Untracked 
|  48|0x0000000083000000, 0x0000000083100000, 0x0000000083100000|100%| O|  |TAMS 0x0000000083100000, 0x0000000083100000| Untracked 
|  49|0x0000000083100000, 0x0000000083200000, 0x0000000083200000|100%| O|  |TAMS 0x0000000083200000, 0x0000000083200000| Untracked 
|  50|0x0000000083200000, 0x0000000083300000, 0x0000000083300000|100%| O|  |TAMS 0x0000000083300000, 0x0000000083300000| Untracked 
|  51|0x0000000083300000, 0x0000000083400000, 0x0000000083400000|100%| O|  |TAMS 0x0000000083400000, 0x0000000083400000| Untracked 
|  52|0x0000000083400000, 0x0000000083500000, 0x0000000083500000|100%| O|  |TAMS 0x0000000083500000, 0x0000000083500000| Untracked 
|  53|0x0000000083500000, 0x0000000083600000, 0x0000000083600000|100%| O|  |TAMS 0x0000000083600000, 0x0000000083600000| Untracked 
|  54|0x0000000083600000, 0x0000000083700000, 0x0000000083700000|100%| O|  |TAMS 0x0000000083700000, 0x0000000083700000| Untracked 
|  55|0x0000000083700000, 0x0000000083800000, 0x0000000083800000|100%| O|  |TAMS 0x0000000083800000, 0x0000000083800000| Untracked 
|  56|0x0000000083800000, 0x0000000083900000, 0x0000000083900000|100%| O|  |TAMS 0x0000000083900000, 0x0000000083900000| Untracked 
|  57|0x0000000083900000, 0x0000000083a00000, 0x0000000083a00000|100%| O|  |TAMS 0x0000000083a00000, 0x0000000083a00000| Untracked 
|  58|0x0000000083a00000, 0x0000000083b00000, 0x0000000083b00000|100%| O|  |TAMS 0x0000000083b00000, 0x0000000083b00000| Untracked 
|  59|0x0000000083b00000, 0x0000000083c00000, 0x0000000083c00000|100%| O|  |TAMS 0x0000000083c00000, 0x0000000083c00000| Untracked 
|  60|0x0000000083c00000, 0x0000000083d00000, 0x0000000083d00000|100%| O|  |TAMS 0x0000000083d00000, 0x0000000083d00000| Untracked 
|  61|0x0000000083d00000, 0x0000000083e00000, 0x0000000083e00000|100%| O|  |TAMS 0x0000000083e00000, 0x0000000083e00000| Untracked 
|  62|0x0000000083e00000, 0x0000000083f00000, 0x0000000083f00000|100%| O|  |TAMS 0x0000000083f00000, 0x0000000083f00000| Untracked 
|  63|0x0000000083f00000, 0x0000000084000000, 0x0000000084000000|100%| O|  |TAMS 0x0000000084000000, 0x0000000084000000| Untracked 
|  64|0x0000000084000000, 0x0000000084100000, 0x0000000084100000|100%| O|  |TAMS 0x0000000084100000, 0x0000000084100000| Untracked 
|  65|0x0000000084100000, 0x0000000084200000, 0x0000000084200000|100%| O|  |TAMS 0x0000000084200000, 0x0000000084200000| Untracked 
|  66|0x0000000084200000, 0x0000000084300000, 0x0000000084300000|100%| O|  |TAMS 0x0000000084300000, 0x0000000084300000| Untracked 
|  67|0x0000000084300000, 0x0000000084400000, 0x0000000084400000|100%| O|  |TAMS 0x0000000084400000, 0x0000000084400000| Untracked 
|  68|0x0000000084400000, 0x0000000084500000, 0x0000000084500000|100%| O|  |TAMS 0x0000000084500000, 0x0000000084500000| Untracked 
|  69|0x0000000084500000, 0x0000000084600000, 0x0000000084600000|100%| O|  |TAMS 0x0000000084600000, 0x0000000084600000| Untracked 
|  70|0x0000000084600000, 0x0000000084700000, 0x0000000084700000|100%| O|  |TAMS 0x0000000084700000, 0x0000000084700000| Untracked 
|  71|0x0000000084700000, 0x0000000084800000, 0x0000000084800000|100%| O|  |TAMS 0x0000000084800000, 0x0000000084800000| Untracked 
|  72|0x0000000084800000, 0x0000000084900000, 0x0000000084900000|100%| O|  |TAMS 0x0000000084900000, 0x0000000084900000| Untracked 
|  73|0x0000000084900000, 0x0000000084a00000, 0x0000000084a00000|100%| O|  |TAMS 0x0000000084a00000, 0x0000000084a00000| Untracked 
|  74|0x0000000084a00000, 0x0000000084b00000, 0x0000000084b00000|100%| O|  |TAMS 0x0000000084b00000, 0x0000000084b00000| Untracked 
|  75|0x0000000084b00000, 0x0000000084c00000, 0x0000000084c00000|100%| O|  |TAMS 0x0000000084c00000, 0x0000000084c00000| Untracked 
|  76|0x0000000084c00000, 0x0000000084d00000, 0x0000000084d00000|100%| O|  |TAMS 0x0000000084d00000, 0x0000000084d00000| Untracked 
|  77|0x0000000084d00000, 0x0000000084e00000, 0x0000000084e00000|100%| O|  |TAMS 0x0000000084e00000, 0x0000000084e00000| Untracked 
|  78|0x0000000084e00000, 0x0000000084f00000, 0x0000000084f00000|100%| O|  |TAMS 0x0000000084f00000, 0x0000000084f00000| Untracked 
|  79|0x0000000084f00000, 0x0000000085000000, 0x0000000085000000|100%| O|  |TAMS 0x0000000085000000, 0x0000000085000000| Untracked 
|  80|0x0000000085000000, 0x0000000085100000, 0x0000000085100000|100%| O|  |TAMS 0x0000000085100000, 0x0000000085100000| Untracked 
|  81|0x0000000085100000, 0x0000000085200000, 0x0000000085200000|100%| O|  |TAMS 0x0000000085200000, 0x0000000085200000| Untracked 
|  82|0x0000000085200000, 0x0000000085300000, 0x0000000085300000|100%| O|  |TAMS 0x0000000085300000, 0x0000000085300000| Untracked 
|  83|0x0000000085300000, 0x0000000085400000, 0x0000000085400000|100%| O|  |TAMS 0x0000000085400000, 0x0000000085400000| Untracked 
|  84|0x0000000085400000, 0x0000000085500000, 0x0000000085500000|100%| O|  |TAMS 0x0000000085500000, 0x0000000085500000| Untracked 
|  85|0x0000000085500000, 0x0000000085600000, 0x0000000085600000|100%| O|  |TAMS 0x0000000085600000, 0x0000000085600000| Untracked 
|  86|0x0000000085600000, 0x0000000085700000, 0x0000000085700000|100%| O|  |TAMS 0x0000000085700000, 0x0000000085700000| Untracked 
|  87|0x0000000085700000, 0x0000000085800000, 0x0000000085800000|100%| O|  |TAMS 0x0000000085800000, 0x0000000085800000| Untracked 
|  88|0x0000000085800000, 0x0000000085900000, 0x0000000085900000|100%| O|  |TAMS 0x0000000085900000, 0x0000000085900000| Untracked 
|  89|0x0000000085900000, 0x0000000085a00000, 0x0000000085a00000|100%|HS|  |TAMS 0x0000000085a00000, 0x0000000085a00000| Complete 
|  90|0x0000000085a00000, 0x0000000085b00000, 0x0000000085b00000|100%|HC|  |TAMS 0x0000000085b00000, 0x0000000085b00000| Complete 
|  91|0x0000000085b00000, 0x0000000085c00000, 0x0000000085c00000|100%|HS|  |TAMS 0x0000000085c00000, 0x0000000085c00000| Complete 
|  92|0x0000000085c00000, 0x0000000085d00000, 0x0000000085d00000|100%|HC|  |TAMS 0x0000000085d00000, 0x0000000085d00000| Complete 
|  93|0x0000000085d00000, 0x0000000085e00000, 0x0000000085e00000|100%|HS|  |TAMS 0x0000000085e00000, 0x0000000085e00000| Complete 
|  94|0x0000000085e00000, 0x0000000085f00000, 0x0000000085f00000|100%|HS|  |TAMS 0x0000000085f00000, 0x0000000085f00000| Complete 
|  95|0x0000000085f00000, 0x0000000086000000, 0x0000000086000000|100%|HS|  |TAMS 0x0000000086000000, 0x0000000086000000| Complete 
|  96|0x0000000086000000, 0x0000000086100000, 0x0000000086100000|100%|HC|  |TAMS 0x0000000086100000, 0x0000000086100000| Complete 
|  97|0x0000000086100000, 0x0000000086200000, 0x0000000086200000|100%|HS|  |TAMS 0x0000000086200000, 0x0000000086200000| Complete 
|  98|0x0000000086200000, 0x0000000086300000, 0x0000000086300000|100%|HC|  |TAMS 0x0000000086300000, 0x0000000086300000| Complete 
|  99|0x0000000086300000, 0x0000000086400000, 0x0000000086400000|100%|HC|  |TAMS 0x0000000086400000, 0x0000000086400000| Complete 
| 100|0x0000000086400000, 0x0000000086500000, 0x0000000086500000|100%| O|  |TAMS 0x0000000086500000, 0x0000000086500000| Untracked 
| 101|0x0000000086500000, 0x0000000086600000, 0x0000000086600000|100%| O|  |TAMS 0x0000000086600000, 0x0000000086600000| Untracked 
| 102|0x0000000086600000, 0x0000000086700000, 0x0000000086700000|100%| O|  |TAMS 0x0000000086700000, 0x0000000086700000| Untracked 
| 103|0x0000000086700000, 0x0000000086800000, 0x0000000086800000|100%| O|  |TAMS 0x0000000086800000, 0x0000000086800000| Untracked 
| 104|0x0000000086800000, 0x0000000086900000, 0x0000000086900000|100%| O|  |TAMS 0x0000000086900000, 0x0000000086900000| Untracked 
| 105|0x0000000086900000, 0x0000000086a00000, 0x0000000086a00000|100%| O|  |TAMS 0x0000000086a00000, 0x0000000086a00000| Untracked 
| 106|0x0000000086a00000, 0x0000000086b00000, 0x0000000086b00000|100%|HS|  |TAMS 0x0000000086b00000, 0x0000000086b00000| Complete 
| 107|0x0000000086b00000, 0x0000000086c00000, 0x0000000086c00000|100%|HC|  |TAMS 0x0000000086c00000, 0x0000000086c00000| Complete 
| 108|0x0000000086c00000, 0x0000000086d00000, 0x0000000086d00000|100%| O|  |TAMS 0x0000000086d00000, 0x0000000086d00000| Untracked 
| 109|0x0000000086d00000, 0x0000000086e00000, 0x0000000086e00000|100%| O|  |TAMS 0x0000000086e00000, 0x0000000086e00000| Untracked 
| 110|0x0000000086e00000, 0x0000000086f00000, 0x0000000086f00000|100%| O|  |TAMS 0x0000000086f00000, 0x0000000086f00000| Untracked 
| 111|0x0000000086f00000, 0x0000000087000000, 0x0000000087000000|100%|HS|  |TAMS 0x0000000087000000, 0x0000000087000000| Complete 
| 112|0x0000000087000000, 0x0000000087100000, 0x0000000087100000|100%|HC|  |TAMS 0x0000000087100000, 0x0000000087100000| Complete 
| 113|0x0000000087100000, 0x0000000087200000, 0x0000000087200000|100%| O|  |TAMS 0x0000000087200000, 0x0000000087200000| Untracked 
| 114|0x0000000087200000, 0x0000000087300000, 0x0000000087300000|100%|HS|  |TAMS 0x0000000087300000, 0x0000000087300000| Complete 
| 115|0x0000000087300000, 0x0000000087400000, 0x0000000087400000|100%| O|  |TAMS 0x0000000087400000, 0x0000000087400000| Untracked 
| 116|0x0000000087400000, 0x0000000087500000, 0x0000000087500000|100%|HS|  |TAMS 0x0000000087500000, 0x0000000087500000| Complete 
| 117|0x0000000087500000, 0x0000000087600000, 0x0000000087600000|100%| O|  |TAMS 0x0000000087600000, 0x0000000087600000| Untracked 
| 118|0x0000000087600000, 0x0000000087700000, 0x0000000087700000|100%|HS|  |TAMS 0x0000000087700000, 0x0000000087700000| Complete 
| 119|0x0000000087700000, 0x0000000087800000, 0x0000000087800000|100%|HS|  |TAMS 0x0000000087800000, 0x0000000087800000| Complete 
| 120|0x0000000087800000, 0x0000000087900000, 0x0000000087900000|100%| O|  |TAMS 0x0000000087900000, 0x0000000087900000| Untracked 
| 121|0x0000000087900000, 0x0000000087a00000, 0x0000000087a00000|100%| O|  |TAMS 0x0000000087a00000, 0x0000000087a00000| Untracked 
| 122|0x0000000087a00000, 0x0000000087b00000, 0x0000000087b00000|100%| O|  |TAMS 0x0000000087b00000, 0x0000000087b00000| Untracked 
| 123|0x0000000087b00000, 0x0000000087c00000, 0x0000000087c00000|100%| O|  |TAMS 0x0000000087c00000, 0x0000000087c00000| Untracked 
| 124|0x0000000087c00000, 0x0000000087d00000, 0x0000000087d00000|100%| O|  |TAMS 0x0000000087d00000, 0x0000000087d00000| Untracked 
| 125|0x0000000087d00000, 0x0000000087e00000, 0x0000000087e00000|100%| O|  |TAMS 0x0000000087e00000, 0x0000000087e00000| Untracked 
| 126|0x0000000087e00000, 0x0000000087f00000, 0x0000000087f00000|100%| O|  |TAMS 0x0000000087f00000, 0x0000000087f00000| Untracked 
| 127|0x0000000087f00000, 0x0000000088000000, 0x0000000088000000|100%|HS|  |TAMS 0x0000000088000000, 0x0000000088000000| Complete 
| 128|0x0000000088000000, 0x0000000088100000, 0x0000000088100000|100%|HC|  |TAMS 0x0000000088100000, 0x0000000088100000| Complete 
| 129|0x0000000088100000, 0x0000000088200000, 0x0000000088200000|100%| O|  |TAMS 0x0000000088200000, 0x0000000088200000| Untracked 
| 130|0x0000000088200000, 0x0000000088300000, 0x0000000088300000|100%| O|  |TAMS 0x0000000088300000, 0x0000000088300000| Untracked 
| 131|0x0000000088300000, 0x0000000088400000, 0x0000000088400000|100%| O|  |TAMS 0x0000000088400000, 0x0000000088400000| Untracked 
| 132|0x0000000088400000, 0x0000000088500000, 0x0000000088500000|100%| O|  |TAMS 0x0000000088500000, 0x0000000088500000| Untracked 
| 133|0x0000000088500000, 0x0000000088600000, 0x0000000088600000|100%| O|  |TAMS 0x00000000885d8a00, 0x0000000088600000| Untracked 
| 134|0x0000000088600000, 0x0000000088700000, 0x0000000088700000|100%|HS|  |TAMS 0x0000000088700000, 0x0000000088700000| Complete 
| 135|0x0000000088700000, 0x0000000088800000, 0x0000000088800000|100%|HC|  |TAMS 0x0000000088800000, 0x0000000088800000| Complete 
| 136|0x0000000088800000, 0x0000000088900000, 0x0000000088900000|100%|HC|  |TAMS 0x0000000088900000, 0x0000000088900000| Complete 
| 137|0x0000000088900000, 0x0000000088a00000, 0x0000000088a00000|100%| O|  |TAMS 0x0000000088900000, 0x0000000088a00000| Untracked 
| 138|0x0000000088a00000, 0x0000000088b00000, 0x0000000088b00000|100%| O|  |TAMS 0x0000000088a00000, 0x0000000088b00000| Untracked 
| 139|0x0000000088b00000, 0x0000000088c00000, 0x0000000088c00000|100%| O|  |TAMS 0x0000000088b00000, 0x0000000088c00000| Untracked 
| 140|0x0000000088c00000, 0x0000000088d00000, 0x0000000088d00000|100%| O|  |TAMS 0x0000000088c00000, 0x0000000088d00000| Untracked 
| 141|0x0000000088d00000, 0x0000000088e00000, 0x0000000088e00000|100%| O|  |TAMS 0x0000000088d00000, 0x0000000088e00000| Untracked 
| 142|0x0000000088e00000, 0x0000000088f00000, 0x0000000088f00000|100%| O|  |TAMS 0x0000000088e00000, 0x0000000088f00000| Untracked 
| 143|0x0000000088f00000, 0x0000000089000000, 0x0000000089000000|100%| O|  |TAMS 0x0000000088f00000, 0x0000000089000000| Untracked 
| 144|0x0000000089000000, 0x0000000089100000, 0x0000000089100000|100%| O|  |TAMS 0x0000000089000000, 0x0000000089100000| Untracked 
| 145|0x0000000089100000, 0x0000000089200000, 0x0000000089200000|100%| O|  |TAMS 0x0000000089100000, 0x0000000089200000| Untracked 
| 146|0x0000000089200000, 0x0000000089300000, 0x0000000089300000|100%| O|  |TAMS 0x0000000089200000, 0x0000000089300000| Untracked 
| 147|0x0000000089300000, 0x0000000089400000, 0x0000000089400000|100%| O|  |TAMS 0x0000000089300000, 0x0000000089400000| Untracked 
| 148|0x0000000089400000, 0x0000000089500000, 0x0000000089500000|100%| O|  |TAMS 0x0000000089400000, 0x0000000089500000| Untracked 
| 149|0x0000000089500000, 0x0000000089600000, 0x0000000089600000|100%| O|  |TAMS 0x0000000089500000, 0x0000000089600000| Untracked 
| 150|0x0000000089600000, 0x0000000089700000, 0x0000000089700000|100%| O|  |TAMS 0x0000000089600000, 0x0000000089700000| Untracked 
| 151|0x0000000089700000, 0x0000000089800000, 0x0000000089800000|100%| O|  |TAMS 0x0000000089700000, 0x00000000897f2800| Untracked 
| 152|0x0000000089800000, 0x0000000089900000, 0x0000000089900000|100%| O|  |TAMS 0x0000000089800000, 0x0000000089800000| Untracked 
| 153|0x0000000089900000, 0x0000000089a00000, 0x0000000089a00000|100%| O|  |TAMS 0x0000000089900000, 0x0000000089900000| Untracked 
| 154|0x0000000089a00000, 0x0000000089b00000, 0x0000000089b00000|100%| O|  |TAMS 0x0000000089a00000, 0x0000000089a00000| Untracked 
| 155|0x0000000089b00000, 0x0000000089c00000, 0x0000000089c00000|100%| O|  |TAMS 0x0000000089b00000, 0x0000000089b00000| Untracked 
| 156|0x0000000089c00000, 0x0000000089d00000, 0x0000000089d00000|100%| O|  |TAMS 0x0000000089c00000, 0x0000000089c00000| Untracked 
| 157|0x0000000089d00000, 0x0000000089e00000, 0x0000000089e00000|100%| O|  |TAMS 0x0000000089d00000, 0x0000000089d00000| Untracked 
| 158|0x0000000089e00000, 0x0000000089f00000, 0x0000000089f00000|100%| O|  |TAMS 0x0000000089e00000, 0x0000000089e00000| Untracked 
| 159|0x0000000089f00000, 0x000000008a000000, 0x000000008a000000|100%| O|  |TAMS 0x0000000089f00000, 0x0000000089f00000| Untracked 
| 160|0x000000008a000000, 0x000000008a100000, 0x000000008a100000|100%| O|  |TAMS 0x000000008a000000, 0x000000008a000000| Untracked 
| 161|0x000000008a100000, 0x000000008a200000, 0x000000008a200000|100%| O|  |TAMS 0x000000008a100000, 0x000000008a100000| Untracked 
| 162|0x000000008a200000, 0x000000008a300000, 0x000000008a300000|100%| O|  |TAMS 0x000000008a200000, 0x000000008a200000| Untracked 
| 163|0x000000008a300000, 0x000000008a400000, 0x000000008a400000|100%| O|  |TAMS 0x000000008a400000, 0x000000008a400000| Untracked 
| 164|0x000000008a400000, 0x000000008a4f7600, 0x000000008a500000| 96%| O|  |TAMS 0x000000008a400000, 0x000000008a400000| Untracked 
| 165|0x000000008a500000, 0x000000008a600000, 0x000000008a600000|100%| O|  |TAMS 0x000000008a600000, 0x000000008a600000| Untracked 
| 166|0x000000008a600000, 0x000000008a600000, 0x000000008a700000|  0%| F|  |TAMS 0x000000008a600000, 0x000000008a600000| Untracked 
| 167|0x000000008a700000, 0x000000008a700000, 0x000000008a800000|  0%| F|  |TAMS 0x000000008a700000, 0x000000008a700000| Untracked 
| 168|0x000000008a800000, 0x000000008a800000, 0x000000008a900000|  0%| F|  |TAMS 0x000000008a800000, 0x000000008a800000| Untracked 
| 169|0x000000008a900000, 0x000000008aa00000, 0x000000008aa00000|100%| O|  |TAMS 0x000000008aa00000, 0x000000008aa00000| Untracked 
| 170|0x000000008aa00000, 0x000000008ab00000, 0x000000008ab00000|100%| O|  |TAMS 0x000000008ab00000, 0x000000008ab00000| Untracked 
| 171|0x000000008ab00000, 0x000000008ac00000, 0x000000008ac00000|100%| O|  |TAMS 0x000000008ac00000, 0x000000008ac00000| Untracked 
| 172|0x000000008ac00000, 0x000000008ad00000, 0x000000008ad00000|100%| O|  |TAMS 0x000000008ad00000, 0x000000008ad00000| Untracked 
| 173|0x000000008ad00000, 0x000000008ae00000, 0x000000008ae00000|100%| O|  |TAMS 0x000000008ae00000, 0x000000008ae00000| Untracked 
| 174|0x000000008ae00000, 0x000000008af00000, 0x000000008af00000|100%| O|  |TAMS 0x000000008af00000, 0x000000008af00000| Untracked 
| 175|0x000000008af00000, 0x000000008af00000, 0x000000008b000000|  0%| F|  |TAMS 0x000000008af00000, 0x000000008af00000| Untracked 
| 176|0x000000008b000000, 0x000000008b000000, 0x000000008b100000|  0%| F|  |TAMS 0x000000008b000000, 0x000000008b000000| Untracked 
| 177|0x000000008b100000, 0x000000008b100000, 0x000000008b200000|  0%| F|  |TAMS 0x000000008b100000, 0x000000008b100000| Untracked 
| 178|0x000000008b200000, 0x000000008b200000, 0x000000008b300000|  0%| F|  |TAMS 0x000000008b200000, 0x000000008b200000| Untracked 
| 179|0x000000008b300000, 0x000000008b300000, 0x000000008b400000|  0%| F|  |TAMS 0x000000008b300000, 0x000000008b300000| Untracked 
| 180|0x000000008b400000, 0x000000008b400000, 0x000000008b500000|  0%| F|  |TAMS 0x000000008b400000, 0x000000008b400000| Untracked 
| 181|0x000000008b500000, 0x000000008b500000, 0x000000008b600000|  0%| F|  |TAMS 0x000000008b500000, 0x000000008b500000| Untracked 
| 182|0x000000008b600000, 0x000000008b600000, 0x000000008b700000|  0%| F|  |TAMS 0x000000008b600000, 0x000000008b600000| Untracked 
| 183|0x000000008b700000, 0x000000008b700000, 0x000000008b800000|  0%| F|  |TAMS 0x000000008b700000, 0x000000008b700000| Untracked 
| 184|0x000000008b800000, 0x000000008b800000, 0x000000008b900000|  0%| F|  |TAMS 0x000000008b800000, 0x000000008b800000| Untracked 
| 185|0x000000008b900000, 0x000000008b900000, 0x000000008ba00000|  0%| F|  |TAMS 0x000000008b900000, 0x000000008b900000| Untracked 
| 186|0x000000008ba00000, 0x000000008ba00000, 0x000000008bb00000|  0%| F|  |TAMS 0x000000008ba00000, 0x000000008ba00000| Untracked 
| 187|0x000000008bb00000, 0x000000008bb00000, 0x000000008bc00000|  0%| F|  |TAMS 0x000000008bb00000, 0x000000008bb00000| Untracked 
| 188|0x000000008bc00000, 0x000000008bc00000, 0x000000008bd00000|  0%| F|  |TAMS 0x000000008bc00000, 0x000000008bc00000| Untracked 
| 189|0x000000008bd00000, 0x000000008bd00000, 0x000000008be00000|  0%| F|  |TAMS 0x000000008bd00000, 0x000000008bd00000| Untracked 
| 190|0x000000008be00000, 0x000000008be00000, 0x000000008bf00000|  0%| F|  |TAMS 0x000000008be00000, 0x000000008be00000| Untracked 
| 191|0x000000008bf00000, 0x000000008bf00000, 0x000000008c000000|  0%| F|  |TAMS 0x000000008bf00000, 0x000000008bf00000| Untracked 
| 192|0x000000008c000000, 0x000000008c000000, 0x000000008c100000|  0%| F|  |TAMS 0x000000008c000000, 0x000000008c000000| Untracked 
| 193|0x000000008c100000, 0x000000008c100000, 0x000000008c200000|  0%| F|  |TAMS 0x000000008c100000, 0x000000008c100000| Untracked 
| 194|0x000000008c200000, 0x000000008c200000, 0x000000008c300000|  0%| F|  |TAMS 0x000000008c200000, 0x000000008c200000| Untracked 
| 195|0x000000008c300000, 0x000000008c300000, 0x000000008c400000|  0%| F|  |TAMS 0x000000008c300000, 0x000000008c300000| Untracked 
| 196|0x000000008c400000, 0x000000008c400000, 0x000000008c500000|  0%| F|  |TAMS 0x000000008c400000, 0x000000008c400000| Untracked 
| 197|0x000000008c500000, 0x000000008c500000, 0x000000008c600000|  0%| F|  |TAMS 0x000000008c500000, 0x000000008c500000| Untracked 
| 198|0x000000008c600000, 0x000000008c600000, 0x000000008c700000|  0%| F|  |TAMS 0x000000008c600000, 0x000000008c600000| Untracked 
| 199|0x000000008c700000, 0x000000008c800000, 0x000000008c800000|100%| S|CS|TAMS 0x000000008c700000, 0x000000008c700000| Complete 
| 200|0x000000008c800000, 0x000000008c900000, 0x000000008c900000|100%| S|CS|TAMS 0x000000008c800000, 0x000000008c800000| Complete 
| 201|0x000000008c900000, 0x000000008c900000, 0x000000008ca00000|  0%| F|  |TAMS 0x000000008c900000, 0x000000008c900000| Untracked 
| 202|0x000000008ca00000, 0x000000008ca00000, 0x000000008cb00000|  0%| F|  |TAMS 0x000000008ca00000, 0x000000008ca00000| Untracked 
| 203|0x000000008cb00000, 0x000000008cb00000, 0x000000008cc00000|  0%| F|  |TAMS 0x000000008cb00000, 0x000000008cb00000| Untracked 
| 204|0x000000008cc00000, 0x000000008cc00000, 0x000000008cd00000|  0%| F|  |TAMS 0x000000008cc00000, 0x000000008cc00000| Untracked 
| 205|0x000000008cd00000, 0x000000008cd00000, 0x000000008ce00000|  0%| F|  |TAMS 0x000000008cd00000, 0x000000008cd00000| Untracked 
| 206|0x000000008ce00000, 0x000000008ce00000, 0x000000008cf00000|  0%| F|  |TAMS 0x000000008ce00000, 0x000000008ce00000| Untracked 
| 207|0x000000008cf00000, 0x000000008cf00000, 0x000000008d000000|  0%| F|  |TAMS 0x000000008cf00000, 0x000000008cf00000| Untracked 
| 208|0x000000008d000000, 0x000000008d000000, 0x000000008d100000|  0%| F|  |TAMS 0x000000008d000000, 0x000000008d000000| Untracked 
| 209|0x000000008d100000, 0x000000008d100000, 0x000000008d200000|  0%| F|  |TAMS 0x000000008d100000, 0x000000008d100000| Untracked 

Card table byte_map: [0x0000026457680000,0x0000026457a80000] _byte_map_base: 0x0000026457280000

Marking Bits (Prev, Next): (CMBitMap*) 0x00000264447a04d8, (CMBitMap*) 0x00000264447a0510
 Prev Bits: [0x0000026457e80000, 0x0000026459e80000)
 Next Bits: [0x0000026459e80000, 0x000002645be80000)

Polling page: 0x0000026442740000

Metaspace:

Usage:
  Non-class:     89.52 MB capacity,    88.15 MB ( 98%) used,     1.10 MB (  1%) free+waste,   282.44 KB ( <1%) overhead. 
      Class:     13.91 MB capacity,    13.04 MB ( 94%) used,   760.95 KB (  5%) free+waste,   124.88 KB ( <1%) overhead. 
       Both:    103.43 MB capacity,   101.19 MB ( 98%) used,     1.84 MB (  2%) free+waste,   407.31 KB ( <1%) overhead. 

Virtual space:
  Non-class space:       90.00 MB reserved,      89.71 MB (>99%) committed 
      Class space:        1.00 GB reserved,      14.03 MB (  1%) committed 
             Both:        1.09 GB reserved,     103.74 MB (  9%) committed 

Chunk freelists:
   Non-Class:  63.00 KB
       Class:  32.00 KB
        Both:  95.00 KB

MaxMetaspaceSize: 17179869184.00 GB
CompressedClassSpaceSize: 1.00 GB
Initial GC threshold: 20.80 MB
Current GC threshold: 172.90 MB
CDS: off

CodeHeap 'non-profiled nmethods': size=120064Kb used=7379Kb max_used=7379Kb free=112684Kb
 bounds [0x000002644fd40000, 0x0000026450480000, 0x0000026457280000]
CodeHeap 'profiled nmethods': size=120000Kb used=27369Kb max_used=27369Kb free=92630Kb
 bounds [0x0000026448810000, 0x000002644a2d0000, 0x000002644fd40000]
CodeHeap 'non-nmethods': size=5696Kb used=2407Kb max_used=2463Kb free=3288Kb
 bounds [0x0000026448280000, 0x00000264484f0000, 0x0000026448810000]
 total_blobs=13058 nmethods=12123 adapters=848
 compilation: enabled
              stopped_count=0, restarted_count=0
 full_count=0

Compilation events (20 events):
Event: 50.339 Thread 0x000002645e38f000 12253       2       com.android.tools.r8.internal.V0::entrySet (32 bytes)
Event: 50.340 Thread 0x000002645e38f000 nmethod 12253 0x000002644a2c3410 code [0x000002644a2c35c0, 0x000002644a2c3818]
Event: 50.340 Thread 0x000002645e38f000 12254       2       com.android.tools.r8.internal.d1::iterator (5 bytes)
Event: 50.340 Thread 0x000002645e38f000 nmethod 12254 0x000002644a2c3910 code [0x000002644a2c3ac0, 0x000002644a2c3ca8]
Event: 50.392 Thread 0x000002645e38f000 12256       2       com.android.tools.r8.code.P3::<init> (7 bytes)
Event: 50.393 Thread 0x000002645e38f000 nmethod 12256 0x000002644a2c3d90 code [0x000002644a2c3f40, 0x000002644a2c4098]
Event: 50.441 Thread 0x000002645e38f000 12258       2       com.android.tools.r8.graph.N2::a (157 bytes)
Event: 50.444 Thread 0x000002645e38f000 nmethod 12258 0x000002644a2c4190 code [0x000002644a2c43c0, 0x000002644a2c4b58]
Event: 50.567 Thread 0x000002645e38f000 12259       2       com.android.tools.r8.code.r::<init> (7 bytes)
Event: 50.568 Thread 0x000002645e38f000 nmethod 12259 0x000002644a2c4f90 code [0x000002644a2c5140, 0x000002644a2c5298]
Event: 50.615 Thread 0x000002645e38f000 12260       2       com.android.tools.r8.graph.N2::g (64 bytes)
Event: 50.615 Thread 0x000002645e38f000 nmethod 12260 0x000002644a2c5390 code [0x000002644a2c55a0, 0x000002644a2c58b8]
Event: 50.741 Thread 0x000002645e38f000 12264       2       com.android.tools.r8.code.c0::hashCode (22 bytes)
Event: 50.741 Thread 0x000002645e38f000 nmethod 12264 0x000002644a2c5a90 code [0x000002644a2c5c40, 0x000002644a2c5d88]
Event: 50.845 Thread 0x000002645e38f000 12266       2       com.android.tools.r8.code.q0::<init> (7 bytes)
Event: 50.845 Thread 0x000002645e38f000 nmethod 12266 0x000002644a2c5e10 code [0x000002644a2c5fe0, 0x000002644a2c6218]
Event: 50.911 Thread 0x000002645e38f000 12267       2       com.android.tools.r8.dex.i::h (959 bytes)
Event: 50.920 Thread 0x000002645e38f000 nmethod 12267 0x000002644a2c6410 code [0x000002644a2c69c0, 0x000002644a2c8e08]
Event: 50.920 Thread 0x000002645e38f000 12268       2       com.android.tools.r8.graph.f1$j::<init> (7 bytes)
Event: 50.920 Thread 0x000002645e38f000 nmethod 12268 0x000002644a2ca190 code [0x000002644a2ca340, 0x000002644a2ca498]

GC Heap History (20 events):
Event: 45.453 GC heap after
{Heap after GC invocations=30 (full 0):
 garbage-first heap   total 165888K, used 93003K [0x0000000080000000, 0x0000000100000000)
  region size 1024K, 3 young (3072K), 3 survivors (3072K)
 Metaspace       used 96584K, capacity 98747K, committed 98932K, reserved 1134592K
  class space    used 12298K, capacity 13148K, committed 13216K, reserved 1048576K
}
Event: 46.891 GC heap before
{Heap before GC invocations=31 (full 0):
 garbage-first heap   total 165888K, used 134987K [0x0000000080000000, 0x0000000100000000)
  region size 1024K, 35 young (35840K), 3 survivors (3072K)
 Metaspace       used 100453K, capacity 102694K, committed 103028K, reserved 1138688K
  class space    used 12783K, capacity 13635K, committed 13728K, reserved 1048576K
}
Event: 46.912 GC heap after
{Heap after GC invocations=32 (full 0):
 garbage-first heap   total 165888K, used 110698K [0x0000000080000000, 0x0000000100000000)
  region size 1024K, 6 young (6144K), 6 survivors (6144K)
 Metaspace       used 100453K, capacity 102694K, committed 103028K, reserved 1138688K
  class space    used 12783K, capacity 13635K, committed 13728K, reserved 1048576K
}
Event: 47.624 GC heap before
{Heap before GC invocations=33 (full 0):
 garbage-first heap   total 165888K, used 163946K [0x0000000080000000, 0x0000000100000000)
  region size 1024K, 31 young (31744K), 6 survivors (6144K)
 Metaspace       used 101116K, capacity 103327K, committed 103668K, reserved 1138688K
  class space    used 12883K, capacity 13741K, committed 13856K, reserved 1048576K
}
Event: 47.655 GC heap after
{Heap after GC invocations=34 (full 0):
 garbage-first heap   total 179200K, used 129379K [0x0000000080000000, 0x0000000100000000)
  region size 1024K, 5 young (5120K), 5 survivors (5120K)
 Metaspace       used 101116K, capacity 103327K, committed 103668K, reserved 1138688K
  class space    used 12883K, capacity 13741K, committed 13856K, reserved 1048576K
}
Event: 47.913 GC heap before
{Heap before GC invocations=34 (full 0):
 garbage-first heap   total 179200K, used 146787K [0x0000000080000000, 0x0000000100000000)
  region size 1024K, 24 young (24576K), 5 survivors (5120K)
 Metaspace       used 101183K, capacity 103405K, committed 103668K, reserved 1138688K
  class space    used 12892K, capacity 13746K, committed 13856K, reserved 1048576K
}
Event: 47.953 GC heap after
{Heap after GC invocations=35 (full 0):
 garbage-first heap   total 179200K, used 136513K [0x0000000080000000, 0x0000000100000000)
  region size 1024K, 3 young (3072K), 3 survivors (3072K)
 Metaspace       used 101183K, capacity 103405K, committed 103668K, reserved 1138688K
  class space    used 12892K, capacity 13746K, committed 13856K, reserved 1048576K
}
Event: 48.314 GC heap before
{Heap before GC invocations=35 (full 0):
 garbage-first heap   total 179200K, used 151873K [0x0000000080000000, 0x0000000100000000)
  region size 1024K, 16 young (16384K), 3 survivors (3072K)
 Metaspace       used 101754K, capacity 104026K, committed 104308K, reserved 1140736K
  class space    used 12983K, capacity 13871K, committed 13984K, reserved 1048576K
}
Event: 48.342 GC heap after
{Heap after GC invocations=36 (full 0):
 garbage-first heap   total 179200K, used 143730K [0x0000000080000000, 0x0000000100000000)
  region size 1024K, 2 young (2048K), 2 survivors (2048K)
 Metaspace       used 101754K, capacity 104026K, committed 104308K, reserved 1140736K
  class space    used 12983K, capacity 13871K, committed 13984K, reserved 1048576K
}
Event: 48.986 GC heap before
{Heap before GC invocations=37 (full 0):
 garbage-first heap   total 179200K, used 151922K [0x0000000080000000, 0x0000000100000000)
  region size 1024K, 11 young (11264K), 2 survivors (2048K)
 Metaspace       used 103469K, capacity 105743K, committed 105972K, reserved 1140736K
  class space    used 13363K, capacity 14257K, committed 14368K, reserved 1048576K
}
Event: 49.009 GC heap after
{Heap after GC invocations=38 (full 0):
 garbage-first heap   total 179200K, used 146729K [0x0000000080000000, 0x0000000100000000)
  region size 1024K, 2 young (2048K), 2 survivors (2048K)
 Metaspace       used 103469K, capacity 105743K, committed 105972K, reserved 1140736K
  class space    used 13363K, capacity 14257K, committed 14368K, reserved 1048576K
}
Event: 49.205 GC heap before
{Heap before GC invocations=38 (full 0):
 garbage-first heap   total 179200K, used 153897K [0x0000000080000000, 0x0000000100000000)
  region size 1024K, 9 young (9216K), 2 survivors (2048K)
 Metaspace       used 103561K, capacity 105884K, committed 106228K, reserved 1140736K
  class space    used 13363K, capacity 14257K, committed 14368K, reserved 1048576K
}
Event: 49.224 GC heap after
{Heap after GC invocations=39 (full 0):
 garbage-first heap   total 215040K, used 150370K [0x0000000080000000, 0x0000000100000000)
  region size 1024K, 2 young (2048K), 2 survivors (2048K)
 Metaspace       used 103561K, capacity 105884K, committed 106228K, reserved 1140736K
  class space    used 13363K, capacity 14257K, committed 14368K, reserved 1048576K
}
Event: 50.050 GC heap before
{Heap before GC invocations=40 (full 0):
 garbage-first heap   total 215040K, used 166754K [0x0000000080000000, 0x0000000100000000)
  region size 1024K, 19 young (19456K), 2 survivors (2048K)
 Metaspace       used 103596K, capacity 105905K, committed 106228K, reserved 1140736K
  class space    used 13354K, capacity 14240K, committed 14368K, reserved 1048576K
}
Event: 50.073 GC heap after
{Heap after GC invocations=41 (full 0):
 garbage-first heap   total 215040K, used 159220K [0x0000000080000000, 0x0000000100000000)
  region size 1024K, 3 young (3072K), 3 survivors (3072K)
 Metaspace       used 103596K, capacity 105905K, committed 106228K, reserved 1140736K
  class space    used 13354K, capacity 14240K, committed 14368K, reserved 1048576K
}
Event: 50.294 GC heap before
{Heap before GC invocations=41 (full 0):
 garbage-first heap   total 215040K, used 173556K [0x0000000080000000, 0x0000000100000000)
  region size 1024K, 17 young (17408K), 3 survivors (3072K)
 Metaspace       used 103599K, capacity 105908K, committed 106228K, reserved 1140736K
  class space    used 13354K, capacity 14240K, committed 14368K, reserved 1048576K
}
Event: 50.319 GC heap after
{Heap after GC invocations=42 (full 0):
 garbage-first heap   total 215040K, used 166858K [0x0000000080000000, 0x0000000100000000)
  region size 1024K, 3 young (3072K), 3 survivors (3072K)
 Metaspace       used 103599K, capacity 105908K, committed 106228K, reserved 1140736K
  class space    used 13354K, capacity 14240K, committed 14368K, reserved 1048576K
}
Event: 50.661 GC heap before
{Heap before GC invocations=42 (full 0):
 garbage-first heap   total 215040K, used 178122K [0x0000000080000000, 0x0000000100000000)
  region size 1024K, 14 young (14336K), 3 survivors (3072K)
 Metaspace       used 103605K, capacity 105909K, committed 106228K, reserved 1140736K
  class space    used 13354K, capacity 14240K, committed 14368K, reserved 1048576K
}
Event: 50.679 GC heap after
{Heap after GC invocations=43 (full 0):
 garbage-first heap   total 215040K, used 173056K [0x0000000080000000, 0x0000000100000000)
  region size 1024K, 2 young (2048K), 2 survivors (2048K)
 Metaspace       used 103605K, capacity 105909K, committed 106228K, reserved 1140736K
  class space    used 13354K, capacity 14240K, committed 14368K, reserved 1048576K
}
Event: 50.973 GC heap before
{Heap before GC invocations=43 (full 0):
 garbage-first heap   total 215040K, used 182272K [0x0000000080000000, 0x0000000100000000)
  region size 1024K, 11 young (11264K), 2 survivors (2048K)
 Metaspace       used 103615K, capacity 105909K, committed 106228K, reserved 1140736K
  class space    used 13354K, capacity 14240K, committed 14368K, reserved 1048576K
}

Deoptimization events (20 events):
Event: 50.759 Thread 0x0000026466d90000 DEOPT PACKING pc=0x000002644a1c170c sp=0x000000b9acffee30
Event: 50.759 Thread 0x0000026466d90000 DEOPT UNPACKING pc=0x00000264482ca95e sp=0x000000b9acffe470 mode 0
Event: 50.771 Thread 0x0000026466d90000 DEOPT PACKING pc=0x000002644a1c170c sp=0x000000b9acffee50
Event: 50.771 Thread 0x0000026466d90000 DEOPT UNPACKING pc=0x00000264482ca95e sp=0x000000b9acffe490 mode 0
Event: 50.784 Thread 0x0000026466d85000 DEOPT PACKING pc=0x000002644a1c170c sp=0x000000b9acdfe610
Event: 50.784 Thread 0x0000026466d85000 DEOPT UNPACKING pc=0x00000264482ca95e sp=0x000000b9acdfdc50 mode 0
Event: 50.827 Thread 0x0000026466d8c800 DEOPT PACKING pc=0x000002644a1c170c sp=0x000000b9acefe590
Event: 50.827 Thread 0x0000026466d8c800 DEOPT UNPACKING pc=0x00000264482ca95e sp=0x000000b9acefdbd0 mode 0
Event: 50.843 Thread 0x0000026466d8c800 DEOPT PACKING pc=0x000002644a1c170c sp=0x000000b9acefe590
Event: 50.844 Thread 0x0000026466d8c800 DEOPT UNPACKING pc=0x00000264482ca95e sp=0x000000b9acefdbd0 mode 0
Event: 50.899 Thread 0x0000026466d87800 DEOPT PACKING pc=0x000002644a1c170c sp=0x000000b9accfea50
Event: 50.899 Thread 0x0000026466d87800 DEOPT UNPACKING pc=0x00000264482ca95e sp=0x000000b9accfe090 mode 0
Event: 50.910 Thread 0x0000026466d87800 Uncommon trap: trap_request=0xffffff4d fr.pc=0x0000026450473414 relative=0x0000000000001614
Event: 50.910 Thread 0x0000026466d87800 Uncommon trap: reason=unstable_if action=reinterpret pc=0x0000026450473414 method=com.android.tools.r8.dex.i.h()Lcom/android/tools/r8/graph/f1; @ 39 c2
Event: 50.910 Thread 0x0000026466d87800 DEOPT PACKING pc=0x0000026450473414 sp=0x000000b9accfea60
Event: 50.910 Thread 0x0000026466d87800 DEOPT UNPACKING pc=0x00000264482ca1af sp=0x000000b9accfea40 mode 2
Event: 50.926 Thread 0x0000026466d87800 DEOPT PACKING pc=0x000002644a1c170c sp=0x000000b9accfea70
Event: 50.926 Thread 0x0000026466d87800 DEOPT UNPACKING pc=0x00000264482ca95e sp=0x000000b9accfe0b0 mode 0
Event: 50.940 Thread 0x0000026466d90000 DEOPT PACKING pc=0x000002644a1c170c sp=0x000000b9acffee50
Event: 50.941 Thread 0x0000026466d90000 DEOPT UNPACKING pc=0x00000264482ca95e sp=0x000000b9acffe490 mode 0

Classes redefined (0 events):
No events

Internal exceptions (20 events):
Event: 42.234 Thread 0x0000026466d87000 Exception <a 'java/lang/NoSuchMethodError'{0x0000000088e77458}: <clinit>> (0x0000000088e77458) thrown at [./src/hotspot/share/prims/jni.cpp, line 1366]
Event: 42.241 Thread 0x0000026466d87000 Exception <a 'java/lang/NoSuchMethodError'{0x0000000088ea8f38}: <clinit>> (0x0000000088ea8f38) thrown at [./src/hotspot/share/prims/jni.cpp, line 1366]
Event: 42.245 Thread 0x0000026466d87000 Exception <a 'java/lang/NoSuchMethodError'{0x0000000088ebbb70}: <clinit>> (0x0000000088ebbb70) thrown at [./src/hotspot/share/prims/jni.cpp, line 1366]
Event: 46.129 Thread 0x0000026466d89000 Exception <a 'sun/nio/fs/WindowsException'{0x00000000890fef68}> (0x00000000890fef68) thrown at [./src/hotspot/share/prims/jni.cpp, line 616]
Event: 46.339 Thread 0x0000026466d89000 Exception <a 'java/lang/NoSuchMethodError'{0x0000000088cd2c10}: 'java.lang.Object java.lang.invoke.DirectMethodHandle$Holder.newInvokeSpecial(java.lang.Object, int)'> (0x0000000088cd2c10) thrown at [./src/hotspot/share/interpreter/linkResolver.cpp, line 773]
Event: 46.814 Thread 0x0000026466d84800 Exception <a 'java/lang/NoSuchMethodError'{0x000000008812f188}: 'void java.lang.invoke.DirectMethodHandle$Holder.invokeStatic(java.lang.Object, long)'> (0x000000008812f188) thrown at [./src/hotspot/share/interpreter/linkResolver.cpp, line 773]
Event: 46.817 Thread 0x0000026466d84800 Exception <a 'java/lang/NoSuchMethodError'{0x0000000088134648}: 'java.lang.Object java.lang.invoke.DirectMethodHandle$Holder.invokeStatic(java.lang.Object, long)'> (0x0000000088134648) thrown at [./src/hotspot/share/interpreter/linkResolver.cpp, line 773]
Event: 46.825 Thread 0x0000026466d84800 Exception <a 'java/lang/NoSuchMethodError'{0x00000000881429b0}: 'java.lang.Object java.lang.invoke.DirectMethodHandle$Holder.invokeStaticInit(java.lang.Object, java.lang.Object, long, java.lang.Object)'> (0x00000000881429b0) thrown at [./src/hotspot/share/interpreter/linkResolver.cpp, line 773]
Event: 46.832 Thread 0x0000026466d84800 Exception <a 'java/lang/NoSuchMethodError'{0x0000000088148b48}: 'java.lang.Object java.lang.invoke.DirectMethodHandle$Holder.invokeStatic(java.lang.Object, java.lang.Object, long)'> (0x0000000088148b48) thrown at [./src/hotspot/share/interpreter/linkResolver.cpp, line 773]
Event: 46.834 Thread 0x0000026466d84800 Exception <a 'java/lang/NoSuchMethodError'{0x000000008814f0c0}: 'java.lang.Object java.lang.invoke.Invokers$Holder.linkToTargetMethod(java.lang.Object, long, java.lang.Object)'> (0x000000008814f0c0) thrown at [./src/hotspot/share/interpreter/linkResolver.cpp, line 773]
Event: 47.007 Thread 0x0000026466d89000 Exception <a 'java/lang/NoSuchMethodError'{0x000000008a069398}: 'java.lang.Object java.lang.invoke.DirectMethodHandle$Holder.invokeStaticInit(java.lang.Object, java.lang.Object, java.lang.Object, java.lang.Object, java.lang.Object, java.lang.Object, java.lang.Object, java.lang.Object, java.lang.Object, java.lang.Object, java.lang.Object, java.lang.Object, java.lang.Object, java.lang.Object, java.lang.Object, java.lang.Object, java.lang.Object, java.lang.Object, int, java.lang.Object, java.lang.Object)'> (0
Event: 47.782 Thread 0x0000026466d84800 Exception <a 'java/lang/NoSuchMethodError'{0x0000000089aa01b8}: 'int java.lang.invoke.DirectMethodHandle$Holder.invokeSpecialIFC(java.lang.Object, java.lang.Object, java.lang.Object)'> (0x0000000089aa01b8) thrown at [./src/hotspot/share/interpreter/linkResolver.cpp, line 773]
Event: 48.656 Thread 0x0000026466d87800 Exception <a 'java/lang/IncompatibleClassChangeError'{0x000000008a41c3f0}: Found class java.lang.Object, but interface was expected> (0x000000008a41c3f0) thrown at [./src/hotspot/share/interpreter/linkResolver.cpp, line 839]
Event: 48.656 Thread 0x0000026466d90000 Exception <a 'java/lang/IncompatibleClassChangeError'{0x000000008a43c918}: Found class java.lang.Object, but interface was expected> (0x000000008a43c918) thrown at [./src/hotspot/share/interpreter/linkResolver.cpp, line 839]
Event: 48.664 Thread 0x0000026466d85000 Exception <a 'java/lang/IncompatibleClassChangeError'{0x000000008a48a088}: Found class java.lang.Object, but interface was expected> (0x000000008a48a088) thrown at [./src/hotspot/share/interpreter/linkResolver.cpp, line 839]
Event: 48.664 Thread 0x0000026466d90000 Exception <a 'java/lang/IncompatibleClassChangeError'{0x000000008a48b678}: Found class java.lang.Object, but interface was expected> (0x000000008a48b678) thrown at [./src/hotspot/share/interpreter/linkResolver.cpp, line 839]
Event: 48.664 Thread 0x0000026466d87800 Exception <a 'java/lang/IncompatibleClassChangeError'{0x000000008a487a80}: Found class java.lang.Object, but interface was expected> (0x000000008a487a80) thrown at [./src/hotspot/share/interpreter/linkResolver.cpp, line 839]
Event: 48.665 Thread 0x0000026466d87800 Exception <a 'java/lang/IncompatibleClassChangeError'{0x000000008a49ce70}: Found class java.lang.Object, but interface was expected> (0x000000008a49ce70) thrown at [./src/hotspot/share/interpreter/linkResolver.cpp, line 839]
Event: 48.665 Thread 0x0000026466d85000 Exception <a 'java/lang/IncompatibleClassChangeError'{0x000000008a497b60}: Found class java.lang.Object, but interface was expected> (0x000000008a497b60) thrown at [./src/hotspot/share/interpreter/linkResolver.cpp, line 839]
Event: 48.665 Thread 0x0000026466d90000 Exception <a 'java/lang/IncompatibleClassChangeError'{0x000000008a49f9e0}: Found class java.lang.Object, but interface was expected> (0x000000008a49f9e0) thrown at [./src/hotspot/share/interpreter/linkResolver.cpp, line 839]

Events (20 events):
Event: 48.800 loading class com/android/tools/r8/internal/kl done
Event: 48.805 loading class com/android/tools/r8/internal/PD
Event: 48.805 loading class com/android/tools/r8/internal/PD done
Event: 48.863 loading class com/android/tools/r8/internal/pG
Event: 48.863 loading class com/android/tools/r8/internal/pG done
Event: 48.984 Executing VM operation: G1CollectForAllocation
Event: 49.009 Executing VM operation: G1CollectForAllocation done
Event: 49.201 Executing VM operation: G1CollectForAllocation
Event: 49.224 Executing VM operation: G1CollectForAllocation done
Event: 49.707 Executing VM operation: CGC_Operation
Event: 49.753 Executing VM operation: CGC_Operation done
Event: 50.016 Executing VM operation: CGC_Operation
Event: 50.038 Executing VM operation: CGC_Operation done
Event: 50.050 Executing VM operation: G1CollectForAllocation
Event: 50.073 Executing VM operation: G1CollectForAllocation done
Event: 50.290 Executing VM operation: G1CollectForAllocation
Event: 50.319 Executing VM operation: G1CollectForAllocation done
Event: 50.625 Executing VM operation: G1CollectForAllocation
Event: 50.679 Executing VM operation: G1CollectForAllocation done
Event: 50.949 Executing VM operation: G1CollectForAllocation


Dynamic libraries:
0x00007ff6bfb80000 - 0x00007ff6bfb8a000 	C:\Program Files\Android\Android Studio\jre\bin\java.exe
0x00007ffbf7470000 - 0x00007ffbf7668000 	C:\WINDOWS\SYSTEM32\ntdll.dll
0x00007ffbf7370000 - 0x00007ffbf742f000 	C:\WINDOWS\System32\KERNEL32.DLL
0x00007ffbf4ce0000 - 0x00007ffbf4fb2000 	C:\WINDOWS\System32\KERNELBASE.dll
0x00007ffbf5320000 - 0x00007ffbf5420000 	C:\WINDOWS\System32\ucrtbase.dll
0x00007ffbed430000 - 0x00007ffbed449000 	C:\Program Files\Android\Android Studio\jre\bin\jli.dll
0x00007ffbf54b0000 - 0x00007ffbf5651000 	C:\WINDOWS\System32\USER32.dll
0x00007ffbf4cb0000 - 0x00007ffbf4cd2000 	C:\WINDOWS\System32\win32u.dll
0x00007ffbf7290000 - 0x00007ffbf72bb000 	C:\WINDOWS\System32\GDI32.dll
0x00007ffbf4fc0000 - 0x00007ffbf50cf000 	C:\WINDOWS\System32\gdi32full.dll
0x00007ffbf50d0000 - 0x00007ffbf516d000 	C:\WINDOWS\System32\msvcp_win.dll
0x00007ffbedf50000 - 0x00007ffbedf67000 	C:\Program Files\Android\Android Studio\jre\bin\VCRUNTIME140.dll
0x00007ffbe6460000 - 0x00007ffbe66fa000 	C:\WINDOWS\WinSxS\amd64_microsoft.windows.common-controls_6595b64144ccf1df_6.0.19041.1110_none_60b5254171f9507e\COMCTL32.dll
0x00007ffbf6650000 - 0x00007ffbf66ee000 	C:\WINDOWS\System32\msvcrt.dll
0x00007ffbf7250000 - 0x00007ffbf7282000 	C:\WINDOWS\System32\IMM32.DLL
0x00007ffbeda40000 - 0x00007ffbedadd000 	C:\Program Files\Android\Android Studio\jre\bin\msvcp140.dll
0x00007ffbcfa30000 - 0x00007ffbd0532000 	C:\Program Files\Android\Android Studio\jre\bin\server\jvm.dll
0x00007ffbf65a0000 - 0x00007ffbf664e000 	C:\WINDOWS\System32\ADVAPI32.dll
0x00007ffbf72c0000 - 0x00007ffbf735c000 	C:\WINDOWS\System32\sechost.dll
0x00007ffbf6a80000 - 0x00007ffbf6ba5000 	C:\WINDOWS\System32\RPCRT4.dll
0x00007ffbf7360000 - 0x00007ffbf7368000 	C:\WINDOWS\System32\PSAPI.DLL
0x00007ffbeec60000 - 0x00007ffbeec69000 	C:\WINDOWS\SYSTEM32\WSOCK32.dll
0x00007ffbec700000 - 0x00007ffbec727000 	C:\WINDOWS\SYSTEM32\WINMM.dll
0x00007ffbf6890000 - 0x00007ffbf68fb000 	C:\WINDOWS\System32\WS2_32.dll
0x00007ffbec730000 - 0x00007ffbec73a000 	C:\WINDOWS\SYSTEM32\VERSION.dll
0x00007ffbf2a20000 - 0x00007ffbf2a32000 	C:\WINDOWS\SYSTEM32\kernel.appcore.dll
0x00007ffbedf30000 - 0x00007ffbedf41000 	C:\Program Files\Android\Android Studio\jre\bin\verify.dll
0x00007ffbdf6e0000 - 0x00007ffbdf8c4000 	C:\WINDOWS\SYSTEM32\DBGHELP.DLL
0x00007ffbdf6a0000 - 0x00007ffbdf6d5000 	C:\WINDOWS\SYSTEM32\dbgcore.DLL
0x00007ffbf5420000 - 0x00007ffbf54a2000 	C:\WINDOWS\System32\bcryptPrimitives.dll
0x00007ffbedc90000 - 0x00007ffbedcb9000 	C:\Program Files\Android\Android Studio\jre\bin\java.dll
0x00007ffbedf20000 - 0x00007ffbedf2b000 	C:\Program Files\Android\Android Studio\jre\bin\jimage.dll
0x00007ffbedb30000 - 0x00007ffbedb48000 	C:\Program Files\Android\Android Studio\jre\bin\zip.dll
0x00007ffbf5e50000 - 0x00007ffbf6594000 	C:\WINDOWS\System32\SHELL32.dll
0x00007ffbf2c20000 - 0x00007ffbf33b2000 	C:\WINDOWS\SYSTEM32\windows.storage.dll
0x00007ffbf6d40000 - 0x00007ffbf7095000 	C:\WINDOWS\System32\combase.dll
0x00007ffbf44e0000 - 0x00007ffbf4510000 	C:\WINDOWS\SYSTEM32\Wldp.dll
0x00007ffbf5c60000 - 0x00007ffbf5d0d000 	C:\WINDOWS\System32\SHCORE.dll
0x00007ffbf6a20000 - 0x00007ffbf6a75000 	C:\WINDOWS\System32\shlwapi.dll
0x00007ffbf4aa0000 - 0x00007ffbf4abf000 	C:\WINDOWS\SYSTEM32\profapi.dll
0x00007ffbedb10000 - 0x00007ffbedb2a000 	C:\Program Files\Android\Android Studio\jre\bin\net.dll
0x00007ffbeaf80000 - 0x00007ffbeb08c000 	C:\WINDOWS\SYSTEM32\WINHTTP.dll
0x00007ffbf4240000 - 0x00007ffbf42aa000 	C:\WINDOWS\system32\mswsock.dll
0x00007ffbedaf0000 - 0x00007ffbedb04000 	C:\Program Files\Android\Android Studio\jre\bin\nio.dll
0x00007ffbe6700000 - 0x00007ffbe6727000 	C:\Users\acer\.gradle\native\e1d6ef7f7dcc3fd88c89a11ec53ec762bb8ba0a96d01ffa2cd45eb1d1d8dd5c5\windows-amd64\native-platform.dll
0x00007ffbb1b40000 - 0x00007ffbb1c84000 	C:\Users\acer\.gradle\native\0d407fdbe67a94daf76414ababcb853783967236a71b16ec16e742cd7a986fd3\windows-amd64\native-platform-file-events.dll
0x00007ffbedf10000 - 0x00007ffbedf1a000 	C:\Program Files\Android\Android Studio\jre\bin\management.dll
0x00007ffbedae0000 - 0x00007ffbedaed000 	C:\Program Files\Android\Android Studio\jre\bin\management_ext.dll
0x00007ffbf4430000 - 0x00007ffbf4448000 	C:\WINDOWS\SYSTEM32\CRYPTSP.dll
0x00007ffbf3b60000 - 0x00007ffbf3b94000 	C:\WINDOWS\system32\rsaenh.dll
0x00007ffbf4b60000 - 0x00007ffbf4b87000 	C:\WINDOWS\System32\bcrypt.dll
0x00007ffbf4a20000 - 0x00007ffbf4a4e000 	C:\WINDOWS\SYSTEM32\USERENV.dll
0x00007ffbf4450000 - 0x00007ffbf445c000 	C:\WINDOWS\SYSTEM32\CRYPTBASE.dll
0x00007ffbf3f30000 - 0x00007ffbf3f6b000 	C:\WINDOWS\SYSTEM32\IPHLPAPI.DLL
0x00007ffbf66f0000 - 0x00007ffbf66f8000 	C:\WINDOWS\System32\NSI.dll
0x00007ffbec150000 - 0x00007ffbec167000 	C:\WINDOWS\SYSTEM32\dhcpcsvc6.DLL
0x00007ffbec740000 - 0x00007ffbec75d000 	C:\WINDOWS\SYSTEM32\dhcpcsvc.DLL
0x00007ffbf3f70000 - 0x00007ffbf403a000 	C:\WINDOWS\SYSTEM32\DNSAPI.dll
0x00007ffbed7a0000 - 0x00007ffbed7c7000 	C:\Program Files\Android\Android Studio\jre\bin\sunec.dll
0x00007ffbe3aa0000 - 0x00007ffbe3aaa000 	C:\Windows\System32\rasadhlp.dll

dbghelp: loaded successfully - version: 4.0.5 - missing functions: none
symbol engine: initialized successfully - sym options: 0x614 - pdb path: .;C:\Program Files\Android\Android Studio\jre\bin;C:\WINDOWS\SYSTEM32;C:\WINDOWS\WinSxS\amd64_microsoft.windows.common-controls_6595b64144ccf1df_6.0.19041.1110_none_60b5254171f9507e;C:\Program Files\Android\Android Studio\jre\bin\server;C:\Users\acer\.gradle\native\e1d6ef7f7dcc3fd88c89a11ec53ec762bb8ba0a96d01ffa2cd45eb1d1d8dd5c5\windows-amd64;C:\Users\acer\.gradle\native\0d407fdbe67a94daf76414ababcb853783967236a71b16ec16e742cd7a986fd3\windows-amd64

VM Arguments:
jvm_args: --add-opens=java.base/java.util=ALL-UNNAMED --add-opens=java.base/java.lang=ALL-UNNAMED --add-opens=java.base/java.lang.invoke=ALL-UNNAMED --add-opens=java.base/java.util=ALL-UNNAMED --add-opens=java.prefs/java.util.prefs=ALL-UNNAMED --add-opens=java.prefs/java.util.prefs=ALL-UNNAMED --add-opens=java.base/java.nio.charset=ALL-UNNAMED --add-opens=java.base/java.net=ALL-UNNAMED --add-opens=java.base/java.util.concurrent.atomic=ALL-UNNAMED -Xmx2048m -Dfile.encoding=UTF-8 -Duser.country=IN -Duser.language=en -Duser.variant 
java_command: org.gradle.launcher.daemon.bootstrap.GradleDaemon 7.4
java_class_path (initial): C:\Users\acer\.gradle\wrapper\dists\gradle-7.4-bin\c0gwcg53nkjbqw7r0h0umtfvt\gradle-7.4\lib\gradle-launcher-7.4.jar
Launcher Type: SUN_STANDARD

[Global flags]
     intx CICompilerCount                          = 3                                         {product} {ergonomic}
     uint ConcGCThreads                            = 1                                         {product} {ergonomic}
     uint G1ConcRefinementThreads                  = 4                                         {product} {ergonomic}
   size_t G1HeapRegionSize                         = 1048576                                   {product} {ergonomic}
    uintx GCDrainStackTargetSize                   = 64                                        {product} {ergonomic}
   size_t InitialHeapSize                          = 117440512                                 {product} {ergonomic}
   size_t MarkStackSize                            = 4194304                                   {product} {ergonomic}
   size_t MaxHeapSize                              = 2147483648                                {product} {command line}
   size_t MaxNewSize                               = 1287651328                                {product} {ergonomic}
   size_t MinHeapDeltaBytes                        = 1048576                                   {product} {ergonomic}
    uintx NonNMethodCodeHeapSize                   = 5830732                                {pd product} {ergonomic}
    uintx NonProfiledCodeHeapSize                  = 122913754                              {pd product} {ergonomic}
    uintx ProfiledCodeHeapSize                     = 122913754                              {pd product} {ergonomic}
    uintx ReservedCodeCacheSize                    = 251658240                              {pd product} {ergonomic}
     bool SegmentedCodeCache                       = true                                      {product} {ergonomic}
     bool UseCompressedClassPointers               = true                                 {lp64_product} {ergonomic}
     bool UseCompressedOops                        = true                                 {lp64_product} {ergonomic}
     bool UseG1GC                                  = true                                      {product} {ergonomic}
     bool UseLargePagesIndividualAllocation        = false                                  {pd product} {ergonomic}

Logging:
Log output configuration:
 #0: stdout all=warning uptime,level,tags
 #1: stderr all=off uptime,level,tags

Environment Variables:
JAVA_HOME=C:\Program Files\Java\jdk-18.0.2
PATH=C:\Program Files\Common Files\Oracle\Java\javapath;C:\WINDOWS\system32;C:\WINDOWS;C:\WINDOWS\System32\Wbem;C:\WINDOWS\System32\WindowsPowerShell\v1.0\;C:\WINDOWS\System32\OpenSSH\;C:\Program Files\nodejs;C:\Program Files\dotnet\;C:\Program Files\nodejs\;C:\Users\acer\AppData\Local\Android\Sdk\platform-tools;C:\Users\acer\AppData\Local\Android\Sdk;C:\ProgramData\chocolatey\bin;C:\Program Files\Git\cmd;C:\Users\acer\AppData\Local\Microsoft\WindowsApps;C:\Program Files\JetBrains\PyCharm Community Edition 2021.2.2\bin;;C:\Program Files\nodejs;C:\Program Files\JetBrains\IntelliJ IDEA Community Edition 2022.2.1\bin;;C:\Users\acer\AppData\Roaming\npm;C:\Users\acer\AppData\Local\Programs\Microsoft VS Code\bin;C:\Users\acer\AppData\Local\Android\Sdk\platform-tools;
USERNAME=shergill
OS=Windows_NT
PROCESSOR_IDENTIFIER=AMD64 Family 22 Model 48 Stepping 1, AuthenticAMD



---------------  S Y S T E M  ---------------

OS: Windows 10 , 64 bit Build 19041 (10.0.19041.2251)
OS uptime: 0 days 12:17 hours

CPU:total 4 (initial active 4) (4 cores per cpu, 1 threads per core) family 22 model 48 stepping 1 microcode 0x0, cmov, cx8, fxsr, mmx, sse, sse2, sse3, ssse3, sse4.1, sse4.2, popcnt, avx, aes, clmul, mmxext, 3dnowpref, lzcnt, sse4a, tsc, tscinvbit, tscinv, bmi1

Memory: 4k page, system-wide physical 7094M (1204M free)
TotalPageFile size 8476M (AvailPageFile size 27M)
current process WorkingSet (physical memory assigned to process): 494M, peak: 499M
current process commit charge ("private bytes"): 537M, peak: 581M

vm_info: OpenJDK 64-Bit Server VM (11.0.13+0-b1751.21-8125866) for windows-amd64 JRE (11.0.13+0-b1751.21-8125866), built on Feb  2 2022 03:00:22 by "builder" with MS VC++ 14.0 (VS2015)

END.
