#
# There is insufficient memory for the Java Runtime Environment to continue.
# Native memory allocation (mmap) failed to map 70254592 bytes for Failed to commit area from 0x000000008ce00000 to 0x0000000091100000 of length 70254592.
# Possible reasons:
#   The system is out of physical RAM or swap space
#   The process is running with CompressedOops enabled, and the Java Heap may be blocking the growth of the native heap
# Possible solutions:
#   Reduce memory load on the system
#   Increase physical memory or swap space
#   Check if swap backing store is full
#   Decrease Java heap size (-Xmx/-Xms)
#   Decrease number of Java threads
#   Decrease Java thread stack sizes (-Xss)
#   Set larger code cache with -XX:ReservedCodeCacheSize=
#   JVM is running with Unscaled Compressed Oops mode in which the Java heap is
#     placed in the first 4GB address space. The Java Heap base address is the
#     maximum limit for the native heap growth. Please use -XX:HeapBaseMinAddress
#     to set the Java Heap base and to place the Java Heap above 4GB virtual address.
# This output file may be truncated or incomplete.
#
#  Out of Memory Error (./src/hotspot/os/windows/os_windows.cpp:3619), pid=2276, tid=1188
#
# JRE version: OpenJDK Runtime Environment (11.0.13) (build 11.0.13+0-b1751.21-8125866)
# Java VM: OpenJDK 64-Bit Server VM (11.0.13+0-b1751.21-8125866, mixed mode, tiered, compressed oops, g1 gc, windows-amd64)
# No core dump will be written. Minidumps are not enabled by default on client versions of Windows
#

---------------  S U M M A R Y ------------

Command Line: --add-opens=java.base/java.util=ALL-UNNAMED --add-opens=java.base/java.lang=ALL-UNNAMED --add-opens=java.base/java.lang.invoke=ALL-UNNAMED --add-opens=java.base/java.util=ALL-UNNAMED --add-opens=java.prefs/java.util.prefs=ALL-UNNAMED --add-opens=java.prefs/java.util.prefs=ALL-UNNAMED --add-opens=java.base/java.nio.charset=ALL-UNNAMED --add-opens=java.base/java.net=ALL-UNNAMED --add-opens=java.base/java.util.concurrent.atomic=ALL-UNNAMED -Xmx2048m -Dfile.encoding=UTF-8 -Duser.country=IN -Duser.language=en -Duser.variant org.gradle.launcher.daemon.bootstrap.GradleDaemon 7.4

Host: AMD A6-7310 APU with AMD Radeon R4 Graphics    , 4 cores, 6G,  Windows 10 , 64 bit Build 19041 (10.0.19041.2251)
Time: Thu Dec 29 09:42:25 2022 India Standard Time elapsed time: 47.077777 seconds (0d 0h 0m 47s)

---------------  T H R E A D  ---------------

Current thread (0x000001e4bd207000):  VMThread "VM Thread" [stack: 0x000000634f600000,0x000000634f700000] [id=1188]

Stack: [0x000000634f600000,0x000000634f700000]
[error occurred during error reporting (printing stack bounds), id 0xc0000005, EXCEPTION_ACCESS_VIOLATION (0xc0000005) at pc=0x000001e4a69c112d]

Native frames: (J=compiled Java code, j=interpreted, Vv=VM code, C=native code)
V  [jvm.dll+0x6100fa]
V  [jvm.dll+0x747090]
V  [jvm.dll+0x7486ad]
V  [jvm.dll+0x748ce5]
V  [jvm.dll+0x748c9b]
V  [jvm.dll+0x60f224]
V  [jvm.dll+0x60f9b8]
C  [ntdll.dll+0xa241f]
C  [ntdll.dll+0x514a4]
C  [ntdll.dll+0xa0f4e]
C  0x000001e4a69c112d

VM_Operation (0x0000006355cfe1a0): G1CollectForAllocation, mode: safepoint, requested by thread 0x000001e4c3d8c800


---------------  P R O C E S S  ---------------

Threads class SMR info:
_java_thread_list=0x000001e4c38dd9c0, length=98, elements={
0x000001e4a16ea800, 0x000001e4bd20b000, 0x000001e4bd210800, 0x000001e4bd227000,
0x000001e4bd227800, 0x000001e4bd229800, 0x000001e4bd22f000, 0x000001e4bd230000,
0x000001e4bd235800, 0x000001e4bdcdf800, 0x000001e4befd1000, 0x000001e4bfd44800,
0x000001e4bfd84000, 0x000001e4bf10d800, 0x000001e4bfda6000, 0x000001e4bf0cc000,
0x000001e4c080f800, 0x000001e4bfc4c800, 0x000001e4bdf80800, 0x000001e4bfda1000,
0x000001e4bedff000, 0x000001e4bedfc000, 0x000001e4bedfd800, 0x000001e4bedfe000,
0x000001e4bee00000, 0x000001e4bedfb000, 0x000001e4bedfc800, 0x000001e4bedfa000,
0x000001e4bee00800, 0x000001e4c160d800, 0x000001e4c160a800, 0x000001e4c160c800,
0x000001e4c160b000, 0x000001e4c160c000, 0x000001e4c1612800, 0x000001e4c1610000,
0x000001e4c1611000, 0x000001e4c1614000, 0x000001e4c1611800, 0x000001e4c160e800,
0x000001e4c1613800, 0x000001e4c1615000, 0x000001e4c160f000, 0x000001e4c1615800,
0x000001e4c1616800, 0x000001e4c1617800, 0x000001e4c1618000, 0x000001e4bfcb1000,
0x000001e4bfcaf000, 0x000001e4bfcb1800, 0x000001e4bfcad800, 0x000001e4bfcb2800,
0x000001e4bfcb3000, 0x000001e4bfcb4000, 0x000001e4bfcae800, 0x000001e4bfcb5000,
0x000001e4bfcb5800, 0x000001e4bfcb0000, 0x000001e4bfcb7800, 0x000001e4bfcbb800,
0x000001e4bfcba800, 0x000001e4bfcb6800, 0x000001e4bfcbc000, 0x000001e4bfcb8000,
0x000001e4bfcb9000, 0x000001e4bfcba000, 0x000001e4c051b800, 0x000001e4c051c000,
0x000001e4c051d000, 0x000001e4c0518000, 0x000001e4c051e800, 0x000001e4c051d800,
0x000001e4c0519000, 0x000001e4c0519800, 0x000001e4c051a800, 0x000001e4c0347800,
0x000001e4c0342800, 0x000001e4c0346800, 0x000001e4c0345000, 0x000001e4c0346000,
0x000001e4c0342000, 0x000001e4c034b000, 0x000001e4c0348800, 0x000001e4c034d000,
0x000001e4c034e000, 0x000001e4c034c800, 0x000001e4bdbb6800, 0x000001e4c034b800,
0x000001e4c034a000, 0x000001e4c034f000, 0x000001e4c0349000, 0x000001e4c0350800,
0x000001e4c034f800, 0x000001e4c3d90800, 0x000001e4c3d8f800, 0x000001e4c3d91800,
0x000001e4c3d8e000, 0x000001e4c3d8c800
}

Java Threads: ( => current thread )
  0x000001e4a16ea800 JavaThread "main" [_thread_blocked, id=6548, stack(0x000000634f000000,0x000000634f100000)]
  0x000001e4bd20b000 JavaThread "Reference Handler" daemon [_thread_blocked, id=2296, stack(0x000000634f700000,0x000000634f800000)]
  0x000001e4bd210800 JavaThread "Finalizer" daemon [_thread_blocked, id=564, stack(0x000000634f800000,0x000000634f900000)]
  0x000001e4bd227000 JavaThread "Signal Dispatcher" daemon [_thread_blocked, id=3328, stack(0x000000634f900000,0x000000634fa00000)]
  0x000001e4bd227800 JavaThread "Attach Listener" daemon [_thread_blocked, id=7208, stack(0x000000634fa00000,0x000000634fb00000)]
  0x000001e4bd229800 JavaThread "Service Thread" daemon [_thread_blocked, id=6632, stack(0x000000634fb00000,0x000000634fc00000)]
  0x000001e4bd22f000 JavaThread "C2 CompilerThread0" daemon [_thread_blocked, id=2380, stack(0x000000634fc00000,0x000000634fd00000)]
  0x000001e4bd230000 JavaThread "C1 CompilerThread0" daemon [_thread_blocked, id=4208, stack(0x000000634fd00000,0x000000634fe00000)]
  0x000001e4bd235800 JavaThread "Sweeper thread" daemon [_thread_blocked, id=6664, stack(0x000000634fe00000,0x000000634ff00000)]
  0x000001e4bdcdf800 JavaThread "Common-Cleaner" daemon [_thread_blocked, id=1776, stack(0x000000634ff00000,0x0000006350000000)]
  0x000001e4befd1000 JavaThread "Daemon health stats" [_thread_blocked, id=9748, stack(0x0000006350300000,0x0000006350400000)]
  0x000001e4bfd44800 JavaThread "Incoming local TCP Connector on port 51497" [_thread_in_native, id=488, stack(0x0000006350100000,0x0000006350200000)]
  0x000001e4bfd84000 JavaThread "Daemon periodic checks" [_thread_blocked, id=8944, stack(0x0000006350400000,0x0000006350500000)]
  0x000001e4bf10d800 JavaThread "Daemon" [_thread_blocked, id=9992, stack(0x0000006350500000,0x0000006350600000)]
  0x000001e4bfda6000 JavaThread "Handler for socket connection from /127.0.0.1:51497 to /127.0.0.1:51498" [_thread_in_native, id=8684, stack(0x0000006350600000,0x0000006350700000)]
  0x000001e4bf0cc000 JavaThread "Cancel handler" [_thread_blocked, id=2924, stack(0x0000006350700000,0x0000006350800000)]
  0x000001e4c080f800 JavaThread "Daemon worker" [_thread_blocked, id=5044, stack(0x0000006350800000,0x0000006350900000)]
  0x000001e4bfc4c800 JavaThread "Asynchronous log dispatcher for DefaultDaemonConnection: socket connection from /127.0.0.1:51497 to /127.0.0.1:51498" [_thread_blocked, id=11028, stack(0x0000006350900000,0x0000006350a00000)]
  0x000001e4bdf80800 JavaThread "Stdin handler" [_thread_blocked, id=1136, stack(0x0000006350a00000,0x0000006350b00000)]
  0x000001e4bfda1000 JavaThread "Daemon client event forwarder" [_thread_blocked, id=6972, stack(0x0000006350d00000,0x0000006350e00000)]
  0x000001e4bedff000 JavaThread "Cache worker for journal cache (C:\Users\acer\.gradle\caches\journal-1)" [_thread_blocked, id=3964, stack(0x0000006350e00000,0x0000006350f00000)]
  0x000001e4bedfc000 JavaThread "File lock request listener" [_thread_in_native, id=1868, stack(0x0000006350f00000,0x0000006351000000)]
  0x000001e4bedfd800 JavaThread "Cache worker for file hash cache (C:\Users\acer\.gradle\caches\7.4\fileHashes)" [_thread_blocked, id=9492, stack(0x0000006351000000,0x0000006351100000)]
  0x000001e4bedfe000 JavaThread "File watcher server" daemon [_thread_blocked, id=11160, stack(0x0000006351200000,0x0000006351300000)]
  0x000001e4bee00000 JavaThread "File watcher consumer" daemon [_thread_blocked, id=908, stack(0x0000006351300000,0x0000006351400000)]
  0x000001e4bedfb000 JavaThread "Cache worker for checksums cache (C:\Users\acer\AndroidStudioProjects\CoroutineScope\.gradle\7.4\checksums)" [_thread_blocked, id=5524, stack(0x0000006351400000,0x0000006351500000)]
  0x000001e4bedfc800 JavaThread "Cache worker for cache directory md-rule (C:\Users\acer\.gradle\caches\7.4\md-rule)" [_thread_blocked, id=2792, stack(0x0000006351500000,0x0000006351600000)]
  0x000001e4bedfa000 JavaThread "Cache worker for file hash cache (C:\Users\acer\AndroidStudioProjects\CoroutineScope\.gradle\7.4\fileHashes)" [_thread_blocked, id=5468, stack(0x0000006351600000,0x0000006351700000)]
  0x000001e4bee00800 JavaThread "Cache worker for cache directory md-supplier (C:\Users\acer\.gradle\caches\7.4\md-supplier)" [_thread_blocked, id=4020, stack(0x0000006351700000,0x0000006351800000)]
  0x000001e4c160d800 JavaThread "Cache worker for execution history cache (C:\Users\acer\.gradle\caches\7.4\executionHistory)" [_thread_blocked, id=7248, stack(0x0000006351800000,0x0000006351900000)]
  0x000001e4c160a800 JavaThread "jar transforms" [_thread_blocked, id=808, stack(0x0000006351900000,0x0000006351a00000)]
  0x000001e4c160c800 JavaThread "Cache worker for file content cache (C:\Users\acer\.gradle\caches\7.4\fileContent)" [_thread_blocked, id=5216, stack(0x0000006351a00000,0x0000006351b00000)]
  0x000001e4c160b000 JavaThread "jar transforms Thread 2" [_thread_blocked, id=5144, stack(0x0000006351b00000,0x0000006351c00000)]
  0x000001e4c160c000 JavaThread "Cache worker for dependencies-accessors (C:\Users\acer\AndroidStudioProjects\CoroutineScope\.gradle\7.4\dependencies-accessors)" [_thread_blocked, id=10052, stack(0x0000006351c00000,0x0000006351d00000)]
  0x000001e4c1612800 JavaThread "jar transforms Thread 3" [_thread_blocked, id=9136, stack(0x0000006351d00000,0x0000006351e00000)]
  0x000001e4c1610000 JavaThread "Cache worker for Build Output Cleanup Cache (C:\Users\acer\AndroidStudioProjects\CoroutineScope\.gradle\buildOutputCleanup)" [_thread_blocked, id=5876, stack(0x0000006351e00000,0x0000006351f00000)]
  0x000001e4c1611000 JavaThread "Unconstrained build operations" [_thread_blocked, id=8080, stack(0x0000006351f00000,0x0000006352000000)]
  0x000001e4c1614000 JavaThread "Unconstrained build operations Thread 2" [_thread_blocked, id=7444, stack(0x0000006352000000,0x0000006352100000)]
  0x000001e4c1611800 JavaThread "Unconstrained build operations Thread 3" [_thread_blocked, id=5564, stack(0x0000006352100000,0x0000006352200000)]
  0x000001e4c160e800 JavaThread "Unconstrained build operations Thread 4" [_thread_blocked, id=6804, stack(0x0000006352200000,0x0000006352300000)]
  0x000001e4c1613800 JavaThread "Unconstrained build operations Thread 5" [_thread_blocked, id=6908, stack(0x0000006352300000,0x0000006352400000)]
  0x000001e4c1615000 JavaThread "Unconstrained build operations Thread 6" [_thread_blocked, id=10556, stack(0x0000006352400000,0x0000006352500000)]
  0x000001e4c160f000 JavaThread "Unconstrained build operations Thread 7" [_thread_blocked, id=5380, stack(0x0000006352500000,0x0000006352600000)]
  0x000001e4c1615800 JavaThread "Unconstrained build operations Thread 8" [_thread_blocked, id=4916, stack(0x0000006352600000,0x0000006352700000)]
  0x000001e4c1616800 JavaThread "Unconstrained build operations Thread 9" [_thread_blocked, id=1452, stack(0x0000006352700000,0x0000006352800000)]
  0x000001e4c1617800 JavaThread "Unconstrained build operations Thread 10" [_thread_blocked, id=8756, stack(0x0000006352800000,0x0000006352900000)]
  0x000001e4c1618000 JavaThread "Unconstrained build operations Thread 11" [_thread_blocked, id=5148, stack(0x0000006352900000,0x0000006352a00000)]
  0x000001e4bfcb1000 JavaThread "Unconstrained build operations Thread 12" [_thread_blocked, id=6264, stack(0x0000006352a00000,0x0000006352b00000)]
  0x000001e4bfcaf000 JavaThread "Unconstrained build operations Thread 13" [_thread_blocked, id=5720, stack(0x0000006352b00000,0x0000006352c00000)]
  0x000001e4bfcb1800 JavaThread "Unconstrained build operations Thread 14" [_thread_blocked, id=9400, stack(0x0000006352c00000,0x0000006352d00000)]
  0x000001e4bfcad800 JavaThread "Unconstrained build operations Thread 15" [_thread_blocked, id=4476, stack(0x0000006352d00000,0x0000006352e00000)]
  0x000001e4bfcb2800 JavaThread "Unconstrained build operations Thread 16" [_thread_blocked, id=5620, stack(0x0000006352e00000,0x0000006352f00000)]
  0x000001e4bfcb3000 JavaThread "Unconstrained build operations Thread 17" [_thread_blocked, id=10884, stack(0x0000006352f00000,0x0000006353000000)]
  0x000001e4bfcb4000 JavaThread "Unconstrained build operations Thread 18" [_thread_blocked, id=10180, stack(0x0000006353000000,0x0000006353100000)]
  0x000001e4bfcae800 JavaThread "Unconstrained build operations Thread 19" [_thread_blocked, id=10424, stack(0x0000006353100000,0x0000006353200000)]
  0x000001e4bfcb5000 JavaThread "Unconstrained build operations Thread 20" [_thread_blocked, id=1952, stack(0x0000006353200000,0x0000006353300000)]
  0x000001e4bfcb5800 JavaThread "Unconstrained build operations Thread 21" [_thread_blocked, id=8824, stack(0x0000006353300000,0x0000006353400000)]
  0x000001e4bfcb0000 JavaThread "Unconstrained build operations Thread 22" [_thread_blocked, id=10164, stack(0x0000006353400000,0x0000006353500000)]
  0x000001e4bfcb7800 JavaThread "Unconstrained build operations Thread 23" [_thread_blocked, id=10772, stack(0x0000006353500000,0x0000006353600000)]
  0x000001e4bfcbb800 JavaThread "Unconstrained build operations Thread 24" [_thread_blocked, id=10528, stack(0x0000006353600000,0x0000006353700000)]
  0x000001e4bfcba800 JavaThread "Unconstrained build operations Thread 25" [_thread_blocked, id=6000, stack(0x0000006353700000,0x0000006353800000)]
  0x000001e4bfcb6800 JavaThread "Unconstrained build operations Thread 26" [_thread_blocked, id=3656, stack(0x0000006353800000,0x0000006353900000)]
  0x000001e4bfcbc000 JavaThread "Unconstrained build operations Thread 27" [_thread_blocked, id=5448, stack(0x0000006353900000,0x0000006353a00000)]
  0x000001e4bfcb8000 JavaThread "Unconstrained build operations Thread 28" [_thread_blocked, id=912, stack(0x0000006353a00000,0x0000006353b00000)]
  0x000001e4bfcb9000 JavaThread "Unconstrained build operations Thread 29" [_thread_blocked, id=10476, stack(0x0000006353b00000,0x0000006353c00000)]
  0x000001e4bfcba000 JavaThread "Unconstrained build operations Thread 30" [_thread_blocked, id=7156, stack(0x0000006353c00000,0x0000006353d00000)]
  0x000001e4c051b800 JavaThread "Unconstrained build operations Thread 31" [_thread_blocked, id=5932, stack(0x0000006353d00000,0x0000006353e00000)]
  0x000001e4c051c000 JavaThread "Unconstrained build operations Thread 32" [_thread_blocked, id=6088, stack(0x0000006353e00000,0x0000006353f00000)]
  0x000001e4c051d000 JavaThread "Unconstrained build operations Thread 33" [_thread_blocked, id=10716, stack(0x0000006353f00000,0x0000006354000000)]
  0x000001e4c0518000 JavaThread "Unconstrained build operations Thread 34" [_thread_blocked, id=6512, stack(0x0000006354000000,0x0000006354100000)]
  0x000001e4c051e800 JavaThread "Unconstrained build operations Thread 35" [_thread_blocked, id=1464, stack(0x0000006354100000,0x0000006354200000)]
  0x000001e4c051d800 JavaThread "Unconstrained build operations Thread 36" [_thread_blocked, id=7080, stack(0x0000006354200000,0x0000006354300000)]
  0x000001e4c0519000 JavaThread "Unconstrained build operations Thread 37" [_thread_blocked, id=3228, stack(0x0000006354300000,0x0000006354400000)]
  0x000001e4c0519800 JavaThread "Unconstrained build operations Thread 38" [_thread_blocked, id=7488, stack(0x0000006354400000,0x0000006354500000)]
  0x000001e4c051a800 JavaThread "Unconstrained build operations Thread 39" [_thread_blocked, id=6332, stack(0x0000006354500000,0x0000006354600000)]
  0x000001e4c0347800 JavaThread "Unconstrained build operations Thread 40" [_thread_blocked, id=5612, stack(0x0000006354600000,0x0000006354700000)]
  0x000001e4c0342800 JavaThread "jar transforms Thread 4" [_thread_blocked, id=11040, stack(0x0000006354700000,0x0000006354800000)]
  0x000001e4c0346800 JavaThread "Memory manager" [_thread_blocked, id=3912, stack(0x0000006354800000,0x0000006354900000)]
  0x000001e4c0345000 JavaThread "build event listener" [_thread_blocked, id=11208, stack(0x000000634ef00000,0x000000634f000000)]
  0x000001e4c0346000 JavaThread "pool-3-thread-1" [_thread_blocked, id=6244, stack(0x0000006354900000,0x0000006354a00000)]
  0x000001e4c0342000 JavaThread "build event listener" [_thread_blocked, id=2816, stack(0x0000006354a00000,0x0000006354b00000)]
  0x000001e4c034b000 JavaThread "included builds" [_thread_blocked, id=9248, stack(0x0000006354b00000,0x0000006354c00000)]
  0x000001e4c0348800 JavaThread "Execution worker for ':'" [_thread_blocked, id=10236, stack(0x0000006354c00000,0x0000006354d00000)]
  0x000001e4c034d000 JavaThread "Execution worker for ':' Thread 2" [_thread_blocked, id=9644, stack(0x0000006354d00000,0x0000006354e00000)]
  0x000001e4c034e000 JavaThread "Execution worker for ':' Thread 3" [_thread_blocked, id=10048, stack(0x0000006354e00000,0x0000006354f00000)]
  0x000001e4c034c800 JavaThread "Cache worker for execution history cache (C:\Users\acer\AndroidStudioProjects\CoroutineScope\.gradle\7.4\executionHistory)" [_thread_blocked, id=11096, stack(0x0000006354f00000,0x0000006355000000)]
  0x000001e4bdbb6800 JavaThread "C2 CompilerThread1" daemon [_thread_in_native, id=10764, stack(0x0000006351100000,0x0000006351200000)]
  0x000001e4c034b800 JavaThread "WorkerExecutor Queue" [_thread_blocked, id=5856, stack(0x0000006355200000,0x0000006355300000)]
  0x000001e4c034a000 JavaThread "WorkerExecutor Queue Thread 2" [_thread_blocked, id=6412, stack(0x0000006355300000,0x0000006355400000)]
  0x000001e4c034f000 JavaThread "WorkerExecutor Queue Thread 3" [_thread_blocked, id=4488, stack(0x0000006355400000,0x0000006355500000)]
  0x000001e4c0349000 JavaThread "WorkerExecutor Queue Thread 4" [_thread_blocked, id=4600, stack(0x0000006355500000,0x0000006355600000)]
  0x000001e4c0350800 JavaThread "pool-4-thread-1" [_thread_blocked, id=3136, stack(0x0000006355600000,0x0000006355700000)]
  0x000001e4c034f800 JavaThread "stderr" [_thread_in_native, id=3332, stack(0x0000006355700000,0x0000006355800000)]
  0x000001e4c3d90800 JavaThread "stdout" [_thread_in_native, id=8420, stack(0x0000006355800000,0x0000006355900000)]
  0x000001e4c3d8f800 JavaThread "ForkJoinPool-1-worker-3" daemon [_thread_blocked, id=3840, stack(0x0000006355900000,0x0000006355a00000)]
  0x000001e4c3d91800 JavaThread "ForkJoinPool-1-worker-5" daemon [_thread_blocked, id=8792, stack(0x0000006355a00000,0x0000006355b00000)]
  0x000001e4c3d8e000 JavaThread "ForkJoinPool-1-worker-7" daemon [_thread_blocked, id=6580, stack(0x0000006355b00000,0x0000006355c00000)]
  0x000001e4c3d8c800 JavaThread "ForkJoinPool-1-worker-1" daemon [_thread_blocked, id=9308, stack(0x0000006355c00000,0x0000006355d00000)]

Other Threads:
=>0x000001e4bd207000 VMThread "VM Thread" [stack: 0x000000634f600000,0x000000634f700000] [id=1188]
  0x000001e4bdd0a800 WatcherThread [stack: 0x0000006350000000,0x0000006350100000] [id=3888]
  0x000001e4a1703800 GCTaskThread "GC Thread#0" [stack: 0x000000634f100000,0x000000634f200000] [id=9260]
  0x000001e4be882000 GCTaskThread "GC Thread#1" [stack: 0x0000006350200000,0x0000006350300000] [id=6016]
  0x000001e4c13d5800 GCTaskThread "GC Thread#2" [stack: 0x0000006350b00000,0x0000006350c00000] [id=1424]
  0x000001e4bf737000 GCTaskThread "GC Thread#3" [stack: 0x0000006350c00000,0x0000006350d00000] [id=8408]
  0x000001e4a1734800 ConcurrentGCThread "G1 Main Marker" [stack: 0x000000634f200000,0x000000634f300000] [id=9396]
  0x000001e4a1736800 ConcurrentGCThread "G1 Conc#0" [stack: 0x000000634f300000,0x000000634f400000] [id=2172]
  0x000001e4a17b2800 ConcurrentGCThread "G1 Refine#0" [stack: 0x000000634f400000,0x000000634f500000] [id=9632]
  0x000001e4c055a800 ConcurrentGCThread "G1 Refine#1" [stack: 0x0000006355d00000,0x0000006355e00000] [id=4064]
  0x000001e4a17b3800 ConcurrentGCThread "G1 Young RemSet Sampling" [stack: 0x000000634f500000,0x000000634f600000] [id=2584]

Threads with active compile tasks:
C2 CompilerThread0  47108 12133 %     4       com.android.tools.r8.dex.i::a @ 310 (1036 bytes)
C2 CompilerThread1  47108 12151       4       com.android.tools.r8.dex.i::a (829 bytes)

VM state:at safepoint (normal execution)

VM Mutex/Monitor currently owned by a thread:  ([mutex/lock_event])
[0x000001e4a16e7c10] Threads_lock - owner thread: 0x000001e4bd207000
[0x000001e4a16e7280] Heap_lock - owner thread: 0x000001e4c3d8c800

Heap address: 0x0000000080000000, size: 2048 MB, Compressed Oops mode: 32-bit
Narrow klass base: 0x0000000000000000, Narrow klass shift: 3
Compressed class space size: 1073741824 Address: 0x0000000100000000

Heap:
 garbage-first heap   total 279552K, used 175104K [0x0000000080000000, 0x0000000100000000)
  region size 1024K, 2 young (2048K), 2 survivors (2048K)
 Metaspace       used 103547K, capacity 105792K, committed 105992K, reserved 1140736K
  class space    used 13356K, capacity 14243K, committed 14360K, reserved 1048576K
Heap Regions: E=young(eden), S=young(survivor), O=old, HS=humongous(starts), HC=humongous(continues), CS=collection set, F=free, A=archive, TAMS=top-at-mark-start (previous, next)
|   0|0x0000000080000000, 0x0000000080100000, 0x0000000080100000|100%|HS|  |TAMS 0x0000000080100000, 0x0000000080000000| Complete 
|   1|0x0000000080100000, 0x0000000080200000, 0x0000000080200000|100%|HC|  |TAMS 0x0000000080200000, 0x0000000080100000| Complete 
|   2|0x0000000080200000, 0x0000000080300000, 0x0000000080300000|100%|HC|  |TAMS 0x0000000080300000, 0x0000000080200000| Complete 
|   3|0x0000000080300000, 0x0000000080400000, 0x0000000080400000|100%| O|  |TAMS 0x0000000080400000, 0x0000000080300000| Updating 
|   4|0x0000000080400000, 0x0000000080500000, 0x0000000080500000|100%| O|  |TAMS 0x0000000080500000, 0x0000000080400000| Updating 
|   5|0x0000000080500000, 0x0000000080600000, 0x0000000080600000|100%| O|  |TAMS 0x0000000080600000, 0x0000000080500000| Updating 
|   6|0x0000000080600000, 0x0000000080700000, 0x0000000080700000|100%| O|  |TAMS 0x0000000080700000, 0x0000000080600000| Updating 
|   7|0x0000000080700000, 0x0000000080800000, 0x0000000080800000|100%| O|  |TAMS 0x0000000080800000, 0x0000000080700000| Updating 
|   8|0x0000000080800000, 0x0000000080900000, 0x0000000080900000|100%| O|  |TAMS 0x0000000080900000, 0x0000000080800000| Updating 
|   9|0x0000000080900000, 0x0000000080a00000, 0x0000000080a00000|100%| O|  |TAMS 0x0000000080a00000, 0x0000000080900000| Updating 
|  10|0x0000000080a00000, 0x0000000080b00000, 0x0000000080b00000|100%| O|  |TAMS 0x0000000080b00000, 0x0000000080a00000| Updating 
|  11|0x0000000080b00000, 0x0000000080c00000, 0x0000000080c00000|100%| O|  |TAMS 0x0000000080c00000, 0x0000000080b00000| Updating 
|  12|0x0000000080c00000, 0x0000000080d00000, 0x0000000080d00000|100%| O|  |TAMS 0x0000000080d00000, 0x0000000080c00000| Updating 
|  13|0x0000000080d00000, 0x0000000080e00000, 0x0000000080e00000|100%| O|  |TAMS 0x0000000080e00000, 0x0000000080d00000| Updating 
|  14|0x0000000080e00000, 0x0000000080f00000, 0x0000000080f00000|100%| O|  |TAMS 0x0000000080f00000, 0x0000000080e00000| Updating 
|  15|0x0000000080f00000, 0x0000000081000000, 0x0000000081000000|100%| O|  |TAMS 0x0000000081000000, 0x0000000080f00000| Updating 
|  16|0x0000000081000000, 0x0000000081100000, 0x0000000081100000|100%| O|  |TAMS 0x0000000081100000, 0x0000000081000000| Updating 
|  17|0x0000000081100000, 0x0000000081200000, 0x0000000081200000|100%| O|  |TAMS 0x0000000081200000, 0x0000000081100000| Updating 
|  18|0x0000000081200000, 0x0000000081300000, 0x0000000081300000|100%| O|  |TAMS 0x0000000081300000, 0x0000000081200000| Updating 
|  19|0x0000000081300000, 0x0000000081400000, 0x0000000081400000|100%| O|  |TAMS 0x0000000081400000, 0x0000000081300000| Updating 
|  20|0x0000000081400000, 0x0000000081500000, 0x0000000081500000|100%| O|  |TAMS 0x0000000081500000, 0x0000000081400000| Updating 
|  21|0x0000000081500000, 0x0000000081600000, 0x0000000081600000|100%| O|  |TAMS 0x0000000081600000, 0x0000000081500000| Updating 
|  22|0x0000000081600000, 0x0000000081700000, 0x0000000081700000|100%| O|  |TAMS 0x0000000081700000, 0x0000000081600000| Updating 
|  23|0x0000000081700000, 0x0000000081800000, 0x0000000081800000|100%| O|  |TAMS 0x0000000081800000, 0x0000000081700000| Updating 
|  24|0x0000000081800000, 0x0000000081900000, 0x0000000081900000|100%| O|  |TAMS 0x0000000081900000, 0x0000000081800000| Updating 
|  25|0x0000000081900000, 0x0000000081a00000, 0x0000000081a00000|100%| O|  |TAMS 0x0000000081a00000, 0x0000000081900000| Updating 
|  26|0x0000000081a00000, 0x0000000081b00000, 0x0000000081b00000|100%| O|  |TAMS 0x0000000081b00000, 0x0000000081a00000| Updating 
|  27|0x0000000081b00000, 0x0000000081c00000, 0x0000000081c00000|100%| O|  |TAMS 0x0000000081c00000, 0x0000000081b00000| Updating 
|  28|0x0000000081c00000, 0x0000000081d00000, 0x0000000081d00000|100%|HS|  |TAMS 0x0000000081d00000, 0x0000000081c00000| Complete 
|  29|0x0000000081d00000, 0x0000000081e00000, 0x0000000081e00000|100%|HS|  |TAMS 0x0000000081e00000, 0x0000000081d00000| Complete 
|  30|0x0000000081e00000, 0x0000000081f00000, 0x0000000081f00000|100%|HS|  |TAMS 0x0000000081f00000, 0x0000000081e00000| Complete 
|  31|0x0000000081f00000, 0x0000000082000000, 0x0000000082000000|100%|HS|  |TAMS 0x0000000082000000, 0x0000000081f00000| Complete 
|  32|0x0000000082000000, 0x0000000082100000, 0x0000000082100000|100%|HC|  |TAMS 0x0000000082100000, 0x0000000082000000| Complete 
|  33|0x0000000082100000, 0x0000000082200000, 0x0000000082200000|100%|HC|  |TAMS 0x0000000082200000, 0x0000000082100000| Complete 
|  34|0x0000000082200000, 0x0000000082300000, 0x0000000082300000|100%|HC|  |TAMS 0x0000000082300000, 0x0000000082200000| Complete 
|  35|0x0000000082300000, 0x0000000082400000, 0x0000000082400000|100%| O|  |TAMS 0x0000000082400000, 0x0000000082300000| Updating 
|  36|0x0000000082400000, 0x0000000082500000, 0x0000000082500000|100%|HS|  |TAMS 0x0000000082500000, 0x0000000082400000| Complete 
|  37|0x0000000082500000, 0x0000000082600000, 0x0000000082600000|100%|HC|  |TAMS 0x0000000082600000, 0x0000000082500000| Complete 
|  38|0x0000000082600000, 0x0000000082700000, 0x0000000082700000|100%| O|  |TAMS 0x0000000082700000, 0x0000000082600000| Updating 
|  39|0x0000000082700000, 0x0000000082800000, 0x0000000082800000|100%| O|  |TAMS 0x0000000082800000, 0x0000000082700000| Updating 
|  40|0x0000000082800000, 0x0000000082900000, 0x0000000082900000|100%| O|  |TAMS 0x0000000082900000, 0x0000000082800000| Updating 
|  41|0x0000000082900000, 0x0000000082a00000, 0x0000000082a00000|100%| O|  |TAMS 0x0000000082a00000, 0x0000000082900000| Updating 
|  42|0x0000000082a00000, 0x0000000082b00000, 0x0000000082b00000|100%| O|  |TAMS 0x0000000082b00000, 0x0000000082a00000| Updating 
|  43|0x0000000082b00000, 0x0000000082c00000, 0x0000000082c00000|100%| O|  |TAMS 0x0000000082c00000, 0x0000000082b00000| Updating 
|  44|0x0000000082c00000, 0x0000000082d00000, 0x0000000082d00000|100%| O|  |TAMS 0x0000000082d00000, 0x0000000082c00000| Updating 
|  45|0x0000000082d00000, 0x0000000082e00000, 0x0000000082e00000|100%| O|  |TAMS 0x0000000082e00000, 0x0000000082d00000| Updating 
|  46|0x0000000082e00000, 0x0000000082f00000, 0x0000000082f00000|100%| O|  |TAMS 0x0000000082f00000, 0x0000000082e00000| Updating 
|  47|0x0000000082f00000, 0x0000000083000000, 0x0000000083000000|100%| O|  |TAMS 0x0000000083000000, 0x0000000082f00000| Updating 
|  48|0x0000000083000000, 0x0000000083100000, 0x0000000083100000|100%| O|  |TAMS 0x0000000083100000, 0x0000000083000000| Updating 
|  49|0x0000000083100000, 0x0000000083200000, 0x0000000083200000|100%| O|  |TAMS 0x0000000083200000, 0x0000000083100000| Updating 
|  50|0x0000000083200000, 0x0000000083300000, 0x0000000083300000|100%| O|  |TAMS 0x0000000083300000, 0x0000000083200000| Updating 
|  51|0x0000000083300000, 0x0000000083400000, 0x0000000083400000|100%| O|  |TAMS 0x0000000083400000, 0x0000000083300000| Updating 
|  52|0x0000000083400000, 0x0000000083500000, 0x0000000083500000|100%| O|  |TAMS 0x0000000083500000, 0x0000000083400000| Updating 
|  53|0x0000000083500000, 0x0000000083600000, 0x0000000083600000|100%| O|  |TAMS 0x0000000083600000, 0x0000000083500000| Updating 
|  54|0x0000000083600000, 0x0000000083700000, 0x0000000083700000|100%| O|  |TAMS 0x0000000083700000, 0x0000000083600000| Updating 
|  55|0x0000000083700000, 0x0000000083800000, 0x0000000083800000|100%| O|  |TAMS 0x0000000083800000, 0x0000000083700000| Updating 
|  56|0x0000000083800000, 0x0000000083900000, 0x0000000083900000|100%| O|  |TAMS 0x0000000083900000, 0x0000000083800000| Updating 
|  57|0x0000000083900000, 0x0000000083a00000, 0x0000000083a00000|100%| O|  |TAMS 0x0000000083a00000, 0x0000000083900000| Updating 
|  58|0x0000000083a00000, 0x0000000083b00000, 0x0000000083b00000|100%| O|  |TAMS 0x0000000083b00000, 0x0000000083a00000| Updating 
|  59|0x0000000083b00000, 0x0000000083c00000, 0x0000000083c00000|100%| O|  |TAMS 0x0000000083c00000, 0x0000000083b00000| Updating 
|  60|0x0000000083c00000, 0x0000000083d00000, 0x0000000083d00000|100%| O|  |TAMS 0x0000000083d00000, 0x0000000083c00000| Updating 
|  61|0x0000000083d00000, 0x0000000083e00000, 0x0000000083e00000|100%| O|  |TAMS 0x0000000083e00000, 0x0000000083d00000| Updating 
|  62|0x0000000083e00000, 0x0000000083f00000, 0x0000000083f00000|100%| O|  |TAMS 0x0000000083f00000, 0x0000000083e00000| Updating 
|  63|0x0000000083f00000, 0x0000000084000000, 0x0000000084000000|100%| O|  |TAMS 0x0000000084000000, 0x0000000083f00000| Updating 
|  64|0x0000000084000000, 0x0000000084100000, 0x0000000084100000|100%| O|  |TAMS 0x0000000084100000, 0x0000000084000000| Updating 
|  65|0x0000000084100000, 0x0000000084200000, 0x0000000084200000|100%| O|  |TAMS 0x0000000084200000, 0x0000000084100000| Updating 
|  66|0x0000000084200000, 0x0000000084300000, 0x0000000084300000|100%| O|  |TAMS 0x0000000084300000, 0x0000000084200000| Updating 
|  67|0x0000000084300000, 0x0000000084400000, 0x0000000084400000|100%| O|  |TAMS 0x0000000084400000, 0x0000000084300000| Updating 
|  68|0x0000000084400000, 0x0000000084500000, 0x0000000084500000|100%| O|  |TAMS 0x0000000084500000, 0x0000000084400000| Updating 
|  69|0x0000000084500000, 0x0000000084600000, 0x0000000084600000|100%| O|  |TAMS 0x0000000084600000, 0x0000000084500000| Updating 
|  70|0x0000000084600000, 0x0000000084700000, 0x0000000084700000|100%| O|  |TAMS 0x0000000084700000, 0x0000000084600000| Updating 
|  71|0x0000000084700000, 0x0000000084800000, 0x0000000084800000|100%| O|  |TAMS 0x0000000084800000, 0x0000000084700000| Updating 
|  72|0x0000000084800000, 0x0000000084900000, 0x0000000084900000|100%| O|  |TAMS 0x0000000084900000, 0x0000000084800000| Updating 
|  73|0x0000000084900000, 0x0000000084a00000, 0x0000000084a00000|100%| O|  |TAMS 0x0000000084a00000, 0x0000000084900000| Updating 
|  74|0x0000000084a00000, 0x0000000084b00000, 0x0000000084b00000|100%| O|  |TAMS 0x0000000084b00000, 0x0000000084a00000| Updating 
|  75|0x0000000084b00000, 0x0000000084c00000, 0x0000000084c00000|100%| O|  |TAMS 0x0000000084c00000, 0x0000000084b00000| Updating 
|  76|0x0000000084c00000, 0x0000000084d00000, 0x0000000084d00000|100%| O|  |TAMS 0x0000000084d00000, 0x0000000084c00000| Updating 
|  77|0x0000000084d00000, 0x0000000084e00000, 0x0000000084e00000|100%| O|  |TAMS 0x0000000084e00000, 0x0000000084d00000| Updating 
|  78|0x0000000084e00000, 0x0000000084f00000, 0x0000000084f00000|100%| O|  |TAMS 0x0000000084f00000, 0x0000000084e00000| Updating 
|  79|0x0000000084f00000, 0x0000000085000000, 0x0000000085000000|100%| O|  |TAMS 0x0000000085000000, 0x0000000084f00000| Updating 
|  80|0x0000000085000000, 0x0000000085100000, 0x0000000085100000|100%| O|  |TAMS 0x0000000085100000, 0x0000000085000000| Updating 
|  81|0x0000000085100000, 0x0000000085200000, 0x0000000085200000|100%| O|  |TAMS 0x0000000085200000, 0x0000000085100000| Updating 
|  82|0x0000000085200000, 0x0000000085300000, 0x0000000085300000|100%|HS|  |TAMS 0x0000000085300000, 0x0000000085200000| Complete 
|  83|0x0000000085300000, 0x0000000085400000, 0x0000000085400000|100%|HC|  |TAMS 0x0000000085400000, 0x0000000085300000| Complete 
|  84|0x0000000085400000, 0x0000000085500000, 0x0000000085500000|100%|HS|  |TAMS 0x0000000085500000, 0x0000000085400000| Complete 
|  85|0x0000000085500000, 0x0000000085600000, 0x0000000085600000|100%|HC|  |TAMS 0x0000000085600000, 0x0000000085500000| Complete 
|  86|0x0000000085600000, 0x0000000085700000, 0x0000000085700000|100%|HS|  |TAMS 0x0000000085700000, 0x0000000085600000| Complete 
|  87|0x0000000085700000, 0x0000000085800000, 0x0000000085800000|100%|HS|  |TAMS 0x0000000085800000, 0x0000000085700000| Complete 
|  88|0x0000000085800000, 0x0000000085900000, 0x0000000085900000|100%| O|  |TAMS 0x0000000085900000, 0x0000000085800000| Updating 
|  89|0x0000000085900000, 0x0000000085a00000, 0x0000000085a00000|100%| O|  |TAMS 0x0000000085a00000, 0x0000000085900000| Updating 
|  90|0x0000000085a00000, 0x0000000085b00000, 0x0000000085b00000|100%| O|  |TAMS 0x0000000085b00000, 0x0000000085a00000| Updating 
|  91|0x0000000085b00000, 0x0000000085c00000, 0x0000000085c00000|100%| O|  |TAMS 0x0000000085c00000, 0x0000000085b00000| Updating 
|  92|0x0000000085c00000, 0x0000000085d00000, 0x0000000085d00000|100%|HS|  |TAMS 0x0000000085d00000, 0x0000000085c00000| Complete 
|  93|0x0000000085d00000, 0x0000000085e00000, 0x0000000085e00000|100%|HC|  |TAMS 0x0000000085e00000, 0x0000000085d00000| Complete 
|  94|0x0000000085e00000, 0x0000000085f00000, 0x0000000085f00000|100%|HS|  |TAMS 0x0000000085f00000, 0x0000000085e00000| Complete 
|  95|0x0000000085f00000, 0x0000000086000000, 0x0000000086000000|100%|HC|  |TAMS 0x0000000086000000, 0x0000000085f00000| Complete 
|  96|0x0000000086000000, 0x0000000086100000, 0x0000000086100000|100%|HC|  |TAMS 0x0000000086100000, 0x0000000086000000| Complete 
|  97|0x0000000086100000, 0x0000000086200000, 0x0000000086200000|100%| O|  |TAMS 0x0000000086200000, 0x0000000086100000| Updating 
|  98|0x0000000086200000, 0x0000000086300000, 0x0000000086300000|100%| O|  |TAMS 0x0000000086300000, 0x0000000086200000| Updating 
|  99|0x0000000086300000, 0x0000000086400000, 0x0000000086400000|100%| O|  |TAMS 0x0000000086400000, 0x0000000086300000| Updating 
| 100|0x0000000086400000, 0x0000000086500000, 0x0000000086500000|100%| O|  |TAMS 0x0000000086500000, 0x0000000086400000| Updating 
| 101|0x0000000086500000, 0x0000000086600000, 0x0000000086600000|100%|HS|  |TAMS 0x0000000086600000, 0x0000000086500000| Complete 
| 102|0x0000000086600000, 0x0000000086700000, 0x0000000086700000|100%|HS|  |TAMS 0x0000000086700000, 0x0000000086600000| Complete 
| 103|0x0000000086700000, 0x0000000086800000, 0x0000000086800000|100%| O|  |TAMS 0x0000000086800000, 0x0000000086700000| Updating 
| 104|0x0000000086800000, 0x0000000086900000, 0x0000000086900000|100%|HS|  |TAMS 0x0000000086900000, 0x0000000086800000| Complete 
| 105|0x0000000086900000, 0x0000000086a00000, 0x0000000086a00000|100%|HC|  |TAMS 0x0000000086a00000, 0x0000000086900000| Complete 
| 106|0x0000000086a00000, 0x0000000086b00000, 0x0000000086b00000|100%| O|  |TAMS 0x0000000086b00000, 0x0000000086a00000| Updating 
| 107|0x0000000086b00000, 0x0000000086c00000, 0x0000000086c00000|100%| O|  |TAMS 0x0000000086c00000, 0x0000000086b00000| Updating 
| 108|0x0000000086c00000, 0x0000000086d00000, 0x0000000086d00000|100%| O|  |TAMS 0x0000000086d00000, 0x0000000086c00000| Updating 
| 109|0x0000000086d00000, 0x0000000086e00000, 0x0000000086e00000|100%|HS|  |TAMS 0x0000000086e00000, 0x0000000086d00000| Complete 
| 110|0x0000000086e00000, 0x0000000086f00000, 0x0000000086f00000|100%|HC|  |TAMS 0x0000000086f00000, 0x0000000086e00000| Complete 
| 111|0x0000000086f00000, 0x0000000087000000, 0x0000000087000000|100%| O|  |TAMS 0x0000000087000000, 0x0000000086f00000| Updating 
| 112|0x0000000087000000, 0x0000000087100000, 0x0000000087100000|100%|HS|  |TAMS 0x0000000087100000, 0x0000000087000000| Complete 
| 113|0x0000000087100000, 0x0000000087200000, 0x0000000087200000|100%| O|  |TAMS 0x0000000087200000, 0x0000000087100000| Updating 
| 114|0x0000000087200000, 0x0000000087300000, 0x0000000087300000|100%|HS|  |TAMS 0x0000000087300000, 0x0000000087200000| Complete 
| 115|0x0000000087300000, 0x0000000087400000, 0x0000000087400000|100%| O|  |TAMS 0x0000000087400000, 0x0000000087300000| Updating 
| 116|0x0000000087400000, 0x0000000087500000, 0x0000000087500000|100%| O|  |TAMS 0x0000000087500000, 0x0000000087400000| Updating 
| 117|0x0000000087500000, 0x0000000087600000, 0x0000000087600000|100%| O|  |TAMS 0x0000000087600000, 0x0000000087500000| Updating 
| 118|0x0000000087600000, 0x0000000087700000, 0x0000000087700000|100%|HS|  |TAMS 0x0000000087700000, 0x0000000087600000| Complete 
| 119|0x0000000087700000, 0x0000000087800000, 0x0000000087800000|100%|HC|  |TAMS 0x0000000087800000, 0x0000000087700000| Complete 
| 120|0x0000000087800000, 0x0000000087900000, 0x0000000087900000|100%| O|  |TAMS 0x0000000087900000, 0x0000000087800000| Updating 
| 121|0x0000000087900000, 0x0000000087a00000, 0x0000000087a00000|100%| O|  |TAMS 0x0000000087a00000, 0x0000000087900000| Updating 
| 122|0x0000000087a00000, 0x0000000087b00000, 0x0000000087b00000|100%| O|  |TAMS 0x0000000087b00000, 0x0000000087a00000| Updating 
| 123|0x0000000087b00000, 0x0000000087c00000, 0x0000000087c00000|100%| O|  |TAMS 0x0000000087c00000, 0x0000000087b00000| Updating 
| 124|0x0000000087c00000, 0x0000000087d00000, 0x0000000087d00000|100%| O|  |TAMS 0x0000000087d00000, 0x0000000087c00000| Updating 
| 125|0x0000000087d00000, 0x0000000087e00000, 0x0000000087e00000|100%| O|  |TAMS 0x0000000087e00000, 0x0000000087d00000| Updating 
| 126|0x0000000087e00000, 0x0000000087f00000, 0x0000000087f00000|100%|HS|  |TAMS 0x0000000087f00000, 0x0000000087e00000| Complete 
| 127|0x0000000087f00000, 0x0000000088000000, 0x0000000088000000|100%|HC|  |TAMS 0x0000000088000000, 0x0000000087f00000| Complete 
| 128|0x0000000088000000, 0x0000000088100000, 0x0000000088100000|100%|HC|  |TAMS 0x0000000088100000, 0x0000000088000000| Complete 
| 129|0x0000000088100000, 0x0000000088200000, 0x0000000088200000|100%| O|  |TAMS 0x0000000088200000, 0x0000000088100000| Updating 
| 130|0x0000000088200000, 0x0000000088300000, 0x0000000088300000|100%| O|  |TAMS 0x0000000088300000, 0x0000000088200000| Updating 
| 131|0x0000000088300000, 0x0000000088400000, 0x0000000088400000|100%| O|  |TAMS 0x0000000088400000, 0x0000000088300000| Updating 
| 132|0x0000000088400000, 0x0000000088500000, 0x0000000088500000|100%| O|  |TAMS 0x0000000088500000, 0x0000000088400000| Updating 
| 133|0x0000000088500000, 0x0000000088600000, 0x0000000088600000|100%| O|  |TAMS 0x0000000088600000, 0x0000000088500000| Updating 
| 134|0x0000000088600000, 0x0000000088700000, 0x0000000088700000|100%| O|  |TAMS 0x0000000088700000, 0x0000000088600000| Updating 
| 135|0x0000000088700000, 0x0000000088800000, 0x0000000088800000|100%| O|  |TAMS 0x0000000088800000, 0x0000000088700000| Updating 
| 136|0x0000000088800000, 0x0000000088900000, 0x0000000088900000|100%| O|  |TAMS 0x0000000088900000, 0x0000000088800000| Updating 
| 137|0x0000000088900000, 0x0000000088a00000, 0x0000000088a00000|100%| O|  |TAMS 0x0000000088a00000, 0x0000000088900000| Updating 
| 138|0x0000000088a00000, 0x0000000088b00000, 0x0000000088b00000|100%| O|  |TAMS 0x0000000088b00000, 0x0000000088a00000| Updating 
| 139|0x0000000088b00000, 0x0000000088c00000, 0x0000000088c00000|100%| O|  |TAMS 0x0000000088c00000, 0x0000000088b00000| Updating 
| 140|0x0000000088c00000, 0x0000000088d00000, 0x0000000088d00000|100%| O|  |TAMS 0x0000000088d00000, 0x0000000088c00000| Updating 
| 141|0x0000000088d00000, 0x0000000088e00000, 0x0000000088e00000|100%| O|  |TAMS 0x0000000088e00000, 0x0000000088d00000| Updating 
| 142|0x0000000088e00000, 0x0000000088f00000, 0x0000000088f00000|100%| O|  |TAMS 0x0000000088f00000, 0x0000000088e00000| Updating 
| 143|0x0000000088f00000, 0x0000000089000000, 0x0000000089000000|100%| O|  |TAMS 0x0000000089000000, 0x0000000088f00000| Updating 
| 144|0x0000000089000000, 0x0000000089100000, 0x0000000089100000|100%| O|  |TAMS 0x0000000089100000, 0x0000000089000000| Updating 
| 145|0x0000000089100000, 0x0000000089200000, 0x0000000089200000|100%| O|  |TAMS 0x0000000089100000, 0x0000000089100000| Untracked 
| 146|0x0000000089200000, 0x0000000089300000, 0x0000000089300000|100%| O|  |TAMS 0x0000000089200000, 0x0000000089200000| Untracked 
| 147|0x0000000089300000, 0x0000000089400000, 0x0000000089400000|100%| O|  |TAMS 0x0000000089300000, 0x0000000089300000| Untracked 
| 148|0x0000000089400000, 0x0000000089500000, 0x0000000089500000|100%| O|  |TAMS 0x0000000089400000, 0x0000000089400000| Untracked 
| 149|0x0000000089500000, 0x0000000089600000, 0x0000000089600000|100%| O|  |TAMS 0x0000000089500000, 0x0000000089500000| Untracked 
| 150|0x0000000089600000, 0x0000000089700000, 0x0000000089700000|100%| O|  |TAMS 0x0000000089600000, 0x0000000089600000| Untracked 
| 151|0x0000000089700000, 0x0000000089800000, 0x0000000089800000|100%| O|  |TAMS 0x0000000089700000, 0x0000000089700000| Untracked 
| 152|0x0000000089800000, 0x0000000089900000, 0x0000000089900000|100%| O|  |TAMS 0x0000000089800000, 0x0000000089800000| Untracked 
| 153|0x0000000089900000, 0x0000000089a00000, 0x0000000089a00000|100%| O|  |TAMS 0x0000000089900000, 0x0000000089900000| Untracked 
| 154|0x0000000089a00000, 0x0000000089b00000, 0x0000000089b00000|100%| O|  |TAMS 0x0000000089a00000, 0x0000000089a00000| Untracked 
| 155|0x0000000089b00000, 0x0000000089c00000, 0x0000000089c00000|100%| O|  |TAMS 0x0000000089b00000, 0x0000000089b00000| Untracked 
| 156|0x0000000089c00000, 0x0000000089d00000, 0x0000000089d00000|100%| O|  |TAMS 0x0000000089c00000, 0x0000000089c00000| Untracked 
| 157|0x0000000089d00000, 0x0000000089e00000, 0x0000000089e00000|100%| O|  |TAMS 0x0000000089d00000, 0x0000000089d00000| Untracked 
| 158|0x0000000089e00000, 0x0000000089e00000, 0x0000000089f00000|  0%| F|  |TAMS 0x0000000089e00000, 0x0000000089e00000| Untracked 
| 159|0x0000000089f00000, 0x0000000089f00000, 0x000000008a000000|  0%| F|  |TAMS 0x0000000089f00000, 0x0000000089f00000| Untracked 
| 160|0x000000008a000000, 0x000000008a000000, 0x000000008a100000|  0%| F|  |TAMS 0x000000008a000000, 0x000000008a000000| Untracked 
| 161|0x000000008a100000, 0x000000008a100000, 0x000000008a200000|  0%| F|  |TAMS 0x000000008a100000, 0x000000008a100000| Untracked 
| 162|0x000000008a200000, 0x000000008a200000, 0x000000008a300000|  0%| F|  |TAMS 0x000000008a200000, 0x000000008a200000| Untracked 
| 163|0x000000008a300000, 0x000000008a300000, 0x000000008a400000|  0%| F|  |TAMS 0x000000008a300000, 0x000000008a300000| Untracked 
| 164|0x000000008a400000, 0x000000008a400000, 0x000000008a500000|  0%| F|  |TAMS 0x000000008a400000, 0x000000008a400000| Untracked 
| 165|0x000000008a500000, 0x000000008a500000, 0x000000008a600000|  0%| F|  |TAMS 0x000000008a500000, 0x000000008a500000| Untracked 
| 166|0x000000008a600000, 0x000000008a600000, 0x000000008a700000|  0%| F|  |TAMS 0x000000008a600000, 0x000000008a600000| Untracked 
| 167|0x000000008a700000, 0x000000008a700000, 0x000000008a800000|  0%| F|  |TAMS 0x000000008a700000, 0x000000008a700000| Untracked 
| 168|0x000000008a800000, 0x000000008a800000, 0x000000008a900000|  0%| F|  |TAMS 0x000000008a800000, 0x000000008a800000| Untracked 
| 169|0x000000008a900000, 0x000000008a900000, 0x000000008aa00000|  0%| F|  |TAMS 0x000000008a900000, 0x000000008a900000| Untracked 
| 170|0x000000008aa00000, 0x000000008aa00000, 0x000000008ab00000|  0%| F|  |TAMS 0x000000008aa00000, 0x000000008aa00000| Untracked 
| 171|0x000000008ab00000, 0x000000008ab00000, 0x000000008ac00000|  0%| F|  |TAMS 0x000000008ab00000, 0x000000008ab00000| Untracked 
| 172|0x000000008ac00000, 0x000000008ac00000, 0x000000008ad00000|  0%| F|  |TAMS 0x000000008ac00000, 0x000000008ac00000| Untracked 
| 173|0x000000008ad00000, 0x000000008ad00000, 0x000000008ae00000|  0%| F|  |TAMS 0x000000008ad00000, 0x000000008ad00000| Untracked 
| 174|0x000000008ae00000, 0x000000008ae00000, 0x000000008af00000|  0%| F|  |TAMS 0x000000008ae00000, 0x000000008ae00000| Untracked 
| 175|0x000000008af00000, 0x000000008af00000, 0x000000008b000000|  0%| F|  |TAMS 0x000000008af00000, 0x000000008af00000| Untracked 
| 176|0x000000008b000000, 0x000000008b000000, 0x000000008b100000|  0%| F|  |TAMS 0x000000008b000000, 0x000000008b000000| Untracked 
| 177|0x000000008b100000, 0x000000008b100000, 0x000000008b200000|  0%| F|  |TAMS 0x000000008b100000, 0x000000008b100000| Untracked 
| 178|0x000000008b200000, 0x000000008b200000, 0x000000008b300000|  0%| F|  |TAMS 0x000000008b200000, 0x000000008b200000| Untracked 
| 179|0x000000008b300000, 0x000000008b300000, 0x000000008b400000|  0%| F|  |TAMS 0x000000008b300000, 0x000000008b300000| Untracked 
| 180|0x000000008b400000, 0x000000008b400000, 0x000000008b500000|  0%| F|  |TAMS 0x000000008b400000, 0x000000008b400000| Untracked 
| 181|0x000000008b500000, 0x000000008b500000, 0x000000008b600000|  0%| F|  |TAMS 0x000000008b500000, 0x000000008b500000| Untracked 
| 182|0x000000008b600000, 0x000000008b600000, 0x000000008b700000|  0%| F|  |TAMS 0x000000008b600000, 0x000000008b600000| Untracked 
| 183|0x000000008b700000, 0x000000008b700000, 0x000000008b800000|  0%| F|  |TAMS 0x000000008b700000, 0x000000008b700000| Untracked 
| 184|0x000000008b800000, 0x000000008b800000, 0x000000008b900000|  0%| F|  |TAMS 0x000000008b800000, 0x000000008b800000| Untracked 
| 185|0x000000008b900000, 0x000000008ba00000, 0x000000008ba00000|100%| S|CS|TAMS 0x000000008b900000, 0x000000008b900000| Complete 
| 186|0x000000008ba00000, 0x000000008bb00000, 0x000000008bb00000|100%| S|CS|TAMS 0x000000008ba00000, 0x000000008ba00000| Complete 
| 187|0x000000008bb00000, 0x000000008bb00000, 0x000000008bc00000|  0%| F|  |TAMS 0x000000008bb00000, 0x000000008bb00000| Untracked 
| 188|0x000000008bc00000, 0x000000008bc00000, 0x000000008bd00000|  0%| F|  |TAMS 0x000000008bc00000, 0x000000008bc00000| Untracked 
| 189|0x000000008bd00000, 0x000000008bd00000, 0x000000008be00000|  0%| F|  |TAMS 0x000000008bd00000, 0x000000008bd00000| Untracked 
| 190|0x000000008be00000, 0x000000008be00000, 0x000000008bf00000|  0%| F|  |TAMS 0x000000008be00000, 0x000000008be00000| Untracked 
| 191|0x000000008bf00000, 0x000000008bf00000, 0x000000008c000000|  0%| F|  |TAMS 0x000000008bf00000, 0x000000008bf00000| Untracked 
| 192|0x000000008c000000, 0x000000008c000000, 0x000000008c100000|  0%| F|  |TAMS 0x000000008c000000, 0x000000008c000000| Untracked 
| 193|0x000000008c100000, 0x000000008c100000, 0x000000008c200000|  0%| F|  |TAMS 0x000000008c100000, 0x000000008c100000| Untracked 
| 194|0x000000008c200000, 0x000000008c200000, 0x000000008c300000|  0%| F|  |TAMS 0x000000008c200000, 0x000000008c200000| Untracked 
| 195|0x000000008c300000, 0x000000008c400000, 0x000000008c400000|100%| O|  |TAMS 0x000000008c400000, 0x000000008c300000| Updating 
| 196|0x000000008c400000, 0x000000008c500000, 0x000000008c500000|100%| O|  |TAMS 0x000000008c500000, 0x000000008c400000| Updating 
| 197|0x000000008c500000, 0x000000008c600000, 0x000000008c600000|100%| O|  |TAMS 0x000000008c600000, 0x000000008c500000| Updating 
| 198|0x000000008c600000, 0x000000008c700000, 0x000000008c700000|100%| O|  |TAMS 0x000000008c700000, 0x000000008c600000| Updating 
| 199|0x000000008c700000, 0x000000008c800000, 0x000000008c800000|100%| O|  |TAMS 0x000000008c800000, 0x000000008c700000| Updating 
| 200|0x000000008c800000, 0x000000008c900000, 0x000000008c900000|100%| O|  |TAMS 0x000000008c900000, 0x000000008c800000| Updating 
| 201|0x000000008c900000, 0x000000008ca00000, 0x000000008ca00000|100%| O|  |TAMS 0x000000008ca00000, 0x000000008c900000| Updating 
| 202|0x000000008ca00000, 0x000000008cb00000, 0x000000008cb00000|100%| O|  |TAMS 0x000000008cb00000, 0x000000008ca00000| Updating 
| 203|0x000000008cb00000, 0x000000008cc00000, 0x000000008cc00000|100%| O|  |TAMS 0x000000008cc00000, 0x000000008cb00000| Updating 
| 204|0x000000008cc00000, 0x000000008cd00000, 0x000000008cd00000|100%| O|  |TAMS 0x000000008cd00000, 0x000000008cc00000| Updating 
| 205|0x000000008cd00000, 0x000000008ce00000, 0x000000008ce00000|100%| O|  |TAMS 0x000000008ce00000, 0x000000008cd00000| Updating 

Card table byte_map: [0x000001e4b63e0000,0x000001e4b67e0000] _byte_map_base: 0x000001e4b5fe0000

Marking Bits (Prev, Next): (CMBitMap*) 0x000001e4a172bd10, (CMBitMap*) 0x000001e4a172bcd8
 Prev Bits: [0x000001e4b8be0000, 0x000001e4babe0000)
 Next Bits: [0x000001e4b6be0000, 0x000001e4b8be0000)

Polling page: 0x000001e4a1580000

Metaspace:

Usage:
  Non-class:     89.40 MB capacity,    88.08 MB ( 99%) used,     1.05 MB (  1%) free+waste,   282.81 KB ( <1%) overhead. 
      Class:     13.91 MB capacity,    13.04 MB ( 94%) used,   761.41 KB (  5%) free+waste,   125.13 KB ( <1%) overhead. 
       Both:    103.31 MB capacity,   101.12 MB ( 98%) used,     1.79 MB (  2%) free+waste,   407.94 KB ( <1%) overhead. 

Virtual space:
  Non-class space:       90.00 MB reserved,      89.48 MB (>99%) committed 
      Class space:        1.00 GB reserved,      14.02 MB (  1%) committed 
             Both:        1.09 GB reserved,     103.51 MB (  9%) committed 

Chunk freelists:
   Non-Class:  19.00 KB
       Class:  0 bytes
        Both:  19.00 KB

MaxMetaspaceSize: 17179869184.00 GB
CompressedClassSpaceSize: 1.00 GB
Initial GC threshold: 20.80 MB
Current GC threshold: 172.52 MB
CDS: off

CodeHeap 'non-profiled nmethods': size=120064Kb used=6997Kb max_used=6997Kb free=113066Kb
 bounds [0x000001e4ae480000, 0x000001e4aeb60000, 0x000001e4b59c0000]
CodeHeap 'profiled nmethods': size=120000Kb used=27060Kb max_used=27060Kb free=92939Kb
 bounds [0x000001e4a6f50000, 0x000001e4a89c0000, 0x000001e4ae480000]
CodeHeap 'non-nmethods': size=5696Kb used=2411Kb max_used=2456Kb free=3284Kb
 bounds [0x000001e4a69c0000, 0x000001e4a6c30000, 0x000001e4a6f50000]
 total_blobs=13022 nmethods=12087 adapters=848
 compilation: enabled
              stopped_count=0, restarted_count=0
 full_count=0

Compilation events (20 events):
Event: 46.656 Thread 0x000001e4bd230000 12228       2       com.android.tools.r8.code.c::<init> (7 bytes)
Event: 46.657 Thread 0x000001e4bd230000 nmethod 12228 0x000001e4a89b9410 code [0x000001e4a89b95c0, 0x000001e4a89b9718]
Event: 46.804 Thread 0x000001e4bd230000 12230       2       com.android.tools.r8.code.P3::<init> (7 bytes)
Event: 46.804 Thread 0x000001e4bd230000 nmethod 12230 0x000001e4a89b9810 code [0x000001e4a89b99c0, 0x000001e4a89b9b18]
Event: 46.827 Thread 0x000001e4bd230000 12232       2       com.android.tools.r8.graph.N2::a (157 bytes)
Event: 46.829 Thread 0x000001e4bd230000 nmethod 12232 0x000001e4a89b9c10 code [0x000001e4a89b9e40, 0x000001e4a89ba5d8]
Event: 46.837 Thread 0x000001e4bd230000 12233       2       com.android.tools.r8.dex.i::g (53 bytes)
Event: 46.838 Thread 0x000001e4bd230000 nmethod 12233 0x000001e4a89baa10 code [0x000001e4a89bac00, 0x000001e4a89bb018]
Event: 46.842 Thread 0x000001e4bd230000 12235       2       com.android.tools.r8.code.f::<init> (7 bytes)
Event: 46.842 Thread 0x000001e4bd230000 nmethod 12235 0x000001e4a89bb210 code [0x000001e4a89bb3e0, 0x000001e4a89bb618]
Event: 46.871 Thread 0x000001e4bd230000 12237       2       com.android.tools.r8.code.r::<init> (7 bytes)
Event: 46.872 Thread 0x000001e4bd230000 nmethod 12237 0x000001e4a89bb810 code [0x000001e4a89bb9c0, 0x000001e4a89bbb18]
Event: 46.877 Thread 0x000001e4bd230000 12238       2       com.android.tools.r8.code.l0::<init> (7 bytes)
Event: 46.877 Thread 0x000001e4bd230000 nmethod 12238 0x000001e4a89bbc10 code [0x000001e4a89bbdc0, 0x000001e4a89bbf18]
Event: 46.879 Thread 0x000001e4bd230000 12239       2       com.android.tools.r8.code.Q3::<init> (7 bytes)
Event: 46.880 Thread 0x000001e4bd230000 nmethod 12239 0x000001e4a89bc010 code [0x000001e4a89bc1e0, 0x000001e4a89bc418]
Event: 46.888 Thread 0x000001e4bd230000 12240       2       com.android.tools.r8.code.u::<init> (7 bytes)
Event: 46.889 Thread 0x000001e4bd230000 nmethod 12240 0x000001e4a89bc610 code [0x000001e4a89bc7e0, 0x000001e4a89bca18]
Event: 47.010 Thread 0x000001e4bd230000 12241       2       com.android.tools.r8.graph.N2::g (64 bytes)
Event: 47.011 Thread 0x000001e4bd230000 nmethod 12241 0x000001e4a89bcc10 code [0x000001e4a89bce20, 0x000001e4a89bd138]

GC Heap History (20 events):
Event: 33.684 GC heap after
{Heap after GC invocations=23 (full 0):
 garbage-first heap   total 165888K, used 79211K [0x0000000080000000, 0x0000000100000000)
  region size 1024K, 8 young (8192K), 8 survivors (8192K)
 Metaspace       used 88099K, capacity 90080K, committed 90248K, reserved 1128448K
  class space    used 11311K, capacity 12052K, committed 12184K, reserved 1048576K
}
Event: 35.743 GC heap before
{Heap before GC invocations=23 (full 0):
 garbage-first heap   total 165888K, used 130411K [0x0000000080000000, 0x0000000100000000)
  region size 1024K, 59 young (60416K), 8 survivors (8192K)
 Metaspace       used 91855K, capacity 93927K, committed 93960K, reserved 1130496K
  class space    used 11773K, capacity 12551K, committed 12568K, reserved 1048576K
}
Event: 35.771 GC heap after
{Heap after GC invocations=24 (full 0):
 garbage-first heap   total 165888K, used 84596K [0x0000000080000000, 0x0000000100000000)
  region size 1024K, 5 young (5120K), 5 survivors (5120K)
 Metaspace       used 91855K, capacity 93927K, committed 93960K, reserved 1130496K
  class space    used 11773K, capacity 12551K, committed 12568K, reserved 1048576K
}
Event: 37.877 GC heap before
{Heap before GC invocations=24 (full 0):
 garbage-first heap   total 165888K, used 132724K [0x0000000080000000, 0x0000000100000000)
  region size 1024K, 53 young (54272K), 5 survivors (5120K)
 Metaspace       used 92526K, capacity 94643K, committed 94856K, reserved 1132544K
  class space    used 11822K, capacity 12641K, committed 12696K, reserved 1048576K
}
Event: 37.903 GC heap after
{Heap after GC invocations=25 (full 0):
 garbage-first heap   total 199680K, used 88052K [0x0000000080000000, 0x0000000100000000)
  region size 1024K, 4 young (4096K), 4 survivors (4096K)
 Metaspace       used 92526K, capacity 94643K, committed 94856K, reserved 1132544K
  class space    used 11822K, capacity 12641K, committed 12696K, reserved 1048576K
}
Event: 40.275 GC heap before
{Heap before GC invocations=26 (full 0):
 garbage-first heap   total 199680K, used 150516K [0x0000000080000000, 0x0000000100000000)
  region size 1024K, 66 young (67584K), 4 survivors (4096K)
 Metaspace       used 94185K, capacity 96378K, committed 96648K, reserved 1132544K
  class space    used 12025K, capacity 12882K, committed 12952K, reserved 1048576K
}
Event: 40.300 GC heap after
{Heap after GC invocations=27 (full 0):
 garbage-first heap   total 199680K, used 91917K [0x0000000080000000, 0x0000000100000000)
  region size 1024K, 8 young (8192K), 8 survivors (8192K)
 Metaspace       used 94185K, capacity 96378K, committed 96648K, reserved 1132544K
  class space    used 12025K, capacity 12882K, committed 12952K, reserved 1048576K
}
Event: 41.980 GC heap before
{Heap before GC invocations=27 (full 0):
 garbage-first heap   total 199680K, used 155405K [0x0000000080000000, 0x0000000100000000)
  region size 1024K, 66 young (67584K), 8 survivors (8192K)
 Metaspace       used 96641K, capacity 98900K, committed 98952K, reserved 1134592K
  class space    used 12330K, capacity 13179K, committed 13208K, reserved 1048576K
}
Event: 42.005 GC heap after
{Heap after GC invocations=28 (full 0):
 garbage-first heap   total 199680K, used 101746K [0x0000000080000000, 0x0000000100000000)
  region size 1024K, 8 young (8192K), 8 survivors (8192K)
 Metaspace       used 96641K, capacity 98900K, committed 98952K, reserved 1134592K
  class space    used 12330K, capacity 13179K, committed 13208K, reserved 1048576K
}
Event: 43.318 GC heap before
{Heap before GC invocations=29 (full 0):
 garbage-first heap   total 199680K, used 132466K [0x0000000080000000, 0x0000000100000000)
  region size 1024K, 35 young (35840K), 8 survivors (8192K)
 Metaspace       used 100173K, capacity 102413K, committed 102536K, reserved 1138688K
  class space    used 12756K, capacity 13623K, committed 13720K, reserved 1048576K
}
Event: 43.344 GC heap after
{Heap after GC invocations=30 (full 0):
 garbage-first heap   total 199680K, used 111993K [0x0000000080000000, 0x0000000100000000)
  region size 1024K, 9 young (9216K), 9 survivors (9216K)
 Metaspace       used 100173K, capacity 102413K, committed 102536K, reserved 1138688K
  class space    used 12756K, capacity 13623K, committed 13720K, reserved 1048576K
}
Event: 44.312 GC heap before
{Heap before GC invocations=31 (full 0):
 garbage-first heap   total 199680K, used 184697K [0x0000000080000000, 0x0000000100000000)
  region size 1024K, 54 young (55296K), 9 survivors (9216K)
 Metaspace       used 101110K, capacity 103343K, committed 103688K, reserved 1138688K
  class space    used 12894K, capacity 13746K, committed 13848K, reserved 1048576K
}
Event: 44.467 GC heap after
{Heap after GC invocations=32 (full 0):
 garbage-first heap   total 210944K, used 138123K [0x0000000080000000, 0x0000000100000000)
  region size 1024K, 8 young (8192K), 8 survivors (8192K)
 Metaspace       used 101110K, capacity 103343K, committed 103688K, reserved 1138688K
  class space    used 12894K, capacity 13746K, committed 13848K, reserved 1048576K
}
Event: 45.751 GC heap before
{Heap before GC invocations=33 (full 0):
 garbage-first heap   total 210944K, used 171915K [0x0000000080000000, 0x0000000100000000)
  region size 1024K, 40 young (40960K), 8 survivors (8192K)
 Metaspace       used 103479K, capacity 105723K, committed 105992K, reserved 1140736K
  class space    used 13356K, capacity 14243K, committed 14360K, reserved 1048576K
}
Event: 45.818 GC heap after
{Heap after GC invocations=34 (full 0):
 garbage-first heap   total 210944K, used 151975K [0x0000000080000000, 0x0000000100000000)
  region size 1024K, 5 young (5120K), 5 survivors (5120K)
 Metaspace       used 103479K, capacity 105723K, committed 105992K, reserved 1140736K
  class space    used 13356K, capacity 14243K, committed 14360K, reserved 1048576K
}
Event: 46.132 GC heap before
{Heap before GC invocations=34 (full 0):
 garbage-first heap   total 210944K, used 173479K [0x0000000080000000, 0x0000000100000000)
  region size 1024K, 26 young (26624K), 5 survivors (5120K)
 Metaspace       used 103496K, capacity 105789K, committed 105992K, reserved 1140736K
  class space    used 13356K, capacity 14243K, committed 14360K, reserved 1048576K
}
Event: 46.179 GC heap after
{Heap after GC invocations=35 (full 0):
 garbage-first heap   total 210944K, used 163840K [0x0000000080000000, 0x0000000100000000)
  region size 1024K, 4 young (4096K), 4 survivors (4096K)
 Metaspace       used 103496K, capacity 105789K, committed 105992K, reserved 1140736K
  class space    used 13356K, capacity 14243K, committed 14360K, reserved 1048576K
}
Event: 46.771 GC heap before
{Heap before GC invocations=35 (full 0):
 garbage-first heap   total 210944K, used 176128K [0x0000000080000000, 0x0000000100000000)
  region size 1024K, 16 young (16384K), 4 survivors (4096K)
 Metaspace       used 103546K, capacity 105791K, committed 105992K, reserved 1140736K
  class space    used 13356K, capacity 14243K, committed 14360K, reserved 1048576K
}
Event: 46.801 GC heap after
{Heap after GC invocations=36 (full 0):
 garbage-first heap   total 210944K, used 170496K [0x0000000080000000, 0x0000000100000000)
  region size 1024K, 2 young (2048K), 2 survivors (2048K)
 Metaspace       used 103546K, capacity 105791K, committed 105992K, reserved 1140736K
  class space    used 13356K, capacity 14243K, committed 14360K, reserved 1048576K
}
Event: 47.054 GC heap before
{Heap before GC invocations=36 (full 0):
 garbage-first heap   total 210944K, used 178688K [0x0000000080000000, 0x0000000100000000)
  region size 1024K, 10 young (10240K), 2 survivors (2048K)
 Metaspace       used 103547K, capacity 105792K, committed 105992K, reserved 1140736K
  class space    used 13356K, capacity 14243K, committed 14360K, reserved 1048576K
}

Deoptimization events (20 events):
Event: 45.151 Thread 0x000001e4c3d8c800 Uncommon trap: trap_request=0xffffff4d fr.pc=0x000001e4aeb1eaa0 relative=0x00000000000002a0
Event: 45.151 Thread 0x000001e4c3d8c800 Uncommon trap: reason=unstable_if action=reinterpret pc=0x000001e4aeb1eaa0 method=com.android.tools.r8.graph.P0.h(Ljava/lang/Object;)Z @ 37 c2
Event: 45.151 Thread 0x000001e4c3d8c800 DEOPT PACKING pc=0x000001e4aeb1eaa0 sp=0x0000006355cfea90
Event: 45.151 Thread 0x000001e4c3d8c800 DEOPT UNPACKING pc=0x000001e4a6a0a1af sp=0x0000006355cfea30 mode 2
Event: 45.151 Thread 0x000001e4c3d8f800 Uncommon trap: trap_request=0xffffff4d fr.pc=0x000001e4aeb105f4 relative=0x0000000000000134
Event: 45.151 Thread 0x000001e4c3d8f800 Uncommon trap: reason=unstable_if action=reinterpret pc=0x000001e4aeb105f4 method=com.android.tools.r8.internal.dt.get(I)Ljava/lang/Object; @ 1 c2
Event: 45.151 Thread 0x000001e4c3d8f800 DEOPT PACKING pc=0x000001e4aeb105f4 sp=0x00000063559fee80
Event: 45.151 Thread 0x000001e4c3d8f800 DEOPT UNPACKING pc=0x000001e4a6a0a1af sp=0x00000063559fee18 mode 2
Event: 46.053 Thread 0x000001e4bfd84000 Uncommon trap: trap_request=0xffffffc6 fr.pc=0x000001e4aea62a04 relative=0x0000000000000984
Event: 46.053 Thread 0x000001e4bfd84000 Uncommon trap: reason=bimorphic_or_optimized_type_check action=maybe_recompile pc=0x000001e4aea62a04 method=java.util.HashMap.removeNode(ILjava/lang/Object;Ljava/lang/Object;ZZ)Ljava/util/HashMap$Node; @ 283 c2
Event: 46.053 Thread 0x000001e4bfd84000 DEOPT PACKING pc=0x000001e4aea62a04 sp=0x00000063504fe840
Event: 46.053 Thread 0x000001e4bfd84000 DEOPT UNPACKING pc=0x000001e4a6a0a1af sp=0x00000063504fe7d8 mode 2
Event: 46.053 Thread 0x000001e4bfd84000 Uncommon trap: trap_request=0xffffffc6 fr.pc=0x000001e4aea62a04 relative=0x0000000000000984
Event: 46.053 Thread 0x000001e4bfd84000 Uncommon trap: reason=bimorphic_or_optimized_type_check action=maybe_recompile pc=0x000001e4aea62a04 method=java.util.HashMap.removeNode(ILjava/lang/Object;Ljava/lang/Object;ZZ)Ljava/util/HashMap$Node; @ 283 c2
Event: 46.053 Thread 0x000001e4bfd84000 DEOPT PACKING pc=0x000001e4aea62a04 sp=0x00000063504fe840
Event: 46.053 Thread 0x000001e4bfd84000 DEOPT UNPACKING pc=0x000001e4a6a0a1af sp=0x00000063504fe7d8 mode 2
Event: 46.310 Thread 0x000001e4c3d8f800 Uncommon trap: trap_request=0xffffff4d fr.pc=0x000001e4aeb4fcc4 relative=0x0000000000008ba4
Event: 46.310 Thread 0x000001e4c3d8f800 Uncommon trap: reason=unstable_if action=reinterpret pc=0x000001e4aeb4fcc4 method=com.android.tools.r8.code.y1.a(Ljava/nio/ShortBuffer;IILcom/android/tools/r8/internal/pL;)[Lcom/android/tools/r8/code/w1; @ 301 c2
Event: 46.310 Thread 0x000001e4c3d8f800 DEOPT PACKING pc=0x000001e4aeb4fcc4 sp=0x00000063559fecb0
Event: 46.310 Thread 0x000001e4c3d8f800 DEOPT UNPACKING pc=0x000001e4a6a0a1af sp=0x00000063559fec98 mode 2

Classes redefined (0 events):
No events

Internal exceptions (20 events):
Event: 39.333 Thread 0x000001e4c034e000 Exception <a 'sun/nio/fs/WindowsException'{0x000000008a47f4c8}> (0x000000008a47f4c8) thrown at [./src/hotspot/share/prims/jni.cpp, line 616]
Event: 39.333 Thread 0x000001e4c034e000 Exception <a 'sun/nio/fs/WindowsException'{0x000000008a480388}> (0x000000008a480388) thrown at [./src/hotspot/share/prims/jni.cpp, line 616]
Event: 39.336 Thread 0x000001e4c034e000 Exception <a 'sun/nio/fs/WindowsException'{0x000000008a480ad0}> (0x000000008a480ad0) thrown at [./src/hotspot/share/prims/jni.cpp, line 616]
Event: 39.389 Thread 0x000001e4c034e000 Exception <a 'java/lang/NoSuchMethodError'{0x000000008a2345d8}: <clinit>> (0x000000008a2345d8) thrown at [./src/hotspot/share/prims/jni.cpp, line 1366]
Event: 39.400 Thread 0x000001e4c034e000 Exception <a 'java/lang/NoSuchMethodError'{0x000000008a267ed0}: <clinit>> (0x000000008a267ed0) thrown at [./src/hotspot/share/prims/jni.cpp, line 1366]
Event: 39.408 Thread 0x000001e4c034e000 Exception <a 'java/lang/NoSuchMethodError'{0x000000008a296018}: <clinit>> (0x000000008a296018) thrown at [./src/hotspot/share/prims/jni.cpp, line 1366]
Event: 39.412 Thread 0x000001e4c034e000 Exception <a 'java/lang/NoSuchMethodError'{0x000000008a2a89d8}: <clinit>> (0x000000008a2a89d8) thrown at [./src/hotspot/share/prims/jni.cpp, line 1366]
Event: 42.588 Thread 0x000001e4c034f000 Exception <a 'sun/nio/fs/WindowsException'{0x000000008b710c40}> (0x000000008b710c40) thrown at [./src/hotspot/share/prims/jni.cpp, line 616]
Event: 42.780 Thread 0x000001e4c034f000 Exception <a 'java/lang/NoSuchMethodError'{0x000000008b4feac0}: 'java.lang.Object java.lang.invoke.DirectMethodHandle$Holder.newInvokeSpecial(java.lang.Object, int)'> (0x000000008b4feac0) thrown at [./src/hotspot/share/interpreter/linkResolver.cpp, line 773]
Event: 43.450 Thread 0x000001e4c034f000 Exception <a 'java/lang/NoSuchMethodError'{0x000000008c18fa70}: 'java.lang.Object java.lang.invoke.DirectMethodHandle$Holder.invokeStaticInit(java.lang.Object, java.lang.Object, java.lang.Object, java.lang.Object, java.lang.Object, java.lang.Object, java.lang.Object, java.lang.Object, java.lang.Object, java.lang.Object, java.lang.Object, java.lang.Object, java.lang.Object, java.lang.Object, java.lang.Object, java.lang.Object, java.lang.Object, java.lang.Object, int, java.lang.Object, java.lang.Object)'> (0
Event: 43.542 Thread 0x000001e4c034b800 Exception <a 'java/lang/NoSuchMethodError'{0x000000008c1114e0}: 'void java.lang.invoke.DirectMethodHandle$Holder.invokeStatic(java.lang.Object, long)'> (0x000000008c1114e0) thrown at [./src/hotspot/share/interpreter/linkResolver.cpp, line 773]
Event: 43.543 Thread 0x000001e4c034b800 Exception <a 'java/lang/NoSuchMethodError'{0x000000008c1169a0}: 'java.lang.Object java.lang.invoke.DirectMethodHandle$Holder.invokeStatic(java.lang.Object, long)'> (0x000000008c1169a0) thrown at [./src/hotspot/share/interpreter/linkResolver.cpp, line 773]
Event: 43.559 Thread 0x000001e4c034b800 Exception <a 'java/lang/NoSuchMethodError'{0x000000008c124d08}: 'java.lang.Object java.lang.invoke.DirectMethodHandle$Holder.invokeStaticInit(java.lang.Object, java.lang.Object, long, java.lang.Object)'> (0x000000008c124d08) thrown at [./src/hotspot/share/interpreter/linkResolver.cpp, line 773]
Event: 43.560 Thread 0x000001e4c034b800 Exception <a 'java/lang/NoSuchMethodError'{0x000000008c12aea0}: 'java.lang.Object java.lang.invoke.DirectMethodHandle$Holder.invokeStatic(java.lang.Object, java.lang.Object, long)'> (0x000000008c12aea0) thrown at [./src/hotspot/share/interpreter/linkResolver.cpp, line 773]
Event: 43.562 Thread 0x000001e4c034b800 Exception <a 'java/lang/NoSuchMethodError'{0x000000008c131418}: 'java.lang.Object java.lang.invoke.Invokers$Holder.linkToTargetMethod(java.lang.Object, long, java.lang.Object)'> (0x000000008c131418) thrown at [./src/hotspot/share/interpreter/linkResolver.cpp, line 773]
Event: 44.215 Thread 0x000001e4c034b800 Exception <a 'java/lang/NoSuchMethodError'{0x00000000897f3cb0}: 'int java.lang.invoke.DirectMethodHandle$Holder.invokeSpecialIFC(java.lang.Object, java.lang.Object, java.lang.Object)'> (0x00000000897f3cb0) thrown at [./src/hotspot/share/interpreter/linkResolver.cpp, line 773]
Event: 45.135 Thread 0x000001e4c3d8c800 Exception <a 'java/lang/IncompatibleClassChangeError'{0x000000008b5c88b8}: Found class java.lang.Object, but interface was expected> (0x000000008b5c88b8) thrown at [./src/hotspot/share/interpreter/linkResolver.cpp, line 839]
Event: 45.148 Thread 0x000001e4c3d8c800 Exception <a 'java/lang/IncompatibleClassChangeError'{0x000000008b17c460}: Found class java.lang.Object, but interface was expected> (0x000000008b17c460) thrown at [./src/hotspot/share/interpreter/linkResolver.cpp, line 839]
Event: 45.149 Thread 0x000001e4c3d91800 Exception <a 'java/lang/IncompatibleClassChangeError'{0x000000008b194a68}: Found class java.lang.Object, but interface was expected> (0x000000008b194a68) thrown at [./src/hotspot/share/interpreter/linkResolver.cpp, line 839]
Event: 45.150 Thread 0x000001e4c3d8f800 Exception <a 'java/lang/IncompatibleClassChangeError'{0x000000008b113218}: Found class java.lang.Object, but interface was expected> (0x000000008b113218) thrown at [./src/hotspot/share/interpreter/linkResolver.cpp, line 839]

Events (20 events):
Event: 45.279 loading class com/android/tools/r8/graph/N2 done
Event: 45.280 loading class com/android/tools/r8/internal/qK
Event: 45.280 loading class com/android/tools/r8/internal/qK done
Event: 45.281 loading class com/android/tools/r8/internal/vK
Event: 45.281 loading class com/android/tools/r8/internal/vK done
Event: 45.398 loading class com/android/tools/r8/internal/kl
Event: 45.398 loading class com/android/tools/r8/internal/kl done
Event: 45.412 loading class com/android/tools/r8/internal/pG
Event: 45.412 loading class com/android/tools/r8/internal/pG done
Event: 45.419 loading class com/android/tools/r8/internal/PD
Event: 45.419 loading class com/android/tools/r8/internal/PD done
Event: 45.746 Executing VM operation: G1CollectForAllocation
Event: 45.819 Executing VM operation: G1CollectForAllocation done
Event: 46.126 Executing VM operation: G1CollectForAllocation
Event: 46.179 Executing VM operation: G1CollectForAllocation done
Event: 46.719 Executing VM operation: CGC_Operation
Event: 46.752 Executing VM operation: CGC_Operation done
Event: 46.770 Executing VM operation: G1CollectForAllocation
Event: 46.801 Executing VM operation: G1CollectForAllocation done
Event: 47.036 Executing VM operation: G1CollectForAllocation


Dynamic libraries:
0x00007ff6bfb80000 - 0x00007ff6bfb8a000 	C:\Program Files\Android\Android Studio\jre\bin\java.exe
0x00007ffbf7470000 - 0x00007ffbf7668000 	C:\WINDOWS\SYSTEM32\ntdll.dll
0x00007ffbf7370000 - 0x00007ffbf742f000 	C:\WINDOWS\System32\KERNEL32.DLL
0x00007ffbf4ce0000 - 0x00007ffbf4fb2000 	C:\WINDOWS\System32\KERNELBASE.dll
0x00007ffbf5320000 - 0x00007ffbf5420000 	C:\WINDOWS\System32\ucrtbase.dll
0x00007ffbed430000 - 0x00007ffbed449000 	C:\Program Files\Android\Android Studio\jre\bin\jli.dll
0x00007ffbedf50000 - 0x00007ffbedf67000 	C:\Program Files\Android\Android Studio\jre\bin\VCRUNTIME140.dll
0x00007ffbf54b0000 - 0x00007ffbf5651000 	C:\WINDOWS\System32\USER32.dll
0x00007ffbf4cb0000 - 0x00007ffbf4cd2000 	C:\WINDOWS\System32\win32u.dll
0x00007ffbf7290000 - 0x00007ffbf72bb000 	C:\WINDOWS\System32\GDI32.dll
0x00007ffbe6460000 - 0x00007ffbe66fa000 	C:\WINDOWS\WinSxS\amd64_microsoft.windows.common-controls_6595b64144ccf1df_6.0.19041.1110_none_60b5254171f9507e\COMCTL32.dll
0x00007ffbf4fc0000 - 0x00007ffbf50cf000 	C:\WINDOWS\System32\gdi32full.dll
0x00007ffbf6650000 - 0x00007ffbf66ee000 	C:\WINDOWS\System32\msvcrt.dll
0x00007ffbf50d0000 - 0x00007ffbf516d000 	C:\WINDOWS\System32\msvcp_win.dll
0x00007ffbf7250000 - 0x00007ffbf7282000 	C:\WINDOWS\System32\IMM32.DLL
0x00007ffbeda40000 - 0x00007ffbedadd000 	C:\Program Files\Android\Android Studio\jre\bin\msvcp140.dll
0x00007ffbcfa30000 - 0x00007ffbd0532000 	C:\Program Files\Android\Android Studio\jre\bin\server\jvm.dll
0x00007ffbf65a0000 - 0x00007ffbf664e000 	C:\WINDOWS\System32\ADVAPI32.dll
0x00007ffbf72c0000 - 0x00007ffbf735c000 	C:\WINDOWS\System32\sechost.dll
0x00007ffbf6a80000 - 0x00007ffbf6ba5000 	C:\WINDOWS\System32\RPCRT4.dll
0x00007ffbf7360000 - 0x00007ffbf7368000 	C:\WINDOWS\System32\PSAPI.DLL
0x00007ffbeec60000 - 0x00007ffbeec69000 	C:\WINDOWS\SYSTEM32\WSOCK32.dll
0x00007ffbf6890000 - 0x00007ffbf68fb000 	C:\WINDOWS\System32\WS2_32.dll
0x00007ffbec700000 - 0x00007ffbec727000 	C:\WINDOWS\SYSTEM32\WINMM.dll
0x00007ffbec730000 - 0x00007ffbec73a000 	C:\WINDOWS\SYSTEM32\VERSION.dll
0x00007ffbf2a20000 - 0x00007ffbf2a32000 	C:\WINDOWS\SYSTEM32\kernel.appcore.dll
0x00007ffbedf30000 - 0x00007ffbedf41000 	C:\Program Files\Android\Android Studio\jre\bin\verify.dll
0x00007ffbdf6e0000 - 0x00007ffbdf8c4000 	C:\WINDOWS\SYSTEM32\DBGHELP.DLL
0x00007ffbdf6a0000 - 0x00007ffbdf6d5000 	C:\WINDOWS\SYSTEM32\dbgcore.DLL
0x00007ffbf5420000 - 0x00007ffbf54a2000 	C:\WINDOWS\System32\bcryptPrimitives.dll
0x00007ffbedc90000 - 0x00007ffbedcb9000 	C:\Program Files\Android\Android Studio\jre\bin\java.dll
0x00007ffbedf20000 - 0x00007ffbedf2b000 	C:\Program Files\Android\Android Studio\jre\bin\jimage.dll
0x00007ffbedb30000 - 0x00007ffbedb48000 	C:\Program Files\Android\Android Studio\jre\bin\zip.dll
0x00007ffbf5e50000 - 0x00007ffbf6594000 	C:\WINDOWS\System32\SHELL32.dll
0x00007ffbf2c20000 - 0x00007ffbf33b2000 	C:\WINDOWS\SYSTEM32\windows.storage.dll
0x00007ffbf6d40000 - 0x00007ffbf7095000 	C:\WINDOWS\System32\combase.dll
0x00007ffbf44e0000 - 0x00007ffbf4510000 	C:\WINDOWS\SYSTEM32\Wldp.dll
0x00007ffbf5c60000 - 0x00007ffbf5d0d000 	C:\WINDOWS\System32\SHCORE.dll
0x00007ffbf6a20000 - 0x00007ffbf6a75000 	C:\WINDOWS\System32\shlwapi.dll
0x00007ffbf4aa0000 - 0x00007ffbf4abf000 	C:\WINDOWS\SYSTEM32\profapi.dll
0x00007ffbedb10000 - 0x00007ffbedb2a000 	C:\Program Files\Android\Android Studio\jre\bin\net.dll
0x00007ffbeaf80000 - 0x00007ffbeb08c000 	C:\WINDOWS\SYSTEM32\WINHTTP.dll
0x00007ffbf4240000 - 0x00007ffbf42aa000 	C:\WINDOWS\system32\mswsock.dll
0x00007ffbedaf0000 - 0x00007ffbedb04000 	C:\Program Files\Android\Android Studio\jre\bin\nio.dll
0x00007ffbe6700000 - 0x00007ffbe6727000 	C:\Users\acer\.gradle\native\e1d6ef7f7dcc3fd88c89a11ec53ec762bb8ba0a96d01ffa2cd45eb1d1d8dd5c5\windows-amd64\native-platform.dll
0x00007ffbb1560000 - 0x00007ffbb16a4000 	C:\Users\acer\.gradle\native\0d407fdbe67a94daf76414ababcb853783967236a71b16ec16e742cd7a986fd3\windows-amd64\native-platform-file-events.dll
0x00007ffbedf10000 - 0x00007ffbedf1a000 	C:\Program Files\Android\Android Studio\jre\bin\management.dll
0x00007ffbedae0000 - 0x00007ffbedaed000 	C:\Program Files\Android\Android Studio\jre\bin\management_ext.dll
0x00007ffbf4430000 - 0x00007ffbf4448000 	C:\WINDOWS\SYSTEM32\CRYPTSP.dll
0x00007ffbf3b60000 - 0x00007ffbf3b94000 	C:\WINDOWS\system32\rsaenh.dll
0x00007ffbf4b60000 - 0x00007ffbf4b87000 	C:\WINDOWS\System32\bcrypt.dll
0x00007ffbf4a20000 - 0x00007ffbf4a4e000 	C:\WINDOWS\SYSTEM32\USERENV.dll
0x00007ffbf4450000 - 0x00007ffbf445c000 	C:\WINDOWS\SYSTEM32\CRYPTBASE.dll
0x00007ffbf3f30000 - 0x00007ffbf3f6b000 	C:\WINDOWS\SYSTEM32\IPHLPAPI.DLL
0x00007ffbf66f0000 - 0x00007ffbf66f8000 	C:\WINDOWS\System32\NSI.dll
0x00007ffbec150000 - 0x00007ffbec167000 	C:\WINDOWS\SYSTEM32\dhcpcsvc6.DLL
0x00007ffbec740000 - 0x00007ffbec75d000 	C:\WINDOWS\SYSTEM32\dhcpcsvc.DLL
0x00007ffbf3f70000 - 0x00007ffbf403a000 	C:\WINDOWS\SYSTEM32\DNSAPI.dll
0x00007ffbed7a0000 - 0x00007ffbed7c7000 	C:\Program Files\Android\Android Studio\jre\bin\sunec.dll
0x00007ffbe3aa0000 - 0x00007ffbe3aaa000 	C:\Windows\System32\rasadhlp.dll

dbghelp: loaded successfully - version: 4.0.5 - missing functions: none
symbol engine: initialized successfully - sym options: 0x614 - pdb path: .;C:\Program Files\Android\Android Studio\jre\bin;C:\WINDOWS\SYSTEM32;C:\WINDOWS\WinSxS\amd64_microsoft.windows.common-controls_6595b64144ccf1df_6.0.19041.1110_none_60b5254171f9507e;C:\Program Files\Android\Android Studio\jre\bin\server;C:\Users\acer\.gradle\native\e1d6ef7f7dcc3fd88c89a11ec53ec762bb8ba0a96d01ffa2cd45eb1d1d8dd5c5\windows-amd64;C:\Users\acer\.gradle\native\0d407fdbe67a94daf76414ababcb853783967236a71b16ec16e742cd7a986fd3\windows-amd64

VM Arguments:
jvm_args: --add-opens=java.base/java.util=ALL-UNNAMED --add-opens=java.base/java.lang=ALL-UNNAMED --add-opens=java.base/java.lang.invoke=ALL-UNNAMED --add-opens=java.base/java.util=ALL-UNNAMED --add-opens=java.prefs/java.util.prefs=ALL-UNNAMED --add-opens=java.prefs/java.util.prefs=ALL-UNNAMED --add-opens=java.base/java.nio.charset=ALL-UNNAMED --add-opens=java.base/java.net=ALL-UNNAMED --add-opens=java.base/java.util.concurrent.atomic=ALL-UNNAMED -Xmx2048m -Dfile.encoding=UTF-8 -Duser.country=IN -Duser.language=en -Duser.variant 
java_command: org.gradle.launcher.daemon.bootstrap.GradleDaemon 7.4
java_class_path (initial): C:\Users\acer\.gradle\wrapper\dists\gradle-7.4-bin\c0gwcg53nkjbqw7r0h0umtfvt\gradle-7.4\lib\gradle-launcher-7.4.jar
Launcher Type: SUN_STANDARD

[Global flags]
     intx CICompilerCount                          = 3                                         {product} {ergonomic}
     uint ConcGCThreads                            = 1                                         {product} {ergonomic}
     uint G1ConcRefinementThreads                  = 4                                         {product} {ergonomic}
   size_t G1HeapRegionSize                         = 1048576                                   {product} {ergonomic}
    uintx GCDrainStackTargetSize                   = 64                                        {product} {ergonomic}
   size_t InitialHeapSize                          = 117440512                                 {product} {ergonomic}
   size_t MarkStackSize                            = 4194304                                   {product} {ergonomic}
   size_t MaxHeapSize                              = 2147483648                                {product} {command line}
   size_t MaxNewSize                               = 1287651328                                {product} {ergonomic}
   size_t MinHeapDeltaBytes                        = 1048576                                   {product} {ergonomic}
    uintx NonNMethodCodeHeapSize                   = 5830732                                {pd product} {ergonomic}
    uintx NonProfiledCodeHeapSize                  = 122913754                              {pd product} {ergonomic}
    uintx ProfiledCodeHeapSize                     = 122913754                              {pd product} {ergonomic}
    uintx ReservedCodeCacheSize                    = 251658240                              {pd product} {ergonomic}
     bool SegmentedCodeCache                       = true                                      {product} {ergonomic}
     bool UseCompressedClassPointers               = true                                 {lp64_product} {ergonomic}
     bool UseCompressedOops                        = true                                 {lp64_product} {ergonomic}
     bool UseG1GC                                  = true                                      {product} {ergonomic}
     bool UseLargePagesIndividualAllocation        = false                                  {pd product} {ergonomic}

Logging:
Log output configuration:
 #0: stdout all=warning uptime,level,tags
 #1: stderr all=off uptime,level,tags

Environment Variables:
JAVA_HOME=C:\Program Files\Java\jdk-18.0.2
PATH=C:\Program Files\Common Files\Oracle\Java\javapath;C:\WINDOWS\system32;C:\WINDOWS;C:\WINDOWS\System32\Wbem;C:\WINDOWS\System32\WindowsPowerShell\v1.0\;C:\WINDOWS\System32\OpenSSH\;C:\Program Files\nodejs;C:\Program Files\dotnet\;C:\Program Files\nodejs\;C:\Users\acer\AppData\Local\Android\Sdk\platform-tools;C:\Users\acer\AppData\Local\Android\Sdk;C:\ProgramData\chocolatey\bin;C:\Program Files\Git\cmd;C:\Users\acer\AppData\Local\Microsoft\WindowsApps;C:\Program Files\JetBrains\PyCharm Community Edition 2021.2.2\bin;;C:\Program Files\nodejs;C:\Program Files\JetBrains\IntelliJ IDEA Community Edition 2022.2.1\bin;;C:\Users\acer\AppData\Roaming\npm;C:\Users\acer\AppData\Local\Programs\Microsoft VS Code\bin;C:\Users\acer\AppData\Local\Android\Sdk\platform-tools;
USERNAME=shergill
OS=Windows_NT
PROCESSOR_IDENTIFIER=AMD64 Family 22 Model 48 Stepping 1, AuthenticAMD



---------------  S Y S T E M  ---------------

OS: Windows 10 , 64 bit Build 19041 (10.0.19041.2251)
OS uptime: 0 days 12:19 hours

CPU:total 4 (initial active 4) (4 cores per cpu, 1 threads per core) family 22 model 48 stepping 1 microcode 0x0, cmov, cx8, fxsr, mmx, sse, sse2, sse3, ssse3, sse4.1, sse4.2, popcnt, avx, aes, clmul, mmxext, 3dnowpref, lzcnt, sse4a, tsc, tscinvbit, tscinv, bmi1

Memory: 4k page, system-wide physical 7094M (1189M free)
TotalPageFile size 8476M (AvailPageFile size 44M)
current process WorkingSet (physical memory assigned to process): 493M, peak: 495M
current process commit charge ("private bytes"): 525M, peak: 594M

vm_info: OpenJDK 64-Bit Server VM (11.0.13+0-b1751.21-8125866) for windows-amd64 JRE (11.0.13+0-b1751.21-8125866), built on Feb  2 2022 03:00:22 by "builder" with MS VC++ 14.0 (VS2015)

END.
