#
# There is insufficient memory for the Java Runtime Environment to continue.
# Native memory allocation (malloc) failed to allocate 1889616 bytes for Chunk::new
# Possible reasons:
#   The system is out of physical RAM or swap space
#   The process is running with CompressedOops enabled, and the Java Heap may be blocking the growth of the native heap
# Possible solutions:
#   Reduce memory load on the system
#   Increase physical memory or swap space
#   Check if swap backing store is full
#   Decrease Java heap size (-Xmx/-Xms)
#   Decrease number of Java threads
#   Decrease Java thread stack sizes (-Xss)
#   Set larger code cache with -XX:ReservedCodeCacheSize=
#   JVM is running with Unscaled Compressed Oops mode in which the Java heap is
#     placed in the first 4GB address space. The Java Heap base address is the
#     maximum limit for the native heap growth. Please use -XX:HeapBaseMinAddress
#     to set the Java Heap base and to place the Java Heap above 4GB virtual address.
# This output file may be truncated or incomplete.
#
#  Out of Memory Error (./src/hotspot/share/memory/arena.cpp:197), pid=10484, tid=10648
#
# JRE version: OpenJDK Runtime Environment (11.0.13) (build 11.0.13+0-b1751.21-8125866)
# Java VM: OpenJDK 64-Bit Server VM (11.0.13+0-b1751.21-8125866, mixed mode, tiered, compressed oops, g1 gc, windows-amd64)
# No core dump will be written. Minidumps are not enabled by default on client versions of Windows
#

---------------  S U M M A R Y ------------

Command Line: --add-opens=java.base/java.util=ALL-UNNAMED --add-opens=java.base/java.lang=ALL-UNNAMED --add-opens=java.base/java.lang.invoke=ALL-UNNAMED --add-opens=java.base/java.util=ALL-UNNAMED --add-opens=java.prefs/java.util.prefs=ALL-UNNAMED --add-opens=java.prefs/java.util.prefs=ALL-UNNAMED --add-opens=java.base/java.nio.charset=ALL-UNNAMED --add-opens=java.base/java.net=ALL-UNNAMED --add-opens=java.base/java.util.concurrent.atomic=ALL-UNNAMED -Xmx2048m -Dfile.encoding=UTF-8 -Duser.country=IN -Duser.language=en -Duser.variant org.gradle.launcher.daemon.bootstrap.GradleDaemon 7.4

Host: AMD A6-7310 APU with AMD Radeon R4 Graphics    , 4 cores, 6G,  Windows 10 , 64 bit Build 19041 (10.0.19041.2251)
Time: Thu Dec 29 09:34:42 2022 India Standard Time elapsed time: 2704.894554 seconds (0d 0h 45m 4s)

---------------  T H R E A D  ---------------

Current thread (0x000001852f055000):  JavaThread "C2 CompilerThread1" daemon [_thread_in_native, id=10648, stack(0x0000003f23a00000,0x0000003f23b00000)]


Current CompileTask:
C2:2704894 28264 %     4       com.android.tools.r8.dex.i::a @ 310 (1036 bytes)

Stack: [0x0000003f23a00000,0x0000003f23b00000]
Native frames: (J=compiled Java code, j=interpreted, Vv=VM code, C=native code)
V  [jvm.dll+0x6100fa]
V  [jvm.dll+0x747090]
V  [jvm.dll+0x7486ad]
V  [jvm.dll+0x748d83]
V  [jvm.dll+0x24ab48]
V  [jvm.dll+0xc04dc]
V  [jvm.dll+0xc0a0c]
V  [jvm.dll+0x35eb9d]
V  [jvm.dll+0x32b833]
V  [jvm.dll+0x32ad2a]
V  [jvm.dll+0x2032b2]
V  [jvm.dll+0x202437]
V  [jvm.dll+0x188e01]
V  [jvm.dll+0x21106b]
V  [jvm.dll+0x20f8c1]
V  [jvm.dll+0x70de0f]
V  [jvm.dll+0x706a75]
V  [jvm.dll+0x60ed66]
C  [ucrtbase.dll+0x21bb2]
C  [KERNEL32.DLL+0x174b4]
C  [ntdll.dll+0x526a1]


---------------  P R O C E S S  ---------------

Threads class SMR info:
_java_thread_list=0x0000018530ea5fa0, length=124, elements={
0x000001850b62d000, 0x00000185259db000, 0x00000185259e6800, 0x00000185259f8000,
0x00000185259f9800, 0x00000185259fa800, 0x00000185259fd000, 0x0000018525a03800,
0x0000018525a11000, 0x00000185264b9800, 0x00000185290b6000, 0x0000018528f11800,
0x00000185278f1800, 0x00000185293ca800, 0x00000185293c7800, 0x00000185293cb800,
0x00000185293c9800, 0x00000185293cd000, 0x00000185293ce000, 0x00000185293cc000,
0x00000185293c9000, 0x0000018528d14800, 0x0000018528d19800, 0x0000018528d16000,
0x000001852702f800, 0x0000018527030800, 0x000001852ec98000, 0x0000018529614800,
0x0000018529617000, 0x0000018529616800, 0x0000018529618000, 0x0000018528d18800,
0x000001852ec9a800, 0x000001852961a800, 0x0000018528d22800, 0x0000018528d1d800,
0x0000018529614000, 0x0000018528d20800, 0x0000018528d1a000, 0x000001852961b000,
0x0000018528d15800, 0x0000018529619000, 0x0000018528d1c800, 0x000001852702f000,
0x0000018527032000, 0x0000018527033000, 0x000001852702b800, 0x0000018527034000,
0x000001852702d000, 0x0000018529613000, 0x0000018529619800, 0x0000018529615800,
0x000001852961d000, 0x000001852ed23000, 0x0000018527031800, 0x0000018527034800,
0x0000018528d17000, 0x0000018528d1b000, 0x0000018528d1c000, 0x0000018528d17800,
0x0000018528d1f000, 0x0000018528d20000, 0x0000018528d21800, 0x0000018529e08800,
0x0000018529e0e800, 0x0000018529e0a800, 0x0000018529e0f000, 0x0000018529e09800,
0x0000018529e10000, 0x0000018529e11000, 0x0000018529e0b000, 0x0000018529e11800,
0x0000018529e0c000, 0x0000018529e0d800, 0x0000018529e15000, 0x0000018529e14000,
0x0000018529e15800, 0x0000018529e17800, 0x0000018529e16800, 0x0000018529e12800,
0x0000018529e13800, 0x000001852ed24800, 0x000001852ed23800, 0x000001852ed27000,
0x000001852ed25800, 0x000001852ed26000, 0x000001852ed21000, 0x000001852ed28000,
0x000001852ed22000, 0x000001852ed2a000, 0x000001852ed2d800, 0x000001852ed2c000,
0x000001852ed2e800, 0x000001852ed28800, 0x000001852ed2f000, 0x000001852ed29800,
0x000001852ed2c800, 0x000001852ed2b000, 0x000001852702b000, 0x0000018527026800,
0x0000018527026000, 0x0000018527029000, 0x0000018527027800, 0x000001852702c800,
0x0000018527028800, 0x000001852702e000, 0x000001852702a000, 0x000001852961f800,
0x0000018529621000, 0x0000018529622000, 0x0000018529620000, 0x000001852961c000,
0x000001852961d800, 0x000001852961e800, 0x000001852ec9a000, 0x000001852ec9d000,
0x000001852f055000, 0x000001852ec9e000, 0x000001852ec9e800, 0x000001852ec99000,
0x000001852ec9b800, 0x000001852ec9c800, 0x000001852c0ed800, 0x000001852c0ee000
}

Java Threads: ( => current thread )
  0x000001850b62d000 JavaThread "main" [_thread_blocked, id=5876, stack(0x0000003f1bf00000,0x0000003f1c000000)]
  0x00000185259db000 JavaThread "Reference Handler" daemon [_thread_blocked, id=2660, stack(0x0000003f1c600000,0x0000003f1c700000)]
  0x00000185259e6800 JavaThread "Finalizer" daemon [_thread_blocked, id=5112, stack(0x0000003f1c700000,0x0000003f1c800000)]
  0x00000185259f8000 JavaThread "Signal Dispatcher" daemon [_thread_blocked, id=9352, stack(0x0000003f1c800000,0x0000003f1c900000)]
  0x00000185259f9800 JavaThread "Attach Listener" daemon [_thread_blocked, id=2696, stack(0x0000003f1c900000,0x0000003f1ca00000)]
  0x00000185259fa800 JavaThread "Service Thread" daemon [_thread_blocked, id=3860, stack(0x0000003f1ca00000,0x0000003f1cb00000)]
  0x00000185259fd000 JavaThread "C2 CompilerThread0" daemon [_thread_in_native, id=2916, stack(0x0000003f1cb00000,0x0000003f1cc00000)]
  0x0000018525a03800 JavaThread "C1 CompilerThread0" daemon [_thread_in_native, id=3504, stack(0x0000003f1cc00000,0x0000003f1cd00000)]
  0x0000018525a11000 JavaThread "Sweeper thread" daemon [_thread_blocked, id=5964, stack(0x0000003f1cd00000,0x0000003f1ce00000)]
  0x00000185264b9800 JavaThread "Common-Cleaner" daemon [_thread_blocked, id=7884, stack(0x0000003f1ce00000,0x0000003f1cf00000)]
  0x00000185290b6000 JavaThread "Daemon health stats" [_thread_blocked, id=5484, stack(0x0000003f1d200000,0x0000003f1d300000)]
  0x0000018528f11800 JavaThread "Incoming local TCP Connector on port 50837" [_thread_in_native, id=6088, stack(0x0000003f1d100000,0x0000003f1d200000)]
  0x00000185278f1800 JavaThread "Daemon periodic checks" [_thread_blocked, id=2004, stack(0x0000003f1d500000,0x0000003f1d600000)]
  0x00000185293ca800 JavaThread "Cache worker for journal cache (C:\Users\acer\.gradle\caches\journal-1)" [_thread_blocked, id=10556, stack(0x0000003f1dd00000,0x0000003f1de00000)]
  0x00000185293c7800 JavaThread "File lock request listener" [_thread_in_native, id=6908, stack(0x0000003f1de00000,0x0000003f1df00000)]
  0x00000185293cb800 JavaThread "Cache worker for file hash cache (C:\Users\acer\.gradle\caches\7.4\fileHashes)" [_thread_blocked, id=6804, stack(0x0000003f1df00000,0x0000003f1e000000)]
  0x00000185293c9800 JavaThread "File watcher server" daemon [_thread_in_native, id=5564, stack(0x0000003f1e100000,0x0000003f1e200000)]
  0x00000185293cd000 JavaThread "File watcher consumer" daemon [_thread_blocked, id=7444, stack(0x0000003f1e200000,0x0000003f1e300000)]
  0x00000185293ce000 JavaThread "jar transforms" [_thread_blocked, id=11204, stack(0x0000003f1e300000,0x0000003f1e400000)]
  0x00000185293cc000 JavaThread "jar transforms Thread 2" [_thread_blocked, id=10056, stack(0x0000003f1e400000,0x0000003f1e500000)]
  0x00000185293c9000 JavaThread "jar transforms Thread 3" [_thread_blocked, id=1124, stack(0x0000003f1e500000,0x0000003f1e600000)]
  0x0000018528d14800 JavaThread "jar transforms Thread 4" [_thread_blocked, id=6536, stack(0x0000003f1e600000,0x0000003f1e700000)]
  0x0000018528d19800 JavaThread "Cache worker for execution history cache (C:\Users\acer\.gradle\caches\7.4\executionHistory)" [_thread_blocked, id=1452, stack(0x0000003f1ea00000,0x0000003f1eb00000)]
  0x0000018528d16000 JavaThread "Cache worker for file content cache (C:\Users\acer\.gradle\caches\7.4\fileContent)" [_thread_blocked, id=5380, stack(0x0000003f1ec00000,0x0000003f1ed00000)]
  0x000001852702f800 JavaThread "Memory manager" [_thread_blocked, id=2376, stack(0x0000003f21700000,0x0000003f21800000)]
  0x0000018527030800 JavaThread "pool-3-thread-1" [_thread_blocked, id=7488, stack(0x0000003f21a00000,0x0000003f21b00000)]
  0x000001852ec98000 JavaThread "pool-6-thread-1" [_thread_blocked, id=1876, stack(0x0000003f21600000,0x0000003f21700000)]
  0x0000018529614800 JavaThread "RMI Scheduler(0)" daemon [_thread_blocked, id=10424, stack(0x0000003f22300000,0x0000003f22400000)]
  0x0000018529617000 JavaThread "RMI GC Daemon" daemon [_thread_blocked, id=10312, stack(0x0000003f22500000,0x0000003f22600000)]
  0x0000018529616800 JavaThread "RMI TCP Accept-0" daemon [_thread_in_native, id=1240, stack(0x0000003f22700000,0x0000003f22800000)]
  0x0000018529618000 JavaThread "RMI Reaper" [_thread_blocked, id=5496, stack(0x0000003f22800000,0x0000003f22900000)]
  0x0000018528d18800 JavaThread "pool-10-thread-1" [_thread_blocked, id=11052, stack(0x0000003f21500000,0x0000003f21600000)]
  0x000001852ec9a800 JavaThread "Cache worker for Java compile cache (C:\Users\acer\.gradle\caches\7.4\javaCompile)" [_thread_blocked, id=3000, stack(0x0000003f22000000,0x0000003f22100000)]
  0x000001852961a800 JavaThread "pool-14-thread-1" [_thread_blocked, id=4916, stack(0x0000003f21800000,0x0000003f21900000)]
  0x0000018528d22800 JavaThread "pool-18-thread-1" [_thread_blocked, id=5932, stack(0x0000003f21900000,0x0000003f21a00000)]
  0x0000018528d1d800 JavaThread "pool-21-thread-1" [_thread_blocked, id=3912, stack(0x0000003f21b00000,0x0000003f21c00000)]
  0x0000018529614000 JavaThread "pool-24-thread-1" [_thread_blocked, id=7932, stack(0x0000003f21e00000,0x0000003f21f00000)]
  0x0000018528d20800 JavaThread "pool-27-thread-1" [_thread_blocked, id=11040, stack(0x0000003f21c00000,0x0000003f21d00000)]
  0x0000018528d1a000 JavaThread "pool-30-thread-1" [_thread_blocked, id=5620, stack(0x0000003f21d00000,0x0000003f21e00000)]
  0x000001852961b000 JavaThread "pool-33-thread-1" [_thread_blocked, id=3228, stack(0x0000003f21f00000,0x0000003f22000000)]
  0x0000018528d15800 JavaThread "pool-38-thread-1" [_thread_blocked, id=9764, stack(0x0000003f22200000,0x0000003f22300000)]
  0x0000018529619000 JavaThread "pool-42-thread-1" [_thread_blocked, id=2652, stack(0x0000003f22100000,0x0000003f22200000)]
  0x0000018528d1c800 JavaThread "ForkJoinPool.commonPool-worker-3" daemon [_thread_blocked, id=9908, stack(0x0000003f22e00000,0x0000003f22f00000)]
  0x000001852702f000 JavaThread "pool-46-thread-1" [_thread_blocked, id=9436, stack(0x0000003f22400000,0x0000003f22500000)]
  0x0000018527032000 JavaThread "pool-50-thread-1" [_thread_blocked, id=5408, stack(0x0000003f22900000,0x0000003f22a00000)]
  0x0000018527033000 JavaThread "pool-54-thread-1" [_thread_blocked, id=1464, stack(0x0000003f22a00000,0x0000003f22b00000)]
  0x000001852702b800 JavaThread "pool-58-thread-1" [_thread_blocked, id=3292, stack(0x0000003f22b00000,0x0000003f22c00000)]
  0x0000018527034000 JavaThread "pool-62-thread-1" [_thread_blocked, id=5332, stack(0x0000003f22c00000,0x0000003f22d00000)]
  0x000001852702d000 JavaThread "pool-66-thread-1" [_thread_blocked, id=6512, stack(0x0000003f22f00000,0x0000003f23000000)]
  0x0000018529613000 JavaThread "pool-70-thread-1" [_thread_blocked, id=10716, stack(0x0000003f22d00000,0x0000003f22e00000)]
  0x0000018529619800 JavaThread "RMI TCP Connection(idle)" daemon [_thread_blocked, id=2228, stack(0x0000003f1bd00000,0x0000003f1be00000)]
  0x0000018529615800 JavaThread "Daemon Thread 11" [_thread_blocked, id=11192, stack(0x0000003f1be00000,0x0000003f1bf00000)]
  0x000001852961d000 JavaThread "Daemon worker Thread 11" [_thread_blocked, id=8108, stack(0x0000003f1d800000,0x0000003f1d900000)]
  0x000001852ed23000 JavaThread "Daemon Thread 12" [_thread_blocked, id=1132, stack(0x0000003f1ee00000,0x0000003f1ef00000)]
  0x0000018527031800 JavaThread "pool-74-thread-1" [_thread_blocked, id=9864, stack(0x0000003f23100000,0x0000003f23200000)]
  0x0000018527034800 JavaThread "included builds" [_thread_blocked, id=6000, stack(0x0000003f23200000,0x0000003f23300000)]
  0x0000018528d17000 JavaThread "Handler for socket connection from /127.0.0.1:50837 to /127.0.0.1:51345" [_thread_in_native, id=7156, stack(0x0000003f1d600000,0x0000003f1d700000)]
  0x0000018528d1b000 JavaThread "Cancel handler" [_thread_blocked, id=10164, stack(0x0000003f1d700000,0x0000003f1d800000)]
  0x0000018528d1c000 JavaThread "Asynchronous log dispatcher for DefaultDaemonConnection: socket connection from /127.0.0.1:50837 to /127.0.0.1:51345" [_thread_blocked, id=10180, stack(0x0000003f1d900000,0x0000003f1da00000)]
  0x0000018528d17800 JavaThread "Stdin handler" [_thread_blocked, id=10620, stack(0x0000003f1da00000,0x0000003f1db00000)]
  0x0000018528d1f000 JavaThread "Daemon client event forwarder" [_thread_blocked, id=9736, stack(0x0000003f1db00000,0x0000003f1dc00000)]
  0x0000018528d20000 JavaThread "Cache worker for checksums cache (C:\Users\acer\AndroidStudioProjects\CoroutineScope\.gradle\7.4\checksums)" [_thread_blocked, id=1696, stack(0x0000003f1dc00000,0x0000003f1dd00000)]
  0x0000018528d21800 JavaThread "Cache worker for cache directory md-rule (C:\Users\acer\.gradle\caches\7.4\md-rule)" [_thread_blocked, id=9836, stack(0x0000003f1e000000,0x0000003f1e100000)]
  0x0000018529e08800 JavaThread "Cache worker for file hash cache (C:\Users\acer\AndroidStudioProjects\CoroutineScope\.gradle\7.4\fileHashes)" [_thread_blocked, id=6244, stack(0x0000003f1e700000,0x0000003f1e800000)]
  0x0000018529e0e800 JavaThread "Cache worker for cache directory md-supplier (C:\Users\acer\.gradle\caches\7.4\md-supplier)" [_thread_blocked, id=7080, stack(0x0000003f1e800000,0x0000003f1e900000)]
  0x0000018529e0a800 JavaThread "Cache worker for dependencies-accessors (C:\Users\acer\AndroidStudioProjects\CoroutineScope\.gradle\7.4\dependencies-accessors)" [_thread_blocked, id=5852, stack(0x0000003f1e900000,0x0000003f1ea00000)]
  0x0000018529e0f000 JavaThread "Cache worker for Build Output Cleanup Cache (C:\Users\acer\AndroidStudioProjects\CoroutineScope\.gradle\buildOutputCleanup)" [_thread_blocked, id=9648, stack(0x0000003f1eb00000,0x0000003f1ec00000)]
  0x0000018529e09800 JavaThread "Unconstrained build operations" [_thread_blocked, id=11148, stack(0x0000003f1ed00000,0x0000003f1ee00000)]
  0x0000018529e10000 JavaThread "Unconstrained build operations Thread 2" [_thread_blocked, id=3868, stack(0x0000003f1ef00000,0x0000003f1f000000)]
  0x0000018529e11000 JavaThread "Unconstrained build operations Thread 3" [_thread_blocked, id=1356, stack(0x0000003f1f000000,0x0000003f1f100000)]
  0x0000018529e0b000 JavaThread "Unconstrained build operations Thread 4" [_thread_blocked, id=10772, stack(0x0000003f1f100000,0x0000003f1f200000)]
  0x0000018529e11800 JavaThread "Unconstrained build operations Thread 5" [_thread_blocked, id=4320, stack(0x0000003f1f200000,0x0000003f1f300000)]
  0x0000018529e0c000 JavaThread "Unconstrained build operations Thread 6" [_thread_blocked, id=7184, stack(0x0000003f1f300000,0x0000003f1f400000)]
  0x0000018529e0d800 JavaThread "Unconstrained build operations Thread 7" [_thread_blocked, id=5188, stack(0x0000003f1f400000,0x0000003f1f500000)]
  0x0000018529e15000 JavaThread "Unconstrained build operations Thread 8" [_thread_blocked, id=912, stack(0x0000003f1f500000,0x0000003f1f600000)]
  0x0000018529e14000 JavaThread "Unconstrained build operations Thread 9" [_thread_blocked, id=3288, stack(0x0000003f1f600000,0x0000003f1f700000)]
  0x0000018529e15800 JavaThread "Unconstrained build operations Thread 10" [_thread_blocked, id=9412, stack(0x0000003f1f700000,0x0000003f1f800000)]
  0x0000018529e17800 JavaThread "Unconstrained build operations Thread 11" [_thread_blocked, id=7944, stack(0x0000003f1f800000,0x0000003f1f900000)]
  0x0000018529e16800 JavaThread "Unconstrained build operations Thread 12" [_thread_blocked, id=9536, stack(0x0000003f1f900000,0x0000003f1fa00000)]
  0x0000018529e12800 JavaThread "Unconstrained build operations Thread 13" [_thread_blocked, id=8756, stack(0x0000003f1fa00000,0x0000003f1fb00000)]
  0x0000018529e13800 JavaThread "Unconstrained build operations Thread 14" [_thread_blocked, id=9644, stack(0x0000003f1fb00000,0x0000003f1fc00000)]
  0x000001852ed24800 JavaThread "Unconstrained build operations Thread 15" [_thread_blocked, id=9308, stack(0x0000003f1fc00000,0x0000003f1fd00000)]
  0x000001852ed23800 JavaThread "Unconstrained build operations Thread 16" [_thread_blocked, id=9788, stack(0x0000003f1fd00000,0x0000003f1fe00000)]
  0x000001852ed27000 JavaThread "Unconstrained build operations Thread 17" [_thread_blocked, id=7712, stack(0x0000003f1fe00000,0x0000003f1ff00000)]
  0x000001852ed25800 JavaThread "Unconstrained build operations Thread 18" [_thread_blocked, id=328, stack(0x0000003f1ff00000,0x0000003f20000000)]
  0x000001852ed26000 JavaThread "Unconstrained build operations Thread 19" [_thread_blocked, id=6812, stack(0x0000003f20000000,0x0000003f20100000)]
  0x000001852ed21000 JavaThread "Unconstrained build operations Thread 20" [_thread_blocked, id=9368, stack(0x0000003f20100000,0x0000003f20200000)]
  0x000001852ed28000 JavaThread "Unconstrained build operations Thread 21" [_thread_blocked, id=6272, stack(0x0000003f20200000,0x0000003f20300000)]
  0x000001852ed22000 JavaThread "Unconstrained build operations Thread 22" [_thread_blocked, id=3608, stack(0x0000003f20300000,0x0000003f20400000)]
  0x000001852ed2a000 JavaThread "Unconstrained build operations Thread 23" [_thread_blocked, id=1288, stack(0x0000003f20400000,0x0000003f20500000)]
  0x000001852ed2d800 JavaThread "Unconstrained build operations Thread 24" [_thread_blocked, id=10964, stack(0x0000003f20500000,0x0000003f20600000)]
  0x000001852ed2c000 JavaThread "Unconstrained build operations Thread 25" [_thread_blocked, id=9136, stack(0x0000003f20600000,0x0000003f20700000)]
  0x000001852ed2e800 JavaThread "Unconstrained build operations Thread 26" [_thread_blocked, id=11072, stack(0x0000003f20700000,0x0000003f20800000)]
  0x000001852ed28800 JavaThread "Unconstrained build operations Thread 27" [_thread_blocked, id=5344, stack(0x0000003f20800000,0x0000003f20900000)]
  0x000001852ed2f000 JavaThread "Unconstrained build operations Thread 28" [_thread_blocked, id=2952, stack(0x0000003f20900000,0x0000003f20a00000)]
  0x000001852ed29800 JavaThread "Unconstrained build operations Thread 29" [_thread_blocked, id=10528, stack(0x0000003f20a00000,0x0000003f20b00000)]
  0x000001852ed2c800 JavaThread "Unconstrained build operations Thread 30" [_thread_blocked, id=10392, stack(0x0000003f20b00000,0x0000003f20c00000)]
  0x000001852ed2b000 JavaThread "Unconstrained build operations Thread 31" [_thread_blocked, id=3876, stack(0x0000003f20c00000,0x0000003f20d00000)]
  0x000001852702b000 JavaThread "Unconstrained build operations Thread 32" [_thread_blocked, id=3508, stack(0x0000003f20d00000,0x0000003f20e00000)]
  0x0000018527026800 JavaThread "Unconstrained build operations Thread 33" [_thread_blocked, id=8344, stack(0x0000003f20e00000,0x0000003f20f00000)]
  0x0000018527026000 JavaThread "Unconstrained build operations Thread 34" [_thread_blocked, id=1524, stack(0x0000003f20f00000,0x0000003f21000000)]
  0x0000018527029000 JavaThread "Unconstrained build operations Thread 35" [_thread_blocked, id=6284, stack(0x0000003f21000000,0x0000003f21100000)]
  0x0000018527027800 JavaThread "Unconstrained build operations Thread 36" [_thread_blocked, id=10884, stack(0x0000003f21100000,0x0000003f21200000)]
  0x000001852702c800 JavaThread "Unconstrained build operations Thread 37" [_thread_blocked, id=3496, stack(0x0000003f21200000,0x0000003f21300000)]
  0x0000018527028800 JavaThread "Unconstrained build operations Thread 38" [_thread_blocked, id=2464, stack(0x0000003f21300000,0x0000003f21400000)]
  0x000001852702e000 JavaThread "Unconstrained build operations Thread 39" [_thread_blocked, id=8824, stack(0x0000003f21400000,0x0000003f21500000)]
  0x000001852702a000 JavaThread "Unconstrained build operations Thread 40" [_thread_blocked, id=11012, stack(0x0000003f22600000,0x0000003f22700000)]
  0x000001852961f800 JavaThread "build event listener" [_thread_blocked, id=6916, stack(0x0000003f23000000,0x0000003f23100000)]
  0x0000018529621000 JavaThread "pool-77-thread-1" [_thread_blocked, id=132, stack(0x0000003f23300000,0x0000003f23400000)]
  0x0000018529622000 JavaThread "build event listener" [_thread_blocked, id=10868, stack(0x0000003f23400000,0x0000003f23500000)]
  0x0000018529620000 JavaThread "included builds" [_thread_blocked, id=10096, stack(0x0000003f23500000,0x0000003f23600000)]
  0x000001852961c000 JavaThread "Execution worker for ':'" [_thread_blocked, id=10548, stack(0x0000003f23600000,0x0000003f23700000)]
  0x000001852961d800 JavaThread "Execution worker for ':' Thread 2" [_thread_blocked, id=7576, stack(0x0000003f23700000,0x0000003f23800000)]
  0x000001852961e800 JavaThread "Execution worker for ':' Thread 3" [_thread_blocked, id=4476, stack(0x0000003f23800000,0x0000003f23900000)]
  0x000001852ec9a000 JavaThread "Cache worker for execution history cache (C:\Users\acer\AndroidStudioProjects\CoroutineScope\.gradle\7.4\executionHistory)" [_thread_blocked, id=5448, stack(0x0000003f23900000,0x0000003f23a00000)]
  0x000001852ec9d000 JavaThread "WorkerExecutor Queue" [_thread_blocked, id=7876, stack(0x0000003f23b00000,0x0000003f23c00000)]
=>0x000001852f055000 JavaThread "C2 CompilerThread1" daemon [_thread_in_native, id=10648, stack(0x0000003f23a00000,0x0000003f23b00000)]
  0x000001852ec9e000 JavaThread "WorkerExecutor Queue Thread 2" [_thread_blocked, id=4316, stack(0x0000003f23c00000,0x0000003f23d00000)]
  0x000001852ec9e800 JavaThread "WorkerExecutor Queue Thread 3" [_thread_blocked, id=696, stack(0x0000003f23d00000,0x0000003f23e00000)]
  0x000001852ec99000 JavaThread "WorkerExecutor Queue Thread 4" [_thread_blocked, id=1144, stack(0x0000003f23e00000,0x0000003f23f00000)]
  0x000001852ec9b800 JavaThread "ForkJoinPool-1-worker-3" daemon [_thread_in_Java, id=2816, stack(0x0000003f23f00000,0x0000003f24000000)]
  0x000001852ec9c800 JavaThread "ForkJoinPool-1-worker-5" daemon [_thread_in_Java, id=9956, stack(0x0000003f24000000,0x0000003f24100000)]
  0x000001852c0ed800 JavaThread "ForkJoinPool-1-worker-7" daemon [_thread_in_Java, id=5464, stack(0x0000003f24100000,0x0000003f24200000)]
  0x000001852c0ee000 JavaThread "ForkJoinPool-1-worker-1" daemon [_thread_in_Java, id=2252, stack(0x0000003f24200000,0x0000003f24300000)]

Other Threads:
  0x00000185259d7000 VMThread "VM Thread" [stack: 0x0000003f1c500000,0x0000003f1c600000] [id=2792]
  0x00000185264ed800 WatcherThread [stack: 0x0000003f1cf00000,0x0000003f1d000000] [id=8876]
  0x000001850b646800 GCTaskThread "GC Thread#0" [stack: 0x0000003f1c000000,0x0000003f1c100000] [id=2704]
  0x0000018526e1b000 GCTaskThread "GC Thread#1" [stack: 0x0000003f1d000000,0x0000003f1d100000] [id=8124]
  0x00000185294b5800 GCTaskThread "GC Thread#2" [stack: 0x0000003f1d300000,0x0000003f1d400000] [id=1476]
  0x0000018527130800 GCTaskThread "GC Thread#3" [stack: 0x0000003f1d400000,0x0000003f1d500000] [id=9732]
  0x000001850b678000 ConcurrentGCThread "G1 Main Marker" [stack: 0x0000003f1c100000,0x0000003f1c200000] [id=7676]
  0x000001850b67a000 ConcurrentGCThread "G1 Conc#0" [stack: 0x0000003f1c200000,0x0000003f1c300000] [id=7248]
  0x000001850b6f3000 ConcurrentGCThread "G1 Refine#0" [stack: 0x0000003f1c300000,0x0000003f1c400000] [id=4020]
  0x000001850b6f4000 ConcurrentGCThread "G1 Young RemSet Sampling" [stack: 0x0000003f1c400000,0x0000003f1c500000] [id=5468]

Threads with active compile tasks:
C2 CompilerThread02704993 28271       4       com.android.tools.r8.dex.i::a (829 bytes)
C1 CompilerThread02704994 28335       3       com.android.tools.r8.code.y1::a (4129 bytes)
C2 CompilerThread12704994 28264 %     4       com.android.tools.r8.dex.i::a @ 310 (1036 bytes)

VM state:not at safepoint (normal execution)

VM Mutex/Monitor currently owned by a thread: None

Heap address: 0x0000000080000000, size: 2048 MB, Compressed Oops mode: 32-bit
Narrow klass base: 0x0000000000000000, Narrow klass shift: 3
Compressed class space size: 1073741824 Address: 0x0000000100000000

Heap:
 garbage-first heap   total 301056K, used 259446K [0x0000000080000000, 0x0000000100000000)
  region size 1024K, 14 young (14336K), 4 survivors (4096K)
 Metaspace       used 155156K, capacity 161427K, committed 161692K, reserved 1189888K
  class space    used 19250K, capacity 21467K, committed 21504K, reserved 1048576K
Heap Regions: E=young(eden), S=young(survivor), O=old, HS=humongous(starts), HC=humongous(continues), CS=collection set, F=free, A=archive, TAMS=top-at-mark-start (previous, next)
|   0|0x0000000080000000, 0x0000000080100000, 0x0000000080100000|100%|HS|  |TAMS 0x0000000080100000, 0x0000000080000000| Complete 
|   1|0x0000000080100000, 0x0000000080200000, 0x0000000080200000|100%|HC|  |TAMS 0x0000000080200000, 0x0000000080100000| Complete 
|   2|0x0000000080200000, 0x0000000080300000, 0x0000000080300000|100%|HC|  |TAMS 0x0000000080300000, 0x0000000080200000| Complete 
|   3|0x0000000080300000, 0x0000000080400000, 0x0000000080400000|100%| O|  |TAMS 0x0000000080400000, 0x0000000080300000| Untracked 
|   4|0x0000000080400000, 0x0000000080500000, 0x0000000080500000|100%| O|  |TAMS 0x0000000080500000, 0x0000000080400000| Untracked 
|   5|0x0000000080500000, 0x0000000080600000, 0x0000000080600000|100%| O|  |TAMS 0x0000000080600000, 0x0000000080500000| Untracked 
|   6|0x0000000080600000, 0x0000000080700000, 0x0000000080700000|100%| O|  |TAMS 0x0000000080700000, 0x0000000080600000| Untracked 
|   7|0x0000000080700000, 0x0000000080800000, 0x0000000080800000|100%| O|  |TAMS 0x0000000080800000, 0x0000000080700000| Untracked 
|   8|0x0000000080800000, 0x0000000080900000, 0x0000000080900000|100%| O|  |TAMS 0x0000000080900000, 0x0000000080800000| Untracked 
|   9|0x0000000080900000, 0x0000000080a00000, 0x0000000080a00000|100%| O|  |TAMS 0x0000000080a00000, 0x0000000080900000| Untracked 
|  10|0x0000000080a00000, 0x0000000080b00000, 0x0000000080b00000|100%| O|  |TAMS 0x0000000080b00000, 0x0000000080a00000| Untracked 
|  11|0x0000000080b00000, 0x0000000080c00000, 0x0000000080c00000|100%| O|  |TAMS 0x0000000080c00000, 0x0000000080b00000| Complete 
|  12|0x0000000080c00000, 0x0000000080d00000, 0x0000000080d00000|100%| O|  |TAMS 0x0000000080d00000, 0x0000000080c00000| Untracked 
|  13|0x0000000080d00000, 0x0000000080e00000, 0x0000000080e00000|100%| O|  |TAMS 0x0000000080e00000, 0x0000000080d00000| Untracked 
|  14|0x0000000080e00000, 0x0000000080f00000, 0x0000000080f00000|100%| O|  |TAMS 0x0000000080f00000, 0x0000000080e00000| Untracked 
|  15|0x0000000080f00000, 0x0000000081000000, 0x0000000081000000|100%| O|  |TAMS 0x0000000081000000, 0x0000000080f00000| Complete 
|  16|0x0000000081000000, 0x0000000081100000, 0x0000000081100000|100%|HS|  |TAMS 0x0000000081100000, 0x0000000081000000| Complete 
|  17|0x0000000081100000, 0x0000000081200000, 0x0000000081200000|100%|HC|  |TAMS 0x0000000081200000, 0x0000000081100000| Complete 
|  18|0x0000000081200000, 0x0000000081300000, 0x0000000081300000|100%|HS|  |TAMS 0x0000000081300000, 0x0000000081200000| Complete 
|  19|0x0000000081300000, 0x0000000081400000, 0x0000000081400000|100%|HC|  |TAMS 0x0000000081400000, 0x0000000081300000| Complete 
|  20|0x0000000081400000, 0x0000000081500000, 0x0000000081500000|100%|HC|  |TAMS 0x0000000081500000, 0x0000000081400000| Complete 
|  21|0x0000000081500000, 0x0000000081600000, 0x0000000081600000|100%|HS|  |TAMS 0x0000000081600000, 0x0000000081500000| Complete 
|  22|0x0000000081600000, 0x0000000081700000, 0x0000000081700000|100%|HC|  |TAMS 0x0000000081700000, 0x0000000081600000| Complete 
|  23|0x0000000081700000, 0x0000000081800000, 0x0000000081800000|100%|HC|  |TAMS 0x0000000081800000, 0x0000000081700000| Complete 
|  24|0x0000000081800000, 0x0000000081900000, 0x0000000081900000|100%|HS|  |TAMS 0x0000000081900000, 0x0000000081800000| Complete 
|  25|0x0000000081900000, 0x0000000081a00000, 0x0000000081a00000|100%|HC|  |TAMS 0x0000000081a00000, 0x0000000081900000| Complete 
|  26|0x0000000081a00000, 0x0000000081b00000, 0x0000000081b00000|100%|HC|  |TAMS 0x0000000081b00000, 0x0000000081a00000| Complete 
|  27|0x0000000081b00000, 0x0000000081c00000, 0x0000000081c00000|100%|HC|  |TAMS 0x0000000081c00000, 0x0000000081b00000| Complete 
|  28|0x0000000081c00000, 0x0000000081d00000, 0x0000000081d00000|100%|HC|  |TAMS 0x0000000081d00000, 0x0000000081c00000| Complete 
|  29|0x0000000081d00000, 0x0000000081e00000, 0x0000000081e00000|100%|HS|  |TAMS 0x0000000081e00000, 0x0000000081d00000| Complete 
|  30|0x0000000081e00000, 0x0000000081f00000, 0x0000000081f00000|100%|HS|  |TAMS 0x0000000081f00000, 0x0000000081e00000| Complete 
|  31|0x0000000081f00000, 0x0000000082000000, 0x0000000082000000|100%|HC|  |TAMS 0x0000000082000000, 0x0000000081f00000| Complete 
|  32|0x0000000082000000, 0x0000000082100000, 0x0000000082100000|100%|HC|  |TAMS 0x0000000082100000, 0x0000000082000000| Complete 
|  33|0x0000000082100000, 0x0000000082200000, 0x0000000082200000|100%|HC|  |TAMS 0x0000000082200000, 0x0000000082100000| Complete 
|  34|0x0000000082200000, 0x0000000082300000, 0x0000000082300000|100%| O|  |TAMS 0x0000000082300000, 0x0000000082200000| Complete 
|  35|0x0000000082300000, 0x0000000082400000, 0x0000000082400000|100%| O|  |TAMS 0x0000000082400000, 0x0000000082300000| Complete 
|  36|0x0000000082400000, 0x0000000082500000, 0x0000000082500000|100%| O|  |TAMS 0x0000000082500000, 0x0000000082400000| Untracked 
|  37|0x0000000082500000, 0x0000000082600000, 0x0000000082600000|100%| O|  |TAMS 0x0000000082600000, 0x0000000082500000| Complete 
|  38|0x0000000082600000, 0x0000000082700000, 0x0000000082700000|100%| O|  |TAMS 0x0000000082700000, 0x0000000082600000| Complete 
|  39|0x0000000082700000, 0x0000000082800000, 0x0000000082800000|100%| O|  |TAMS 0x0000000082800000, 0x0000000082700000| Untracked 
|  40|0x0000000082800000, 0x0000000082900000, 0x0000000082900000|100%| O|  |TAMS 0x0000000082900000, 0x0000000082800000| Untracked 
|  41|0x0000000082900000, 0x0000000082a00000, 0x0000000082a00000|100%| O|  |TAMS 0x0000000082a00000, 0x0000000082900000| Complete 
|  42|0x0000000082a00000, 0x0000000082b00000, 0x0000000082b00000|100%| O|  |TAMS 0x0000000082b00000, 0x0000000082a00000| Complete 
|  43|0x0000000082b00000, 0x0000000082c00000, 0x0000000082c00000|100%| O|  |TAMS 0x0000000082c00000, 0x0000000082b00000| Complete 
|  44|0x0000000082c00000, 0x0000000082d00000, 0x0000000082d00000|100%| O|  |TAMS 0x0000000082d00000, 0x0000000082c00000| Complete 
|  45|0x0000000082d00000, 0x0000000082e00000, 0x0000000082e00000|100%| O|  |TAMS 0x0000000082e00000, 0x0000000082d00000| Complete 
|  46|0x0000000082e00000, 0x0000000082f00000, 0x0000000082f00000|100%| O|  |TAMS 0x0000000082f00000, 0x0000000082e00000| Untracked 
|  47|0x0000000082f00000, 0x0000000083000000, 0x0000000083000000|100%| O|  |TAMS 0x0000000083000000, 0x0000000082f00000| Complete 
|  48|0x0000000083000000, 0x0000000083100000, 0x0000000083100000|100%| O|  |TAMS 0x0000000083100000, 0x0000000083000000| Complete 
|  49|0x0000000083100000, 0x0000000083200000, 0x0000000083200000|100%| O|  |TAMS 0x0000000083200000, 0x0000000083100000| Complete 
|  50|0x0000000083200000, 0x0000000083300000, 0x0000000083300000|100%| O|  |TAMS 0x0000000083300000, 0x0000000083200000| Untracked 
|  51|0x0000000083300000, 0x0000000083400000, 0x0000000083400000|100%| O|  |TAMS 0x0000000083400000, 0x0000000083300000| Untracked 
|  52|0x0000000083400000, 0x0000000083500000, 0x0000000083500000|100%| O|  |TAMS 0x0000000083500000, 0x0000000083400000| Complete 
|  53|0x0000000083500000, 0x0000000083600000, 0x0000000083600000|100%|HS|  |TAMS 0x0000000083600000, 0x0000000083500000| Complete 
|  54|0x0000000083600000, 0x0000000083700000, 0x0000000083700000|100%|HC|  |TAMS 0x0000000083700000, 0x0000000083600000| Complete 
|  55|0x0000000083700000, 0x0000000083800000, 0x0000000083800000|100%|HC|  |TAMS 0x0000000083800000, 0x0000000083700000| Complete 
|  56|0x0000000083800000, 0x0000000083900000, 0x0000000083900000|100%|HC|  |TAMS 0x0000000083900000, 0x0000000083800000| Complete 
|  57|0x0000000083900000, 0x0000000083a00000, 0x0000000083a00000|100%|HS|  |TAMS 0x0000000083a00000, 0x0000000083900000| Complete 
|  58|0x0000000083a00000, 0x0000000083b00000, 0x0000000083b00000|100%|HC|  |TAMS 0x0000000083b00000, 0x0000000083a00000| Complete 
|  59|0x0000000083b00000, 0x0000000083c00000, 0x0000000083c00000|100%|HC|  |TAMS 0x0000000083c00000, 0x0000000083b00000| Complete 
|  60|0x0000000083c00000, 0x0000000083d00000, 0x0000000083d00000|100%|HS|  |TAMS 0x0000000083d00000, 0x0000000083c00000| Complete 
|  61|0x0000000083d00000, 0x0000000083e00000, 0x0000000083e00000|100%|HC|  |TAMS 0x0000000083e00000, 0x0000000083d00000| Complete 
|  62|0x0000000083e00000, 0x0000000083f00000, 0x0000000083f00000|100%|HS|  |TAMS 0x0000000083f00000, 0x0000000083e00000| Complete 
|  63|0x0000000083f00000, 0x0000000084000000, 0x0000000084000000|100%|HC|  |TAMS 0x0000000084000000, 0x0000000083f00000| Complete 
|  64|0x0000000084000000, 0x0000000084100000, 0x0000000084100000|100%|HC|  |TAMS 0x0000000084100000, 0x0000000084000000| Complete 
|  65|0x0000000084100000, 0x0000000084200000, 0x0000000084200000|100%| O|  |TAMS 0x0000000084200000, 0x0000000084100000| Untracked 
|  66|0x0000000084200000, 0x0000000084300000, 0x0000000084300000|100%| O|  |TAMS 0x0000000084300000, 0x0000000084200000| Untracked 
|  67|0x0000000084300000, 0x0000000084400000, 0x0000000084400000|100%| O|  |TAMS 0x0000000084400000, 0x0000000084300000| Untracked 
|  68|0x0000000084400000, 0x0000000084500000, 0x0000000084500000|100%| O|  |TAMS 0x0000000084500000, 0x0000000084400000| Untracked 
|  69|0x0000000084500000, 0x0000000084600000, 0x0000000084600000|100%| O|  |TAMS 0x0000000084600000, 0x0000000084500000| Complete 
|  70|0x0000000084600000, 0x0000000084700000, 0x0000000084700000|100%|HS|  |TAMS 0x0000000084700000, 0x0000000084600000| Complete 
|  71|0x0000000084700000, 0x0000000084800000, 0x0000000084800000|100%|HC|  |TAMS 0x0000000084800000, 0x0000000084700000| Complete 
|  72|0x0000000084800000, 0x0000000084900000, 0x0000000084900000|100%|HC|  |TAMS 0x0000000084900000, 0x0000000084800000| Complete 
|  73|0x0000000084900000, 0x0000000084a00000, 0x0000000084a00000|100%|HC|  |TAMS 0x0000000084a00000, 0x0000000084900000| Complete 
|  74|0x0000000084a00000, 0x0000000084b00000, 0x0000000084b00000|100%|HC|  |TAMS 0x0000000084b00000, 0x0000000084a00000| Complete 
|  75|0x0000000084b00000, 0x0000000084c00000, 0x0000000084c00000|100%| O|  |TAMS 0x0000000084c00000, 0x0000000084b00000| Complete 
|  76|0x0000000084c00000, 0x0000000084d00000, 0x0000000084d00000|100%| O|  |TAMS 0x0000000084d00000, 0x0000000084c00000| Complete 
|  77|0x0000000084d00000, 0x0000000084e00000, 0x0000000084e00000|100%| O|  |TAMS 0x0000000084e00000, 0x0000000084d00000| Untracked 
|  78|0x0000000084e00000, 0x0000000084f00000, 0x0000000084f00000|100%| O|  |TAMS 0x0000000084f00000, 0x0000000084e00000| Complete 
|  79|0x0000000084f00000, 0x0000000085000000, 0x0000000085000000|100%| O|  |TAMS 0x0000000085000000, 0x0000000084f00000| Complete 
|  80|0x0000000085000000, 0x0000000085100000, 0x0000000085100000|100%|HS|  |TAMS 0x0000000085100000, 0x0000000085000000| Complete 
|  81|0x0000000085100000, 0x0000000085200000, 0x0000000085200000|100%|HS|  |TAMS 0x0000000085200000, 0x0000000085100000| Complete 
|  82|0x0000000085200000, 0x0000000085300000, 0x0000000085300000|100%|HS|  |TAMS 0x0000000085300000, 0x0000000085200000| Complete 
|  83|0x0000000085300000, 0x0000000085400000, 0x0000000085400000|100%|HS|  |TAMS 0x0000000085400000, 0x0000000085300000| Complete 
|  84|0x0000000085400000, 0x0000000085500000, 0x0000000085500000|100%|HC|  |TAMS 0x0000000085500000, 0x0000000085400000| Complete 
|  85|0x0000000085500000, 0x0000000085600000, 0x0000000085600000|100%|HC|  |TAMS 0x0000000085600000, 0x0000000085500000| Complete 
|  86|0x0000000085600000, 0x0000000085700000, 0x0000000085700000|100%|HC|  |TAMS 0x0000000085700000, 0x0000000085600000| Complete 
|  87|0x0000000085700000, 0x0000000085800000, 0x0000000085800000|100%| O|  |TAMS 0x0000000085800000, 0x0000000085700000| Untracked 
|  88|0x0000000085800000, 0x0000000085900000, 0x0000000085900000|100%| O|  |TAMS 0x0000000085900000, 0x0000000085800000| Untracked 
|  89|0x0000000085900000, 0x0000000085a00000, 0x0000000085a00000|100%| O|  |TAMS 0x0000000085a00000, 0x0000000085900000| Untracked 
|  90|0x0000000085a00000, 0x0000000085b00000, 0x0000000085b00000|100%| O|  |TAMS 0x0000000085b00000, 0x0000000085a00000| Complete 
|  91|0x0000000085b00000, 0x0000000085c00000, 0x0000000085c00000|100%| O|  |TAMS 0x0000000085c00000, 0x0000000085b00000| Untracked 
|  92|0x0000000085c00000, 0x0000000085d00000, 0x0000000085d00000|100%|HS|  |TAMS 0x0000000085d00000, 0x0000000085c00000| Complete 
|  93|0x0000000085d00000, 0x0000000085e00000, 0x0000000085e00000|100%|HC|  |TAMS 0x0000000085e00000, 0x0000000085d00000| Complete 
|  94|0x0000000085e00000, 0x0000000085f00000, 0x0000000085f00000|100%| O|  |TAMS 0x0000000085f00000, 0x0000000085e00000| Untracked 
|  95|0x0000000085f00000, 0x0000000086000000, 0x0000000086000000|100%| O|  |TAMS 0x0000000086000000, 0x0000000085f00000| Untracked 
|  96|0x0000000086000000, 0x0000000086100000, 0x0000000086100000|100%| O|  |TAMS 0x0000000086100000, 0x0000000086000000| Untracked 
|  97|0x0000000086100000, 0x0000000086200000, 0x0000000086200000|100%| O|  |TAMS 0x0000000086200000, 0x0000000086100000| Complete 
|  98|0x0000000086200000, 0x0000000086300000, 0x0000000086300000|100%| O|  |TAMS 0x0000000086300000, 0x0000000086200000| Complete 
|  99|0x0000000086300000, 0x0000000086400000, 0x0000000086400000|100%| O|  |TAMS 0x0000000086400000, 0x0000000086300000| Complete 
| 100|0x0000000086400000, 0x0000000086500000, 0x0000000086500000|100%| O|  |TAMS 0x0000000086500000, 0x0000000086400000| Complete 
| 101|0x0000000086500000, 0x0000000086600000, 0x0000000086600000|100%| O|  |TAMS 0x0000000086600000, 0x0000000086500000| Complete 
| 102|0x0000000086600000, 0x0000000086700000, 0x0000000086700000|100%| O|  |TAMS 0x0000000086700000, 0x0000000086600000| Complete 
| 103|0x0000000086700000, 0x0000000086800000, 0x0000000086800000|100%| O|  |TAMS 0x0000000086800000, 0x0000000086700000| Complete 
| 104|0x0000000086800000, 0x0000000086900000, 0x0000000086900000|100%| O|  |TAMS 0x0000000086900000, 0x0000000086800000| Complete 
| 105|0x0000000086900000, 0x0000000086a00000, 0x0000000086a00000|100%| O|  |TAMS 0x0000000086a00000, 0x0000000086900000| Complete 
| 106|0x0000000086a00000, 0x0000000086b00000, 0x0000000086b00000|100%| O|  |TAMS 0x0000000086b00000, 0x0000000086a00000| Complete 
| 107|0x0000000086b00000, 0x0000000086c00000, 0x0000000086c00000|100%| O|  |TAMS 0x0000000086c00000, 0x0000000086b00000| Complete 
| 108|0x0000000086c00000, 0x0000000086d00000, 0x0000000086d00000|100%| O|  |TAMS 0x0000000086d00000, 0x0000000086c00000| Complete 
| 109|0x0000000086d00000, 0x0000000086e00000, 0x0000000086e00000|100%| O|  |TAMS 0x0000000086e00000, 0x0000000086d00000| Untracked 
| 110|0x0000000086e00000, 0x0000000086f00000, 0x0000000086f00000|100%| O|  |TAMS 0x0000000086f00000, 0x0000000086e00000| Untracked 
| 111|0x0000000086f00000, 0x0000000087000000, 0x0000000087000000|100%| O|  |TAMS 0x0000000087000000, 0x0000000086f00000| Complete 
| 112|0x0000000087000000, 0x0000000087100000, 0x0000000087100000|100%| O|  |TAMS 0x0000000087100000, 0x0000000087000000| Complete 
| 113|0x0000000087100000, 0x0000000087200000, 0x0000000087200000|100%| O|  |TAMS 0x0000000087200000, 0x0000000087100000| Complete 
| 114|0x0000000087200000, 0x0000000087300000, 0x0000000087300000|100%| O|  |TAMS 0x0000000087300000, 0x0000000087200000| Complete 
| 115|0x0000000087300000, 0x0000000087400000, 0x0000000087400000|100%| O|  |TAMS 0x0000000087400000, 0x0000000087300000| Complete 
| 116|0x0000000087400000, 0x0000000087500000, 0x0000000087500000|100%| O|  |TAMS 0x0000000087500000, 0x0000000087400000| Untracked 
| 117|0x0000000087500000, 0x0000000087600000, 0x0000000087600000|100%|HS|  |TAMS 0x0000000087600000, 0x0000000087500000| Complete 
| 118|0x0000000087600000, 0x0000000087700000, 0x0000000087700000|100%|HC|  |TAMS 0x0000000087700000, 0x0000000087600000| Complete 
| 119|0x0000000087700000, 0x0000000087800000, 0x0000000087800000|100%|HS|  |TAMS 0x0000000087800000, 0x0000000087700000| Complete 
| 120|0x0000000087800000, 0x0000000087900000, 0x0000000087900000|100%|HC|  |TAMS 0x0000000087900000, 0x0000000087800000| Complete 
| 121|0x0000000087900000, 0x0000000087a00000, 0x0000000087a00000|100%|HC|  |TAMS 0x0000000087a00000, 0x0000000087900000| Complete 
| 122|0x0000000087a00000, 0x0000000087b00000, 0x0000000087b00000|100%|HS|  |TAMS 0x0000000087b00000, 0x0000000087a00000| Complete 
| 123|0x0000000087b00000, 0x0000000087c00000, 0x0000000087c00000|100%|HC|  |TAMS 0x0000000087c00000, 0x0000000087b00000| Complete 
| 124|0x0000000087c00000, 0x0000000087d00000, 0x0000000087d00000|100%|HC|  |TAMS 0x0000000087d00000, 0x0000000087c00000| Complete 
| 125|0x0000000087d00000, 0x0000000087e00000, 0x0000000087e00000|100%|HS|  |TAMS 0x0000000087e00000, 0x0000000087d00000| Complete 
| 126|0x0000000087e00000, 0x0000000087f00000, 0x0000000087f00000|100%|HC|  |TAMS 0x0000000087f00000, 0x0000000087e00000| Complete 
| 127|0x0000000087f00000, 0x0000000088000000, 0x0000000088000000|100%|HC|  |TAMS 0x0000000088000000, 0x0000000087f00000| Complete 
| 128|0x0000000088000000, 0x0000000088100000, 0x0000000088100000|100%|HC|  |TAMS 0x0000000088100000, 0x0000000088000000| Complete 
| 129|0x0000000088100000, 0x0000000088200000, 0x0000000088200000|100%|HC|  |TAMS 0x0000000088200000, 0x0000000088100000| Complete 
| 130|0x0000000088200000, 0x0000000088300000, 0x0000000088300000|100%|HS|  |TAMS 0x0000000088300000, 0x0000000088200000| Complete 
| 131|0x0000000088300000, 0x0000000088400000, 0x0000000088400000|100%|HS|  |TAMS 0x0000000088400000, 0x0000000088300000| Complete 
| 132|0x0000000088400000, 0x0000000088500000, 0x0000000088500000|100%|HC|  |TAMS 0x0000000088500000, 0x0000000088400000| Complete 
| 133|0x0000000088500000, 0x0000000088600000, 0x0000000088600000|100%|HC|  |TAMS 0x0000000088600000, 0x0000000088500000| Complete 
| 134|0x0000000088600000, 0x0000000088700000, 0x0000000088700000|100%|HC|  |TAMS 0x0000000088700000, 0x0000000088600000| Complete 
| 135|0x0000000088700000, 0x0000000088800000, 0x0000000088800000|100%| O|  |TAMS 0x0000000088800000, 0x0000000088700000| Untracked 
| 136|0x0000000088800000, 0x0000000088900000, 0x0000000088900000|100%| O|  |TAMS 0x0000000088900000, 0x0000000088800000| Untracked 
| 137|0x0000000088900000, 0x0000000088a00000, 0x0000000088a00000|100%| O|  |TAMS 0x0000000088a00000, 0x0000000088900000| Untracked 
| 138|0x0000000088a00000, 0x0000000088b00000, 0x0000000088b00000|100%| O|  |TAMS 0x0000000088b00000, 0x0000000088a00000| Untracked 
| 139|0x0000000088b00000, 0x0000000088c00000, 0x0000000088c00000|100%| O|  |TAMS 0x0000000088c00000, 0x0000000088b00000| Complete 
| 140|0x0000000088c00000, 0x0000000088d00000, 0x0000000088d00000|100%| O|  |TAMS 0x0000000088d00000, 0x0000000088c00000| Complete 
| 141|0x0000000088d00000, 0x0000000088e00000, 0x0000000088e00000|100%| O|  |TAMS 0x0000000088e00000, 0x0000000088d00000| Complete 
| 142|0x0000000088e00000, 0x0000000088f00000, 0x0000000088f00000|100%| O|  |TAMS 0x0000000088f00000, 0x0000000088e00000| Untracked 
| 143|0x0000000088f00000, 0x0000000089000000, 0x0000000089000000|100%| O|  |TAMS 0x0000000089000000, 0x0000000088f00000| Complete 
| 144|0x0000000089000000, 0x0000000089100000, 0x0000000089100000|100%| O|  |TAMS 0x0000000089100000, 0x0000000089000000| Complete 
| 145|0x0000000089100000, 0x0000000089200000, 0x0000000089200000|100%| O|  |TAMS 0x0000000089200000, 0x0000000089100000| Complete 
| 146|0x0000000089200000, 0x0000000089300000, 0x0000000089300000|100%| O|  |TAMS 0x0000000089300000, 0x0000000089200000| Complete 
| 147|0x0000000089300000, 0x0000000089400000, 0x0000000089400000|100%| O|  |TAMS 0x0000000089400000, 0x0000000089300000| Untracked 
| 148|0x0000000089400000, 0x0000000089500000, 0x0000000089500000|100%| O|  |TAMS 0x0000000089500000, 0x0000000089400000| Untracked 
| 149|0x0000000089500000, 0x0000000089600000, 0x0000000089600000|100%| O|  |TAMS 0x0000000089600000, 0x0000000089500000| Complete 
| 150|0x0000000089600000, 0x0000000089700000, 0x0000000089700000|100%| O|  |TAMS 0x0000000089700000, 0x0000000089600000| Complete 
| 151|0x0000000089700000, 0x0000000089800000, 0x0000000089800000|100%| O|  |TAMS 0x0000000089800000, 0x0000000089700000| Complete 
| 152|0x0000000089800000, 0x0000000089900000, 0x0000000089900000|100%| O|  |TAMS 0x0000000089900000, 0x0000000089800000| Complete 
| 153|0x0000000089900000, 0x0000000089a00000, 0x0000000089a00000|100%| O|  |TAMS 0x0000000089a00000, 0x0000000089900000| Complete 
| 154|0x0000000089a00000, 0x0000000089b00000, 0x0000000089b00000|100%| O|  |TAMS 0x0000000089b00000, 0x0000000089a00000| Complete 
| 155|0x0000000089b00000, 0x0000000089c00000, 0x0000000089c00000|100%| O|  |TAMS 0x0000000089c00000, 0x0000000089b00000| Untracked 
| 156|0x0000000089c00000, 0x0000000089d00000, 0x0000000089d00000|100%| O|  |TAMS 0x0000000089d00000, 0x0000000089c00000| Untracked 
| 157|0x0000000089d00000, 0x0000000089e00000, 0x0000000089e00000|100%| O|  |TAMS 0x0000000089e00000, 0x0000000089d00000| Complete 
| 158|0x0000000089e00000, 0x0000000089f00000, 0x0000000089f00000|100%| O|  |TAMS 0x0000000089f00000, 0x0000000089e00000| Untracked 
| 159|0x0000000089f00000, 0x000000008a000000, 0x000000008a000000|100%| O|  |TAMS 0x000000008a000000, 0x0000000089f00000| Untracked 
| 160|0x000000008a000000, 0x000000008a100000, 0x000000008a100000|100%| O|  |TAMS 0x000000008a100000, 0x000000008a000000| Untracked 
| 161|0x000000008a100000, 0x000000008a200000, 0x000000008a200000|100%| O|  |TAMS 0x000000008a200000, 0x000000008a100000| Complete 
| 162|0x000000008a200000, 0x000000008a300000, 0x000000008a300000|100%| O|  |TAMS 0x000000008a300000, 0x000000008a200000| Complete 
| 163|0x000000008a300000, 0x000000008a400000, 0x000000008a400000|100%| O|  |TAMS 0x000000008a400000, 0x000000008a300000| Untracked 
| 164|0x000000008a400000, 0x000000008a500000, 0x000000008a500000|100%| O|  |TAMS 0x000000008a500000, 0x000000008a400000| Untracked 
| 165|0x000000008a500000, 0x000000008a600000, 0x000000008a600000|100%| O|  |TAMS 0x000000008a600000, 0x000000008a500000| Untracked 
| 166|0x000000008a600000, 0x000000008a700000, 0x000000008a700000|100%| O|  |TAMS 0x000000008a700000, 0x000000008a600000| Untracked 
| 167|0x000000008a700000, 0x000000008a800000, 0x000000008a800000|100%| O|  |TAMS 0x000000008a800000, 0x000000008a700000| Complete 
| 168|0x000000008a800000, 0x000000008a900000, 0x000000008a900000|100%| O|  |TAMS 0x000000008a900000, 0x000000008a800000| Untracked 
| 169|0x000000008a900000, 0x000000008aa00000, 0x000000008aa00000|100%| O|  |TAMS 0x000000008aa00000, 0x000000008a900000| Complete 
| 170|0x000000008aa00000, 0x000000008ab00000, 0x000000008ab00000|100%| O|  |TAMS 0x000000008ab00000, 0x000000008aa00000| Untracked 
| 171|0x000000008ab00000, 0x000000008ac00000, 0x000000008ac00000|100%| O|  |TAMS 0x000000008ac00000, 0x000000008ab00000| Untracked 
| 172|0x000000008ac00000, 0x000000008ad00000, 0x000000008ad00000|100%| O|  |TAMS 0x000000008ad00000, 0x000000008ac00000| Complete 
| 173|0x000000008ad00000, 0x000000008ae00000, 0x000000008ae00000|100%| O|  |TAMS 0x000000008ae00000, 0x000000008ad00000| Complete 
| 174|0x000000008ae00000, 0x000000008af00000, 0x000000008af00000|100%| O|  |TAMS 0x000000008ae4f600, 0x000000008ae00000| Untracked 
| 175|0x000000008af00000, 0x000000008b000000, 0x000000008b000000|100%| O|  |TAMS 0x000000008b000000, 0x000000008af00000| Complete 
| 176|0x000000008b000000, 0x000000008b100000, 0x000000008b100000|100%|HS|  |TAMS 0x000000008b000000, 0x000000008b000000| Complete 
| 177|0x000000008b100000, 0x000000008b200000, 0x000000008b200000|100%| O|  |TAMS 0x000000008b200000, 0x000000008b100000| Complete 
| 178|0x000000008b200000, 0x000000008b300000, 0x000000008b300000|100%| O|  |TAMS 0x000000008b300000, 0x000000008b200000| Complete 
| 179|0x000000008b300000, 0x000000008b400000, 0x000000008b400000|100%|HS|  |TAMS 0x000000008b300000, 0x000000008b300000| Complete 
| 180|0x000000008b400000, 0x000000008b500000, 0x000000008b500000|100%| O|  |TAMS 0x000000008b500000, 0x000000008b400000| Complete 
| 181|0x000000008b500000, 0x000000008b600000, 0x000000008b600000|100%| O|  |TAMS 0x000000008b600000, 0x000000008b500000| Untracked 
| 182|0x000000008b600000, 0x000000008b700000, 0x000000008b700000|100%| O|  |TAMS 0x000000008b700000, 0x000000008b600000| Complete 
| 183|0x000000008b700000, 0x000000008b800000, 0x000000008b800000|100%| O|  |TAMS 0x000000008b800000, 0x000000008b700000| Untracked 
| 184|0x000000008b800000, 0x000000008b900000, 0x000000008b900000|100%|HS|  |TAMS 0x000000008b800000, 0x000000008b800000| Complete 
| 185|0x000000008b900000, 0x000000008ba00000, 0x000000008ba00000|100%|HC|  |TAMS 0x000000008b900000, 0x000000008b900000| Complete 
| 186|0x000000008ba00000, 0x000000008bb00000, 0x000000008bb00000|100%|HS|  |TAMS 0x000000008ba00000, 0x000000008ba00000| Complete 
| 187|0x000000008bb00000, 0x000000008bc00000, 0x000000008bc00000|100%| O|  |TAMS 0x000000008bc00000, 0x000000008bb00000| Complete 
| 188|0x000000008bc00000, 0x000000008bd00000, 0x000000008bd00000|100%| O|  |TAMS 0x000000008bd00000, 0x000000008bc00000| Untracked 
| 189|0x000000008bd00000, 0x000000008be00000, 0x000000008be00000|100%|HS|  |TAMS 0x000000008bd00000, 0x000000008bd00000| Complete 
| 190|0x000000008be00000, 0x000000008bf00000, 0x000000008bf00000|100%|HC|  |TAMS 0x000000008be00000, 0x000000008be00000| Complete 
| 191|0x000000008bf00000, 0x000000008c000000, 0x000000008c000000|100%|HS|  |TAMS 0x000000008bf00000, 0x000000008bf00000| Complete 
| 192|0x000000008c000000, 0x000000008c100000, 0x000000008c100000|100%|HC|  |TAMS 0x000000008c000000, 0x000000008c000000| Complete 
| 193|0x000000008c100000, 0x000000008c200000, 0x000000008c200000|100%|HS|  |TAMS 0x000000008c100000, 0x000000008c100000| Complete 
| 194|0x000000008c200000, 0x000000008c300000, 0x000000008c300000|100%| O|  |TAMS 0x000000008c300000, 0x000000008c200000| Untracked 
| 195|0x000000008c300000, 0x000000008c400000, 0x000000008c400000|100%| O|  |TAMS 0x000000008c300000, 0x000000008c300000| Untracked 
| 196|0x000000008c400000, 0x000000008c500000, 0x000000008c500000|100%| O|  |TAMS 0x000000008c500000, 0x000000008c400000| Complete 
| 197|0x000000008c500000, 0x000000008c600000, 0x000000008c600000|100%| O|  |TAMS 0x000000008c600000, 0x000000008c500000| Untracked 
| 198|0x000000008c600000, 0x000000008c700000, 0x000000008c700000|100%| O|  |TAMS 0x000000008c700000, 0x000000008c600000| Untracked 
| 199|0x000000008c700000, 0x000000008c800000, 0x000000008c800000|100%| O|  |TAMS 0x000000008c800000, 0x000000008c700000| Untracked 
| 200|0x000000008c800000, 0x000000008c900000, 0x000000008c900000|100%| O|  |TAMS 0x000000008c800000, 0x000000008c800000| Untracked 
| 201|0x000000008c900000, 0x000000008ca00000, 0x000000008ca00000|100%| O|  |TAMS 0x000000008c900000, 0x000000008c900000| Untracked 
| 202|0x000000008ca00000, 0x000000008cb00000, 0x000000008cb00000|100%| O|  |TAMS 0x000000008cb00000, 0x000000008ca00000| Untracked 
| 203|0x000000008cb00000, 0x000000008cc00000, 0x000000008cc00000|100%|HS|  |TAMS 0x000000008cb00000, 0x000000008cb00000| Complete 
| 204|0x000000008cc00000, 0x000000008cd00000, 0x000000008cd00000|100%|HC|  |TAMS 0x000000008cc00000, 0x000000008cc00000| Complete 
| 205|0x000000008cd00000, 0x000000008ce00000, 0x000000008ce00000|100%|HC|  |TAMS 0x000000008cd00000, 0x000000008cd00000| Complete 
| 206|0x000000008ce00000, 0x000000008cf00000, 0x000000008cf00000|100%|HS|  |TAMS 0x000000008ce00000, 0x000000008ce00000| Complete 
| 207|0x000000008cf00000, 0x000000008d000000, 0x000000008d000000|100%|HC|  |TAMS 0x000000008cf00000, 0x000000008cf00000| Complete 
| 208|0x000000008d000000, 0x000000008d100000, 0x000000008d100000|100%| O|  |TAMS 0x000000008d000000, 0x000000008d000000| Untracked 
| 209|0x000000008d100000, 0x000000008d200000, 0x000000008d200000|100%| O|  |TAMS 0x000000008d100000, 0x000000008d100000| Untracked 
| 210|0x000000008d200000, 0x000000008d300000, 0x000000008d300000|100%|HS|  |TAMS 0x000000008d200000, 0x000000008d200000| Complete 
| 211|0x000000008d300000, 0x000000008d400000, 0x000000008d400000|100%|HC|  |TAMS 0x000000008d300000, 0x000000008d300000| Complete 
| 212|0x000000008d400000, 0x000000008d500000, 0x000000008d500000|100%|HS|  |TAMS 0x000000008d400000, 0x000000008d400000| Complete 
| 213|0x000000008d500000, 0x000000008d600000, 0x000000008d600000|100%| O|  |TAMS 0x000000008d500000, 0x000000008d500000| Untracked 
| 214|0x000000008d600000, 0x000000008d700000, 0x000000008d700000|100%|HS|  |TAMS 0x000000008d600000, 0x000000008d600000| Complete 
| 215|0x000000008d700000, 0x000000008d800000, 0x000000008d800000|100%| O|  |TAMS 0x000000008d700000, 0x000000008d700000| Untracked 
| 216|0x000000008d800000, 0x000000008d900000, 0x000000008d900000|100%| O|  |TAMS 0x000000008d900000, 0x000000008d800000| Complete 
| 217|0x000000008d900000, 0x000000008da00000, 0x000000008da00000|100%| O|  |TAMS 0x000000008da00000, 0x000000008d900000| Untracked 
| 218|0x000000008da00000, 0x000000008db00000, 0x000000008db00000|100%| O|  |TAMS 0x000000008db00000, 0x000000008da00000| Untracked 
| 219|0x000000008db00000, 0x000000008dc00000, 0x000000008dc00000|100%| O|  |TAMS 0x000000008dc00000, 0x000000008db00000| Untracked 
| 220|0x000000008dc00000, 0x000000008dd00000, 0x000000008dd00000|100%| O|  |TAMS 0x000000008dd00000, 0x000000008dc00000| Complete 
| 221|0x000000008dd00000, 0x000000008de00000, 0x000000008de00000|100%| O|  |TAMS 0x000000008dd00000, 0x000000008dd00000| Untracked 
| 222|0x000000008de00000, 0x000000008df00000, 0x000000008df00000|100%| O|  |TAMS 0x000000008de00000, 0x000000008de00000| Untracked 
| 223|0x000000008df00000, 0x000000008e000000, 0x000000008e000000|100%|HS|  |TAMS 0x000000008df00000, 0x000000008df00000| Complete 
| 224|0x000000008e000000, 0x000000008e100000, 0x000000008e100000|100%|HC|  |TAMS 0x000000008e000000, 0x000000008e000000| Complete 
| 225|0x000000008e100000, 0x000000008e200000, 0x000000008e200000|100%| O|  |TAMS 0x000000008e100000, 0x000000008e100000| Untracked 
| 226|0x000000008e200000, 0x000000008e300000, 0x000000008e300000|100%| O|  |TAMS 0x000000008e200000, 0x000000008e200000| Untracked 
| 227|0x000000008e300000, 0x000000008e400000, 0x000000008e400000|100%| O|  |TAMS 0x000000008e300000, 0x000000008e300000| Untracked 
| 228|0x000000008e400000, 0x000000008e500000, 0x000000008e500000|100%| O|  |TAMS 0x000000008e400000, 0x000000008e400000| Untracked 
| 229|0x000000008e500000, 0x000000008e600000, 0x000000008e600000|100%| O|  |TAMS 0x000000008e500000, 0x000000008e500000| Untracked 
| 230|0x000000008e600000, 0x000000008e700000, 0x000000008e700000|100%| O|  |TAMS 0x000000008e600000, 0x000000008e600000| Untracked 
| 231|0x000000008e700000, 0x000000008e800000, 0x000000008e800000|100%|HS|  |TAMS 0x000000008e700000, 0x000000008e700000| Complete 
| 232|0x000000008e800000, 0x000000008e900000, 0x000000008e900000|100%|HC|  |TAMS 0x000000008e800000, 0x000000008e800000| Complete 
| 233|0x000000008e900000, 0x000000008ea00000, 0x000000008ea00000|100%|HC|  |TAMS 0x000000008e900000, 0x000000008e900000| Complete 
| 234|0x000000008ea00000, 0x000000008eb00000, 0x000000008eb00000|100%| O|  |TAMS 0x000000008ea00000, 0x000000008ea00000| Untracked 
| 235|0x000000008eb00000, 0x000000008ec00000, 0x000000008ec00000|100%| O|  |TAMS 0x000000008eb00000, 0x000000008eb00000| Untracked 
| 236|0x000000008ec00000, 0x000000008ed00000, 0x000000008ed00000|100%| O|  |TAMS 0x000000008ec00000, 0x000000008ec00000| Untracked 
| 237|0x000000008ed00000, 0x000000008ee00000, 0x000000008ee00000|100%| O|  |TAMS 0x000000008ed00000, 0x000000008ed00000| Untracked 
| 238|0x000000008ee00000, 0x000000008ef00000, 0x000000008ef00000|100%| O|  |TAMS 0x000000008ee00000, 0x000000008ee00000| Untracked 
| 239|0x000000008ef00000, 0x000000008ef00000, 0x000000008f000000|  0%| F|  |TAMS 0x000000008ef00000, 0x000000008ef00000| Untracked 
| 240|0x000000008f000000, 0x000000008f000000, 0x000000008f100000|  0%| F|  |TAMS 0x000000008f000000, 0x000000008f000000| Untracked 
| 241|0x000000008f100000, 0x000000008f100000, 0x000000008f200000|  0%| F|  |TAMS 0x000000008f100000, 0x000000008f100000| Untracked 
| 242|0x000000008f200000, 0x000000008f200000, 0x000000008f300000|  0%| F|  |TAMS 0x000000008f200000, 0x000000008f200000| Untracked 
| 243|0x000000008f300000, 0x000000008f300000, 0x000000008f400000|  0%| F|  |TAMS 0x000000008f300000, 0x000000008f300000| Untracked 
| 244|0x000000008f400000, 0x000000008f400000, 0x000000008f500000|  0%| F|  |TAMS 0x000000008f400000, 0x000000008f400000| Untracked 
| 245|0x000000008f500000, 0x000000008f500000, 0x000000008f600000|  0%| F|  |TAMS 0x000000008f500000, 0x000000008f500000| Untracked 
| 246|0x000000008f600000, 0x000000008f600000, 0x000000008f700000|  0%| F|  |TAMS 0x000000008f600000, 0x000000008f600000| Untracked 
| 247|0x000000008f700000, 0x000000008f700000, 0x000000008f800000|  0%| F|  |TAMS 0x000000008f700000, 0x000000008f700000| Untracked 
| 248|0x000000008f800000, 0x000000008f800000, 0x000000008f900000|  0%| F|  |TAMS 0x000000008f800000, 0x000000008f800000| Untracked 
| 249|0x000000008f900000, 0x000000008f900000, 0x000000008fa00000|  0%| F|  |TAMS 0x000000008f900000, 0x000000008f900000| Untracked 
| 250|0x000000008fa00000, 0x000000008fa00000, 0x000000008fb00000|  0%| F|  |TAMS 0x000000008fa00000, 0x000000008fa00000| Untracked 
| 251|0x000000008fb00000, 0x000000008fb00000, 0x000000008fc00000|  0%| F|  |TAMS 0x000000008fb00000, 0x000000008fb00000| Untracked 
| 252|0x000000008fc00000, 0x000000008fc00000, 0x000000008fd00000|  0%| F|  |TAMS 0x000000008fc00000, 0x000000008fc00000| Untracked 
| 253|0x000000008fd00000, 0x000000008fd00000, 0x000000008fe00000|  0%| F|  |TAMS 0x000000008fd00000, 0x000000008fd00000| Untracked 
| 254|0x000000008fe00000, 0x000000008fe00000, 0x000000008ff00000|  0%| F|  |TAMS 0x000000008fe00000, 0x000000008fe00000| Untracked 
| 255|0x000000008ff00000, 0x000000008ff00000, 0x0000000090000000|  0%| F|  |TAMS 0x000000008ff00000, 0x000000008ff00000| Untracked 
| 256|0x0000000090000000, 0x0000000090000000, 0x0000000090100000|  0%| F|  |TAMS 0x0000000090000000, 0x0000000090000000| Untracked 
| 257|0x0000000090100000, 0x0000000090100000, 0x0000000090200000|  0%| F|  |TAMS 0x0000000090100000, 0x0000000090100000| Untracked 
| 258|0x0000000090200000, 0x0000000090300000, 0x0000000090300000|100%| E|CS|TAMS 0x0000000090200000, 0x0000000090200000| Complete 
| 259|0x0000000090300000, 0x0000000090400000, 0x0000000090400000|100%| E|CS|TAMS 0x0000000090300000, 0x0000000090300000| Complete 
| 260|0x0000000090400000, 0x0000000090500000, 0x0000000090500000|100%| E|CS|TAMS 0x0000000090400000, 0x0000000090400000| Complete 
| 261|0x0000000090500000, 0x0000000090600000, 0x0000000090600000|100%| E|CS|TAMS 0x0000000090500000, 0x0000000090500000| Complete 
| 262|0x0000000090600000, 0x0000000090600000, 0x0000000090700000|  0%| F|  |TAMS 0x0000000090600000, 0x0000000090600000| Untracked 
| 263|0x0000000090700000, 0x0000000090700000, 0x0000000090800000|  0%| F|  |TAMS 0x0000000090700000, 0x0000000090700000| Untracked 
| 264|0x0000000090800000, 0x0000000090800000, 0x0000000090900000|  0%| F|  |TAMS 0x0000000090800000, 0x0000000090800000| Untracked 
| 265|0x0000000090900000, 0x0000000090900000, 0x0000000090a00000|  0%| F|  |TAMS 0x0000000090900000, 0x0000000090900000| Untracked 
| 266|0x0000000090a00000, 0x0000000090a00000, 0x0000000090b00000|  0%| F|  |TAMS 0x0000000090a00000, 0x0000000090a00000| Untracked 
| 267|0x0000000090b00000, 0x0000000090b00000, 0x0000000090c00000|  0%| F|  |TAMS 0x0000000090b00000, 0x0000000090b00000| Untracked 
| 268|0x0000000090c00000, 0x0000000090c00000, 0x0000000090d00000|  0%| F|  |TAMS 0x0000000090c00000, 0x0000000090c00000| Untracked 
| 269|0x0000000090d00000, 0x0000000090d00000, 0x0000000090e00000|  0%| F|  |TAMS 0x0000000090d00000, 0x0000000090d00000| Untracked 
| 270|0x0000000090e00000, 0x0000000090f00000, 0x0000000090f00000|100%| S|  |TAMS 0x0000000090e00000, 0x0000000090e00000| Complete 
| 271|0x0000000090f00000, 0x0000000091000000, 0x0000000091000000|100%| S|  |TAMS 0x0000000090f00000, 0x0000000090f00000| Complete 
| 272|0x0000000091000000, 0x0000000091100000, 0x0000000091100000|100%| E|CS|TAMS 0x0000000091000000, 0x0000000091000000| Complete 
| 273|0x0000000091100000, 0x0000000091200000, 0x0000000091200000|100%| E|CS|TAMS 0x0000000091100000, 0x0000000091100000| Complete 
| 274|0x0000000091200000, 0x0000000091300000, 0x0000000091300000|100%| E|CS|TAMS 0x0000000091200000, 0x0000000091200000| Complete 
| 275|0x0000000091300000, 0x0000000091400000, 0x0000000091400000|100%| E|CS|TAMS 0x0000000091300000, 0x0000000091300000| Complete 
| 276|0x0000000091400000, 0x0000000091500000, 0x0000000091500000|100%| E|CS|TAMS 0x0000000091400000, 0x0000000091400000| Complete 
| 277|0x0000000091500000, 0x0000000091600000, 0x0000000091600000|100%| E|CS|TAMS 0x0000000091500000, 0x0000000091500000| Complete 
| 278|0x0000000091600000, 0x0000000091700000, 0x0000000091700000|100%| E|CS|TAMS 0x0000000091600000, 0x0000000091600000| Complete 
| 279|0x0000000091700000, 0x0000000091800000, 0x0000000091800000|100%| E|CS|TAMS 0x0000000091700000, 0x0000000091700000| Complete 
| 280|0x0000000091800000, 0x0000000091900000, 0x0000000091900000|100%| E|CS|TAMS 0x0000000091800000, 0x0000000091800000| Complete 
| 281|0x0000000091900000, 0x0000000091a00000, 0x0000000091a00000|100%| E|CS|TAMS 0x0000000091900000, 0x0000000091900000| Complete 
| 282|0x0000000091a00000, 0x0000000091b00000, 0x0000000091b00000|100%| O|  |TAMS 0x0000000091a00000, 0x0000000091a00000| Untracked 
| 283|0x0000000091b00000, 0x0000000091c00000, 0x0000000091c00000|100%| O|  |TAMS 0x0000000091b00000, 0x0000000091b00000| Untracked 
| 284|0x0000000091c00000, 0x0000000091d00000, 0x0000000091d00000|100%| O|  |TAMS 0x0000000091c00000, 0x0000000091c00000| Untracked 
| 285|0x0000000091d00000, 0x0000000091e00000, 0x0000000091e00000|100%| O|  |TAMS 0x0000000091d00000, 0x0000000091d00000| Untracked 
| 286|0x0000000091e00000, 0x0000000091f00000, 0x0000000091f00000|100%| O|  |TAMS 0x0000000091e00000, 0x0000000091e00000| Untracked 
| 287|0x0000000091f00000, 0x0000000092000000, 0x0000000092000000|100%| O|  |TAMS 0x0000000091f00000, 0x0000000091f00000| Untracked 
| 288|0x0000000092000000, 0x0000000092100000, 0x0000000092100000|100%| O|  |TAMS 0x0000000092000000, 0x0000000092000000| Untracked 
| 289|0x0000000092100000, 0x0000000092200000, 0x0000000092200000|100%| O|  |TAMS 0x0000000092100000, 0x0000000092100000| Untracked 
| 290|0x0000000092200000, 0x0000000092300000, 0x0000000092300000|100%| O|  |TAMS 0x0000000092200000, 0x0000000092200000| Untracked 
| 291|0x0000000092300000, 0x0000000092400000, 0x0000000092400000|100%| O|  |TAMS 0x0000000092300000, 0x0000000092300000| Untracked 
| 292|0x0000000092400000, 0x0000000092500000, 0x0000000092500000|100%| O|  |TAMS 0x0000000092400000, 0x0000000092400000| Untracked 
| 293|0x0000000092500000, 0x0000000092600000, 0x0000000092600000|100%| O|  |TAMS 0x0000000092500000, 0x0000000092500000| Untracked 

Card table byte_map: [0x000001851eb90000,0x000001851ef90000] _byte_map_base: 0x000001851e790000

Marking Bits (Prev, Next): (CMBitMap*) 0x000001850b66f090, (CMBitMap*) 0x000001850b66f058
 Prev Bits: [0x0000018521390000, 0x0000018523390000)
 Next Bits: [0x000001851f390000, 0x0000018521390000)

Polling page: 0x0000018509c70000

Metaspace:

Usage:
  Non-class:    136.68 MB capacity,   132.72 MB ( 97%) used,     3.29 MB (  2%) free+waste,   681.81 KB ( <1%) overhead. 
      Class:     20.96 MB capacity,    18.80 MB ( 90%) used,     1.87 MB (  9%) free+waste,   306.06 KB (  1%) overhead. 
       Both:    157.64 MB capacity,   151.52 MB ( 96%) used,     5.16 MB (  3%) free+waste,   987.88 KB ( <1%) overhead. 

Virtual space:
  Non-class space:      138.00 MB reserved,     136.90 MB (>99%) committed 
      Class space:        1.00 GB reserved,      21.00 MB (  2%) committed 
             Both:        1.13 GB reserved,     157.90 MB ( 14%) committed 

Chunk freelists:
   Non-Class:  36.00 KB
       Class:  5.00 KB
        Both:  41.00 KB

MaxMetaspaceSize: 17179869184.00 GB
CompressedClassSpaceSize: 1.00 GB
Initial GC threshold: 20.80 MB
Current GC threshold: 262.34 MB
CDS: off

CodeHeap 'non-profiled nmethods': size=120064Kb used=18850Kb max_used=18850Kb free=101213Kb
 bounds [0x0000018516c10000, 0x0000018517e80000, 0x000001851e150000]
CodeHeap 'profiled nmethods': size=120000Kb used=57979Kb max_used=57979Kb free=62020Kb
 bounds [0x000001850f6e0000, 0x0000018512f90000, 0x0000018516c10000]
CodeHeap 'non-nmethods': size=5696Kb used=2538Kb max_used=2610Kb free=3158Kb
 bounds [0x000001850f150000, 0x000001850f3f0000, 0x000001850f6e0000]
 total_blobs=26647 nmethods=25566 adapters=991
 compilation: enabled
              stopped_count=0, restarted_count=0
 full_count=0

Compilation events (20 events):
Event: 2704.749 Thread 0x0000018525a03800 28320       3       com.android.tools.r8.code.P1::<init> (13 bytes)
Event: 2704.749 Thread 0x00000185259fd000 28271       4       com.android.tools.r8.dex.i::a (829 bytes)
Event: 2704.750 Thread 0x0000018525a03800 nmethod 28320 0x0000018512f47a10 code [0x0000018512f47be0, 0x0000018512f47de8]
Event: 2704.750 Thread 0x0000018525a03800 28321       3       com.android.tools.r8.internal.nK::next (26 bytes)
Event: 2704.751 Thread 0x0000018525a03800 nmethod 28321 0x0000018512f47f10 code [0x0000018512f480e0, 0x0000018512f48408]
Event: 2704.751 Thread 0x0000018525a03800 28322       3       com.android.tools.r8.internal.qK::getValue (13 bytes)
Event: 2704.752 Thread 0x0000018525a03800 nmethod 28322 0x0000018512f48590 code [0x0000018512f48740, 0x0000018512f48878]
Event: 2704.752 Thread 0x0000018525a03800 28323       3       com.android.tools.r8.graph.N2$$Lambda$2427/0x000000010146b440::accept (16 bytes)
Event: 2704.753 Thread 0x0000018525a03800 nmethod 28323 0x0000018512f48990 code [0x0000018512f48ba0, 0x0000018512f492f8]
Event: 2704.758 Thread 0x0000018525a03800 28325       3       com.android.tools.r8.code.m2::<init> (7 bytes)
Event: 2704.758 Thread 0x0000018525a03800 nmethod 28325 0x0000018512f49590 code [0x0000018512f49760, 0x0000018512f49af8]
Event: 2704.759 Thread 0x0000018525a03800 28326       3       com.android.tools.r8.code.J2::<init> (13 bytes)
Event: 2704.761 Thread 0x0000018525a03800 nmethod 28326 0x0000018512f49c90 code [0x0000018512f49ea0, 0x0000018512f4a4e8]
Event: 2704.762 Thread 0x0000018525a03800 28327       3       com.android.tools.r8.code.S::<init> (7 bytes)
Event: 2704.762 Thread 0x0000018525a03800 nmethod 28327 0x0000018512f4a790 code [0x0000018512f4a940, 0x0000018512f4aa68]
Event: 2704.765 Thread 0x0000018525a03800 28328       3       com.android.tools.r8.code.J1::<init> (13 bytes)
Event: 2704.765 Thread 0x0000018525a03800 nmethod 28328 0x0000018512f4ab10 code [0x0000018512f4ace0, 0x0000018512f4aee8]
Event: 2704.767 Thread 0x0000018525a03800 28329       3       com.android.tools.r8.code.H1::<init> (13 bytes)
Event: 2704.768 Thread 0x0000018525a03800 nmethod 28329 0x0000018512f4b010 code [0x0000018512f4b1e0, 0x0000018512f4b3e8]
Event: 2704.769 Thread 0x0000018525a03800 28330 %     3       com.android.tools.r8.code.y1::a @ 20 (4129 bytes)

GC Heap History (20 events):
Event: 2680.207 GC heap before
{Heap before GC invocations=200 (full 0):
 garbage-first heap   total 287744K, used 240853K [0x0000000080000000, 0x0000000100000000)
  region size 1024K, 50 young (51200K), 5 survivors (5120K)
 Metaspace       used 150524K, capacity 156341K, committed 156444K, reserved 1185792K
  class space    used 18747K, capacity 20823K, committed 20864K, reserved 1048576K
}
Event: 2680.230 GC heap after
{Heap after GC invocations=201 (full 0):
 garbage-first heap   total 287744K, used 197698K [0x0000000080000000, 0x0000000100000000)
  region size 1024K, 3 young (3072K), 3 survivors (3072K)
 Metaspace       used 150524K, capacity 156341K, committed 156444K, reserved 1185792K
  class space    used 18747K, capacity 20823K, committed 20864K, reserved 1048576K
}
Event: 2680.727 GC heap before
{Heap before GC invocations=201 (full 0):
 garbage-first heap   total 287744K, used 208962K [0x0000000080000000, 0x0000000100000000)
  region size 1024K, 14 young (14336K), 3 survivors (3072K)
 Metaspace       used 151030K, capacity 156969K, committed 157084K, reserved 1185792K
  class space    used 18807K, capacity 20943K, committed 20992K, reserved 1048576K
}
Event: 2680.764 GC heap after
{Heap after GC invocations=202 (full 0):
 garbage-first heap   total 287744K, used 190028K [0x0000000080000000, 0x0000000100000000)
  region size 1024K, 2 young (2048K), 2 survivors (2048K)
 Metaspace       used 151030K, capacity 156969K, committed 157084K, reserved 1185792K
  class space    used 18807K, capacity 20943K, committed 20992K, reserved 1048576K
}
Event: 2681.857 GC heap before
{Heap before GC invocations=202 (full 0):
 garbage-first heap   total 287744K, used 240204K [0x0000000080000000, 0x0000000100000000)
  region size 1024K, 51 young (52224K), 2 survivors (2048K)
 Metaspace       used 152101K, capacity 158151K, committed 158236K, reserved 1185792K
  class space    used 18943K, capacity 21106K, committed 21120K, reserved 1048576K
}
Event: 2681.875 GC heap after
{Heap after GC invocations=203 (full 0):
 garbage-first heap   total 287744K, used 193515K [0x0000000080000000, 0x0000000100000000)
  region size 1024K, 6 young (6144K), 6 survivors (6144K)
 Metaspace       used 152101K, capacity 158151K, committed 158236K, reserved 1185792K
  class space    used 18943K, capacity 21106K, committed 21120K, reserved 1048576K
}
Event: 2682.942 GC heap before
{Heap before GC invocations=204 (full 0):
 garbage-first heap   total 287744K, used 241643K [0x0000000080000000, 0x0000000100000000)
  region size 1024K, 53 young (54272K), 6 survivors (6144K)
 Metaspace       used 152898K, capacity 159061K, committed 159132K, reserved 1187840K
  class space    used 19035K, capacity 21189K, committed 21248K, reserved 1048576K
}
Event: 2682.971 GC heap after
{Heap after GC invocations=205 (full 0):
 garbage-first heap   total 287744K, used 196972K [0x0000000080000000, 0x0000000100000000)
  region size 1024K, 4 young (4096K), 4 survivors (4096K)
 Metaspace       used 152898K, capacity 159061K, committed 159132K, reserved 1187840K
  class space    used 19035K, capacity 21189K, committed 21248K, reserved 1048576K
}
Event: 2683.360 GC heap before
{Heap before GC invocations=205 (full 0):
 garbage-first heap   total 287744K, used 206188K [0x0000000080000000, 0x0000000100000000)
  region size 1024K, 14 young (14336K), 4 survivors (4096K)
 Metaspace       used 152902K, capacity 159061K, committed 159132K, reserved 1187840K
  class space    used 19035K, capacity 21189K, committed 21248K, reserved 1048576K
}
Event: 2683.386 GC heap after
{Heap after GC invocations=206 (full 0):
 garbage-first heap   total 287744K, used 190425K [0x0000000080000000, 0x0000000100000000)
  region size 1024K, 1 young (1024K), 1 survivors (1024K)
 Metaspace       used 152902K, capacity 159061K, committed 159132K, reserved 1187840K
  class space    used 19035K, capacity 21189K, committed 21248K, reserved 1048576K
}
Event: 2697.888 GC heap before
{Heap before GC invocations=206 (full 0):
 garbage-first heap   total 287744K, used 240601K [0x0000000080000000, 0x0000000100000000)
  region size 1024K, 51 young (52224K), 1 survivors (1024K)
 Metaspace       used 153509K, capacity 159794K, committed 160028K, reserved 1187840K
  class space    used 19114K, capacity 21357K, committed 21376K, reserved 1048576K
}
Event: 2697.920 GC heap after
{Heap after GC invocations=207 (full 0):
 garbage-first heap   total 287744K, used 193907K [0x0000000080000000, 0x0000000100000000)
  region size 1024K, 5 young (5120K), 5 survivors (5120K)
 Metaspace       used 153509K, capacity 159794K, committed 160028K, reserved 1187840K
  class space    used 19114K, capacity 21357K, committed 21376K, reserved 1048576K
}
Event: 2700.532 GC heap before
{Heap before GC invocations=208 (full 0):
 garbage-first heap   total 287744K, used 242035K [0x0000000080000000, 0x0000000100000000)
  region size 1024K, 53 young (54272K), 5 survivors (5120K)
 Metaspace       used 153602K, capacity 159790K, committed 160028K, reserved 1187840K
  class space    used 19106K, capacity 21311K, committed 21376K, reserved 1048576K
}
Event: 2700.561 GC heap after
{Heap after GC invocations=209 (full 0):
 garbage-first heap   total 287744K, used 199220K [0x0000000080000000, 0x0000000100000000)
  region size 1024K, 6 young (6144K), 6 survivors (6144K)
 Metaspace       used 153602K, capacity 159790K, committed 160028K, reserved 1187840K
  class space    used 19106K, capacity 21311K, committed 21376K, reserved 1048576K
}
Event: 2702.478 GC heap before
{Heap before GC invocations=209 (full 0):
 garbage-first heap   total 287744K, used 226868K [0x0000000080000000, 0x0000000100000000)
  region size 1024K, 35 young (35840K), 6 survivors (6144K)
 Metaspace       used 154705K, capacity 160995K, committed 161180K, reserved 1189888K
  class space    used 19230K, capacity 21455K, committed 21504K, reserved 1048576K
}
Event: 2702.509 GC heap after
{Heap after GC invocations=210 (full 0):
 garbage-first heap   total 287744K, used 200502K [0x0000000080000000, 0x0000000100000000)
  region size 1024K, 2 young (2048K), 2 survivors (2048K)
 Metaspace       used 154705K, capacity 160995K, committed 161180K, reserved 1189888K
  class space    used 19230K, capacity 21455K, committed 21504K, reserved 1048576K
}
Event: 2703.253 GC heap before
{Heap before GC invocations=210 (full 0):
 garbage-first heap   total 287744K, used 280374K [0x0000000080000000, 0x0000000100000000)
  region size 1024K, 42 young (43008K), 2 survivors (2048K)
 Metaspace       used 154755K, capacity 160997K, committed 161180K, reserved 1189888K
  class space    used 19230K, capacity 21455K, committed 21504K, reserved 1048576K
}
Event: 2703.304 GC heap after
{Heap after GC invocations=211 (full 0):
 garbage-first heap   total 301056K, used 240344K [0x0000000080000000, 0x0000000100000000)
  region size 1024K, 6 young (6144K), 6 survivors (6144K)
 Metaspace       used 154755K, capacity 160997K, committed 161180K, reserved 1189888K
  class space    used 19230K, capacity 21455K, committed 21504K, reserved 1048576K
}
Event: 2703.769 GC heap before
{Heap before GC invocations=212 (full 0):
 garbage-first heap   total 301056K, used 261848K [0x0000000080000000, 0x0000000100000000)
  region size 1024K, 25 young (25600K), 6 survivors (6144K)
 Metaspace       used 155035K, capacity 161293K, committed 161436K, reserved 1189888K
  class space    used 19250K, capacity 21467K, committed 21504K, reserved 1048576K
}
Event: 2703.836 GC heap after
{Heap after GC invocations=213 (full 0):
 garbage-first heap   total 301056K, used 250230K [0x0000000080000000, 0x0000000100000000)
  region size 1024K, 4 young (4096K), 4 survivors (4096K)
 Metaspace       used 155035K, capacity 161293K, committed 161436K, reserved 1189888K
  class space    used 19250K, capacity 21467K, committed 21504K, reserved 1048576K
}

Deoptimization events (20 events):
Event: 2703.593 Thread 0x000001852c0ee000 Uncommon trap: trap_request=0xffffffc6 fr.pc=0x0000018516d3464c relative=0x00000000000010ec
Event: 2703.594 Thread 0x000001852c0ee000 Uncommon trap: reason=bimorphic_or_optimized_type_check action=maybe_recompile pc=0x0000018516d3464c method=com.android.tools.r8.graph.o0.a(Lcom/android/tools/r8/internal/wY;Lcom/android/tools/r8/internal/tc;)I @ 6 c2
Event: 2703.594 Thread 0x000001852c0ee000 DEOPT PACKING pc=0x0000018516d3464c sp=0x0000003f242feaa0
Event: 2703.594 Thread 0x000001852c0ee000 DEOPT UNPACKING pc=0x000001850f19a1af sp=0x0000003f242fea68 mode 2
Event: 2703.634 Thread 0x000001852c0ed800 Uncommon trap: trap_request=0xffffff4d fr.pc=0x0000018517e45e28 relative=0x0000000000000548
Event: 2703.634 Thread 0x000001852c0ed800 Uncommon trap: reason=unstable_if action=reinterpret pc=0x0000018517e45e28 method=com.android.tools.r8.graph.X0.h(Ljava/lang/Object;)Z @ 37 c2
Event: 2703.634 Thread 0x000001852c0ed800 DEOPT PACKING pc=0x0000018517e45e28 sp=0x0000003f241fe9e0
Event: 2703.634 Thread 0x000001852c0ed800 DEOPT UNPACKING pc=0x000001850f19a1af sp=0x0000003f241fe8b0 mode 2
Event: 2703.640 Thread 0x000001852ec9b800 Uncommon trap: trap_request=0xffffff4d fr.pc=0x0000018517e42a58 relative=0x0000000000000298
Event: 2703.640 Thread 0x000001852ec9b800 Uncommon trap: reason=unstable_if action=reinterpret pc=0x0000018517e42a58 method=com.android.tools.r8.graph.X0.h(Ljava/lang/Object;)Z @ 37 c2
Event: 2703.640 Thread 0x000001852ec9b800 DEOPT PACKING pc=0x0000018517e42a58 sp=0x0000003f23ffeb20
Event: 2703.640 Thread 0x000001852ec9b800 DEOPT UNPACKING pc=0x000001850f19a1af sp=0x0000003f23ffeab0 mode 2
Event: 2704.317 Thread 0x000001852ec9c800 Uncommon trap: trap_request=0xffffff4d fr.pc=0x0000018517e6753c relative=0x000000000000123c
Event: 2704.317 Thread 0x000001852ec9c800 Uncommon trap: reason=unstable_if action=reinterpret pc=0x0000018517e6753c method=com.android.tools.r8.dex.i.h()Lcom/android/tools/r8/graph/f1; @ 34 c2
Event: 2704.317 Thread 0x000001852ec9c800 DEOPT PACKING pc=0x0000018517e6753c sp=0x0000003f240fea50
Event: 2704.317 Thread 0x000001852ec9c800 DEOPT UNPACKING pc=0x000001850f19a1af sp=0x0000003f240fea38 mode 2
Event: 2704.766 Thread 0x000001852ec9b800 Uncommon trap: trap_request=0xffffff4d fr.pc=0x0000018517e72bbc relative=0x000000000000871c
Event: 2704.766 Thread 0x000001852ec9b800 Uncommon trap: reason=unstable_if action=reinterpret pc=0x0000018517e72bbc method=com.android.tools.r8.code.y1.a(Ljava/nio/ShortBuffer;IILcom/android/tools/r8/internal/pL;)[Lcom/android/tools/r8/code/w1; @ 541 c2
Event: 2704.766 Thread 0x000001852ec9b800 DEOPT PACKING pc=0x0000018517e72bbc sp=0x0000003f23ffea40
Event: 2704.766 Thread 0x000001852ec9b800 DEOPT UNPACKING pc=0x000001850f19a1af sp=0x0000003f23ffea28 mode 2

Classes redefined (0 events):
No events

Internal exceptions (20 events):
Event: 2684.189 Thread 0x000001852961d000 Exception <a 'java/lang/NoSuchMethodError'{0x000000008f19ecb8}: <clinit>> (0x000000008f19ecb8) thrown at [./src/hotspot/share/prims/jni.cpp, line 1366]
Event: 2684.192 Thread 0x000001852961d000 Exception <a 'java/lang/NoSuchMethodError'{0x000000008f1b6828}: <clinit>> (0x000000008f1b6828) thrown at [./src/hotspot/share/prims/jni.cpp, line 1366]
Event: 2684.195 Thread 0x000001852961d000 Exception <a 'java/lang/NoSuchMethodError'{0x000000008f1c9d20}: <clinit>> (0x000000008f1c9d20) thrown at [./src/hotspot/share/prims/jni.cpp, line 1366]
Event: 2684.197 Thread 0x000001852961d000 Exception <a 'java/lang/NoSuchMethodError'{0x000000008f1d9260}: <clinit>> (0x000000008f1d9260) thrown at [./src/hotspot/share/prims/jni.cpp, line 1366]
Event: 2684.199 Thread 0x000001852961d000 Exception <a 'java/lang/NoSuchMethodError'{0x000000008f1e8cd0}: <clinit>> (0x000000008f1e8cd0) thrown at [./src/hotspot/share/prims/jni.cpp, line 1366]
Event: 2684.202 Thread 0x000001852961d000 Exception <a 'java/lang/NoSuchMethodError'{0x000000008f1f8868}: <clinit>> (0x000000008f1f8868) thrown at [./src/hotspot/share/prims/jni.cpp, line 1366]
Event: 2684.207 Thread 0x000001852961d000 Exception <a 'java/lang/NoSuchMethodError'{0x000000008f0294d0}: <clinit>> (0x000000008f0294d0) thrown at [./src/hotspot/share/prims/jni.cpp, line 1366]
Event: 2684.215 Thread 0x000001852961d000 Exception <a 'java/lang/NoSuchMethodError'{0x000000008f062658}: <clinit>> (0x000000008f062658) thrown at [./src/hotspot/share/prims/jni.cpp, line 1366]
Event: 2684.343 Thread 0x0000018528d1c000 Exception <a 'sun/nio/fs/WindowsException'{0x000000008ec1c090}> (0x000000008ec1c090) thrown at [./src/hotspot/share/prims/jni.cpp, line 616]
Event: 2698.707 Thread 0x000001852961d000 Exception <a 'sun/nio/fs/WindowsException'{0x000000009083dc78}> (0x000000009083dc78) thrown at [./src/hotspot/share/prims/jni.cpp, line 616]
Event: 2699.252 Thread 0x000001852961d000 Exception <a 'sun/nio/fs/WindowsException'{0x000000008fdbb018}> (0x000000008fdbb018) thrown at [./src/hotspot/share/prims/jni.cpp, line 616]
Event: 2699.271 Thread 0x000001852961d000 Exception <a 'sun/nio/fs/WindowsException'{0x000000008fc5cb10}> (0x000000008fc5cb10) thrown at [./src/hotspot/share/prims/jni.cpp, line 616]
Event: 2699.271 Thread 0x000001852961d000 Exception <a 'sun/nio/fs/WindowsException'{0x000000008fc5dd78}> (0x000000008fc5dd78) thrown at [./src/hotspot/share/prims/jni.cpp, line 616]
Event: 2699.272 Thread 0x000001852961d000 Exception <a 'sun/nio/fs/WindowsException'{0x000000008fc5f030}> (0x000000008fc5f030) thrown at [./src/hotspot/share/prims/jni.cpp, line 616]
Event: 2699.272 Thread 0x000001852961d000 Exception <a 'sun/nio/fs/WindowsException'{0x000000008fc602e8}> (0x000000008fc602e8) thrown at [./src/hotspot/share/prims/jni.cpp, line 616]
Event: 2699.376 Thread 0x000001852961d000 Exception <a 'sun/nio/fs/WindowsException'{0x000000008f9ca7e0}> (0x000000008f9ca7e0) thrown at [./src/hotspot/share/prims/jni.cpp, line 616]
Event: 2699.562 Thread 0x000001852961c000 Exception <a 'java/net/UnknownHostException'{0x000000008f70cea8}> (0x000000008f70cea8) thrown at [./src/hotspot/share/prims/jni.cpp, line 616]
Event: 2699.583 Thread 0x000001852961c000 Exception <a 'java/net/UnknownHostException'{0x000000008f726680}> (0x000000008f726680) thrown at [./src/hotspot/share/prims/jni.cpp, line 616]
Event: 2699.995 Thread 0x000001852961c000 Exception <a 'java/lang/NoSuchMethodError'{0x000000008f1ebef8}: <clinit>> (0x000000008f1ebef8) thrown at [./src/hotspot/share/prims/jni.cpp, line 1366]
Event: 2702.683 Thread 0x000001852ec99000 Exception <a 'sun/nio/fs/WindowsException'{0x000000009150d828}> (0x000000009150d828) thrown at [./src/hotspot/share/prims/jni.cpp, line 616]

Events (20 events):
Event: 2703.655 loading class com/android/tools/r8/graph/n0
Event: 2703.655 loading class com/android/tools/r8/graph/n0 done
Event: 2703.662 loading class com/android/tools/r8/graph/N2
Event: 2703.662 loading class com/android/tools/r8/graph/N2 done
Event: 2703.663 loading class com/android/tools/r8/internal/rK
Event: 2703.663 loading class com/android/tools/r8/internal/rK done
Event: 2703.668 loading class com/android/tools/r8/internal/nK
Event: 2703.668 loading class com/android/tools/r8/internal/nK done
Event: 2703.669 loading class com/android/tools/r8/internal/sK
Event: 2703.669 loading class com/android/tools/r8/internal/sK done
Event: 2703.706 loading class com/android/tools/r8/graph/N2
Event: 2703.706 loading class com/android/tools/r8/graph/N2 done
Event: 2703.708 loading class com/android/tools/r8/graph/N2
Event: 2703.708 loading class com/android/tools/r8/graph/N2 done
Event: 2703.711 loading class com/android/tools/r8/internal/qK
Event: 2703.711 loading class com/android/tools/r8/internal/qK done
Event: 2703.714 loading class com/android/tools/r8/internal/vK
Event: 2703.714 loading class com/android/tools/r8/internal/vK done
Event: 2703.765 Executing VM operation: G1CollectForAllocation
Event: 2703.836 Executing VM operation: G1CollectForAllocation done


Dynamic libraries:
0x00007ff6bfb80000 - 0x00007ff6bfb8a000 	C:\Program Files\Android\Android Studio\jre\bin\java.exe
0x00007ffbf7470000 - 0x00007ffbf7668000 	C:\WINDOWS\SYSTEM32\ntdll.dll
0x00007ffbf7370000 - 0x00007ffbf742f000 	C:\WINDOWS\System32\KERNEL32.DLL
0x00007ffbf4ce0000 - 0x00007ffbf4fb2000 	C:\WINDOWS\System32\KERNELBASE.dll
0x00007ffbf5320000 - 0x00007ffbf5420000 	C:\WINDOWS\System32\ucrtbase.dll
0x00007ffbed430000 - 0x00007ffbed449000 	C:\Program Files\Android\Android Studio\jre\bin\jli.dll
0x00007ffbf54b0000 - 0x00007ffbf5651000 	C:\WINDOWS\System32\USER32.dll
0x00007ffbf4cb0000 - 0x00007ffbf4cd2000 	C:\WINDOWS\System32\win32u.dll
0x00007ffbf7290000 - 0x00007ffbf72bb000 	C:\WINDOWS\System32\GDI32.dll
0x00007ffbf4fc0000 - 0x00007ffbf50cf000 	C:\WINDOWS\System32\gdi32full.dll
0x00007ffbf50d0000 - 0x00007ffbf516d000 	C:\WINDOWS\System32\msvcp_win.dll
0x00007ffbedf50000 - 0x00007ffbedf67000 	C:\Program Files\Android\Android Studio\jre\bin\VCRUNTIME140.dll
0x00007ffbe6460000 - 0x00007ffbe66fa000 	C:\WINDOWS\WinSxS\amd64_microsoft.windows.common-controls_6595b64144ccf1df_6.0.19041.1110_none_60b5254171f9507e\COMCTL32.dll
0x00007ffbf6650000 - 0x00007ffbf66ee000 	C:\WINDOWS\System32\msvcrt.dll
0x00007ffbf7250000 - 0x00007ffbf7282000 	C:\WINDOWS\System32\IMM32.DLL
0x00007ffbeda40000 - 0x00007ffbedadd000 	C:\Program Files\Android\Android Studio\jre\bin\msvcp140.dll
0x00007ffbcfa30000 - 0x00007ffbd0532000 	C:\Program Files\Android\Android Studio\jre\bin\server\jvm.dll
0x00007ffbf65a0000 - 0x00007ffbf664e000 	C:\WINDOWS\System32\ADVAPI32.dll
0x00007ffbf72c0000 - 0x00007ffbf735c000 	C:\WINDOWS\System32\sechost.dll
0x00007ffbf6a80000 - 0x00007ffbf6ba5000 	C:\WINDOWS\System32\RPCRT4.dll
0x00007ffbf7360000 - 0x00007ffbf7368000 	C:\WINDOWS\System32\PSAPI.DLL
0x00007ffbeec60000 - 0x00007ffbeec69000 	C:\WINDOWS\SYSTEM32\WSOCK32.dll
0x00007ffbf6890000 - 0x00007ffbf68fb000 	C:\WINDOWS\System32\WS2_32.dll
0x00007ffbec700000 - 0x00007ffbec727000 	C:\WINDOWS\SYSTEM32\WINMM.dll
0x00007ffbec730000 - 0x00007ffbec73a000 	C:\WINDOWS\SYSTEM32\VERSION.dll
0x00007ffbf2a20000 - 0x00007ffbf2a32000 	C:\WINDOWS\SYSTEM32\kernel.appcore.dll
0x00007ffbedf30000 - 0x00007ffbedf41000 	C:\Program Files\Android\Android Studio\jre\bin\verify.dll
0x00007ffbdf6e0000 - 0x00007ffbdf8c4000 	C:\WINDOWS\SYSTEM32\DBGHELP.DLL
0x00007ffbdf6a0000 - 0x00007ffbdf6d5000 	C:\WINDOWS\SYSTEM32\dbgcore.DLL
0x00007ffbf5420000 - 0x00007ffbf54a2000 	C:\WINDOWS\System32\bcryptPrimitives.dll
0x00007ffbedc90000 - 0x00007ffbedcb9000 	C:\Program Files\Android\Android Studio\jre\bin\java.dll
0x00007ffbedf20000 - 0x00007ffbedf2b000 	C:\Program Files\Android\Android Studio\jre\bin\jimage.dll
0x00007ffbedb30000 - 0x00007ffbedb48000 	C:\Program Files\Android\Android Studio\jre\bin\zip.dll
0x00007ffbf5e50000 - 0x00007ffbf6594000 	C:\WINDOWS\System32\SHELL32.dll
0x00007ffbf2c20000 - 0x00007ffbf33b2000 	C:\WINDOWS\SYSTEM32\windows.storage.dll
0x00007ffbf6d40000 - 0x00007ffbf7095000 	C:\WINDOWS\System32\combase.dll
0x00007ffbf44e0000 - 0x00007ffbf4510000 	C:\WINDOWS\SYSTEM32\Wldp.dll
0x00007ffbf5c60000 - 0x00007ffbf5d0d000 	C:\WINDOWS\System32\SHCORE.dll
0x00007ffbf6a20000 - 0x00007ffbf6a75000 	C:\WINDOWS\System32\shlwapi.dll
0x00007ffbf4aa0000 - 0x00007ffbf4abf000 	C:\WINDOWS\SYSTEM32\profapi.dll
0x00007ffbedb10000 - 0x00007ffbedb2a000 	C:\Program Files\Android\Android Studio\jre\bin\net.dll
0x00007ffbeaf80000 - 0x00007ffbeb08c000 	C:\WINDOWS\SYSTEM32\WINHTTP.dll
0x00007ffbf4240000 - 0x00007ffbf42aa000 	C:\WINDOWS\system32\mswsock.dll
0x00007ffbedaf0000 - 0x00007ffbedb04000 	C:\Program Files\Android\Android Studio\jre\bin\nio.dll
0x00007ffbe6700000 - 0x00007ffbe6727000 	C:\Users\acer\.gradle\native\e1d6ef7f7dcc3fd88c89a11ec53ec762bb8ba0a96d01ffa2cd45eb1d1d8dd5c5\windows-amd64\native-platform.dll
0x00007ffbb1460000 - 0x00007ffbb15a4000 	C:\Users\acer\.gradle\native\0d407fdbe67a94daf76414ababcb853783967236a71b16ec16e742cd7a986fd3\windows-amd64\native-platform-file-events.dll
0x00007ffbedf10000 - 0x00007ffbedf1a000 	C:\Program Files\Android\Android Studio\jre\bin\management.dll
0x00007ffbedae0000 - 0x00007ffbedaed000 	C:\Program Files\Android\Android Studio\jre\bin\management_ext.dll
0x00007ffbf4430000 - 0x00007ffbf4448000 	C:\WINDOWS\SYSTEM32\CRYPTSP.dll
0x00007ffbf3b60000 - 0x00007ffbf3b94000 	C:\WINDOWS\system32\rsaenh.dll
0x00007ffbf4b60000 - 0x00007ffbf4b87000 	C:\WINDOWS\System32\bcrypt.dll
0x00007ffbf4a20000 - 0x00007ffbf4a4e000 	C:\WINDOWS\SYSTEM32\USERENV.dll
0x00007ffbf4450000 - 0x00007ffbf445c000 	C:\WINDOWS\SYSTEM32\CRYPTBASE.dll
0x00007ffbf3f30000 - 0x00007ffbf3f6b000 	C:\WINDOWS\SYSTEM32\IPHLPAPI.DLL
0x00007ffbf66f0000 - 0x00007ffbf66f8000 	C:\WINDOWS\System32\NSI.dll
0x00007ffbec150000 - 0x00007ffbec167000 	C:\WINDOWS\SYSTEM32\dhcpcsvc6.DLL
0x00007ffbec740000 - 0x00007ffbec75d000 	C:\WINDOWS\SYSTEM32\dhcpcsvc.DLL
0x00007ffbf3f70000 - 0x00007ffbf403a000 	C:\WINDOWS\SYSTEM32\DNSAPI.dll
0x00007ffbed7a0000 - 0x00007ffbed7c7000 	C:\Program Files\Android\Android Studio\jre\bin\sunec.dll
0x00007ffbe3aa0000 - 0x00007ffbe3aaa000 	C:\Windows\System32\rasadhlp.dll
0x00007ffbdfa70000 - 0x00007ffbdfa8e000 	C:\Users\acer\AppData\Local\Temp\native-platform13386583889839317291dir\native-platform.dll
0x00007ffbe3d10000 - 0x00007ffbe3d18000 	C:\Program Files\Android\Android Studio\jre\bin\rmi.dll

dbghelp: loaded successfully - version: 4.0.5 - missing functions: none
symbol engine: initialized successfully - sym options: 0x614 - pdb path: .;C:\Program Files\Android\Android Studio\jre\bin;C:\WINDOWS\SYSTEM32;C:\WINDOWS\WinSxS\amd64_microsoft.windows.common-controls_6595b64144ccf1df_6.0.19041.1110_none_60b5254171f9507e;C:\Program Files\Android\Android Studio\jre\bin\server;C:\Users\acer\.gradle\native\e1d6ef7f7dcc3fd88c89a11ec53ec762bb8ba0a96d01ffa2cd45eb1d1d8dd5c5\windows-amd64;C:\Users\acer\.gradle\native\0d407fdbe67a94daf76414ababcb853783967236a71b16ec16e742cd7a986fd3\windows-amd64;C:\Users\acer\AppData\Local\Temp\native-platform13386583889839317291dir

VM Arguments:
jvm_args: --add-opens=java.base/java.util=ALL-UNNAMED --add-opens=java.base/java.lang=ALL-UNNAMED --add-opens=java.base/java.lang.invoke=ALL-UNNAMED --add-opens=java.base/java.util=ALL-UNNAMED --add-opens=java.prefs/java.util.prefs=ALL-UNNAMED --add-opens=java.prefs/java.util.prefs=ALL-UNNAMED --add-opens=java.base/java.nio.charset=ALL-UNNAMED --add-opens=java.base/java.net=ALL-UNNAMED --add-opens=java.base/java.util.concurrent.atomic=ALL-UNNAMED -Xmx2048m -Dfile.encoding=UTF-8 -Duser.country=IN -Duser.language=en -Duser.variant 
java_command: org.gradle.launcher.daemon.bootstrap.GradleDaemon 7.4
java_class_path (initial): C:\Users\acer\.gradle\wrapper\dists\gradle-7.4-bin\c0gwcg53nkjbqw7r0h0umtfvt\gradle-7.4\lib\gradle-launcher-7.4.jar
Launcher Type: SUN_STANDARD

[Global flags]
     intx CICompilerCount                          = 3                                         {product} {ergonomic}
     uint ConcGCThreads                            = 1                                         {product} {ergonomic}
     uint G1ConcRefinementThreads                  = 4                                         {product} {ergonomic}
   size_t G1HeapRegionSize                         = 1048576                                   {product} {ergonomic}
    uintx GCDrainStackTargetSize                   = 64                                        {product} {ergonomic}
   size_t InitialHeapSize                          = 117440512                                 {product} {ergonomic}
   size_t MarkStackSize                            = 4194304                                   {product} {ergonomic}
   size_t MaxHeapSize                              = 2147483648                                {product} {command line}
   size_t MaxNewSize                               = 1287651328                                {product} {ergonomic}
   size_t MinHeapDeltaBytes                        = 1048576                                   {product} {ergonomic}
    uintx NonNMethodCodeHeapSize                   = 5830732                                {pd product} {ergonomic}
    uintx NonProfiledCodeHeapSize                  = 122913754                              {pd product} {ergonomic}
    uintx ProfiledCodeHeapSize                     = 122913754                              {pd product} {ergonomic}
    uintx ReservedCodeCacheSize                    = 251658240                              {pd product} {ergonomic}
     bool SegmentedCodeCache                       = true                                      {product} {ergonomic}
     bool UseCompressedClassPointers               = true                                 {lp64_product} {ergonomic}
     bool UseCompressedOops                        = true                                 {lp64_product} {ergonomic}
     bool UseG1GC                                  = true                                      {product} {ergonomic}
     bool UseLargePagesIndividualAllocation        = false                                  {pd product} {ergonomic}

Logging:
Log output configuration:
 #0: stdout all=warning uptime,level,tags
 #1: stderr all=off uptime,level,tags

Environment Variables:
JAVA_HOME=C:\Program Files\Java\jdk-18.0.2
PATH=C:\Program Files\Common Files\Oracle\Java\javapath;C:\WINDOWS\system32;C:\WINDOWS;C:\WINDOWS\System32\Wbem;C:\WINDOWS\System32\WindowsPowerShell\v1.0\;C:\WINDOWS\System32\OpenSSH\;C:\Program Files\nodejs;C:\Program Files\dotnet\;C:\Program Files\nodejs\;C:\Users\acer\AppData\Local\Android\Sdk\platform-tools;C:\Users\acer\AppData\Local\Android\Sdk;C:\ProgramData\chocolatey\bin;C:\Program Files\Git\cmd;C:\Users\acer\AppData\Local\Microsoft\WindowsApps;C:\Program Files\JetBrains\PyCharm Community Edition 2021.2.2\bin;;C:\Program Files\nodejs;C:\Program Files\JetBrains\IntelliJ IDEA Community Edition 2022.2.1\bin;;C:\Users\acer\AppData\Roaming\npm;C:\Users\acer\AppData\Local\Programs\Microsoft VS Code\bin;C:\Users\acer\AppData\Local\Android\Sdk\platform-tools;
USERNAME=shergill
OS=Windows_NT
PROCESSOR_IDENTIFIER=AMD64 Family 22 Model 48 Stepping 1, AuthenticAMD



---------------  S Y S T E M  ---------------

OS: Windows 10 , 64 bit Build 19041 (10.0.19041.2251)
OS uptime: 0 days 12:11 hours

CPU:total 4 (initial active 4) (4 cores per cpu, 1 threads per core) family 22 model 48 stepping 1 microcode 0x0, cmov, cx8, fxsr, mmx, sse, sse2, sse3, ssse3, sse4.1, sse4.2, popcnt, avx, aes, clmul, mmxext, 3dnowpref, lzcnt, sse4a, tsc, tscinvbit, tscinv, bmi1

Memory: 4k page, system-wide physical 7094M (1186M free)
TotalPageFile size 8476M (AvailPageFile size 3M)
current process WorkingSet (physical memory assigned to process): 600M, peak: 632M
current process commit charge ("private bytes"): 745M, peak: 745M

vm_info: OpenJDK 64-Bit Server VM (11.0.13+0-b1751.21-8125866) for windows-amd64 JRE (11.0.13+0-b1751.21-8125866), built on Feb  2 2022 03:00:22 by "builder" with MS VC++ 14.0 (VS2015)

END.
